#***************************************************************************

#sjplacer

#Version:            1.1

#Build Date:         Oct  1 2015 13:46:59

#File Generated:     Jul 27 2016 15:20:43

#Purpose:            

#Copyright (C) 2010-2011 by Softjin Technologies Pvt Ltd. All rights reserved.

#***************************************************************************

Executing : C:\Program Files (x86)\Cypress\PSoC Creator\3.3\PSoC Creator\bin/sjplacer.exe --proj-name execute_1_0 --netlist-vh2 execute_1_0_p.vh2 --arch-file C:\Program Files (x86)\Cypress\PSoC Creator\3.3\PSoC Creator\dev/arch/p35_udb4x6.ark --rrg-file C:\Program Files (x86)\Cypress\PSoC Creator\3.3\PSoC Creator\dev/psoc5/psoc5lp/route_arch-rrg.cydata --irq-file C:\Program Files (x86)\Cypress\PSoC Creator\3.3\PSoC Creator\dev/psoc5/psoc5lp/irqconn.cydata --drq-file C:\Program Files (x86)\Cypress\PSoC Creator\3.3\PSoC Creator\dev/psoc5/psoc5lp/dmaconn.cydata --dsi-conn-file C:\Program Files (x86)\Cypress\PSoC Creator\3.3\PSoC Creator\dev/psoc5/psoc5lp/dsiconn.cydata --pins-file pins_100-TQFP.xml --lib-file execute_1_0_p.lib --sdc-file execute_1_0.sdc --io-pcf execute_1_0.pci --outdir .

		Softjin Techologies Placer, Version 1.1

Build Date : Oct  1 2015	13:44:59

D2004: Option and Settings Summary
=============================================================
Netlist vh2 file          - execute_1_0_p.vh2
Architecture file         - C:\Program Files (x86)\Cypress\PSoC Creator\3.3\PSoC Creator\dev/arch/p35_udb4x6.ark
Package                   - 
Defparam file             - 
SDC file                  - execute_1_0.sdc
Output directory          - .
Timing library            - execute_1_0_p.lib
IO Placement file         - execute_1_0.pci

D2050: Starting reading inputs for placer
=============================================================
D2065: Reading netlist file : "execute_1_0_p.vh2"
D2065: Reading arch file : "C:\Program Files (x86)\Cypress\PSoC Creator\3.3\PSoC Creator\dev/arch/p35_udb4x6.ark"
D2051: Reading of inputs for placer completed successfully

D2053: Starting placement of the design
=============================================================

Phase 2
Phase 3

Design Statistics after Packing
    Number of Combinational MCs 	:	44
    Number of Sequential MCs    	:	101
    Number of DPs               	:	13
    Number of Controls          	:	12
    Number of Status            	:	10
    Number of SyncCells         	:	12
    Number of count7cells       	:	3

Device Utilization Summary after Packing
    Macrocells                  :	145/192
    UDBS                        :	24/24
    IOs                         :	63/72


D2088: Phase 3, elapsed time : 0.0 (sec)

Phase 4
D2088: Phase 4, elapsed time : 0.0 (sec)

Phase 5
D2088: Phase 5, elapsed time : 0.0 (sec)

Phase 6

######################################################################
Placement Timing Summary

The timing summary is based on estimated routing delays after
placement. For final timing report, please carry out the timing
analysis after routing.
======================================================================

######################################################################
                     Clock Summary 
======================================================================
Number of clocks: 25
Clock: ADC_CLK              | Frequency: N/A       | Target:  13.3 MHz
Clock: ADC_CLK(routed)      | Frequency: N/A       | Target:  13.3 MHz
Clock: ADC_DelSig_1_Ext_CP_Clk | Frequency: N/A       | Target:  80.0 MHz
Clock: ADC_DelSig_1_Ext_CP_Clk(routed) | Frequency: N/A       | Target:  80.0 MHz
Clock: ADC_DelSig_1_theACLK | Frequency: N/A       | Target:   1.0 MHz
Clock: ADC_DelSig_1_theACLK(fixed-function) | Frequency: N/A       | Target:   1.0 MHz
Clock: ADC_SAR_1_theACLK    | Frequency: N/A       | Target:   1.0 MHz
Clock: ADC_SAR_1_theACLK(fixed-function) | Frequency: N/A       | Target:   1.0 MHz
Clock: C8M                  | Frequency:  44.2 MHz | Target:  16.0 MHz
Clock: CyADCCLK             | Frequency: N/A       | Target:   1.0 MHz
Clock: CyBUS_CLK            | Frequency:  33.2 MHz | Target:  80.0 MHz
Clock: CyBUS_CLK(fixed-function) | Frequency: N/A       | Target:  80.0 MHz
Clock: CyCLK_6M4HZ          | Frequency:  34.5 MHz | Target:   6.2 MHz
Clock: CyCLK_6M4HZ(fixed-function) | Frequency: N/A       | Target:   6.2 MHz
Clock: CyHBUS_40MHZ         | Frequency: N/A       | Target:  40.0 MHz
Clock: CyHBUS_40MHZ(fixed-function) | Frequency: N/A       | Target:  40.0 MHz
Clock: CyHBUS_40MHZ(routed) | Frequency: N/A       | Target:  40.0 MHz
Clock: CyILO                | Frequency: N/A       | Target:   0.1 MHz
Clock: CyIMO                | Frequency: N/A       | Target:  24.0 MHz
Clock: CyMASTER_CLK         | Frequency: N/A       | Target:  80.0 MHz
Clock: CyPLL_OUT            | Frequency: N/A       | Target:  80.0 MHz
Clock: CyXTAL               | Frequency: N/A       | Target:  12.0 MHz
Clock: SPIM_2_IntClock      | Frequency:  50.1 MHz | Target:   2.0 MHz
Clock: SPIM_Clk             | Frequency:  62.8 MHz | Target:   5.0 MHz
Clock: \ADC_DelSig_1:DSM\/dec_clock | Frequency: N/A       | Target:   0.1 MHz

======================================================================
                     End of Clock Summary
######################################################################

D2088: Phase 6, elapsed time : 0.2 (sec)

Phase 7
######################################################################
                     Clock Summary 
======================================================================
Number of clocks: 25
Clock: ADC_CLK              | Frequency: N/A       | Target:  13.3 MHz
Clock: ADC_CLK(routed)      | Frequency: N/A       | Target:  13.3 MHz
Clock: ADC_DelSig_1_Ext_CP_Clk | Frequency: N/A       | Target:  80.0 MHz
Clock: ADC_DelSig_1_Ext_CP_Clk(routed) | Frequency: N/A       | Target:  80.0 MHz
Clock: ADC_DelSig_1_theACLK | Frequency: N/A       | Target:   1.0 MHz
Clock: ADC_DelSig_1_theACLK(fixed-function) | Frequency: N/A       | Target:   1.0 MHz
Clock: ADC_SAR_1_theACLK    | Frequency: N/A       | Target:   1.0 MHz
Clock: ADC_SAR_1_theACLK(fixed-function) | Frequency: N/A       | Target:   1.0 MHz
Clock: C8M                  | Frequency:  44.2 MHz | Target:  16.0 MHz
Clock: CyADCCLK             | Frequency: N/A       | Target:   1.0 MHz
Clock: CyBUS_CLK            | Frequency:  35.2 MHz | Target:  80.0 MHz
Clock: CyBUS_CLK(fixed-function) | Frequency: N/A       | Target:  80.0 MHz
Clock: CyCLK_6M4HZ          | Frequency:  29.7 MHz | Target:   6.2 MHz
Clock: CyCLK_6M4HZ(fixed-function) | Frequency: N/A       | Target:   6.2 MHz
Clock: CyHBUS_40MHZ         | Frequency: N/A       | Target:  40.0 MHz
Clock: CyHBUS_40MHZ(fixed-function) | Frequency: N/A       | Target:  40.0 MHz
Clock: CyHBUS_40MHZ(routed) | Frequency: N/A       | Target:  40.0 MHz
Clock: CyILO                | Frequency: N/A       | Target:   0.1 MHz
Clock: CyIMO                | Frequency: N/A       | Target:  24.0 MHz
Clock: CyMASTER_CLK         | Frequency: N/A       | Target:  80.0 MHz
Clock: CyPLL_OUT            | Frequency: N/A       | Target:  80.0 MHz
Clock: CyXTAL               | Frequency: N/A       | Target:  12.0 MHz
Clock: SPIM_2_IntClock      | Frequency:  65.0 MHz | Target:   2.0 MHz
Clock: SPIM_Clk             | Frequency:  54.8 MHz | Target:   5.0 MHz
Clock: \ADC_DelSig_1:DSM\/dec_clock | Frequency: N/A       | Target:   0.1 MHz

======================================================================
                     End of Clock Summary
######################################################################
D2088: Phase 7, elapsed time : 2.6 (sec)

Final Design Statistics
    Number of Combinational MCs 	:	44
    Number of Sequential MCs    	:	101
    Number of DPs               	:	13
    Number of Controls          	:	12
    Number of Status            	:	10
    Number of SyncCells         	:	12
    Number of count7cells       	:	3
    Number of IOs       	:	63

Device Utilization Summary
    Macrocells                  :	145/192
    IOs                         :	63/72



######################################################################
Placement Timing Summary

The timing summary is based on estimated routing delays after
placement. For final timing report, please carry out the timing
analysis after routing.
======================================================================


######################################################################
                     Clock Summary 
======================================================================
Number of clocks: 25
Clock: ADC_CLK              | Frequency: N/A       | Target:  13.3 MHz
Clock: ADC_CLK(routed)      | Frequency: N/A       | Target:  13.3 MHz
Clock: ADC_DelSig_1_Ext_CP_Clk | Frequency: N/A       | Target:  80.0 MHz
Clock: ADC_DelSig_1_Ext_CP_Clk(routed) | Frequency: N/A       | Target:  80.0 MHz
Clock: ADC_DelSig_1_theACLK | Frequency: N/A       | Target:   1.0 MHz
Clock: ADC_DelSig_1_theACLK(fixed-function) | Frequency: N/A       | Target:   1.0 MHz
Clock: ADC_SAR_1_theACLK    | Frequency: N/A       | Target:   1.0 MHz
Clock: ADC_SAR_1_theACLK(fixed-function) | Frequency: N/A       | Target:   1.0 MHz
Clock: C8M                  | Frequency:  45.3 MHz | Target:  16.0 MHz
Clock: CyADCCLK             | Frequency: N/A       | Target:   1.0 MHz
Clock: CyBUS_CLK            | Frequency:  36.8 MHz | Target:  80.0 MHz
Clock: CyBUS_CLK(fixed-function) | Frequency: N/A       | Target:  80.0 MHz
Clock: CyCLK_6M4HZ          | Frequency:  34.4 MHz | Target:   6.2 MHz
Clock: CyCLK_6M4HZ(fixed-function) | Frequency: N/A       | Target:   6.2 MHz
Clock: CyHBUS_40MHZ         | Frequency: N/A       | Target:  40.0 MHz
Clock: CyHBUS_40MHZ(fixed-function) | Frequency: N/A       | Target:  40.0 MHz
Clock: CyHBUS_40MHZ(routed) | Frequency: N/A       | Target:  40.0 MHz
Clock: CyILO                | Frequency: N/A       | Target:   0.1 MHz
Clock: CyIMO                | Frequency: N/A       | Target:  24.0 MHz
Clock: CyMASTER_CLK         | Frequency: N/A       | Target:  80.0 MHz
Clock: CyPLL_OUT            | Frequency: N/A       | Target:  80.0 MHz
Clock: CyXTAL               | Frequency: N/A       | Target:  12.0 MHz
Clock: SPIM_2_IntClock      | Frequency:  65.0 MHz | Target:   2.0 MHz
Clock: SPIM_Clk             | Frequency:  60.8 MHz | Target:   5.0 MHz
Clock: \ADC_DelSig_1:DSM\/dec_clock | Frequency: N/A       | Target:   0.1 MHz

======================================================================
                     End of Clock Summary
######################################################################

Phase 8
D2088: Phase 8, elapsed time : 0.0 (sec)

D2054: Placement of the design completed successfully

I2076: Total run-time: 3.8 sec.

