ARM GAS  C:\Users\Alex\AppData\Local\Temp\ccYBXP9h.s 			page 1


   1              		.syntax unified
   2              		.cpu cortex-m3
   3              		.fpu softvfp
   4              		.eabi_attribute 20, 1
   5              		.eabi_attribute 21, 1
   6              		.eabi_attribute 23, 3
   7              		.eabi_attribute 24, 1
   8              		.eabi_attribute 25, 1
   9              		.eabi_attribute 26, 1
  10              		.eabi_attribute 30, 1
  11              		.eabi_attribute 34, 1
  12              		.eabi_attribute 18, 4
  13              		.thumb
  14              		.file	"ADC_SAR_1_INT.c"
  15              		.text
  16              	.Ltext0:
  17              		.cfi_sections	.debug_frame
  18              		.section	.text.ADC_SAR_1_ISR,"ax",%progbits
  19              		.align	2
  20              		.global	ADC_SAR_1_ISR
  21              		.thumb
  22              		.thumb_func
  23              		.type	ADC_SAR_1_ISR, %function
  24              	ADC_SAR_1_ISR:
  25              	.LFB0:
  26              		.file 1 ".\\Generated_Source\\PSoC5\\ADC_SAR_1_INT.c"
   1:.\Generated_Source\PSoC5/ADC_SAR_1_INT.c **** /*******************************************************************************
   2:.\Generated_Source\PSoC5/ADC_SAR_1_INT.c **** * File Name: ADC_SAR_1_INT.c
   3:.\Generated_Source\PSoC5/ADC_SAR_1_INT.c **** * Version 3.0
   4:.\Generated_Source\PSoC5/ADC_SAR_1_INT.c **** *
   5:.\Generated_Source\PSoC5/ADC_SAR_1_INT.c **** *  Description:
   6:.\Generated_Source\PSoC5/ADC_SAR_1_INT.c **** *    This file contains the code that operates during the ADC_SAR interrupt
   7:.\Generated_Source\PSoC5/ADC_SAR_1_INT.c **** *    service routine.
   8:.\Generated_Source\PSoC5/ADC_SAR_1_INT.c **** *
   9:.\Generated_Source\PSoC5/ADC_SAR_1_INT.c **** *   Note:
  10:.\Generated_Source\PSoC5/ADC_SAR_1_INT.c **** *
  11:.\Generated_Source\PSoC5/ADC_SAR_1_INT.c **** ********************************************************************************
  12:.\Generated_Source\PSoC5/ADC_SAR_1_INT.c **** * Copyright 2008-2015, Cypress Semiconductor Corporation.  All rights reserved.
  13:.\Generated_Source\PSoC5/ADC_SAR_1_INT.c **** * You may use this file only in accordance with the license, terms, conditions,
  14:.\Generated_Source\PSoC5/ADC_SAR_1_INT.c **** * disclaimers, and limitations in the end user license agreement accompanying
  15:.\Generated_Source\PSoC5/ADC_SAR_1_INT.c **** * the software package with which this file was provided.
  16:.\Generated_Source\PSoC5/ADC_SAR_1_INT.c **** *******************************************************************************/
  17:.\Generated_Source\PSoC5/ADC_SAR_1_INT.c **** 
  18:.\Generated_Source\PSoC5/ADC_SAR_1_INT.c **** #include "ADC_SAR_1.h"
  19:.\Generated_Source\PSoC5/ADC_SAR_1_INT.c **** #include "cyapicallbacks.h"
  20:.\Generated_Source\PSoC5/ADC_SAR_1_INT.c **** 
  21:.\Generated_Source\PSoC5/ADC_SAR_1_INT.c **** 
  22:.\Generated_Source\PSoC5/ADC_SAR_1_INT.c **** /******************************************************************************
  23:.\Generated_Source\PSoC5/ADC_SAR_1_INT.c **** * Custom Declarations and Variables
  24:.\Generated_Source\PSoC5/ADC_SAR_1_INT.c **** * - add user inlcude files, prototypes and variables between the following
  25:.\Generated_Source\PSoC5/ADC_SAR_1_INT.c **** *   #START and #END tags
  26:.\Generated_Source\PSoC5/ADC_SAR_1_INT.c **** ******************************************************************************/
  27:.\Generated_Source\PSoC5/ADC_SAR_1_INT.c **** /* `#START ADC_SYS_VAR`  */
  28:.\Generated_Source\PSoC5/ADC_SAR_1_INT.c **** 
  29:.\Generated_Source\PSoC5/ADC_SAR_1_INT.c **** /* `#END`  */
  30:.\Generated_Source\PSoC5/ADC_SAR_1_INT.c **** 
  31:.\Generated_Source\PSoC5/ADC_SAR_1_INT.c **** #if(ADC_SAR_1_IRQ_REMOVE == 0u)
ARM GAS  C:\Users\Alex\AppData\Local\Temp\ccYBXP9h.s 			page 2


  32:.\Generated_Source\PSoC5/ADC_SAR_1_INT.c **** 
  33:.\Generated_Source\PSoC5/ADC_SAR_1_INT.c **** 
  34:.\Generated_Source\PSoC5/ADC_SAR_1_INT.c ****     /******************************************************************************
  35:.\Generated_Source\PSoC5/ADC_SAR_1_INT.c ****     * Function Name: ADC_SAR_1_ISR
  36:.\Generated_Source\PSoC5/ADC_SAR_1_INT.c ****     *******************************************************************************
  37:.\Generated_Source\PSoC5/ADC_SAR_1_INT.c ****     *
  38:.\Generated_Source\PSoC5/ADC_SAR_1_INT.c ****     * Summary:
  39:.\Generated_Source\PSoC5/ADC_SAR_1_INT.c ****     *  Handle Interrupt Service Routine.
  40:.\Generated_Source\PSoC5/ADC_SAR_1_INT.c ****     *
  41:.\Generated_Source\PSoC5/ADC_SAR_1_INT.c ****     * Parameters:
  42:.\Generated_Source\PSoC5/ADC_SAR_1_INT.c ****     *  None.
  43:.\Generated_Source\PSoC5/ADC_SAR_1_INT.c ****     *
  44:.\Generated_Source\PSoC5/ADC_SAR_1_INT.c ****     * Return:
  45:.\Generated_Source\PSoC5/ADC_SAR_1_INT.c ****     *  None.
  46:.\Generated_Source\PSoC5/ADC_SAR_1_INT.c ****     *
  47:.\Generated_Source\PSoC5/ADC_SAR_1_INT.c ****     * Reentrant:
  48:.\Generated_Source\PSoC5/ADC_SAR_1_INT.c ****     *  No.
  49:.\Generated_Source\PSoC5/ADC_SAR_1_INT.c ****     *
  50:.\Generated_Source\PSoC5/ADC_SAR_1_INT.c ****     ******************************************************************************/
  51:.\Generated_Source\PSoC5/ADC_SAR_1_INT.c ****     CY_ISR( ADC_SAR_1_ISR )
  52:.\Generated_Source\PSoC5/ADC_SAR_1_INT.c ****     {
  27              		.loc 1 52 0
  28              		.cfi_startproc
  29              		@ args = 0, pretend = 0, frame = 0
  30              		@ frame_needed = 0, uses_anonymous_args = 0
  31 0000 08B5     		push	{r3, lr}
  32              		.cfi_def_cfa_offset 8
  33              		.cfi_offset 3, -8
  34              		.cfi_offset 14, -4
  53:.\Generated_Source\PSoC5/ADC_SAR_1_INT.c ****         #ifdef ADC_SAR_1_ISR_INTERRUPT_CALLBACK
  54:.\Generated_Source\PSoC5/ADC_SAR_1_INT.c ****             ADC_SAR_1_ISR_InterruptCallback();
  35              		.loc 1 54 0
  36 0002 FFF7FEFF 		bl	ADC_SAR_1_ISR_InterruptCallback
  37              	.LVL0:
  38 0006 08BD     		pop	{r3, pc}
  39              		.cfi_endproc
  40              	.LFE0:
  41              		.size	ADC_SAR_1_ISR, .-ADC_SAR_1_ISR
  42              		.text
  43              	.Letext0:
  44              		.file 2 "./cyapicallbacks.h"
  45              		.section	.debug_info,"",%progbits
  46              	.Ldebug_info0:
  47 0000 A5000000 		.4byte	0xa5
  48 0004 0400     		.2byte	0x4
  49 0006 00000000 		.4byte	.Ldebug_abbrev0
  50 000a 04       		.byte	0x4
  51 000b 01       		.uleb128 0x1
  52 000c 8E000000 		.4byte	.LASF12
  53 0010 01       		.byte	0x1
  54 0011 40010000 		.4byte	.LASF13
  55 0015 00000000 		.4byte	.LASF14
  56 0019 00000000 		.4byte	.Ldebug_ranges0+0
  57 001d 00000000 		.4byte	0
  58 0021 00000000 		.4byte	.Ldebug_line0
  59 0025 02       		.uleb128 0x2
  60 0026 01       		.byte	0x1
ARM GAS  C:\Users\Alex\AppData\Local\Temp\ccYBXP9h.s 			page 3


  61 0027 06       		.byte	0x6
  62 0028 8F010000 		.4byte	.LASF0
  63 002c 02       		.uleb128 0x2
  64 002d 01       		.byte	0x1
  65 002e 08       		.byte	0x8
  66 002f 54000000 		.4byte	.LASF1
  67 0033 02       		.uleb128 0x2
  68 0034 02       		.byte	0x2
  69 0035 05       		.byte	0x5
  70 0036 7C010000 		.4byte	.LASF2
  71 003a 02       		.uleb128 0x2
  72 003b 02       		.byte	0x2
  73 003c 07       		.byte	0x7
  74 003d 74000000 		.4byte	.LASF3
  75 0041 02       		.uleb128 0x2
  76 0042 04       		.byte	0x4
  77 0043 05       		.byte	0x5
  78 0044 86010000 		.4byte	.LASF4
  79 0048 02       		.uleb128 0x2
  80 0049 04       		.byte	0x4
  81 004a 07       		.byte	0x7
  82 004b 62000000 		.4byte	.LASF5
  83 004f 02       		.uleb128 0x2
  84 0050 08       		.byte	0x8
  85 0051 05       		.byte	0x5
  86 0052 69010000 		.4byte	.LASF6
  87 0056 02       		.uleb128 0x2
  88 0057 08       		.byte	0x8
  89 0058 07       		.byte	0x7
  90 0059 29010000 		.4byte	.LASF7
  91 005d 03       		.uleb128 0x3
  92 005e 04       		.byte	0x4
  93 005f 05       		.byte	0x5
  94 0060 696E7400 		.ascii	"int\000"
  95 0064 02       		.uleb128 0x2
  96 0065 04       		.byte	0x4
  97 0066 07       		.byte	0x7
  98 0067 1C010000 		.4byte	.LASF8
  99 006b 02       		.uleb128 0x2
 100 006c 04       		.byte	0x4
 101 006d 04       		.byte	0x4
 102 006e 4E000000 		.4byte	.LASF9
 103 0072 02       		.uleb128 0x2
 104 0073 08       		.byte	0x8
 105 0074 04       		.byte	0x4
 106 0075 87000000 		.4byte	.LASF10
 107 0079 02       		.uleb128 0x2
 108 007a 01       		.byte	0x1
 109 007b 08       		.byte	0x8
 110 007c 77010000 		.4byte	.LASF11
 111 0080 04       		.uleb128 0x4
 112 0081 9B010000 		.4byte	.LASF15
 113 0085 01       		.byte	0x1
 114 0086 33       		.byte	0x33
 115 0087 00000000 		.4byte	.LFB0
 116 008b 08000000 		.4byte	.LFE0-.LFB0
 117 008f 01       		.uleb128 0x1
ARM GAS  C:\Users\Alex\AppData\Local\Temp\ccYBXP9h.s 			page 4


 118 0090 9C       		.byte	0x9c
 119 0091 9F000000 		.4byte	0x9f
 120 0095 05       		.uleb128 0x5
 121 0096 06000000 		.4byte	.LVL0
 122 009a 9F000000 		.4byte	0x9f
 123 009e 00       		.byte	0
 124 009f 06       		.uleb128 0x6
 125 00a0 2E000000 		.4byte	.LASF16
 126 00a4 02       		.byte	0x2
 127 00a5 24       		.byte	0x24
 128 00a6 07       		.uleb128 0x7
 129 00a7 00       		.byte	0
 130 00a8 00       		.byte	0
 131              		.section	.debug_abbrev,"",%progbits
 132              	.Ldebug_abbrev0:
 133 0000 01       		.uleb128 0x1
 134 0001 11       		.uleb128 0x11
 135 0002 01       		.byte	0x1
 136 0003 25       		.uleb128 0x25
 137 0004 0E       		.uleb128 0xe
 138 0005 13       		.uleb128 0x13
 139 0006 0B       		.uleb128 0xb
 140 0007 03       		.uleb128 0x3
 141 0008 0E       		.uleb128 0xe
 142 0009 1B       		.uleb128 0x1b
 143 000a 0E       		.uleb128 0xe
 144 000b 55       		.uleb128 0x55
 145 000c 17       		.uleb128 0x17
 146 000d 11       		.uleb128 0x11
 147 000e 01       		.uleb128 0x1
 148 000f 10       		.uleb128 0x10
 149 0010 17       		.uleb128 0x17
 150 0011 00       		.byte	0
 151 0012 00       		.byte	0
 152 0013 02       		.uleb128 0x2
 153 0014 24       		.uleb128 0x24
 154 0015 00       		.byte	0
 155 0016 0B       		.uleb128 0xb
 156 0017 0B       		.uleb128 0xb
 157 0018 3E       		.uleb128 0x3e
 158 0019 0B       		.uleb128 0xb
 159 001a 03       		.uleb128 0x3
 160 001b 0E       		.uleb128 0xe
 161 001c 00       		.byte	0
 162 001d 00       		.byte	0
 163 001e 03       		.uleb128 0x3
 164 001f 24       		.uleb128 0x24
 165 0020 00       		.byte	0
 166 0021 0B       		.uleb128 0xb
 167 0022 0B       		.uleb128 0xb
 168 0023 3E       		.uleb128 0x3e
 169 0024 0B       		.uleb128 0xb
 170 0025 03       		.uleb128 0x3
 171 0026 08       		.uleb128 0x8
 172 0027 00       		.byte	0
 173 0028 00       		.byte	0
 174 0029 04       		.uleb128 0x4
ARM GAS  C:\Users\Alex\AppData\Local\Temp\ccYBXP9h.s 			page 5


 175 002a 2E       		.uleb128 0x2e
 176 002b 01       		.byte	0x1
 177 002c 3F       		.uleb128 0x3f
 178 002d 19       		.uleb128 0x19
 179 002e 03       		.uleb128 0x3
 180 002f 0E       		.uleb128 0xe
 181 0030 3A       		.uleb128 0x3a
 182 0031 0B       		.uleb128 0xb
 183 0032 3B       		.uleb128 0x3b
 184 0033 0B       		.uleb128 0xb
 185 0034 27       		.uleb128 0x27
 186 0035 19       		.uleb128 0x19
 187 0036 11       		.uleb128 0x11
 188 0037 01       		.uleb128 0x1
 189 0038 12       		.uleb128 0x12
 190 0039 06       		.uleb128 0x6
 191 003a 40       		.uleb128 0x40
 192 003b 18       		.uleb128 0x18
 193 003c 9742     		.uleb128 0x2117
 194 003e 19       		.uleb128 0x19
 195 003f 01       		.uleb128 0x1
 196 0040 13       		.uleb128 0x13
 197 0041 00       		.byte	0
 198 0042 00       		.byte	0
 199 0043 05       		.uleb128 0x5
 200 0044 898201   		.uleb128 0x4109
 201 0047 00       		.byte	0
 202 0048 11       		.uleb128 0x11
 203 0049 01       		.uleb128 0x1
 204 004a 31       		.uleb128 0x31
 205 004b 13       		.uleb128 0x13
 206 004c 00       		.byte	0
 207 004d 00       		.byte	0
 208 004e 06       		.uleb128 0x6
 209 004f 2E       		.uleb128 0x2e
 210 0050 01       		.byte	0x1
 211 0051 3F       		.uleb128 0x3f
 212 0052 19       		.uleb128 0x19
 213 0053 03       		.uleb128 0x3
 214 0054 0E       		.uleb128 0xe
 215 0055 3A       		.uleb128 0x3a
 216 0056 0B       		.uleb128 0xb
 217 0057 3B       		.uleb128 0x3b
 218 0058 0B       		.uleb128 0xb
 219 0059 3C       		.uleb128 0x3c
 220 005a 19       		.uleb128 0x19
 221 005b 00       		.byte	0
 222 005c 00       		.byte	0
 223 005d 07       		.uleb128 0x7
 224 005e 18       		.uleb128 0x18
 225 005f 00       		.byte	0
 226 0060 00       		.byte	0
 227 0061 00       		.byte	0
 228 0062 00       		.byte	0
 229              		.section	.debug_aranges,"",%progbits
 230 0000 1C000000 		.4byte	0x1c
 231 0004 0200     		.2byte	0x2
ARM GAS  C:\Users\Alex\AppData\Local\Temp\ccYBXP9h.s 			page 6


 232 0006 00000000 		.4byte	.Ldebug_info0
 233 000a 04       		.byte	0x4
 234 000b 00       		.byte	0
 235 000c 0000     		.2byte	0
 236 000e 0000     		.2byte	0
 237 0010 00000000 		.4byte	.LFB0
 238 0014 08000000 		.4byte	.LFE0-.LFB0
 239 0018 00000000 		.4byte	0
 240 001c 00000000 		.4byte	0
 241              		.section	.debug_ranges,"",%progbits
 242              	.Ldebug_ranges0:
 243 0000 00000000 		.4byte	.LFB0
 244 0004 08000000 		.4byte	.LFE0
 245 0008 00000000 		.4byte	0
 246 000c 00000000 		.4byte	0
 247              		.section	.debug_line,"",%progbits
 248              	.Ldebug_line0:
 249 0000 6B000000 		.section	.debug_str,"MS",%progbits,1
 249      02005500 
 249      00000201 
 249      FB0E0D00 
 249      01010101 
 250              	.LASF14:
 251 0000 433A5C46 		.ascii	"C:\\FlexSEA_alx87grd\\execute\\execute_1_0.cydsn\000"
 251      6C657853 
 251      45415F61 
 251      6C783837 
 251      6772645C 
 252              	.LASF16:
 253 002e 4144435F 		.ascii	"ADC_SAR_1_ISR_InterruptCallback\000"
 253      5341525F 
 253      315F4953 
 253      525F496E 
 253      74657272 
 254              	.LASF9:
 255 004e 666C6F61 		.ascii	"float\000"
 255      7400
 256              	.LASF1:
 257 0054 756E7369 		.ascii	"unsigned char\000"
 257      676E6564 
 257      20636861 
 257      7200
 258              	.LASF5:
 259 0062 6C6F6E67 		.ascii	"long unsigned int\000"
 259      20756E73 
 259      69676E65 
 259      6420696E 
 259      7400
 260              	.LASF3:
 261 0074 73686F72 		.ascii	"short unsigned int\000"
 261      7420756E 
 261      7369676E 
 261      65642069 
 261      6E7400
 262              	.LASF10:
 263 0087 646F7562 		.ascii	"double\000"
 263      6C6500
ARM GAS  C:\Users\Alex\AppData\Local\Temp\ccYBXP9h.s 			page 7


 264              	.LASF12:
 265 008e 474E5520 		.ascii	"GNU C 4.9.3 20150303 (release) [ARM/embedded-4_9-br"
 265      4320342E 
 265      392E3320 
 265      32303135 
 265      30333033 
 266 00c1 616E6368 		.ascii	"anch revision 221220] -mcpu=cortex-m3 -mthumb -g -O"
 266      20726576 
 266      6973696F 
 266      6E203232 
 266      31323230 
 267 00f4 67202D66 		.ascii	"g -ffunction-sections -ffat-lto-objects\000"
 267      66756E63 
 267      74696F6E 
 267      2D736563 
 267      74696F6E 
 268              	.LASF8:
 269 011c 756E7369 		.ascii	"unsigned int\000"
 269      676E6564 
 269      20696E74 
 269      00
 270              	.LASF7:
 271 0129 6C6F6E67 		.ascii	"long long unsigned int\000"
 271      206C6F6E 
 271      6720756E 
 271      7369676E 
 271      65642069 
 272              	.LASF13:
 273 0140 2E5C4765 		.ascii	".\\Generated_Source\\PSoC5\\ADC_SAR_1_INT.c\000"
 273      6E657261 
 273      7465645F 
 273      536F7572 
 273      63655C50 
 274              	.LASF6:
 275 0169 6C6F6E67 		.ascii	"long long int\000"
 275      206C6F6E 
 275      6720696E 
 275      7400
 276              	.LASF11:
 277 0177 63686172 		.ascii	"char\000"
 277      00
 278              	.LASF2:
 279 017c 73686F72 		.ascii	"short int\000"
 279      7420696E 
 279      7400
 280              	.LASF4:
 281 0186 6C6F6E67 		.ascii	"long int\000"
 281      20696E74 
 281      00
 282              	.LASF0:
 283 018f 7369676E 		.ascii	"signed char\000"
 283      65642063 
 283      68617200 
 284              	.LASF15:
 285 019b 4144435F 		.ascii	"ADC_SAR_1_ISR\000"
 285      5341525F 
 285      315F4953 
ARM GAS  C:\Users\Alex\AppData\Local\Temp\ccYBXP9h.s 			page 8


 285      5200
 286              		.ident	"GCC: (GNU Tools for ARM Embedded Processors) 4.9.3 20150303 (release) [ARM/embedded-4_9-br
