ARM GAS  C:\Users\Alex\AppData\Local\Temp\cchOi4Qt.s 			page 1


   1              		.syntax unified
   2              		.cpu cortex-m3
   3              		.fpu softvfp
   4              		.eabi_attribute 20, 1
   5              		.eabi_attribute 21, 1
   6              		.eabi_attribute 23, 3
   7              		.eabi_attribute 24, 1
   8              		.eabi_attribute 25, 1
   9              		.eabi_attribute 26, 1
  10              		.eabi_attribute 30, 1
  11              		.eabi_attribute 34, 1
  12              		.eabi_attribute 18, 4
  13              		.thumb
  14              		.file	"ADC_SAR_2_PM.c"
  15              		.text
  16              	.Ltext0:
  17              		.cfi_sections	.debug_frame
  18              		.section	.text.ADC_SAR_2_SaveConfig,"ax",%progbits
  19              		.align	2
  20              		.global	ADC_SAR_2_SaveConfig
  21              		.thumb
  22              		.thumb_func
  23              		.type	ADC_SAR_2_SaveConfig, %function
  24              	ADC_SAR_2_SaveConfig:
  25              	.LFB0:
  26              		.file 1 ".\\Generated_Source\\PSoC5\\ADC_SAR_2_PM.c"
   1:.\Generated_Source\PSoC5/ADC_SAR_2_PM.c **** /*******************************************************************************
   2:.\Generated_Source\PSoC5/ADC_SAR_2_PM.c **** * File Name: ADC_SAR_2_PM.c
   3:.\Generated_Source\PSoC5/ADC_SAR_2_PM.c **** * Version 3.0
   4:.\Generated_Source\PSoC5/ADC_SAR_2_PM.c **** *
   5:.\Generated_Source\PSoC5/ADC_SAR_2_PM.c **** * Description:
   6:.\Generated_Source\PSoC5/ADC_SAR_2_PM.c **** *  This file provides Sleep/WakeUp APIs functionality.
   7:.\Generated_Source\PSoC5/ADC_SAR_2_PM.c **** *
   8:.\Generated_Source\PSoC5/ADC_SAR_2_PM.c **** * Note:
   9:.\Generated_Source\PSoC5/ADC_SAR_2_PM.c **** *
  10:.\Generated_Source\PSoC5/ADC_SAR_2_PM.c **** ********************************************************************************
  11:.\Generated_Source\PSoC5/ADC_SAR_2_PM.c **** * Copyright 2008-2015, Cypress Semiconductor Corporation.  All rights reserved.
  12:.\Generated_Source\PSoC5/ADC_SAR_2_PM.c **** * You may use this file only in accordance with the license, terms, conditions,
  13:.\Generated_Source\PSoC5/ADC_SAR_2_PM.c **** * disclaimers, and limitations in the end user license agreement accompanying
  14:.\Generated_Source\PSoC5/ADC_SAR_2_PM.c **** * the software package with which this file was provided.
  15:.\Generated_Source\PSoC5/ADC_SAR_2_PM.c **** *******************************************************************************/
  16:.\Generated_Source\PSoC5/ADC_SAR_2_PM.c **** 
  17:.\Generated_Source\PSoC5/ADC_SAR_2_PM.c **** #include "ADC_SAR_2.h"
  18:.\Generated_Source\PSoC5/ADC_SAR_2_PM.c **** 
  19:.\Generated_Source\PSoC5/ADC_SAR_2_PM.c **** 
  20:.\Generated_Source\PSoC5/ADC_SAR_2_PM.c **** /***************************************
  21:.\Generated_Source\PSoC5/ADC_SAR_2_PM.c **** * Local data allocation
  22:.\Generated_Source\PSoC5/ADC_SAR_2_PM.c **** ***************************************/
  23:.\Generated_Source\PSoC5/ADC_SAR_2_PM.c **** 
  24:.\Generated_Source\PSoC5/ADC_SAR_2_PM.c **** static ADC_SAR_2_BACKUP_STRUCT  ADC_SAR_2_backup =
  25:.\Generated_Source\PSoC5/ADC_SAR_2_PM.c **** {
  26:.\Generated_Source\PSoC5/ADC_SAR_2_PM.c ****     ADC_SAR_2_DISABLED
  27:.\Generated_Source\PSoC5/ADC_SAR_2_PM.c **** };
  28:.\Generated_Source\PSoC5/ADC_SAR_2_PM.c **** 
  29:.\Generated_Source\PSoC5/ADC_SAR_2_PM.c **** 
  30:.\Generated_Source\PSoC5/ADC_SAR_2_PM.c **** /*******************************************************************************
  31:.\Generated_Source\PSoC5/ADC_SAR_2_PM.c **** * Function Name: ADC_SAR_2_SaveConfig
ARM GAS  C:\Users\Alex\AppData\Local\Temp\cchOi4Qt.s 			page 2


  32:.\Generated_Source\PSoC5/ADC_SAR_2_PM.c **** ********************************************************************************
  33:.\Generated_Source\PSoC5/ADC_SAR_2_PM.c **** *
  34:.\Generated_Source\PSoC5/ADC_SAR_2_PM.c **** * Summary:
  35:.\Generated_Source\PSoC5/ADC_SAR_2_PM.c **** *  Saves the current user configuration.
  36:.\Generated_Source\PSoC5/ADC_SAR_2_PM.c **** *
  37:.\Generated_Source\PSoC5/ADC_SAR_2_PM.c **** * Parameters:
  38:.\Generated_Source\PSoC5/ADC_SAR_2_PM.c **** *  None.
  39:.\Generated_Source\PSoC5/ADC_SAR_2_PM.c **** *
  40:.\Generated_Source\PSoC5/ADC_SAR_2_PM.c **** * Return:
  41:.\Generated_Source\PSoC5/ADC_SAR_2_PM.c **** *  None.
  42:.\Generated_Source\PSoC5/ADC_SAR_2_PM.c **** *
  43:.\Generated_Source\PSoC5/ADC_SAR_2_PM.c **** *******************************************************************************/
  44:.\Generated_Source\PSoC5/ADC_SAR_2_PM.c **** void ADC_SAR_2_SaveConfig(void)
  45:.\Generated_Source\PSoC5/ADC_SAR_2_PM.c **** {
  27              		.loc 1 45 0
  28              		.cfi_startproc
  29              		@ args = 0, pretend = 0, frame = 0
  30              		@ frame_needed = 0, uses_anonymous_args = 0
  31              		@ link register save eliminated.
  32 0000 7047     		bx	lr
  33              		.cfi_endproc
  34              	.LFE0:
  35              		.size	ADC_SAR_2_SaveConfig, .-ADC_SAR_2_SaveConfig
  36 0002 00BF     		.section	.text.ADC_SAR_2_RestoreConfig,"ax",%progbits
  37              		.align	2
  38              		.global	ADC_SAR_2_RestoreConfig
  39              		.thumb
  40              		.thumb_func
  41              		.type	ADC_SAR_2_RestoreConfig, %function
  42              	ADC_SAR_2_RestoreConfig:
  43              	.LFB1:
  46:.\Generated_Source\PSoC5/ADC_SAR_2_PM.c ****     /* All configuration registers are marked as [reset_all_retention] */
  47:.\Generated_Source\PSoC5/ADC_SAR_2_PM.c **** }
  48:.\Generated_Source\PSoC5/ADC_SAR_2_PM.c **** 
  49:.\Generated_Source\PSoC5/ADC_SAR_2_PM.c **** 
  50:.\Generated_Source\PSoC5/ADC_SAR_2_PM.c **** /*******************************************************************************
  51:.\Generated_Source\PSoC5/ADC_SAR_2_PM.c **** * Function Name: ADC_SAR_2_RestoreConfig
  52:.\Generated_Source\PSoC5/ADC_SAR_2_PM.c **** ********************************************************************************
  53:.\Generated_Source\PSoC5/ADC_SAR_2_PM.c **** *
  54:.\Generated_Source\PSoC5/ADC_SAR_2_PM.c **** * Summary:
  55:.\Generated_Source\PSoC5/ADC_SAR_2_PM.c **** *  Restores the current user configuration.
  56:.\Generated_Source\PSoC5/ADC_SAR_2_PM.c **** *
  57:.\Generated_Source\PSoC5/ADC_SAR_2_PM.c **** * Parameters:
  58:.\Generated_Source\PSoC5/ADC_SAR_2_PM.c **** *  None.
  59:.\Generated_Source\PSoC5/ADC_SAR_2_PM.c **** *
  60:.\Generated_Source\PSoC5/ADC_SAR_2_PM.c **** * Return:
  61:.\Generated_Source\PSoC5/ADC_SAR_2_PM.c **** *  None.
  62:.\Generated_Source\PSoC5/ADC_SAR_2_PM.c **** *
  63:.\Generated_Source\PSoC5/ADC_SAR_2_PM.c **** *******************************************************************************/
  64:.\Generated_Source\PSoC5/ADC_SAR_2_PM.c **** void ADC_SAR_2_RestoreConfig(void)
  65:.\Generated_Source\PSoC5/ADC_SAR_2_PM.c **** {
  44              		.loc 1 65 0
  45              		.cfi_startproc
  46              		@ args = 0, pretend = 0, frame = 0
  47              		@ frame_needed = 0, uses_anonymous_args = 0
  48              		@ link register save eliminated.
  49 0000 7047     		bx	lr
ARM GAS  C:\Users\Alex\AppData\Local\Temp\cchOi4Qt.s 			page 3


  50              		.cfi_endproc
  51              	.LFE1:
  52              		.size	ADC_SAR_2_RestoreConfig, .-ADC_SAR_2_RestoreConfig
  53 0002 00BF     		.section	.text.ADC_SAR_2_Sleep,"ax",%progbits
  54              		.align	2
  55              		.global	ADC_SAR_2_Sleep
  56              		.thumb
  57              		.thumb_func
  58              		.type	ADC_SAR_2_Sleep, %function
  59              	ADC_SAR_2_Sleep:
  60              	.LFB2:
  66:.\Generated_Source\PSoC5/ADC_SAR_2_PM.c ****     /* All congiguration registers are marked as [reset_all_retention] */
  67:.\Generated_Source\PSoC5/ADC_SAR_2_PM.c **** }
  68:.\Generated_Source\PSoC5/ADC_SAR_2_PM.c **** 
  69:.\Generated_Source\PSoC5/ADC_SAR_2_PM.c **** 
  70:.\Generated_Source\PSoC5/ADC_SAR_2_PM.c **** /*******************************************************************************
  71:.\Generated_Source\PSoC5/ADC_SAR_2_PM.c **** * Function Name: ADC_SAR_2_Sleep
  72:.\Generated_Source\PSoC5/ADC_SAR_2_PM.c **** ********************************************************************************
  73:.\Generated_Source\PSoC5/ADC_SAR_2_PM.c **** *
  74:.\Generated_Source\PSoC5/ADC_SAR_2_PM.c **** * Summary:
  75:.\Generated_Source\PSoC5/ADC_SAR_2_PM.c **** *  This is the preferred routine to prepare the component for sleep.
  76:.\Generated_Source\PSoC5/ADC_SAR_2_PM.c **** *  The ADC_SAR_2_Sleep() routine saves the current component state,
  77:.\Generated_Source\PSoC5/ADC_SAR_2_PM.c **** *  then it calls the ADC_Stop() function.
  78:.\Generated_Source\PSoC5/ADC_SAR_2_PM.c **** *
  79:.\Generated_Source\PSoC5/ADC_SAR_2_PM.c **** * Parameters:
  80:.\Generated_Source\PSoC5/ADC_SAR_2_PM.c **** *  None.
  81:.\Generated_Source\PSoC5/ADC_SAR_2_PM.c **** *
  82:.\Generated_Source\PSoC5/ADC_SAR_2_PM.c **** * Return:
  83:.\Generated_Source\PSoC5/ADC_SAR_2_PM.c **** *  None.
  84:.\Generated_Source\PSoC5/ADC_SAR_2_PM.c **** *
  85:.\Generated_Source\PSoC5/ADC_SAR_2_PM.c **** * Global Variables:
  86:.\Generated_Source\PSoC5/ADC_SAR_2_PM.c **** *  ADC_SAR_2_backup - The structure field 'enableState' is modified
  87:.\Generated_Source\PSoC5/ADC_SAR_2_PM.c **** *  depending on the enable state of the block before entering to sleep mode.
  88:.\Generated_Source\PSoC5/ADC_SAR_2_PM.c **** *
  89:.\Generated_Source\PSoC5/ADC_SAR_2_PM.c **** *******************************************************************************/
  90:.\Generated_Source\PSoC5/ADC_SAR_2_PM.c **** void ADC_SAR_2_Sleep(void)
  91:.\Generated_Source\PSoC5/ADC_SAR_2_PM.c **** {
  61              		.loc 1 91 0
  62              		.cfi_startproc
  63              		@ args = 0, pretend = 0, frame = 0
  64              		@ frame_needed = 0, uses_anonymous_args = 0
  65              		.loc 1 91 0
  66 0000 08B5     		push	{r3, lr}
  67              		.cfi_def_cfa_offset 8
  68              		.cfi_offset 3, -8
  69              		.cfi_offset 14, -4
  92:.\Generated_Source\PSoC5/ADC_SAR_2_PM.c ****     if((ADC_SAR_2_PWRMGR_SAR_REG  & ADC_SAR_2_ACT_PWR_SAR_EN) != 0u)
  70              		.loc 1 92 0
  71 0002 0C4B     		ldr	r3, .L9
  72 0004 1B78     		ldrb	r3, [r3]	@ zero_extendqisi2
  73 0006 13F0020F 		tst	r3, #2
  74 000a 0ED0     		beq	.L4
  93:.\Generated_Source\PSoC5/ADC_SAR_2_PM.c ****     {
  94:.\Generated_Source\PSoC5/ADC_SAR_2_PM.c ****         if((ADC_SAR_2_SAR_CSR0_REG & ADC_SAR_2_SAR_SOF_START_CONV) != 0u)
  75              		.loc 1 94 0
  76 000c 0A4B     		ldr	r3, .L9+4
  77 000e 1B78     		ldrb	r3, [r3]	@ zero_extendqisi2
ARM GAS  C:\Users\Alex\AppData\Local\Temp\cchOi4Qt.s 			page 4


  78 0010 13F0010F 		tst	r3, #1
  79 0014 03D0     		beq	.L5
  95:.\Generated_Source\PSoC5/ADC_SAR_2_PM.c ****         {
  96:.\Generated_Source\PSoC5/ADC_SAR_2_PM.c ****             ADC_SAR_2_backup.enableState = ADC_SAR_2_ENABLED | ADC_SAR_2_STARTED;
  80              		.loc 1 96 0
  81 0016 0322     		movs	r2, #3
  82 0018 084B     		ldr	r3, .L9+8
  83 001a 1A70     		strb	r2, [r3]
  84 001c 02E0     		b	.L6
  85              	.L5:
  97:.\Generated_Source\PSoC5/ADC_SAR_2_PM.c ****         }
  98:.\Generated_Source\PSoC5/ADC_SAR_2_PM.c ****         else
  99:.\Generated_Source\PSoC5/ADC_SAR_2_PM.c ****         {
 100:.\Generated_Source\PSoC5/ADC_SAR_2_PM.c ****             ADC_SAR_2_backup.enableState = ADC_SAR_2_ENABLED;
  86              		.loc 1 100 0
  87 001e 0122     		movs	r2, #1
  88 0020 064B     		ldr	r3, .L9+8
  89 0022 1A70     		strb	r2, [r3]
  90              	.L6:
 101:.\Generated_Source\PSoC5/ADC_SAR_2_PM.c ****         }
 102:.\Generated_Source\PSoC5/ADC_SAR_2_PM.c ****         ADC_SAR_2_Stop();
  91              		.loc 1 102 0
  92 0024 FFF7FEFF 		bl	ADC_SAR_2_Stop
  93              	.LVL0:
  94 0028 08BD     		pop	{r3, pc}
  95              	.L4:
 103:.\Generated_Source\PSoC5/ADC_SAR_2_PM.c ****     }
 104:.\Generated_Source\PSoC5/ADC_SAR_2_PM.c ****     else
 105:.\Generated_Source\PSoC5/ADC_SAR_2_PM.c ****     {
 106:.\Generated_Source\PSoC5/ADC_SAR_2_PM.c ****         ADC_SAR_2_backup.enableState = ADC_SAR_2_DISABLED;
  96              		.loc 1 106 0
  97 002a 0022     		movs	r2, #0
  98 002c 034B     		ldr	r3, .L9+8
  99 002e 1A70     		strb	r2, [r3]
 100 0030 08BD     		pop	{r3, pc}
 101              	.L10:
 102 0032 00BF     		.align	2
 103              	.L9:
 104 0034 AB430040 		.word	1073759147
 105 0038 08590040 		.word	1073764616
 106 003c 00000000 		.word	.LANCHOR0
 107              		.cfi_endproc
 108              	.LFE2:
 109              		.size	ADC_SAR_2_Sleep, .-ADC_SAR_2_Sleep
 110              		.section	.text.ADC_SAR_2_Wakeup,"ax",%progbits
 111              		.align	2
 112              		.global	ADC_SAR_2_Wakeup
 113              		.thumb
 114              		.thumb_func
 115              		.type	ADC_SAR_2_Wakeup, %function
 116              	ADC_SAR_2_Wakeup:
 117              	.LFB3:
 107:.\Generated_Source\PSoC5/ADC_SAR_2_PM.c ****     }
 108:.\Generated_Source\PSoC5/ADC_SAR_2_PM.c **** }
 109:.\Generated_Source\PSoC5/ADC_SAR_2_PM.c **** 
 110:.\Generated_Source\PSoC5/ADC_SAR_2_PM.c **** 
 111:.\Generated_Source\PSoC5/ADC_SAR_2_PM.c **** /*******************************************************************************
ARM GAS  C:\Users\Alex\AppData\Local\Temp\cchOi4Qt.s 			page 5


 112:.\Generated_Source\PSoC5/ADC_SAR_2_PM.c **** * Function Name: ADC_SAR_2_Wakeup
 113:.\Generated_Source\PSoC5/ADC_SAR_2_PM.c **** ********************************************************************************
 114:.\Generated_Source\PSoC5/ADC_SAR_2_PM.c **** *
 115:.\Generated_Source\PSoC5/ADC_SAR_2_PM.c **** * Summary:
 116:.\Generated_Source\PSoC5/ADC_SAR_2_PM.c **** *  This is the preferred routine to restore the component to the state when
 117:.\Generated_Source\PSoC5/ADC_SAR_2_PM.c **** *  ADC_SAR_2_Sleep() was called. If the component was enabled before the
 118:.\Generated_Source\PSoC5/ADC_SAR_2_PM.c **** *  ADC_SAR_2_Sleep() function was called, the
 119:.\Generated_Source\PSoC5/ADC_SAR_2_PM.c **** *  ADC_SAR_2_Wakeup() function also re-enables the component.
 120:.\Generated_Source\PSoC5/ADC_SAR_2_PM.c **** *
 121:.\Generated_Source\PSoC5/ADC_SAR_2_PM.c **** * Parameters:
 122:.\Generated_Source\PSoC5/ADC_SAR_2_PM.c **** *  None.
 123:.\Generated_Source\PSoC5/ADC_SAR_2_PM.c **** *
 124:.\Generated_Source\PSoC5/ADC_SAR_2_PM.c **** * Return:
 125:.\Generated_Source\PSoC5/ADC_SAR_2_PM.c **** *  None.
 126:.\Generated_Source\PSoC5/ADC_SAR_2_PM.c **** *
 127:.\Generated_Source\PSoC5/ADC_SAR_2_PM.c **** * Global Variables:
 128:.\Generated_Source\PSoC5/ADC_SAR_2_PM.c **** *  ADC_SAR_2_backup - The structure field 'enableState' is used to
 129:.\Generated_Source\PSoC5/ADC_SAR_2_PM.c **** *  restore the enable state of block after wakeup from sleep mode.
 130:.\Generated_Source\PSoC5/ADC_SAR_2_PM.c **** *
 131:.\Generated_Source\PSoC5/ADC_SAR_2_PM.c **** *******************************************************************************/
 132:.\Generated_Source\PSoC5/ADC_SAR_2_PM.c **** void ADC_SAR_2_Wakeup(void)
 133:.\Generated_Source\PSoC5/ADC_SAR_2_PM.c **** {
 118              		.loc 1 133 0
 119              		.cfi_startproc
 120              		@ args = 0, pretend = 0, frame = 0
 121              		@ frame_needed = 0, uses_anonymous_args = 0
 122 0000 08B5     		push	{r3, lr}
 123              		.cfi_def_cfa_offset 8
 124              		.cfi_offset 3, -8
 125              		.cfi_offset 14, -4
 134:.\Generated_Source\PSoC5/ADC_SAR_2_PM.c ****     if(ADC_SAR_2_backup.enableState != ADC_SAR_2_DISABLED)
 126              		.loc 1 134 0
 127 0002 034B     		ldr	r3, .L14
 128 0004 1B78     		ldrb	r3, [r3]	@ zero_extendqisi2
 129 0006 0BB1     		cbz	r3, .L11
 135:.\Generated_Source\PSoC5/ADC_SAR_2_PM.c ****     {
 136:.\Generated_Source\PSoC5/ADC_SAR_2_PM.c ****         ADC_SAR_2_Enable();
 130              		.loc 1 136 0
 131 0008 FFF7FEFF 		bl	ADC_SAR_2_Enable
 132              	.LVL1:
 133              	.L11:
 134 000c 08BD     		pop	{r3, pc}
 135              	.L15:
 136 000e 00BF     		.align	2
 137              	.L14:
 138 0010 00000000 		.word	.LANCHOR0
 139              		.cfi_endproc
 140              	.LFE3:
 141              		.size	ADC_SAR_2_Wakeup, .-ADC_SAR_2_Wakeup
 142              		.bss
 143              		.align	2
 144              		.set	.LANCHOR0,. + 0
 145              		.type	ADC_SAR_2_backup, %object
 146              		.size	ADC_SAR_2_backup, 1
 147              	ADC_SAR_2_backup:
 148 0000 00       		.space	1
 149 0001 000000   		.text
ARM GAS  C:\Users\Alex\AppData\Local\Temp\cchOi4Qt.s 			page 6


 150              	.Letext0:
 151              		.file 2 ".\\Generated_Source\\PSoC5\\cytypes.h"
 152              		.file 3 ".\\Generated_Source\\PSoC5\\ADC_SAR_2.h"
 153              		.section	.debug_info,"",%progbits
 154              	.Ldebug_info0:
 155 0000 38010000 		.4byte	0x138
 156 0004 0400     		.2byte	0x4
 157 0006 00000000 		.4byte	.Ldebug_abbrev0
 158 000a 04       		.byte	0x4
 159 000b 01       		.uleb128 0x1
 160 000c 11010000 		.4byte	.LASF21
 161 0010 01       		.byte	0x1
 162 0011 55000000 		.4byte	.LASF22
 163 0015 00000000 		.4byte	.LASF23
 164 0019 00000000 		.4byte	.Ldebug_ranges0+0
 165 001d 00000000 		.4byte	0
 166 0021 00000000 		.4byte	.Ldebug_line0
 167 0025 02       		.uleb128 0x2
 168 0026 01       		.byte	0x1
 169 0027 06       		.byte	0x6
 170 0028 0B020000 		.4byte	.LASF0
 171 002c 02       		.uleb128 0x2
 172 002d 01       		.byte	0x1
 173 002e 08       		.byte	0x8
 174 002f AC000000 		.4byte	.LASF1
 175 0033 02       		.uleb128 0x2
 176 0034 02       		.byte	0x2
 177 0035 05       		.byte	0x5
 178 0036 D6010000 		.4byte	.LASF2
 179 003a 02       		.uleb128 0x2
 180 003b 02       		.byte	0x2
 181 003c 07       		.byte	0x7
 182 003d E6000000 		.4byte	.LASF3
 183 0041 02       		.uleb128 0x2
 184 0042 04       		.byte	0x4
 185 0043 05       		.byte	0x5
 186 0044 F6010000 		.4byte	.LASF4
 187 0048 02       		.uleb128 0x2
 188 0049 04       		.byte	0x4
 189 004a 07       		.byte	0x7
 190 004b D4000000 		.4byte	.LASF5
 191 004f 02       		.uleb128 0x2
 192 0050 08       		.byte	0x8
 193 0051 05       		.byte	0x5
 194 0052 C3010000 		.4byte	.LASF6
 195 0056 02       		.uleb128 0x2
 196 0057 08       		.byte	0x8
 197 0058 07       		.byte	0x7
 198 0059 AC010000 		.4byte	.LASF7
 199 005d 03       		.uleb128 0x3
 200 005e 04       		.byte	0x4
 201 005f 05       		.byte	0x5
 202 0060 696E7400 		.ascii	"int\000"
 203 0064 02       		.uleb128 0x2
 204 0065 04       		.byte	0x4
 205 0066 07       		.byte	0x7
 206 0067 9F010000 		.4byte	.LASF8
ARM GAS  C:\Users\Alex\AppData\Local\Temp\cchOi4Qt.s 			page 7


 207 006b 04       		.uleb128 0x4
 208 006c F0010000 		.4byte	.LASF12
 209 0070 02       		.byte	0x2
 210 0071 C2       		.byte	0xc2
 211 0072 2C000000 		.4byte	0x2c
 212 0076 02       		.uleb128 0x2
 213 0077 04       		.byte	0x4
 214 0078 04       		.byte	0x4
 215 0079 A6000000 		.4byte	.LASF9
 216 007d 02       		.uleb128 0x2
 217 007e 08       		.byte	0x8
 218 007f 04       		.byte	0x4
 219 0080 0A010000 		.4byte	.LASF10
 220 0084 02       		.uleb128 0x2
 221 0085 01       		.byte	0x1
 222 0086 08       		.byte	0x8
 223 0087 D1010000 		.4byte	.LASF11
 224 008b 05       		.uleb128 0x5
 225 008c CF000000 		.4byte	.LASF13
 226 0090 02       		.byte	0x2
 227 0091 6C01     		.2byte	0x16c
 228 0093 97000000 		.4byte	0x97
 229 0097 06       		.uleb128 0x6
 230 0098 6B000000 		.4byte	0x6b
 231 009c 07       		.uleb128 0x7
 232 009d 01       		.byte	0x1
 233 009e 03       		.byte	0x3
 234 009f 2A       		.byte	0x2a
 235 00a0 B1000000 		.4byte	0xb1
 236 00a4 08       		.uleb128 0x8
 237 00a5 FF010000 		.4byte	.LASF24
 238 00a9 03       		.byte	0x3
 239 00aa 2C       		.byte	0x2c
 240 00ab 6B000000 		.4byte	0x6b
 241 00af 00       		.byte	0
 242 00b0 00       		.byte	0
 243 00b1 04       		.uleb128 0x4
 244 00b2 8E000000 		.4byte	.LASF14
 245 00b6 03       		.byte	0x3
 246 00b7 2D       		.byte	0x2d
 247 00b8 9C000000 		.4byte	0x9c
 248 00bc 09       		.uleb128 0x9
 249 00bd BA000000 		.4byte	.LASF15
 250 00c1 01       		.byte	0x1
 251 00c2 2C       		.byte	0x2c
 252 00c3 00000000 		.4byte	.LFB0
 253 00c7 02000000 		.4byte	.LFE0-.LFB0
 254 00cb 01       		.uleb128 0x1
 255 00cc 9C       		.byte	0x9c
 256 00cd 09       		.uleb128 0x9
 257 00ce 2E000000 		.4byte	.LASF16
 258 00d2 01       		.byte	0x1
 259 00d3 40       		.byte	0x40
 260 00d4 00000000 		.4byte	.LFB1
 261 00d8 02000000 		.4byte	.LFE1-.LFB1
 262 00dc 01       		.uleb128 0x1
 263 00dd 9C       		.byte	0x9c
ARM GAS  C:\Users\Alex\AppData\Local\Temp\cchOi4Qt.s 			page 8


 264 00de 0A       		.uleb128 0xa
 265 00df E0010000 		.4byte	.LASF17
 266 00e3 01       		.byte	0x1
 267 00e4 5A       		.byte	0x5a
 268 00e5 00000000 		.4byte	.LFB2
 269 00e9 40000000 		.4byte	.LFE2-.LFB2
 270 00ed 01       		.uleb128 0x1
 271 00ee 9C       		.byte	0x9c
 272 00ef FD000000 		.4byte	0xfd
 273 00f3 0B       		.uleb128 0xb
 274 00f4 28000000 		.4byte	.LVL0
 275 00f8 2D010000 		.4byte	0x12d
 276 00fc 00       		.byte	0
 277 00fd 0A       		.uleb128 0xa
 278 00fe F9000000 		.4byte	.LASF18
 279 0102 01       		.byte	0x1
 280 0103 84       		.byte	0x84
 281 0104 00000000 		.4byte	.LFB3
 282 0108 14000000 		.4byte	.LFE3-.LFB3
 283 010c 01       		.uleb128 0x1
 284 010d 9C       		.byte	0x9c
 285 010e 1C010000 		.4byte	0x11c
 286 0112 0B       		.uleb128 0xb
 287 0113 0C000000 		.4byte	.LVL1
 288 0117 34010000 		.4byte	0x134
 289 011b 00       		.byte	0
 290 011c 0C       		.uleb128 0xc
 291 011d 7D000000 		.4byte	.LASF25
 292 0121 01       		.byte	0x1
 293 0122 18       		.byte	0x18
 294 0123 B1000000 		.4byte	0xb1
 295 0127 05       		.uleb128 0x5
 296 0128 03       		.byte	0x3
 297 0129 00000000 		.4byte	ADC_SAR_2_backup
 298 012d 0D       		.uleb128 0xd
 299 012e 46000000 		.4byte	.LASF19
 300 0132 03       		.byte	0x3
 301 0133 35       		.byte	0x35
 302 0134 0D       		.uleb128 0xd
 303 0135 17020000 		.4byte	.LASF20
 304 0139 03       		.byte	0x3
 305 013a 44       		.byte	0x44
 306 013b 00       		.byte	0
 307              		.section	.debug_abbrev,"",%progbits
 308              	.Ldebug_abbrev0:
 309 0000 01       		.uleb128 0x1
 310 0001 11       		.uleb128 0x11
 311 0002 01       		.byte	0x1
 312 0003 25       		.uleb128 0x25
 313 0004 0E       		.uleb128 0xe
 314 0005 13       		.uleb128 0x13
 315 0006 0B       		.uleb128 0xb
 316 0007 03       		.uleb128 0x3
 317 0008 0E       		.uleb128 0xe
 318 0009 1B       		.uleb128 0x1b
 319 000a 0E       		.uleb128 0xe
 320 000b 55       		.uleb128 0x55
ARM GAS  C:\Users\Alex\AppData\Local\Temp\cchOi4Qt.s 			page 9


 321 000c 17       		.uleb128 0x17
 322 000d 11       		.uleb128 0x11
 323 000e 01       		.uleb128 0x1
 324 000f 10       		.uleb128 0x10
 325 0010 17       		.uleb128 0x17
 326 0011 00       		.byte	0
 327 0012 00       		.byte	0
 328 0013 02       		.uleb128 0x2
 329 0014 24       		.uleb128 0x24
 330 0015 00       		.byte	0
 331 0016 0B       		.uleb128 0xb
 332 0017 0B       		.uleb128 0xb
 333 0018 3E       		.uleb128 0x3e
 334 0019 0B       		.uleb128 0xb
 335 001a 03       		.uleb128 0x3
 336 001b 0E       		.uleb128 0xe
 337 001c 00       		.byte	0
 338 001d 00       		.byte	0
 339 001e 03       		.uleb128 0x3
 340 001f 24       		.uleb128 0x24
 341 0020 00       		.byte	0
 342 0021 0B       		.uleb128 0xb
 343 0022 0B       		.uleb128 0xb
 344 0023 3E       		.uleb128 0x3e
 345 0024 0B       		.uleb128 0xb
 346 0025 03       		.uleb128 0x3
 347 0026 08       		.uleb128 0x8
 348 0027 00       		.byte	0
 349 0028 00       		.byte	0
 350 0029 04       		.uleb128 0x4
 351 002a 16       		.uleb128 0x16
 352 002b 00       		.byte	0
 353 002c 03       		.uleb128 0x3
 354 002d 0E       		.uleb128 0xe
 355 002e 3A       		.uleb128 0x3a
 356 002f 0B       		.uleb128 0xb
 357 0030 3B       		.uleb128 0x3b
 358 0031 0B       		.uleb128 0xb
 359 0032 49       		.uleb128 0x49
 360 0033 13       		.uleb128 0x13
 361 0034 00       		.byte	0
 362 0035 00       		.byte	0
 363 0036 05       		.uleb128 0x5
 364 0037 16       		.uleb128 0x16
 365 0038 00       		.byte	0
 366 0039 03       		.uleb128 0x3
 367 003a 0E       		.uleb128 0xe
 368 003b 3A       		.uleb128 0x3a
 369 003c 0B       		.uleb128 0xb
 370 003d 3B       		.uleb128 0x3b
 371 003e 05       		.uleb128 0x5
 372 003f 49       		.uleb128 0x49
 373 0040 13       		.uleb128 0x13
 374 0041 00       		.byte	0
 375 0042 00       		.byte	0
 376 0043 06       		.uleb128 0x6
 377 0044 35       		.uleb128 0x35
ARM GAS  C:\Users\Alex\AppData\Local\Temp\cchOi4Qt.s 			page 10


 378 0045 00       		.byte	0
 379 0046 49       		.uleb128 0x49
 380 0047 13       		.uleb128 0x13
 381 0048 00       		.byte	0
 382 0049 00       		.byte	0
 383 004a 07       		.uleb128 0x7
 384 004b 13       		.uleb128 0x13
 385 004c 01       		.byte	0x1
 386 004d 0B       		.uleb128 0xb
 387 004e 0B       		.uleb128 0xb
 388 004f 3A       		.uleb128 0x3a
 389 0050 0B       		.uleb128 0xb
 390 0051 3B       		.uleb128 0x3b
 391 0052 0B       		.uleb128 0xb
 392 0053 01       		.uleb128 0x1
 393 0054 13       		.uleb128 0x13
 394 0055 00       		.byte	0
 395 0056 00       		.byte	0
 396 0057 08       		.uleb128 0x8
 397 0058 0D       		.uleb128 0xd
 398 0059 00       		.byte	0
 399 005a 03       		.uleb128 0x3
 400 005b 0E       		.uleb128 0xe
 401 005c 3A       		.uleb128 0x3a
 402 005d 0B       		.uleb128 0xb
 403 005e 3B       		.uleb128 0x3b
 404 005f 0B       		.uleb128 0xb
 405 0060 49       		.uleb128 0x49
 406 0061 13       		.uleb128 0x13
 407 0062 38       		.uleb128 0x38
 408 0063 0B       		.uleb128 0xb
 409 0064 00       		.byte	0
 410 0065 00       		.byte	0
 411 0066 09       		.uleb128 0x9
 412 0067 2E       		.uleb128 0x2e
 413 0068 00       		.byte	0
 414 0069 3F       		.uleb128 0x3f
 415 006a 19       		.uleb128 0x19
 416 006b 03       		.uleb128 0x3
 417 006c 0E       		.uleb128 0xe
 418 006d 3A       		.uleb128 0x3a
 419 006e 0B       		.uleb128 0xb
 420 006f 3B       		.uleb128 0x3b
 421 0070 0B       		.uleb128 0xb
 422 0071 27       		.uleb128 0x27
 423 0072 19       		.uleb128 0x19
 424 0073 11       		.uleb128 0x11
 425 0074 01       		.uleb128 0x1
 426 0075 12       		.uleb128 0x12
 427 0076 06       		.uleb128 0x6
 428 0077 40       		.uleb128 0x40
 429 0078 18       		.uleb128 0x18
 430 0079 9742     		.uleb128 0x2117
 431 007b 19       		.uleb128 0x19
 432 007c 00       		.byte	0
 433 007d 00       		.byte	0
 434 007e 0A       		.uleb128 0xa
ARM GAS  C:\Users\Alex\AppData\Local\Temp\cchOi4Qt.s 			page 11


 435 007f 2E       		.uleb128 0x2e
 436 0080 01       		.byte	0x1
 437 0081 3F       		.uleb128 0x3f
 438 0082 19       		.uleb128 0x19
 439 0083 03       		.uleb128 0x3
 440 0084 0E       		.uleb128 0xe
 441 0085 3A       		.uleb128 0x3a
 442 0086 0B       		.uleb128 0xb
 443 0087 3B       		.uleb128 0x3b
 444 0088 0B       		.uleb128 0xb
 445 0089 27       		.uleb128 0x27
 446 008a 19       		.uleb128 0x19
 447 008b 11       		.uleb128 0x11
 448 008c 01       		.uleb128 0x1
 449 008d 12       		.uleb128 0x12
 450 008e 06       		.uleb128 0x6
 451 008f 40       		.uleb128 0x40
 452 0090 18       		.uleb128 0x18
 453 0091 9742     		.uleb128 0x2117
 454 0093 19       		.uleb128 0x19
 455 0094 01       		.uleb128 0x1
 456 0095 13       		.uleb128 0x13
 457 0096 00       		.byte	0
 458 0097 00       		.byte	0
 459 0098 0B       		.uleb128 0xb
 460 0099 898201   		.uleb128 0x4109
 461 009c 00       		.byte	0
 462 009d 11       		.uleb128 0x11
 463 009e 01       		.uleb128 0x1
 464 009f 31       		.uleb128 0x31
 465 00a0 13       		.uleb128 0x13
 466 00a1 00       		.byte	0
 467 00a2 00       		.byte	0
 468 00a3 0C       		.uleb128 0xc
 469 00a4 34       		.uleb128 0x34
 470 00a5 00       		.byte	0
 471 00a6 03       		.uleb128 0x3
 472 00a7 0E       		.uleb128 0xe
 473 00a8 3A       		.uleb128 0x3a
 474 00a9 0B       		.uleb128 0xb
 475 00aa 3B       		.uleb128 0x3b
 476 00ab 0B       		.uleb128 0xb
 477 00ac 49       		.uleb128 0x49
 478 00ad 13       		.uleb128 0x13
 479 00ae 02       		.uleb128 0x2
 480 00af 18       		.uleb128 0x18
 481 00b0 00       		.byte	0
 482 00b1 00       		.byte	0
 483 00b2 0D       		.uleb128 0xd
 484 00b3 2E       		.uleb128 0x2e
 485 00b4 00       		.byte	0
 486 00b5 3F       		.uleb128 0x3f
 487 00b6 19       		.uleb128 0x19
 488 00b7 03       		.uleb128 0x3
 489 00b8 0E       		.uleb128 0xe
 490 00b9 3A       		.uleb128 0x3a
 491 00ba 0B       		.uleb128 0xb
ARM GAS  C:\Users\Alex\AppData\Local\Temp\cchOi4Qt.s 			page 12


 492 00bb 3B       		.uleb128 0x3b
 493 00bc 0B       		.uleb128 0xb
 494 00bd 27       		.uleb128 0x27
 495 00be 19       		.uleb128 0x19
 496 00bf 3C       		.uleb128 0x3c
 497 00c0 19       		.uleb128 0x19
 498 00c1 00       		.byte	0
 499 00c2 00       		.byte	0
 500 00c3 00       		.byte	0
 501              		.section	.debug_aranges,"",%progbits
 502 0000 34000000 		.4byte	0x34
 503 0004 0200     		.2byte	0x2
 504 0006 00000000 		.4byte	.Ldebug_info0
 505 000a 04       		.byte	0x4
 506 000b 00       		.byte	0
 507 000c 0000     		.2byte	0
 508 000e 0000     		.2byte	0
 509 0010 00000000 		.4byte	.LFB0
 510 0014 02000000 		.4byte	.LFE0-.LFB0
 511 0018 00000000 		.4byte	.LFB1
 512 001c 02000000 		.4byte	.LFE1-.LFB1
 513 0020 00000000 		.4byte	.LFB2
 514 0024 40000000 		.4byte	.LFE2-.LFB2
 515 0028 00000000 		.4byte	.LFB3
 516 002c 14000000 		.4byte	.LFE3-.LFB3
 517 0030 00000000 		.4byte	0
 518 0034 00000000 		.4byte	0
 519              		.section	.debug_ranges,"",%progbits
 520              	.Ldebug_ranges0:
 521 0000 00000000 		.4byte	.LFB0
 522 0004 02000000 		.4byte	.LFE0
 523 0008 00000000 		.4byte	.LFB1
 524 000c 02000000 		.4byte	.LFE1
 525 0010 00000000 		.4byte	.LFB2
 526 0014 40000000 		.4byte	.LFE2
 527 0018 00000000 		.4byte	.LFB3
 528 001c 14000000 		.4byte	.LFE3
 529 0020 00000000 		.4byte	0
 530 0024 00000000 		.4byte	0
 531              		.section	.debug_line,"",%progbits
 532              	.Ldebug_line0:
 533 0000 A8000000 		.section	.debug_str,"MS",%progbits,1
 533      02005A00 
 533      00000201 
 533      FB0E0D00 
 533      01010101 
 534              	.LASF23:
 535 0000 433A5C46 		.ascii	"C:\\FlexSEA_alx87grd\\execute\\execute_1_0.cydsn\000"
 535      6C657853 
 535      45415F61 
 535      6C783837 
 535      6772645C 
 536              	.LASF16:
 537 002e 4144435F 		.ascii	"ADC_SAR_2_RestoreConfig\000"
 537      5341525F 
 537      325F5265 
 537      73746F72 
ARM GAS  C:\Users\Alex\AppData\Local\Temp\cchOi4Qt.s 			page 13


 537      65436F6E 
 538              	.LASF19:
 539 0046 4144435F 		.ascii	"ADC_SAR_2_Stop\000"
 539      5341525F 
 539      325F5374 
 539      6F7000
 540              	.LASF22:
 541 0055 2E5C4765 		.ascii	".\\Generated_Source\\PSoC5\\ADC_SAR_2_PM.c\000"
 541      6E657261 
 541      7465645F 
 541      536F7572 
 541      63655C50 
 542              	.LASF25:
 543 007d 4144435F 		.ascii	"ADC_SAR_2_backup\000"
 543      5341525F 
 543      325F6261 
 543      636B7570 
 543      00
 544              	.LASF14:
 545 008e 4144435F 		.ascii	"ADC_SAR_2_BACKUP_STRUCT\000"
 545      5341525F 
 545      325F4241 
 545      434B5550 
 545      5F535452 
 546              	.LASF9:
 547 00a6 666C6F61 		.ascii	"float\000"
 547      7400
 548              	.LASF1:
 549 00ac 756E7369 		.ascii	"unsigned char\000"
 549      676E6564 
 549      20636861 
 549      7200
 550              	.LASF15:
 551 00ba 4144435F 		.ascii	"ADC_SAR_2_SaveConfig\000"
 551      5341525F 
 551      325F5361 
 551      7665436F 
 551      6E666967 
 552              	.LASF13:
 553 00cf 72656738 		.ascii	"reg8\000"
 553      00
 554              	.LASF5:
 555 00d4 6C6F6E67 		.ascii	"long unsigned int\000"
 555      20756E73 
 555      69676E65 
 555      6420696E 
 555      7400
 556              	.LASF3:
 557 00e6 73686F72 		.ascii	"short unsigned int\000"
 557      7420756E 
 557      7369676E 
 557      65642069 
 557      6E7400
 558              	.LASF18:
 559 00f9 4144435F 		.ascii	"ADC_SAR_2_Wakeup\000"
 559      5341525F 
 559      325F5761 
ARM GAS  C:\Users\Alex\AppData\Local\Temp\cchOi4Qt.s 			page 14


 559      6B657570 
 559      00
 560              	.LASF10:
 561 010a 646F7562 		.ascii	"double\000"
 561      6C6500
 562              	.LASF21:
 563 0111 474E5520 		.ascii	"GNU C 4.9.3 20150303 (release) [ARM/embedded-4_9-br"
 563      4320342E 
 563      392E3320 
 563      32303135 
 563      30333033 
 564 0144 616E6368 		.ascii	"anch revision 221220] -mcpu=cortex-m3 -mthumb -g -O"
 564      20726576 
 564      6973696F 
 564      6E203232 
 564      31323230 
 565 0177 67202D66 		.ascii	"g -ffunction-sections -ffat-lto-objects\000"
 565      66756E63 
 565      74696F6E 
 565      2D736563 
 565      74696F6E 
 566              	.LASF8:
 567 019f 756E7369 		.ascii	"unsigned int\000"
 567      676E6564 
 567      20696E74 
 567      00
 568              	.LASF7:
 569 01ac 6C6F6E67 		.ascii	"long long unsigned int\000"
 569      206C6F6E 
 569      6720756E 
 569      7369676E 
 569      65642069 
 570              	.LASF6:
 571 01c3 6C6F6E67 		.ascii	"long long int\000"
 571      206C6F6E 
 571      6720696E 
 571      7400
 572              	.LASF11:
 573 01d1 63686172 		.ascii	"char\000"
 573      00
 574              	.LASF2:
 575 01d6 73686F72 		.ascii	"short int\000"
 575      7420696E 
 575      7400
 576              	.LASF17:
 577 01e0 4144435F 		.ascii	"ADC_SAR_2_Sleep\000"
 577      5341525F 
 577      325F536C 
 577      65657000 
 578              	.LASF12:
 579 01f0 75696E74 		.ascii	"uint8\000"
 579      3800
 580              	.LASF4:
 581 01f6 6C6F6E67 		.ascii	"long int\000"
 581      20696E74 
 581      00
 582              	.LASF24:
ARM GAS  C:\Users\Alex\AppData\Local\Temp\cchOi4Qt.s 			page 15


 583 01ff 656E6162 		.ascii	"enableState\000"
 583      6C655374 
 583      61746500 
 584              	.LASF0:
 585 020b 7369676E 		.ascii	"signed char\000"
 585      65642063 
 585      68617200 
 586              	.LASF20:
 587 0217 4144435F 		.ascii	"ADC_SAR_2_Enable\000"
 587      5341525F 
 587      325F456E 
 587      61626C65 
 587      00
 588              		.ident	"GCC: (GNU Tools for ARM Embedded Processors) 4.9.3 20150303 (release) [ARM/embedded-4_9-br
