--------------- Build Started: 10/05/2016 16:01:22 Project: execute_1_0, Configuration: ARM GCC 4.9-2015-q1-update Debug ---------------
cydsfit.exe -.appdatapath "C:\Users\Alex\AppData\Local\Cypress Semiconductor\PSoC Creator\3.3" -.fdsnotice -.fdswarpdepfile=warp_dependencies.txt -.fdselabdepfile=elab_dependencies.txt -.fdsbldfile=generated_files.txt -p C:\FlexSEA_alx87grd\execute\execute_1_0.cydsn\execute_1_0.cyprj -d CY8C5888AXI-LP096 -s C:\FlexSEA_alx87grd\execute\execute_1_0.cydsn\Generated_Source\PSoC5 -- -yv2 -q10 -ygs -o2 -v3 -.fftcfgtype=LE
Elaborating Design...
HDL Generation ...
Synthesis ...
Place and Route ...
Tech mapping ...
Analog Placement ...
Info: apr.M0002: Analog signal "\ADC_DelSig_1:Net_35\" is connected to one terminal only. (App=cydsfit)
Log: apr.M0058: The analog placement iterative improvement is 43% done. (App=cydsfit)
Log: apr.M0058: The analog placement iterative improvement is 67% done. (App=cydsfit)
Log: apr.M0058: The analog placement iterative improvement is 89% done. (App=cydsfit)
Analog Routing ...
Analog Code Generation ...
Digital Placement ...
Digital Routing ...
Bitstream Generation ...
Static timing analysis ...
Warning: sta.M0019: execute_1_0_timing.html: Warning-1366: Setup time violation found in a path from clock ( CyBUS_CLK ) to clock ( CyBUS_CLK ). (File=C:\FlexSEA_alx87grd\execute\execute_1_0.cydsn\execute_1_0_timing.html)
Warning: sta.M0019: execute_1_0_timing.html: Warning-1366: Setup time violation found in a path from clock ( CyBUS_CLK ) to clock ( C8M ). (File=C:\FlexSEA_alx87grd\execute\execute_1_0.cydsn\execute_1_0_timing.html)
Warning: sta.M0019: execute_1_0_timing.html: Warning-1366: Setup time violation found in a path from clock ( C8M ) to clock ( CyBUS_CLK ). (File=C:\FlexSEA_alx87grd\execute\execute_1_0.cydsn\execute_1_0_timing.html)
API Generation ...
Dependency Generation ...
Clean Temporary Files ...
arm-none-eabi-gcc.exe -mcpu=cortex-m3 -mthumb -Wno-main -I..\inc -I..\..\flexsea-comm\inc -I..\..\flexsea-system\inc -I. -IGenerated_Source\PSoC5 -Wa,-alh=.\CortexM3\ARM_GCC_493\Debug/analog.lst -g -D DEBUG -Wall -ffunction-sections -Og -ffat-lto-objects -c ..\src\analog.c -o .\CortexM3\ARM_GCC_493\Debug\analog.o
arm-none-eabi-gcc.exe -mcpu=cortex-m3 -mthumb -Wno-main -I..\inc -I..\..\flexsea-comm\inc -I..\..\flexsea-system\inc -I. -IGenerated_Source\PSoC5 -Wa,-alh=.\CortexM3\ARM_GCC_493\Debug/control.lst -g -D DEBUG -Wall -ffunction-sections -Og -ffat-lto-objects -c ..\src\control.c -o .\CortexM3\ARM_GCC_493\Debug\control.o
..\src\control.c: In function 'motor_current_pid_2':
..\src\control.c:322:8: warning: variable 'sign' set but not used [-Wunused-but-set-variable]
  int32 sign = 0;
        ^
..\src\control.c: In function 'motor_impedance_encoder':
..\src\control.c:416:51: warning: variable 'prev_filt3' set but not used [-Wunused-but-set-variable]
  static long long prev_filt1 = 0, prev_filt2 = 0, prev_filt3 = 0; 
                                                   ^
..\src\control.c:415:69: warning: variable 'prev_vel3' set but not used [-Wunused-but-set-variable]
  static long long prev_enc_count = 0, prev_vel1 = 0, prev_vel2 = 0, prev_vel3 = 0;
                                                                     ^
arm-none-eabi-gcc.exe -mcpu=cortex-m3 -mthumb -Wno-main -I..\inc -I..\..\flexsea-comm\inc -I..\..\flexsea-system\inc -I. -IGenerated_Source\PSoC5 -Wa,-alh=.\CortexM3\ARM_GCC_493\Debug/demo.lst -g -D DEBUG -Wall -ffunction-sections -Og -ffat-lto-objects -c ..\src\demo.c -o .\CortexM3\ARM_GCC_493\Debug\demo.o
arm-none-eabi-gcc.exe -mcpu=cortex-m3 -mthumb -Wno-main -I..\inc -I..\..\flexsea-comm\inc -I..\..\flexsea-system\inc -I. -IGenerated_Source\PSoC5 -Wa,-alh=.\CortexM3\ARM_GCC_493\Debug/ext_input.lst -g -D DEBUG -Wall -ffunction-sections -Og -ffat-lto-objects -c ..\src\ext_input.c -o .\CortexM3\ARM_GCC_493\Debug\ext_input.o
..\src\ext_input.c: In function 'get_battery_board':
..\src\ext_input.c:207:8: warning: unused variable 'i' [-Wunused-variable]
  uint8 i = 0;
        ^
arm-none-eabi-gcc.exe -mcpu=cortex-m3 -mthumb -Wno-main -I..\inc -I..\..\flexsea-comm\inc -I..\..\flexsea-system\inc -I. -IGenerated_Source\PSoC5 -Wa,-alh=.\CortexM3\ARM_GCC_493\Debug/gen_waveform.lst -g -D DEBUG -Wall -ffunction-sections -Og -ffat-lto-objects -c ..\src\gen_waveform.c -o .\CortexM3\ARM_GCC_493\Debug\gen_waveform.o
arm-none-eabi-gcc.exe -mcpu=cortex-m3 -mthumb -Wno-main -I..\inc -I..\..\flexsea-comm\inc -I..\..\flexsea-system\inc -I. -IGenerated_Source\PSoC5 -Wa,-alh=.\CortexM3\ARM_GCC_493\Debug/imu.lst -g -D DEBUG -Wall -ffunction-sections -Og -ffat-lto-objects -c ..\src\imu.c -o .\CortexM3\ARM_GCC_493\Debug\imu.o
arm-none-eabi-gcc.exe -mcpu=cortex-m3 -mthumb -Wno-main -I..\inc -I..\..\flexsea-comm\inc -I..\..\flexsea-system\inc -I. -IGenerated_Source\PSoC5 -Wa,-alh=.\CortexM3\ARM_GCC_493\Debug/isr_callbacks.lst -g -D DEBUG -Wall -ffunction-sections -Og -ffat-lto-objects -c ..\src\isr_callbacks.c -o .\CortexM3\ARM_GCC_493\Debug\isr_callbacks.o
arm-none-eabi-gcc.exe -mcpu=cortex-m3 -mthumb -Wno-main -I..\inc -I..\..\flexsea-comm\inc -I..\..\flexsea-system\inc -I. -IGenerated_Source\PSoC5 -Wa,-alh=.\CortexM3\ARM_GCC_493\Debug/main.lst -g -D DEBUG -Wall -ffunction-sections -Og -ffat-lto-objects -c ..\src\main.c -o .\CortexM3\ARM_GCC_493\Debug\main.o
arm-none-eabi-gcc.exe -mcpu=cortex-m3 -mthumb -Wno-main -I..\inc -I..\..\flexsea-comm\inc -I..\..\flexsea-system\inc -I. -IGenerated_Source\PSoC5 -Wa,-alh=.\CortexM3\ARM_GCC_493\Debug/misc.lst -g -D DEBUG -Wall -ffunction-sections -Og -ffat-lto-objects -c ..\src\misc.c -o .\CortexM3\ARM_GCC_493\Debug\misc.o
arm-none-eabi-gcc.exe -mcpu=cortex-m3 -mthumb -Wno-main -I..\inc -I..\..\flexsea-comm\inc -I..\..\flexsea-system\inc -I. -IGenerated_Source\PSoC5 -Wa,-alh=.\CortexM3\ARM_GCC_493\Debug/motor.lst -g -D DEBUG -Wall -ffunction-sections -Og -ffat-lto-objects -c ..\src\motor.c -o .\CortexM3\ARM_GCC_493\Debug\motor.o
arm-none-eabi-gcc.exe -mcpu=cortex-m3 -mthumb -Wno-main -I..\inc -I..\..\flexsea-comm\inc -I..\..\flexsea-system\inc -I. -IGenerated_Source\PSoC5 -Wa,-alh=.\CortexM3\ARM_GCC_493\Debug/peripherals.lst -g -D DEBUG -Wall -ffunction-sections -Og -ffat-lto-objects -c ..\src\peripherals.c -o .\CortexM3\ARM_GCC_493\Debug\peripherals.o
arm-none-eabi-gcc.exe -mcpu=cortex-m3 -mthumb -Wno-main -I..\inc -I..\..\flexsea-comm\inc -I..\..\flexsea-system\inc -I. -IGenerated_Source\PSoC5 -Wa,-alh=.\CortexM3\ARM_GCC_493\Debug/safety.lst -g -D DEBUG -Wall -ffunction-sections -Og -ffat-lto-objects -c ..\src\safety.c -o .\CortexM3\ARM_GCC_493\Debug\safety.o
arm-none-eabi-gcc.exe -mcpu=cortex-m3 -mthumb -Wno-main -I..\inc -I..\..\flexsea-comm\inc -I..\..\flexsea-system\inc -I. -IGenerated_Source\PSoC5 -Wa,-alh=.\CortexM3\ARM_GCC_493\Debug/sensor_commut.lst -g -D DEBUG -Wall -ffunction-sections -Og -ffat-lto-objects -c ..\src\sensor_commut.c -o .\CortexM3\ARM_GCC_493\Debug\sensor_commut.o
..\src\sensor_commut.c: In function 'motor_stepper_test_runtime':
..\src\sensor_commut.c:80:32: warning: variable 'hall_code' set but not used [-Wunused-but-set-variable]
  static uint8 hall_code_0 = 0, hall_code = 0;
                                ^
..\src\sensor_commut.c: In function 'motor_spi_block_commutation':
..\src\sensor_commut.c:102:11: warning: unused variable 'offset' [-Wunused-variable]
     int16 offset;
           ^
..\src\sensor_commut.c:101:19: warning: unused variable 'tempangle' [-Wunused-variable]
     int16 comindx,tempangle;
                   ^
..\src\sensor_commut.c:99:18: warning: variable 'lastangle' set but not used [-Wunused-but-set-variable]
     static int16 lastangle, lastcomindx=1;
                  ^
arm-none-eabi-gcc.exe -mcpu=cortex-m3 -mthumb -Wno-main -I..\inc -I..\..\flexsea-comm\inc -I..\..\flexsea-system\inc -I. -IGenerated_Source\PSoC5 -Wa,-alh=.\CortexM3\ARM_GCC_493\Debug/serial.lst -g -D DEBUG -Wall -ffunction-sections -Og -ffat-lto-objects -c ..\src\serial.c -o .\CortexM3\ARM_GCC_493\Debug\serial.o
..\src\serial.c: In function 'get_uart_data':
..\src\serial.c:233:27: warning: passing argument 1 of 'update_rx_buf_array_1' discards 'volatile' qualifier from pointer target type
   update_rx_buf_array_485(uart_tmp_buf, uart_buf_size+1);
                           ^
In file included from c:\flexsea_alx87grd\flexsea-comm\inc\flexsea.h:140:0,
                 from ..\inc/../../flexsea-system/inc/flexsea_system.h:18,
                 from ..\inc/main.h:42,
                 from ..\src\serial.c:14:
c:\flexsea_alx87grd\flexsea-comm\inc\flexsea_buffers.h:48:6: note: expected 'uint8_t *' but argument is of type 'volatile uint8 *'
 void update_rx_buf_array_1(uint8_t *new_array, uint32_t len);
      ^
arm-none-eabi-gcc.exe -mcpu=cortex-m3 -mthumb -Wno-main -I..\inc -I..\..\flexsea-comm\inc -I..\..\flexsea-system\inc -I. -IGenerated_Source\PSoC5 -Wa,-alh=.\CortexM3\ARM_GCC_493\Debug/strain.lst -g -D DEBUG -Wall -ffunction-sections -Og -ffat-lto-objects -c ..\src\strain.c -o .\CortexM3\ARM_GCC_493\Debug\strain.o
arm-none-eabi-gcc.exe -mcpu=cortex-m3 -mthumb -Wno-main -I..\inc -I..\..\flexsea-comm\inc -I..\..\flexsea-system\inc -I. -IGenerated_Source\PSoC5 -Wa,-alh=.\CortexM3\ARM_GCC_493\Debug/trapez.lst -g -D DEBUG -Wall -ffunction-sections -Og -ffat-lto-objects -c ..\src\trapez.c -o .\CortexM3\ARM_GCC_493\Debug\trapez.o
arm-none-eabi-gcc.exe -mcpu=cortex-m3 -mthumb -Wno-main -I..\inc -I..\..\flexsea-comm\inc -I..\..\flexsea-system\inc -I. -IGenerated_Source\PSoC5 -Wa,-alh=.\CortexM3\ARM_GCC_493\Debug/ui.lst -g -D DEBUG -Wall -ffunction-sections -Og -ffat-lto-objects -c ..\src\ui.c -o .\CortexM3\ARM_GCC_493\Debug\ui.o
..\src\ui.c: In function 'rgb_led_ui':
..\src\ui.c:187:62: warning: unused variable 'cnt_err_l1' [-Wunused-variable]
  static uint32_t cnt_comm = UI_COMM_TIMEOUT, cnt_err_l0 = 0, cnt_err_l1 = 0, cnt_flash = 0;
                                                              ^
..\src\ui.c:187:46: warning: unused variable 'cnt_err_l0' [-Wunused-variable]
  static uint32_t cnt_comm = UI_COMM_TIMEOUT, cnt_err_l0 = 0, cnt_err_l1 = 0, cnt_flash = 0;
                                              ^
arm-none-eabi-gcc.exe -mcpu=cortex-m3 -mthumb -Wno-main -I..\inc -I..\..\flexsea-comm\inc -I..\..\flexsea-system\inc -I. -IGenerated_Source\PSoC5 -Wa,-alh=.\CortexM3\ARM_GCC_493\Debug/usb.lst -g -D DEBUG -Wall -ffunction-sections -Og -ffat-lto-objects -c ..\src\usb.c -o .\CortexM3\ARM_GCC_493\Debug\usb.o
arm-none-eabi-gcc.exe -mcpu=cortex-m3 -mthumb -Wno-main -I..\inc -I..\..\flexsea-comm\inc -I..\..\flexsea-system\inc -I. -IGenerated_Source\PSoC5 -Wa,-alh=.\CortexM3\ARM_GCC_493\Debug/user_exo.lst -g -D DEBUG -Wall -ffunction-sections -Og -ffat-lto-objects -c ..\src\user_exo.c -o .\CortexM3\ARM_GCC_493\Debug\user_exo.o
arm-none-eabi-gcc.exe -mcpu=cortex-m3 -mthumb -Wno-main -I..\inc -I..\..\flexsea-comm\inc -I..\..\flexsea-system\inc -I. -IGenerated_Source\PSoC5 -Wa,-alh=.\CortexM3\ARM_GCC_493\Debug/ext_output.lst -g -D DEBUG -Wall -ffunction-sections -Og -ffat-lto-objects -c ..\src\ext_output.c -o .\CortexM3\ARM_GCC_493\Debug\ext_output.o
arm-none-eabi-gcc.exe -mcpu=cortex-m3 -mthumb -Wno-main -I..\inc -I..\..\flexsea-comm\inc -I..\..\flexsea-system\inc -I. -IGenerated_Source\PSoC5 -Wa,-alh=.\CortexM3\ARM_GCC_493\Debug/i2c.lst -g -D DEBUG -Wall -ffunction-sections -Og -ffat-lto-objects -c ..\src\i2c.c -o .\CortexM3\ARM_GCC_493\Debug\i2c.o
..\src\i2c.c: In function 'i2c_0_fsm':
..\src\i2c.c:36:15: warning: variable 'minm_i2c' set but not used [-Wunused-but-set-variable]
  static uint8 minm_i2c = 0;
               ^
..\src\i2c.c: In function 'i2c0_read':
..\src\i2c.c:138:18: warning: passing argument 1 of 'assign_i2c_data' from incompatible pointer type
  assign_i2c_data(&i2c_0_r_buf);
                  ^
In file included from ..\inc/main.h:23:0,
                 from ..\src\i2c.c:14:
..\inc/i2c.h:35:6: note: expected 'uint8 *' but argument is of type 'volatile uint8 (*)[24]'
 void assign_i2c_data(uint8 *newdata);
      ^
arm-none-eabi-gcc.exe -mcpu=cortex-m3 -mthumb -Wno-main -I..\inc -I..\..\flexsea-comm\inc -I..\..\flexsea-system\inc -I. -IGenerated_Source\PSoC5 -Wa,-alh=.\CortexM3\ARM_GCC_493\Debug/user_csea_knee.lst -g -D DEBUG -Wall -ffunction-sections -Og -ffat-lto-objects -c ..\src\user_csea_knee.c -o .\CortexM3\ARM_GCC_493\Debug\user_csea_knee.o
..\src\user_csea_knee.c:123:13: warning: 'csea_knee_refresh_values' defined but not used [-Wunused-function]
 static void csea_knee_refresh_values(void)
             ^
arm-none-eabi-gcc.exe -mcpu=cortex-m3 -mthumb -Wno-main -I..\inc -I..\..\flexsea-comm\inc -I..\..\flexsea-system\inc -I. -IGenerated_Source\PSoC5 -Wa,-alh=.\CortexM3\ARM_GCC_493\Debug/user_ricnu_knee.lst -g -D DEBUG -Wall -ffunction-sections -Og -ffat-lto-objects -c ..\src\user_ricnu_knee.c -o .\CortexM3\ARM_GCC_493\Debug\user_ricnu_knee.o
arm-none-eabi-gcc.exe -mcpu=cortex-m3 -mthumb -Wno-main -I..\inc -I..\..\flexsea-comm\inc -I..\..\flexsea-system\inc -I. -IGenerated_Source\PSoC5 -Wa,-alh=.\CortexM3\ARM_GCC_493\Debug/user_ankle_2dof.lst -g -D DEBUG -Wall -ffunction-sections -Og -ffat-lto-objects -c ..\src\user_ankle_2dof.c -o .\CortexM3\ARM_GCC_493\Debug\user_ankle_2dof.o
..\src\user_ankle_2dof.c: In function 'get_ankle_trans':
..\src\user_ankle_2dof.c:199:19: warning: unused variable 'a0' [-Wunused-variable]
     static double a0 = 202.2+1140, a1 = 1302, b1 = 14.76, a2 = -39.06, b2 = -7.874, w = 0.00223;
                   ^
arm-none-eabi-gcc.exe -mcpu=cortex-m3 -mthumb -Wno-main -I..\inc -I..\..\flexsea-comm\inc -I..\..\flexsea-system\inc -I. -IGenerated_Source\PSoC5 -Wa,-alh=.\CortexM3\ARM_GCC_493\Debug/user_dsdm.lst -g -D DEBUG -Wall -ffunction-sections -Og -ffat-lto-objects -c ..\src\user_dsdm.c -o .\CortexM3\ARM_GCC_493\Debug\user_dsdm.o
arm-none-eabi-gcc.exe -mcpu=cortex-m3 -mthumb -Wno-main -I..\inc -I..\..\flexsea-comm\inc -I..\..\flexsea-system\inc -I. -IGenerated_Source\PSoC5 -Wa,-alh=.\CortexM3\ARM_GCC_493\Debug/user.lst -g -D DEBUG -Wall -ffunction-sections -Og -ffat-lto-objects -c ..\src\user.c -o .\CortexM3\ARM_GCC_493\Debug\user.o
..\src\user.c:93:13: warning: 'init_barebone' defined but not used [-Wunused-function]
 static void init_barebone(void)
             ^
arm-none-eabi-gcc.exe -mcpu=cortex-m3 -mthumb -Wno-main -I..\inc -I..\..\flexsea-comm\inc -I..\..\flexsea-system\inc -I. -IGenerated_Source\PSoC5 -Wa,-alh=.\CortexM3\ARM_GCC_493\Debug/main_fsm.lst -g -D DEBUG -Wall -ffunction-sections -Og -ffat-lto-objects -c ..\src\main_fsm.c -o .\CortexM3\ARM_GCC_493\Debug\main_fsm.o
arm-none-eabi-gcc.exe -mcpu=cortex-m3 -mthumb -Wno-main -I..\inc -I..\..\flexsea-comm\inc -I..\..\flexsea-system\inc -I. -IGenerated_Source\PSoC5 -Wa,-alh=.\CortexM3\ARM_GCC_493\Debug/flexsea.lst -g -D DEBUG -Wall -ffunction-sections -Og -ffat-lto-objects -c ..\..\flexsea-comm\src\flexsea.c -o .\CortexM3\ARM_GCC_493\Debug\flexsea.o
..\..\flexsea-comm\src\flexsea.c: In function 'test_flexsea_stack':
..\..\flexsea-comm\src\flexsea.c:100:20: warning: variable 'res' set but not used [-Wunused-but-set-variable]
     uint8_t i = 0, res = 0, bytes = 0;
                    ^
..\..\flexsea-comm\src\flexsea.c: In function 'rx_cmd_test':
..\..\flexsea-comm\src\flexsea.c:221:10: warning: variable 'tmp_val1' set but not used [-Wunused-but-set-variable]
  int16_t tmp_val1 = 0, tmp_val2 = 0;
          ^
arm-none-eabi-gcc.exe -mcpu=cortex-m3 -mthumb -Wno-main -I..\inc -I..\..\flexsea-comm\inc -I..\..\flexsea-system\inc -I. -IGenerated_Source\PSoC5 -Wa,-alh=.\CortexM3\ARM_GCC_493\Debug/flexsea_buffers.lst -g -D DEBUG -Wall -ffunction-sections -Og -ffat-lto-objects -c ..\..\flexsea-comm\src\flexsea_buffers.c -o .\CortexM3\ARM_GCC_493\Debug\flexsea_buffers.o
arm-none-eabi-gcc.exe -mcpu=cortex-m3 -mthumb -Wno-main -I..\inc -I..\..\flexsea-comm\inc -I..\..\flexsea-system\inc -I. -IGenerated_Source\PSoC5 -Wa,-alh=.\CortexM3\ARM_GCC_493\Debug/flexsea_comm.lst -g -D DEBUG -Wall -ffunction-sections -Og -ffat-lto-objects -c ..\..\flexsea-comm\src\flexsea_comm.c -o .\CortexM3\ARM_GCC_493\Debug\flexsea_comm.o
arm-none-eabi-gcc.exe -mcpu=cortex-m3 -mthumb -Wno-main -I..\inc -I..\..\flexsea-comm\inc -I..\..\flexsea-system\inc -I. -IGenerated_Source\PSoC5 -Wa,-alh=.\CortexM3\ARM_GCC_493\Debug/flexsea_payload.lst -g -D DEBUG -Wall -ffunction-sections -Og -ffat-lto-objects -c ..\..\flexsea-comm\src\flexsea_payload.c -o .\CortexM3\ARM_GCC_493\Debug\flexsea_payload.o
..\..\flexsea-comm\src\flexsea_payload.c: In function 'payload_parse_str':
..\..\flexsea-comm\src\flexsea_payload.c:92:70: warning: unused variable 'numb' [-Wunused-variable]
     unsigned char cmd = 0, cmd_7bits = 0, output = PARSE_SUCCESSFUL, numb = 0;
                                                                      ^
..\..\flexsea-comm\src\flexsea_payload.c: In function 'route_to_slave':
..\..\flexsea-comm\src\flexsea_payload.c:573:11: warning: unused variable 'comm_str_ptr' [-Wunused-variable]
  uint8_t *comm_str_ptr = slaves_485_1.xmit.str;
           ^
..\..\flexsea-comm\src\flexsea_payload.c:572:21: warning: unused variable 'i' [-Wunused-variable]
  uint32_t numb = 0, i = 0;
                     ^
..\..\flexsea-comm\src\flexsea_payload.c:572:11: warning: unused variable 'numb' [-Wunused-variable]
  uint32_t numb = 0, i = 0;
           ^
arm-none-eabi-gcc.exe -mcpu=cortex-m3 -mthumb -Wno-main -I..\inc -I..\..\flexsea-comm\inc -I..\..\flexsea-system\inc -I. -IGenerated_Source\PSoC5 -Wa,-alh=.\CortexM3\ARM_GCC_493\Debug/flexsea_cmd_application.lst -g -D DEBUG -Wall -ffunction-sections -Og -ffat-lto-objects -c ..\..\flexsea-system\src\flexsea_cmd_application.c -o .\CortexM3\ARM_GCC_493\Debug\flexsea_cmd_application.o
..\..\flexsea-system\src\flexsea_cmd_application.c: In function 'flexsea_payload_100':
..\..\flexsea-system\src\flexsea_cmd_application.c:148:10: warning: unused variable 'tmp_enc' [-Wunused-variable]
  int32_t tmp_enc = 0;
          ^
..\..\flexsea-system\src\flexsea_cmd_application.c: In function 'flexsea_payload_101':
..\..\flexsea-system\src\flexsea_cmd_application.c:426:49: warning: unused variable 'tmp_current' [-Wunused-variable]
  int16_t tmp_z_k = 0, tmp_z_b = 0, tmp_z_i = 0, tmp_current = 0;
                                                 ^
..\..\flexsea-system\src\flexsea_cmd_application.c: In function 'flexsea_payload_120':
..\..\flexsea-system\src\flexsea_cmd_application.c:954:11: warning: unused variable 'numb' [-Wunused-variable]
  uint32_t numb = 0;
           ^
arm-none-eabi-gcc.exe -mcpu=cortex-m3 -mthumb -Wno-main -I..\inc -I..\..\flexsea-comm\inc -I..\..\flexsea-system\inc -I. -IGenerated_Source\PSoC5 -Wa,-alh=.\CortexM3\ARM_GCC_493\Debug/flexsea_cmd_control.lst -g -D DEBUG -Wall -ffunction-sections -Og -ffat-lto-objects -c ..\..\flexsea-system\src\flexsea_cmd_control.c -o .\CortexM3\ARM_GCC_493\Debug\flexsea_cmd_control.o
..\..\flexsea-system\src\flexsea_cmd_control.c: In function 'flexsea_payload_86':
..\..\flexsea-system\src\flexsea_cmd_control.c:186:34: warning: variable 'tmp_measured_current' set but not used [-Wunused-but-set-variable]
  int16_t tmp_wanted_current = 0, tmp_measured_current = 0;
                                  ^
..\..\flexsea-system\src\flexsea_cmd_control.c: In function 'flexsea_payload_87':
..\..\flexsea-system\src\flexsea_cmd_control.c:445:10: warning: variable 'tmp_pos' set but not used [-Wunused-but-set-variable]
  int32_t tmp_pos = 0, tmp_posi = 0, tmp_posf = 0, tmp_spdm = 0, tmp_acc = 0;
          ^
arm-none-eabi-gcc.exe -mcpu=cortex-m3 -mthumb -Wno-main -I..\inc -I..\..\flexsea-comm\inc -I..\..\flexsea-system\inc -I. -IGenerated_Source\PSoC5 -Wa,-alh=.\CortexM3\ARM_GCC_493\Debug/flexsea_cmd_external.lst -g -D DEBUG -Wall -ffunction-sections -Og -ffat-lto-objects -c ..\..\flexsea-system\src\flexsea_cmd_external.c -o .\CortexM3\ARM_GCC_493\Debug\flexsea_cmd_external.o
arm-none-eabi-gcc.exe -mcpu=cortex-m3 -mthumb -Wno-main -I..\inc -I..\..\flexsea-comm\inc -I..\..\flexsea-system\inc -I. -IGenerated_Source\PSoC5 -Wa,-alh=.\CortexM3\ARM_GCC_493\Debug/flexsea_cmd_sensors.lst -g -D DEBUG -Wall -ffunction-sections -Og -ffat-lto-objects -c ..\..\flexsea-system\src\flexsea_cmd_sensors.c -o .\CortexM3\ARM_GCC_493\Debug\flexsea_cmd_sensors.o
..\..\flexsea-system\src\flexsea_cmd_sensors.c: In function 'rx_cmd_switch':
..\..\flexsea-system\src\flexsea_cmd_sensors.c:108:10: warning: unused variable 'tmp_sw' [-Wunused-variable]
  uint8_t tmp_sw = 0;
          ^
..\..\flexsea-system\src\flexsea_cmd_sensors.c:107:11: warning: unused variable 'numb' [-Wunused-variable]
  uint32_t numb = 0;
           ^
..\..\flexsea-system\src\flexsea_cmd_sensors.c: In function 'tx_cmd_strain':
..\..\flexsea-system\src\flexsea_cmd_sensors.c:253:40: warning: unused variable 'tmp3' [-Wunused-variable]
  uint8_t tmp0 = 0, tmp1 = 0, tmp2 = 0, tmp3 = 0;
                                        ^
..\..\flexsea-system\src\flexsea_cmd_sensors.c:253:30: warning: unused variable 'tmp2' [-Wunused-variable]
  uint8_t tmp0 = 0, tmp1 = 0, tmp2 = 0, tmp3 = 0;
                              ^
..\..\flexsea-system\src\flexsea_cmd_sensors.c:253:20: warning: unused variable 'tmp1' [-Wunused-variable]
  uint8_t tmp0 = 0, tmp1 = 0, tmp2 = 0, tmp3 = 0;
                    ^
..\..\flexsea-system\src\flexsea_cmd_sensors.c:253:10: warning: unused variable 'tmp0' [-Wunused-variable]
  uint8_t tmp0 = 0, tmp1 = 0, tmp2 = 0, tmp3 = 0;
          ^
..\..\flexsea-system\src\flexsea_cmd_sensors.c: In function 'flexsea_payload_44':
..\..\flexsea-system\src\flexsea_cmd_sensors.c:315:11: warning: unused variable 'numb' [-Wunused-variable]
  uint32_t numb = 0;
           ^
arm-none-eabi-gcc.exe -mcpu=cortex-m3 -mthumb -Wno-main -I..\inc -I..\..\flexsea-comm\inc -I..\..\flexsea-system\inc -I. -IGenerated_Source\PSoC5 -Wa,-alh=.\CortexM3\ARM_GCC_493\Debug/flexsea_system.lst -g -D DEBUG -Wall -ffunction-sections -Og -ffat-lto-objects -c ..\..\flexsea-system\src\flexsea_system.c -o .\CortexM3\ARM_GCC_493\Debug\flexsea_system.o
arm-none-eabi-gcc.exe -mcpu=cortex-m3 -mthumb -Wno-main -I..\inc -I..\..\flexsea-comm\inc -I..\..\flexsea-system\inc -I. -IGenerated_Source\PSoC5 -Wa,-alh=.\CortexM3\ARM_GCC_493\Debug/flexsea_cmd_data.lst -g -D DEBUG -Wall -ffunction-sections -Og -ffat-lto-objects -c ..\..\flexsea-system\src\flexsea_cmd_data.c -o .\CortexM3\ARM_GCC_493\Debug\flexsea_cmd_data.o
..\..\flexsea-system\src\flexsea_cmd_data.c: In function 'flexsea_payload_21':
..\..\flexsea-system\src\flexsea_cmd_data.c:88:20: warning: variable 'sampling' set but not used [-Wunused-but-set-variable]
  uint8_t numb = 0, sampling = 0;
                    ^
..\..\flexsea-system\src\flexsea_cmd_data.c: In function 'flexsea_payload_22':
..\..\flexsea-system\src\flexsea_cmd_data.c:250:20: warning: unused variable 'sampling' [-Wunused-variable]
  uint8_t numb = 0, sampling = 0;
                    ^
..\..\flexsea-system\src\flexsea_cmd_data.c: In function 'tx_cmd_data_read_all_ricnu':
..\..\flexsea-system\src\flexsea_cmd_data.c:371:40: warning: unused variable 'tmp3' [-Wunused-variable]
  uint8_t tmp0 = 0, tmp1 = 0, tmp2 = 0, tmp3 = 0;
                                        ^
..\..\flexsea-system\src\flexsea_cmd_data.c:371:30: warning: unused variable 'tmp2' [-Wunused-variable]
  uint8_t tmp0 = 0, tmp1 = 0, tmp2 = 0, tmp3 = 0;
                              ^
..\..\flexsea-system\src\flexsea_cmd_data.c: In function 'flexsea_payload_105':
..\..\flexsea-system\src\flexsea_cmd_data.c:467:20: warning: unused variable 'sampling' [-Wunused-variable]
  uint8_t numb = 0, sampling = 0;
                    ^
..\..\flexsea-system\src\flexsea_cmd_data.c: In function 'tx_cmd_data_user':
..\..\flexsea-system\src\flexsea_cmd_data.c:568:40: warning: unused variable 'tmp3' [-Wunused-variable]
  uint8_t tmp0 = 0, tmp1 = 0, tmp2 = 0, tmp3 = 0;
                                        ^
..\..\flexsea-system\src\flexsea_cmd_data.c:568:30: warning: unused variable 'tmp2' [-Wunused-variable]
  uint8_t tmp0 = 0, tmp1 = 0, tmp2 = 0, tmp3 = 0;
                              ^
..\..\flexsea-system\src\flexsea_cmd_data.c:568:20: warning: unused variable 'tmp1' [-Wunused-variable]
  uint8_t tmp0 = 0, tmp1 = 0, tmp2 = 0, tmp3 = 0;
                    ^
..\..\flexsea-system\src\flexsea_cmd_data.c:568:10: warning: unused variable 'tmp0' [-Wunused-variable]
  uint8_t tmp0 = 0, tmp1 = 0, tmp2 = 0, tmp3 = 0;
          ^
..\..\flexsea-system\src\flexsea_cmd_data.c: In function 'flexsea_payload_23':
..\..\flexsea-system\src\flexsea_cmd_data.c:648:10: warning: variable 'w_val' set but not used [-Wunused-but-set-variable]
  int32_t w_val = 0;
          ^
..\..\flexsea-system\src\flexsea_cmd_data.c:647:20: warning: variable 'w_select' set but not used [-Wunused-but-set-variable]
  uint8_t numb = 0, w_select = 0;
                    ^
..\..\flexsea-system\src\flexsea_cmd_data.c:647:10: warning: unused variable 'numb' [-Wunused-variable]
  uint8_t numb = 0, w_select = 0;
          ^
arm-none-eabi-gcc.exe -mcpu=cortex-m3 -mthumb -Wno-main -I..\inc -I..\..\flexsea-comm\inc -I..\..\flexsea-system\inc -I. -IGenerated_Source\PSoC5 -Wa,-alh=.\CortexM3\ARM_GCC_493\Debug/flexsea_board.lst -g -D DEBUG -Wall -ffunction-sections -Og -ffat-lto-objects -c ..\src\flexsea_board.c -o .\CortexM3\ARM_GCC_493\Debug\flexsea_board.o
arm-none-eabi-gcc.exe -mcpu=cortex-m3 -mthumb -Wno-main -I..\inc -I..\..\flexsea-comm\inc -I..\..\flexsea-system\inc -I. -IGenerated_Source\PSoC5 -Wa,-alh=.\CortexM3\ARM_GCC_493\Debug/cyfitter_cfg.lst -g -D DEBUG -Wall -ffunction-sections -Og -ffat-lto-objects -c .\Generated_Source\PSoC5\cyfitter_cfg.c -o .\CortexM3\ARM_GCC_493\Debug\cyfitter_cfg.o
arm-none-eabi-gcc.exe -mcpu=cortex-m3 -mthumb -Wno-main -I..\inc -I..\..\flexsea-comm\inc -I..\..\flexsea-system\inc -I. -IGenerated_Source\PSoC5 -Wa,-alh=.\CortexM3\ARM_GCC_493\Debug/cymetadata.lst -g -D DEBUG -Wall -ffunction-sections -Og -ffat-lto-objects -c .\Generated_Source\PSoC5\cymetadata.c -o .\CortexM3\ARM_GCC_493\Debug\cymetadata.o
arm-none-eabi-gcc.exe -mcpu=cortex-m3 -mthumb -Wno-main -I..\inc -I..\..\flexsea-comm\inc -I..\..\flexsea-system\inc -I. -IGenerated_Source\PSoC5 -Wa,-alh=.\CortexM3\ARM_GCC_493\Debug/ADC_SAR_2.lst -g -D DEBUG -Wall -ffunction-sections -Og -ffat-lto-objects -c .\Generated_Source\PSoC5\ADC_SAR_2.c -o .\CortexM3\ARM_GCC_493\Debug\ADC_SAR_2.o
arm-none-eabi-gcc.exe -mcpu=cortex-m3 -mthumb -Wno-main -I..\inc -I..\..\flexsea-comm\inc -I..\..\flexsea-system\inc -I. -IGenerated_Source\PSoC5 -Wa,-alh=.\CortexM3\ARM_GCC_493\Debug/ADC_SAR_2_INT.lst -g -D DEBUG -Wall -ffunction-sections -Og -ffat-lto-objects -c .\Generated_Source\PSoC5\ADC_SAR_2_INT.c -o .\CortexM3\ARM_GCC_493\Debug\ADC_SAR_2_INT.o
arm-none-eabi-gcc.exe -mcpu=cortex-m3 -mthumb -Wno-main -I..\inc -I..\..\flexsea-comm\inc -I..\..\flexsea-system\inc -I. -IGenerated_Source\PSoC5 -Wa,-alh=.\CortexM3\ARM_GCC_493\Debug/ADC_SAR_2_PM.lst -g -D DEBUG -Wall -ffunction-sections -Og -ffat-lto-objects -c .\Generated_Source\PSoC5\ADC_SAR_2_PM.c -o .\CortexM3\ARM_GCC_493\Debug\ADC_SAR_2_PM.o
arm-none-eabi-gcc.exe -mcpu=cortex-m3 -mthumb -Wno-main -I..\inc -I..\..\flexsea-comm\inc -I..\..\flexsea-system\inc -I. -IGenerated_Source\PSoC5 -Wa,-alh=.\CortexM3\ARM_GCC_493\Debug/CS1.lst -g -D DEBUG -Wall -ffunction-sections -Og -ffat-lto-objects -c .\Generated_Source\PSoC5\CS1.c -o .\CortexM3\ARM_GCC_493\Debug\CS1.o
arm-none-eabi-gcc.exe -mcpu=cortex-m3 -mthumb -Wno-main -I..\inc -I..\..\flexsea-comm\inc -I..\..\flexsea-system\inc -I. -IGenerated_Source\PSoC5 -Wa,-alh=.\CortexM3\ARM_GCC_493\Debug/Opamp_1.lst -g -D DEBUG -Wall -ffunction-sections -Og -ffat-lto-objects -c .\Generated_Source\PSoC5\Opamp_1.c -o .\CortexM3\ARM_GCC_493\Debug\Opamp_1.o
arm-none-eabi-gcc.exe -mcpu=cortex-m3 -mthumb -Wno-main -I..\inc -I..\..\flexsea-comm\inc -I..\..\flexsea-system\inc -I. -IGenerated_Source\PSoC5 -Wa,-alh=.\CortexM3\ARM_GCC_493\Debug/Opamp_1_PM.lst -g -D DEBUG -Wall -ffunction-sections -Og -ffat-lto-objects -c .\Generated_Source\PSoC5\Opamp_1_PM.c -o .\CortexM3\ARM_GCC_493\Debug\Opamp_1_PM.o
arm-none-eabi-gcc.exe -mcpu=cortex-m3 -mthumb -Wno-main -I..\inc -I..\..\flexsea-comm\inc -I..\..\flexsea-system\inc -I. -IGenerated_Source\PSoC5 -Wa,-alh=.\CortexM3\ARM_GCC_493\Debug/DieTemp_1.lst -g -D DEBUG -Wall -ffunction-sections -Og -ffat-lto-objects -c .\Generated_Source\PSoC5\DieTemp_1.c -o .\CortexM3\ARM_GCC_493\Debug\DieTemp_1.o
arm-none-eabi-gcc.exe -mcpu=cortex-m3 -mthumb -Wno-main -I..\inc -I..\..\flexsea-comm\inc -I..\..\flexsea-system\inc -I. -IGenerated_Source\PSoC5 -Wa,-alh=.\CortexM3\ARM_GCC_493\Debug/DMA_2_dma.lst -g -D DEBUG -Wall -ffunction-sections -Og -ffat-lto-objects -c .\Generated_Source\PSoC5\DMA_2_dma.c -o .\CortexM3\ARM_GCC_493\Debug\DMA_2_dma.o
arm-none-eabi-gcc.exe -mcpu=cortex-m3 -mthumb -Wno-main -I..\inc -I..\..\flexsea-comm\inc -I..\..\flexsea-system\inc -I. -IGenerated_Source\PSoC5 -Wa,-alh=.\CortexM3\ARM_GCC_493\Debug/isr_delsig.lst -g -D DEBUG -Wall -ffunction-sections -Og -ffat-lto-objects -c .\Generated_Source\PSoC5\isr_delsig.c -o .\CortexM3\ARM_GCC_493\Debug\isr_delsig.o
arm-none-eabi-gcc.exe -mcpu=cortex-m3 -mthumb -Wno-main -I..\inc -I..\..\flexsea-comm\inc -I..\..\flexsea-system\inc -I. -IGenerated_Source\PSoC5 -Wa,-alh=.\CortexM3\ARM_GCC_493\Debug/AOP_OUT.lst -g -D DEBUG -Wall -ffunction-sections -Og -ffat-lto-objects -c .\Generated_Source\PSoC5\AOP_OUT.c -o .\CortexM3\ARM_GCC_493\Debug\AOP_OUT.o
arm-none-eabi-gcc.exe -mcpu=cortex-m3 -mthumb -Wno-main -I..\inc -I..\..\flexsea-comm\inc -I..\..\flexsea-system\inc -I. -IGenerated_Source\PSoC5 -Wa,-alh=.\CortexM3\ARM_GCC_493\Debug/SDA_1.lst -g -D DEBUG -Wall -ffunction-sections -Og -ffat-lto-objects -c .\Generated_Source\PSoC5\SDA_1.c -o .\CortexM3\ARM_GCC_493\Debug\SDA_1.o
arm-none-eabi-gcc.exe -mcpu=cortex-m3 -mthumb -Wno-main -I..\inc -I..\..\flexsea-comm\inc -I..\..\flexsea-system\inc -I. -IGenerated_Source\PSoC5 -Wa,-alh=.\CortexM3\ARM_GCC_493\Debug/DMA_3_dma.lst -g -D DEBUG -Wall -ffunction-sections -Og -ffat-lto-objects -c .\Generated_Source\PSoC5\DMA_3_dma.c -o .\CortexM3\ARM_GCC_493\Debug\DMA_3_dma.o
arm-none-eabi-gcc.exe -mcpu=cortex-m3 -mthumb -Wno-main -I..\inc -I..\..\flexsea-comm\inc -I..\..\flexsea-system\inc -I. -IGenerated_Source\PSoC5 -Wa,-alh=.\CortexM3\ARM_GCC_493\Debug/QuadDec_1.lst -g -D DEBUG -Wall -ffunction-sections -Og -ffat-lto-objects -c .\Generated_Source\PSoC5\QuadDec_1.c -o .\CortexM3\ARM_GCC_493\Debug\QuadDec_1.o
arm-none-eabi-gcc.exe -mcpu=cortex-m3 -mthumb -Wno-main -I..\inc -I..\..\flexsea-comm\inc -I..\..\flexsea-system\inc -I. -IGenerated_Source\PSoC5 -Wa,-alh=.\CortexM3\ARM_GCC_493\Debug/QuadDec_1_INT.lst -g -D DEBUG -Wall -ffunction-sections -Og -ffat-lto-objects -c .\Generated_Source\PSoC5\QuadDec_1_INT.c -o .\CortexM3\ARM_GCC_493\Debug\QuadDec_1_INT.o
arm-none-eabi-gcc.exe -mcpu=cortex-m3 -mthumb -Wno-main -I..\inc -I..\..\flexsea-comm\inc -I..\..\flexsea-system\inc -I. -IGenerated_Source\PSoC5 -Wa,-alh=.\CortexM3\ARM_GCC_493\Debug/QuadDec_1_PM.lst -g -D DEBUG -Wall -ffunction-sections -Og -ffat-lto-objects -c .\Generated_Source\PSoC5\QuadDec_1_PM.c -o .\CortexM3\ARM_GCC_493\Debug\QuadDec_1_PM.o
arm-none-eabi-gcc.exe -mcpu=cortex-m3 -mthumb -Wno-main -I..\inc -I..\..\flexsea-comm\inc -I..\..\flexsea-system\inc -I. -IGenerated_Source\PSoC5 -Wa,-alh=.\CortexM3\ARM_GCC_493\Debug/MUXO.lst -g -D DEBUG -Wall -ffunction-sections -Og -ffat-lto-objects -c .\Generated_Source\PSoC5\MUXO.c -o .\CortexM3\ARM_GCC_493\Debug\MUXO.o
arm-none-eabi-gcc.exe -mcpu=cortex-m3 -mthumb -Wno-main -I..\inc -I..\..\flexsea-comm\inc -I..\..\flexsea-system\inc -I. -IGenerated_Source\PSoC5 -Wa,-alh=.\CortexM3\ARM_GCC_493\Debug/EX12.lst -g -D DEBUG -Wall -ffunction-sections -Og -ffat-lto-objects -c .\Generated_Source\PSoC5\EX12.c -o .\CortexM3\ARM_GCC_493\Debug\EX12.o
arm-none-eabi-gcc.exe -mcpu=cortex-m3 -mthumb -Wno-main -I..\inc -I..\..\flexsea-comm\inc -I..\..\flexsea-system\inc -I. -IGenerated_Source\PSoC5 -Wa,-alh=.\CortexM3\ARM_GCC_493\Debug/AOP_IN.lst -g -D DEBUG -Wall -ffunction-sections -Og -ffat-lto-objects -c .\Generated_Source\PSoC5\AOP_IN.c -o .\CortexM3\ARM_GCC_493\Debug\AOP_IN.o
arm-none-eabi-gcc.exe -mcpu=cortex-m3 -mthumb -Wno-main -I..\inc -I..\..\flexsea-comm\inc -I..\..\flexsea-system\inc -I. -IGenerated_Source\PSoC5 -Wa,-alh=.\CortexM3\ARM_GCC_493\Debug/LED_2.lst -g -D DEBUG -Wall -ffunction-sections -Og -ffat-lto-objects -c .\Generated_Source\PSoC5\LED_2.c -o .\CortexM3\ARM_GCC_493\Debug\LED_2.o
arm-none-eabi-gcc.exe -mcpu=cortex-m3 -mthumb -Wno-main -I..\inc -I..\..\flexsea-comm\inc -I..\..\flexsea-system\inc -I. -IGenerated_Source\PSoC5 -Wa,-alh=.\CortexM3\ARM_GCC_493\Debug/isr_dma_uart_rx.lst -g -D DEBUG -Wall -ffunction-sections -Og -ffat-lto-objects -c .\Generated_Source\PSoC5\isr_dma_uart_rx.c -o .\CortexM3\ARM_GCC_493\Debug\isr_dma_uart_rx.o
arm-none-eabi-gcc.exe -mcpu=cortex-m3 -mthumb -Wno-main -I..\inc -I..\..\flexsea-comm\inc -I..\..\flexsea-system\inc -I. -IGenerated_Source\PSoC5 -Wa,-alh=.\CortexM3\ARM_GCC_493\Debug/DMA_4_dma.lst -g -D DEBUG -Wall -ffunction-sections -Og -ffat-lto-objects -c .\Generated_Source\PSoC5\DMA_4_dma.c -o .\CortexM3\ARM_GCC_493\Debug\DMA_4_dma.o
arm-none-eabi-gcc.exe -mcpu=cortex-m3 -mthumb -Wno-main -I..\inc -I..\..\flexsea-comm\inc -I..\..\flexsea-system\inc -I. -IGenerated_Source\PSoC5 -Wa,-alh=.\CortexM3\ARM_GCC_493\Debug/UART_DMA_XMIT.lst -g -D DEBUG -Wall -ffunction-sections -Og -ffat-lto-objects -c .\Generated_Source\PSoC5\UART_DMA_XMIT.c -o .\CortexM3\ARM_GCC_493\Debug\UART_DMA_XMIT.o
arm-none-eabi-gcc.exe -mcpu=cortex-m3 -mthumb -Wno-main -I..\inc -I..\..\flexsea-comm\inc -I..\..\flexsea-system\inc -I. -IGenerated_Source\PSoC5 -Wa,-alh=.\CortexM3\ARM_GCC_493\Debug/UART_DMA_XMIT_PM.lst -g -D DEBUG -Wall -ffunction-sections -Og -ffat-lto-objects -c .\Generated_Source\PSoC5\UART_DMA_XMIT_PM.c -o .\CortexM3\ARM_GCC_493\Debug\UART_DMA_XMIT_PM.o
arm-none-eabi-gcc.exe -mcpu=cortex-m3 -mthumb -Wno-main -I..\inc -I..\..\flexsea-comm\inc -I..\..\flexsea-system\inc -I. -IGenerated_Source\PSoC5 -Wa,-alh=.\CortexM3\ARM_GCC_493\Debug/isr_dma_uart_tx.lst -g -D DEBUG -Wall -ffunction-sections -Og -ffat-lto-objects -c .\Generated_Source\PSoC5\isr_dma_uart_tx.c -o .\CortexM3\ARM_GCC_493\Debug\isr_dma_uart_tx.o
arm-none-eabi-gcc.exe -mcpu=cortex-m3 -mthumb -Wno-main -I..\inc -I..\..\flexsea-comm\inc -I..\..\flexsea-system\inc -I. -IGenerated_Source\PSoC5 -Wa,-alh=.\CortexM3\ARM_GCC_493\Debug/LED_HB.lst -g -D DEBUG -Wall -ffunction-sections -Og -ffat-lto-objects -c .\Generated_Source\PSoC5\LED_HB.c -o .\CortexM3\ARM_GCC_493\Debug\LED_HB.o
arm-none-eabi-gcc.exe -mcpu=cortex-m3 -mthumb -Wno-main -I..\inc -I..\..\flexsea-comm\inc -I..\..\flexsea-system\inc -I. -IGenerated_Source\PSoC5 -Wa,-alh=.\CortexM3\ARM_GCC_493\Debug/LED_R.lst -g -D DEBUG -Wall -ffunction-sections -Og -ffat-lto-objects -c .\Generated_Source\PSoC5\LED_R.c -o .\CortexM3\ARM_GCC_493\Debug\LED_R.o
arm-none-eabi-gcc.exe -mcpu=cortex-m3 -mthumb -Wno-main -I..\inc -I..\..\flexsea-comm\inc -I..\..\flexsea-system\inc -I. -IGenerated_Source\PSoC5 -Wa,-alh=.\CortexM3\ARM_GCC_493\Debug/Timer_2.lst -g -D DEBUG -Wall -ffunction-sections -Og -ffat-lto-objects -c .\Generated_Source\PSoC5\Timer_2.c -o .\CortexM3\ARM_GCC_493\Debug\Timer_2.o
arm-none-eabi-gcc.exe -mcpu=cortex-m3 -mthumb -Wno-main -I..\inc -I..\..\flexsea-comm\inc -I..\..\flexsea-system\inc -I. -IGenerated_Source\PSoC5 -Wa,-alh=.\CortexM3\ARM_GCC_493\Debug/Timer_2_PM.lst -g -D DEBUG -Wall -ffunction-sections -Og -ffat-lto-objects -c .\Generated_Source\PSoC5\Timer_2_PM.c -o .\CortexM3\ARM_GCC_493\Debug\Timer_2_PM.o
arm-none-eabi-gcc.exe -mcpu=cortex-m3 -mthumb -Wno-main -I..\inc -I..\..\flexsea-comm\inc -I..\..\flexsea-system\inc -I. -IGenerated_Source\PSoC5 -Wa,-alh=.\CortexM3\ARM_GCC_493\Debug/VDAC8_1.lst -g -D DEBUG -Wall -ffunction-sections -Og -ffat-lto-objects -c .\Generated_Source\PSoC5\VDAC8_1.c -o .\CortexM3\ARM_GCC_493\Debug\VDAC8_1.o
arm-none-eabi-gcc.exe -mcpu=cortex-m3 -mthumb -Wno-main -I..\inc -I..\..\flexsea-comm\inc -I..\..\flexsea-system\inc -I. -IGenerated_Source\PSoC5 -Wa,-alh=.\CortexM3\ARM_GCC_493\Debug/VDAC8_1_PM.lst -g -D DEBUG -Wall -ffunction-sections -Og -ffat-lto-objects -c .\Generated_Source\PSoC5\VDAC8_1_PM.c -o .\CortexM3\ARM_GCC_493\Debug\VDAC8_1_PM.o
arm-none-eabi-gcc.exe -mcpu=cortex-m3 -mthumb -Wno-main -I..\inc -I..\..\flexsea-comm\inc -I..\..\flexsea-system\inc -I. -IGenerated_Source\PSoC5 -Wa,-alh=.\CortexM3\ARM_GCC_493\Debug/CS2.lst -g -D DEBUG -Wall -ffunction-sections -Og -ffat-lto-objects -c .\Generated_Source\PSoC5\CS2.c -o .\CortexM3\ARM_GCC_493\Debug\CS2.o
arm-none-eabi-gcc.exe -mcpu=cortex-m3 -mthumb -Wno-main -I..\inc -I..\..\flexsea-comm\inc -I..\..\flexsea-system\inc -I. -IGenerated_Source\PSoC5 -Wa,-alh=.\CortexM3\ARM_GCC_493\Debug/CS3.lst -g -D DEBUG -Wall -ffunction-sections -Og -ffat-lto-objects -c .\Generated_Source\PSoC5\CS3.c -o .\CortexM3\ARM_GCC_493\Debug\CS3.o
arm-none-eabi-gcc.exe -mcpu=cortex-m3 -mthumb -Wno-main -I..\inc -I..\..\flexsea-comm\inc -I..\..\flexsea-system\inc -I. -IGenerated_Source\PSoC5 -Wa,-alh=.\CortexM3\ARM_GCC_493\Debug/ADC_CLK.lst -g -D DEBUG -Wall -ffunction-sections -Og -ffat-lto-objects -c .\Generated_Source\PSoC5\ADC_CLK.c -o .\CortexM3\ARM_GCC_493\Debug\ADC_CLK.o
arm-none-eabi-gcc.exe -mcpu=cortex-m3 -mthumb -Wno-main -I..\inc -I..\..\flexsea-comm\inc -I..\..\flexsea-system\inc -I. -IGenerated_Source\PSoC5 -Wa,-alh=.\CortexM3\ARM_GCC_493\Debug/DMA_1_dma.lst -g -D DEBUG -Wall -ffunction-sections -Og -ffat-lto-objects -c .\Generated_Source\PSoC5\DMA_1_dma.c -o .\CortexM3\ARM_GCC_493\Debug\DMA_1_dma.o
arm-none-eabi-gcc.exe -mcpu=cortex-m3 -mthumb -Wno-main -I..\inc -I..\..\flexsea-comm\inc -I..\..\flexsea-system\inc -I. -IGenerated_Source\PSoC5 -Wa,-alh=.\CortexM3\ARM_GCC_493\Debug/isr_sar2_dma.lst -g -D DEBUG -Wall -ffunction-sections -Og -ffat-lto-objects -c .\Generated_Source\PSoC5\isr_sar2_dma.c -o .\CortexM3\ARM_GCC_493\Debug\isr_sar2_dma.o
arm-none-eabi-gcc.exe -mcpu=cortex-m3 -mthumb -Wno-main -I..\inc -I..\..\flexsea-comm\inc -I..\..\flexsea-system\inc -I. -IGenerated_Source\PSoC5 -Wa,-alh=.\CortexM3\ARM_GCC_493\Debug/isr_t2.lst -g -D DEBUG -Wall -ffunction-sections -Og -ffat-lto-objects -c .\Generated_Source\PSoC5\isr_t2.c -o .\CortexM3\ARM_GCC_493\Debug\isr_t2.o
arm-none-eabi-gcc.exe -mcpu=cortex-m3 -mthumb -Wno-main -I..\inc -I..\..\flexsea-comm\inc -I..\..\flexsea-system\inc -I. -IGenerated_Source\PSoC5 -Wa,-alh=.\CortexM3\ARM_GCC_493\Debug/T2_RESET.lst -g -D DEBUG -Wall -ffunction-sections -Og -ffat-lto-objects -c .\Generated_Source\PSoC5\T2_RESET.c -o .\CortexM3\ARM_GCC_493\Debug\T2_RESET.o
arm-none-eabi-gcc.exe -mcpu=cortex-m3 -mthumb -Wno-main -I..\inc -I..\..\flexsea-comm\inc -I..\..\flexsea-system\inc -I. -IGenerated_Source\PSoC5 -Wa,-alh=.\CortexM3\ARM_GCC_493\Debug/T2_RESET_PM.lst -g -D DEBUG -Wall -ffunction-sections -Og -ffat-lto-objects -c .\Generated_Source\PSoC5\T2_RESET_PM.c -o .\CortexM3\ARM_GCC_493\Debug\T2_RESET_PM.o
arm-none-eabi-gcc.exe -mcpu=cortex-m3 -mthumb -Wno-main -I..\inc -I..\..\flexsea-comm\inc -I..\..\flexsea-system\inc -I. -IGenerated_Source\PSoC5 -Wa,-alh=.\CortexM3\ARM_GCC_493\Debug/Coast_Brake.lst -g -D DEBUG -Wall -ffunction-sections -Og -ffat-lto-objects -c .\Generated_Source\PSoC5\Coast_Brake.c -o .\CortexM3\ARM_GCC_493\Debug\Coast_Brake.o
arm-none-eabi-gcc.exe -mcpu=cortex-m3 -mthumb -Wno-main -I..\inc -I..\..\flexsea-comm\inc -I..\..\flexsea-system\inc -I. -IGenerated_Source\PSoC5 -Wa,-alh=.\CortexM3\ARM_GCC_493\Debug/Coast_Brake_PM.lst -g -D DEBUG -Wall -ffunction-sections -Og -ffat-lto-objects -c .\Generated_Source\PSoC5\Coast_Brake_PM.c -o .\CortexM3\ARM_GCC_493\Debug\Coast_Brake_PM.o
arm-none-eabi-gcc.exe -mcpu=cortex-m3 -mthumb -Wno-main -I..\inc -I..\..\flexsea-comm\inc -I..\..\flexsea-system\inc -I. -IGenerated_Source\PSoC5 -Wa,-alh=.\CortexM3\ARM_GCC_493\Debug/USBUART_1.lst -g -D DEBUG -Wall -ffunction-sections -Og -ffat-lto-objects -c .\Generated_Source\PSoC5\USBUART_1.c -o .\CortexM3\ARM_GCC_493\Debug\USBUART_1.o
arm-none-eabi-gcc.exe -mcpu=cortex-m3 -mthumb -Wno-main -I..\inc -I..\..\flexsea-comm\inc -I..\..\flexsea-system\inc -I. -IGenerated_Source\PSoC5 -Wa,-alh=.\CortexM3\ARM_GCC_493\Debug/USBUART_1_audio.lst -g -D DEBUG -Wall -ffunction-sections -Og -ffat-lto-objects -c .\Generated_Source\PSoC5\USBUART_1_audio.c -o .\CortexM3\ARM_GCC_493\Debug\USBUART_1_audio.o
arm-none-eabi-gcc.exe -mcpu=cortex-m3 -mthumb -Wno-main -I..\inc -I..\..\flexsea-comm\inc -I..\..\flexsea-system\inc -I. -IGenerated_Source\PSoC5 -Wa,-alh=.\CortexM3\ARM_GCC_493\Debug/USBUART_1_boot.lst -g -D DEBUG -Wall -ffunction-sections -Og -ffat-lto-objects -c .\Generated_Source\PSoC5\USBUART_1_boot.c -o .\CortexM3\ARM_GCC_493\Debug\USBUART_1_boot.o
arm-none-eabi-gcc.exe -mcpu=cortex-m3 -mthumb -Wno-main -I..\inc -I..\..\flexsea-comm\inc -I..\..\flexsea-system\inc -I. -IGenerated_Source\PSoC5 -Wa,-alh=.\CortexM3\ARM_GCC_493\Debug/USBUART_1_cdc.lst -g -D DEBUG -Wall -ffunction-sections -Og -ffat-lto-objects -c .\Generated_Source\PSoC5\USBUART_1_cdc.c -o .\CortexM3\ARM_GCC_493\Debug\USBUART_1_cdc.o
arm-none-eabi-gcc.exe -mcpu=cortex-m3 -mthumb -Wno-main -I..\inc -I..\..\flexsea-comm\inc -I..\..\flexsea-system\inc -I. -IGenerated_Source\PSoC5 -Wa,-alh=.\CortexM3\ARM_GCC_493\Debug/USBUART_1_cls.lst -g -D DEBUG -Wall -ffunction-sections -Og -ffat-lto-objects -c .\Generated_Source\PSoC5\USBUART_1_cls.c -o .\CortexM3\ARM_GCC_493\Debug\USBUART_1_cls.o
arm-none-eabi-gcc.exe -mcpu=cortex-m3 -mthumb -Wno-main -I..\inc -I..\..\flexsea-comm\inc -I..\..\flexsea-system\inc -I. -IGenerated_Source\PSoC5 -Wa,-alh=.\CortexM3\ARM_GCC_493\Debug/USBUART_1_descr.lst -g -D DEBUG -Wall -ffunction-sections -Og -ffat-lto-objects -c .\Generated_Source\PSoC5\USBUART_1_descr.c -o .\CortexM3\ARM_GCC_493\Debug\USBUART_1_descr.o
arm-none-eabi-gcc.exe -mcpu=cortex-m3 -mthumb -Wno-main -I..\inc -I..\..\flexsea-comm\inc -I..\..\flexsea-system\inc -I. -IGenerated_Source\PSoC5 -Wa,-alh=.\CortexM3\ARM_GCC_493\Debug/USBUART_1_drv.lst -g -D DEBUG -Wall -ffunction-sections -Og -ffat-lto-objects -c .\Generated_Source\PSoC5\USBUART_1_drv.c -o .\CortexM3\ARM_GCC_493\Debug\USBUART_1_drv.o
arm-none-eabi-gcc.exe -mcpu=cortex-m3 -mthumb -Wno-main -I..\inc -I..\..\flexsea-comm\inc -I..\..\flexsea-system\inc -I. -IGenerated_Source\PSoC5 -Wa,-alh=.\CortexM3\ARM_GCC_493\Debug/USBUART_1_episr.lst -g -D DEBUG -Wall -ffunction-sections -Og -ffat-lto-objects -c .\Generated_Source\PSoC5\USBUART_1_episr.c -o .\CortexM3\ARM_GCC_493\Debug\USBUART_1_episr.o
arm-none-eabi-gcc.exe -mcpu=cortex-m3 -mthumb -Wno-main -I..\inc -I..\..\flexsea-comm\inc -I..\..\flexsea-system\inc -I. -IGenerated_Source\PSoC5 -Wa,-alh=.\CortexM3\ARM_GCC_493\Debug/USBUART_1_hid.lst -g -D DEBUG -Wall -ffunction-sections -Og -ffat-lto-objects -c .\Generated_Source\PSoC5\USBUART_1_hid.c -o .\CortexM3\ARM_GCC_493\Debug\USBUART_1_hid.o
arm-none-eabi-gcc.exe -mcpu=cortex-m3 -mthumb -Wno-main -I..\inc -I..\..\flexsea-comm\inc -I..\..\flexsea-system\inc -I. -IGenerated_Source\PSoC5 -Wa,-alh=.\CortexM3\ARM_GCC_493\Debug/USBUART_1_pm.lst -g -D DEBUG -Wall -ffunction-sections -Og -ffat-lto-objects -c .\Generated_Source\PSoC5\USBUART_1_pm.c -o .\CortexM3\ARM_GCC_493\Debug\USBUART_1_pm.o
arm-none-eabi-gcc.exe -mcpu=cortex-m3 -mthumb -Wno-main -I..\inc -I..\..\flexsea-comm\inc -I..\..\flexsea-system\inc -I. -IGenerated_Source\PSoC5 -Wa,-alh=.\CortexM3\ARM_GCC_493\Debug/USBUART_1_std.lst -g -D DEBUG -Wall -ffunction-sections -Og -ffat-lto-objects -c .\Generated_Source\PSoC5\USBUART_1_std.c -o .\CortexM3\ARM_GCC_493\Debug\USBUART_1_std.o
arm-none-eabi-gcc.exe -mcpu=cortex-m3 -mthumb -Wno-main -I..\inc -I..\..\flexsea-comm\inc -I..\..\flexsea-system\inc -I. -IGenerated_Source\PSoC5 -Wa,-alh=.\CortexM3\ARM_GCC_493\Debug/USBUART_1_vnd.lst -g -D DEBUG -Wall -ffunction-sections -Og -ffat-lto-objects -c .\Generated_Source\PSoC5\USBUART_1_vnd.c -o .\CortexM3\ARM_GCC_493\Debug\USBUART_1_vnd.o
arm-none-eabi-gcc.exe -mcpu=cortex-m3 -mthumb -Wno-main -I..\inc -I..\..\flexsea-comm\inc -I..\..\flexsea-system\inc -I. -IGenerated_Source\PSoC5 -Wa,-alh=.\CortexM3\ARM_GCC_493\Debug/USBUART_1_midi.lst -g -D DEBUG -Wall -ffunction-sections -Og -ffat-lto-objects -c .\Generated_Source\PSoC5\USBUART_1_midi.c -o .\CortexM3\ARM_GCC_493\Debug\USBUART_1_midi.o
arm-none-eabi-gcc.exe -mcpu=cortex-m3 -mthumb -Wno-main -I..\inc -I..\..\flexsea-comm\inc -I..\..\flexsea-system\inc -I. -IGenerated_Source\PSoC5 -Wa,-alh=.\CortexM3\ARM_GCC_493\Debug/EX9.lst -g -D DEBUG -Wall -ffunction-sections -Og -ffat-lto-objects -c .\Generated_Source\PSoC5\EX9.c -o .\CortexM3\ARM_GCC_493\Debug\EX9.o
arm-none-eabi-gcc.exe -mcpu=cortex-m3 -mthumb -Wno-main -I..\inc -I..\..\flexsea-comm\inc -I..\..\flexsea-system\inc -I. -IGenerated_Source\PSoC5 -Wa,-alh=.\CortexM3\ARM_GCC_493\Debug/MotorDirection.lst -g -D DEBUG -Wall -ffunction-sections -Og -ffat-lto-objects -c .\Generated_Source\PSoC5\MotorDirection.c -o .\CortexM3\ARM_GCC_493\Debug\MotorDirection.o
arm-none-eabi-gcc.exe -mcpu=cortex-m3 -mthumb -Wno-main -I..\inc -I..\..\flexsea-comm\inc -I..\..\flexsea-system\inc -I. -IGenerated_Source\PSoC5 -Wa,-alh=.\CortexM3\ARM_GCC_493\Debug/MotorDirection_PM.lst -g -D DEBUG -Wall -ffunction-sections -Og -ffat-lto-objects -c .\Generated_Source\PSoC5\MotorDirection_PM.c -o .\CortexM3\ARM_GCC_493\Debug\MotorDirection_PM.o
arm-none-eabi-gcc.exe -mcpu=cortex-m3 -mthumb -Wno-main -I..\inc -I..\..\flexsea-comm\inc -I..\..\flexsea-system\inc -I. -IGenerated_Source\PSoC5 -Wa,-alh=.\CortexM3\ARM_GCC_493\Debug/SCL_1.lst -g -D DEBUG -Wall -ffunction-sections -Og -ffat-lto-objects -c .\Generated_Source\PSoC5\SCL_1.c -o .\CortexM3\ARM_GCC_493\Debug\SCL_1.o
arm-none-eabi-gcc.exe -mcpu=cortex-m3 -mthumb -Wno-main -I..\inc -I..\..\flexsea-comm\inc -I..\..\flexsea-system\inc -I. -IGenerated_Source\PSoC5 -Wa,-alh=.\CortexM3\ARM_GCC_493\Debug/MV3.lst -g -D DEBUG -Wall -ffunction-sections -Og -ffat-lto-objects -c .\Generated_Source\PSoC5\MV3.c -o .\CortexM3\ARM_GCC_493\Debug\MV3.o
arm-none-eabi-gcc.exe -mcpu=cortex-m3 -mthumb -Wno-main -I..\inc -I..\..\flexsea-comm\inc -I..\..\flexsea-system\inc -I. -IGenerated_Source\PSoC5 -Wa,-alh=.\CortexM3\ARM_GCC_493\Debug/PWMH1.lst -g -D DEBUG -Wall -ffunction-sections -Og -ffat-lto-objects -c .\Generated_Source\PSoC5\PWMH1.c -o .\CortexM3\ARM_GCC_493\Debug\PWMH1.o
arm-none-eabi-gcc.exe -mcpu=cortex-m3 -mthumb -Wno-main -I..\inc -I..\..\flexsea-comm\inc -I..\..\flexsea-system\inc -I. -IGenerated_Source\PSoC5 -Wa,-alh=.\CortexM3\ARM_GCC_493\Debug/EX13.lst -g -D DEBUG -Wall -ffunction-sections -Og -ffat-lto-objects -c .\Generated_Source\PSoC5\EX13.c -o .\CortexM3\ARM_GCC_493\Debug\EX13.o
arm-none-eabi-gcc.exe -mcpu=cortex-m3 -mthumb -Wno-main -I..\inc -I..\..\flexsea-comm\inc -I..\..\flexsea-system\inc -I. -IGenerated_Source\PSoC5 -Wa,-alh=.\CortexM3\ARM_GCC_493\Debug/ADC_DelSig_1.lst -g -D DEBUG -Wall -ffunction-sections -Og -ffat-lto-objects -c .\Generated_Source\PSoC5\ADC_DelSig_1.c -o .\CortexM3\ARM_GCC_493\Debug\ADC_DelSig_1.o
arm-none-eabi-gcc.exe -mcpu=cortex-m3 -mthumb -Wno-main -I..\inc -I..\..\flexsea-comm\inc -I..\..\flexsea-system\inc -I. -IGenerated_Source\PSoC5 -Wa,-alh=.\CortexM3\ARM_GCC_493\Debug/ADC_DelSig_1_PM.lst -g -D DEBUG -Wall -ffunction-sections -Og -ffat-lto-objects -c .\Generated_Source\PSoC5\ADC_DelSig_1_PM.c -o .\CortexM3\ARM_GCC_493\Debug\ADC_DelSig_1_PM.o
arm-none-eabi-gcc.exe -mcpu=cortex-m3 -mthumb -Wno-main -I..\inc -I..\..\flexsea-comm\inc -I..\..\flexsea-system\inc -I. -IGenerated_Source\PSoC5 -Wa,-alh=.\CortexM3\ARM_GCC_493\Debug/ADC_DelSig_1_INT.lst -g -D DEBUG -Wall -ffunction-sections -Og -ffat-lto-objects -c .\Generated_Source\PSoC5\ADC_DelSig_1_INT.c -o .\CortexM3\ARM_GCC_493\Debug\ADC_DelSig_1_INT.o
arm-none-eabi-gcc.exe -mcpu=cortex-m3 -mthumb -Wno-main -I..\inc -I..\..\flexsea-comm\inc -I..\..\flexsea-system\inc -I. -IGenerated_Source\PSoC5 -Wa,-alh=.\CortexM3\ARM_GCC_493\Debug/PWML1.lst -g -D DEBUG -Wall -ffunction-sections -Og -ffat-lto-objects -c .\Generated_Source\PSoC5\PWML1.c -o .\CortexM3\ARM_GCC_493\Debug\PWML1.o
arm-none-eabi-gcc.exe -mcpu=cortex-m3 -mthumb -Wno-main -I..\inc -I..\..\flexsea-comm\inc -I..\..\flexsea-system\inc -I. -IGenerated_Source\PSoC5 -Wa,-alh=.\CortexM3\ARM_GCC_493\Debug/PWML3.lst -g -D DEBUG -Wall -ffunction-sections -Og -ffat-lto-objects -c .\Generated_Source\PSoC5\PWML3.c -o .\CortexM3\ARM_GCC_493\Debug\PWML3.o
arm-none-eabi-gcc.exe -mcpu=cortex-m3 -mthumb -Wno-main -I..\inc -I..\..\flexsea-comm\inc -I..\..\flexsea-system\inc -I. -IGenerated_Source\PSoC5 -Wa,-alh=.\CortexM3\ARM_GCC_493\Debug/PWMH3.lst -g -D DEBUG -Wall -ffunction-sections -Og -ffat-lto-objects -c .\Generated_Source\PSoC5\PWMH3.c -o .\CortexM3\ARM_GCC_493\Debug\PWMH3.o
arm-none-eabi-gcc.exe -mcpu=cortex-m3 -mthumb -Wno-main -I..\inc -I..\..\flexsea-comm\inc -I..\..\flexsea-system\inc -I. -IGenerated_Source\PSoC5 -Wa,-alh=.\CortexM3\ARM_GCC_493\Debug/PWML2.lst -g -D DEBUG -Wall -ffunction-sections -Og -ffat-lto-objects -c .\Generated_Source\PSoC5\PWML2.c -o .\CortexM3\ARM_GCC_493\Debug\PWML2.o
arm-none-eabi-gcc.exe -mcpu=cortex-m3 -mthumb -Wno-main -I..\inc -I..\..\flexsea-comm\inc -I..\..\flexsea-system\inc -I. -IGenerated_Source\PSoC5 -Wa,-alh=.\CortexM3\ARM_GCC_493\Debug/PWMH2.lst -g -D DEBUG -Wall -ffunction-sections -Og -ffat-lto-objects -c .\Generated_Source\PSoC5\PWMH2.c -o .\CortexM3\ARM_GCC_493\Debug\PWMH2.o
arm-none-eabi-gcc.exe -mcpu=cortex-m3 -mthumb -Wno-main -I..\inc -I..\..\flexsea-comm\inc -I..\..\flexsea-system\inc -I. -IGenerated_Source\PSoC5 -Wa,-alh=.\CortexM3\ARM_GCC_493\Debug/I2C_0.lst -g -D DEBUG -Wall -ffunction-sections -Og -ffat-lto-objects -c .\Generated_Source\PSoC5\I2C_0.c -o .\CortexM3\ARM_GCC_493\Debug\I2C_0.o
arm-none-eabi-gcc.exe -mcpu=cortex-m3 -mthumb -Wno-main -I..\inc -I..\..\flexsea-comm\inc -I..\..\flexsea-system\inc -I. -IGenerated_Source\PSoC5 -Wa,-alh=.\CortexM3\ARM_GCC_493\Debug/I2C_0_BOOT.lst -g -D DEBUG -Wall -ffunction-sections -Og -ffat-lto-objects -c .\Generated_Source\PSoC5\I2C_0_BOOT.c -o .\CortexM3\ARM_GCC_493\Debug\I2C_0_BOOT.o
arm-none-eabi-gcc.exe -mcpu=cortex-m3 -mthumb -Wno-main -I..\inc -I..\..\flexsea-comm\inc -I..\..\flexsea-system\inc -I. -IGenerated_Source\PSoC5 -Wa,-alh=.\CortexM3\ARM_GCC_493\Debug/I2C_0_INT.lst -g -D DEBUG -Wall -ffunction-sections -Og -ffat-lto-objects -c .\Generated_Source\PSoC5\I2C_0_INT.c -o .\CortexM3\ARM_GCC_493\Debug\I2C_0_INT.o
arm-none-eabi-gcc.exe -mcpu=cortex-m3 -mthumb -Wno-main -I..\inc -I..\..\flexsea-comm\inc -I..\..\flexsea-system\inc -I. -IGenerated_Source\PSoC5 -Wa,-alh=.\CortexM3\ARM_GCC_493\Debug/I2C_0_PM.lst -g -D DEBUG -Wall -ffunction-sections -Og -ffat-lto-objects -c .\Generated_Source\PSoC5\I2C_0_PM.c -o .\CortexM3\ARM_GCC_493\Debug\I2C_0_PM.o
arm-none-eabi-gcc.exe -mcpu=cortex-m3 -mthumb -Wno-main -I..\inc -I..\..\flexsea-comm\inc -I..\..\flexsea-system\inc -I. -IGenerated_Source\PSoC5 -Wa,-alh=.\CortexM3\ARM_GCC_493\Debug/I2C_0_SLAVE.lst -g -D DEBUG -Wall -ffunction-sections -Og -ffat-lto-objects -c .\Generated_Source\PSoC5\I2C_0_SLAVE.c -o .\CortexM3\ARM_GCC_493\Debug\I2C_0_SLAVE.o
arm-none-eabi-gcc.exe -mcpu=cortex-m3 -mthumb -Wno-main -I..\inc -I..\..\flexsea-comm\inc -I..\..\flexsea-system\inc -I. -IGenerated_Source\PSoC5 -Wa,-alh=.\CortexM3\ARM_GCC_493\Debug/I2C_0_MASTER.lst -g -D DEBUG -Wall -ffunction-sections -Og -ffat-lto-objects -c .\Generated_Source\PSoC5\I2C_0_MASTER.c -o .\CortexM3\ARM_GCC_493\Debug\I2C_0_MASTER.o
arm-none-eabi-gcc.exe -mcpu=cortex-m3 -mthumb -Wno-main -I..\inc -I..\..\flexsea-comm\inc -I..\..\flexsea-system\inc -I. -IGenerated_Source\PSoC5 -Wa,-alh=.\CortexM3\ARM_GCC_493\Debug/SCL_0.lst -g -D DEBUG -Wall -ffunction-sections -Og -ffat-lto-objects -c .\Generated_Source\PSoC5\SCL_0.c -o .\CortexM3\ARM_GCC_493\Debug\SCL_0.o
arm-none-eabi-gcc.exe -mcpu=cortex-m3 -mthumb -Wno-main -I..\inc -I..\..\flexsea-comm\inc -I..\..\flexsea-system\inc -I. -IGenerated_Source\PSoC5 -Wa,-alh=.\CortexM3\ARM_GCC_493\Debug/SDA_0.lst -g -D DEBUG -Wall -ffunction-sections -Og -ffat-lto-objects -c .\Generated_Source\PSoC5\SDA_0.c -o .\CortexM3\ARM_GCC_493\Debug\SDA_0.o
arm-none-eabi-gcc.exe -mcpu=cortex-m3 -mthumb -Wno-main -I..\inc -I..\..\flexsea-comm\inc -I..\..\flexsea-system\inc -I. -IGenerated_Source\PSoC5 -Wa,-alh=.\CortexM3\ARM_GCC_493\Debug/MV2.lst -g -D DEBUG -Wall -ffunction-sections -Og -ffat-lto-objects -c .\Generated_Source\PSoC5\MV2.c -o .\CortexM3\ARM_GCC_493\Debug\MV2.o
arm-none-eabi-gcc.exe -mcpu=cortex-m3 -mthumb -Wno-main -I..\inc -I..\..\flexsea-comm\inc -I..\..\flexsea-system\inc -I. -IGenerated_Source\PSoC5 -Wa,-alh=.\CortexM3\ARM_GCC_493\Debug/C8M.lst -g -D DEBUG -Wall -ffunction-sections -Og -ffat-lto-objects -c .\Generated_Source\PSoC5\C8M.c -o .\CortexM3\ARM_GCC_493\Debug\C8M.o
arm-none-eabi-gcc.exe -mcpu=cortex-m3 -mthumb -Wno-main -I..\inc -I..\..\flexsea-comm\inc -I..\..\flexsea-system\inc -I. -IGenerated_Source\PSoC5 -Wa,-alh=.\CortexM3\ARM_GCC_493\Debug/SG_VO1.lst -g -D DEBUG -Wall -ffunction-sections -Og -ffat-lto-objects -c .\Generated_Source\PSoC5\SG_VO1.c -o .\CortexM3\ARM_GCC_493\Debug\SG_VO1.o
arm-none-eabi-gcc.exe -mcpu=cortex-m3 -mthumb -Wno-main -I..\inc -I..\..\flexsea-comm\inc -I..\..\flexsea-system\inc -I. -IGenerated_Source\PSoC5 -Wa,-alh=.\CortexM3\ARM_GCC_493\Debug/EX14.lst -g -D DEBUG -Wall -ffunction-sections -Og -ffat-lto-objects -c .\Generated_Source\PSoC5\EX14.c -o .\CortexM3\ARM_GCC_493\Debug\EX14.o
arm-none-eabi-gcc.exe -mcpu=cortex-m3 -mthumb -Wno-main -I..\inc -I..\..\flexsea-comm\inc -I..\..\flexsea-system\inc -I. -IGenerated_Source\PSoC5 -Wa,-alh=.\CortexM3\ARM_GCC_493\Debug/EX15.lst -g -D DEBUG -Wall -ffunction-sections -Og -ffat-lto-objects -c .\Generated_Source\PSoC5\EX15.c -o .\CortexM3\ARM_GCC_493\Debug\EX15.o
arm-none-eabi-gcc.exe -mcpu=cortex-m3 -mthumb -Wno-main -I..\inc -I..\..\flexsea-comm\inc -I..\..\flexsea-system\inc -I. -IGenerated_Source\PSoC5 -Wa,-alh=.\CortexM3\ARM_GCC_493\Debug/Opamp_2.lst -g -D DEBUG -Wall -ffunction-sections -Og -ffat-lto-objects -c .\Generated_Source\PSoC5\Opamp_2.c -o .\CortexM3\ARM_GCC_493\Debug\Opamp_2.o
arm-none-eabi-gcc.exe -mcpu=cortex-m3 -mthumb -Wno-main -I..\inc -I..\..\flexsea-comm\inc -I..\..\flexsea-system\inc -I. -IGenerated_Source\PSoC5 -Wa,-alh=.\CortexM3\ARM_GCC_493\Debug/Opamp_2_PM.lst -g -D DEBUG -Wall -ffunction-sections -Og -ffat-lto-objects -c .\Generated_Source\PSoC5\Opamp_2_PM.c -o .\CortexM3\ARM_GCC_493\Debug\Opamp_2_PM.o
arm-none-eabi-gcc.exe -mcpu=cortex-m3 -mthumb -Wno-main -I..\inc -I..\..\flexsea-comm\inc -I..\..\flexsea-system\inc -I. -IGenerated_Source\PSoC5 -Wa,-alh=.\CortexM3\ARM_GCC_493\Debug/PWM_2.lst -g -D DEBUG -Wall -ffunction-sections -Og -ffat-lto-objects -c .\Generated_Source\PSoC5\PWM_2.c -o .\CortexM3\ARM_GCC_493\Debug\PWM_2.o
arm-none-eabi-gcc.exe -mcpu=cortex-m3 -mthumb -Wno-main -I..\inc -I..\..\flexsea-comm\inc -I..\..\flexsea-system\inc -I. -IGenerated_Source\PSoC5 -Wa,-alh=.\CortexM3\ARM_GCC_493\Debug/PWM_2_PM.lst -g -D DEBUG -Wall -ffunction-sections -Og -ffat-lto-objects -c .\Generated_Source\PSoC5\PWM_2_PM.c -o .\CortexM3\ARM_GCC_493\Debug\PWM_2_PM.o
arm-none-eabi-gcc.exe -mcpu=cortex-m3 -mthumb -Wno-main -I..\inc -I..\..\flexsea-comm\inc -I..\..\flexsea-system\inc -I. -IGenerated_Source\PSoC5 -Wa,-alh=.\CortexM3\ARM_GCC_493\Debug/PWR.lst -g -D DEBUG -Wall -ffunction-sections -Og -ffat-lto-objects -c .\Generated_Source\PSoC5\PWR.c -o .\CortexM3\ARM_GCC_493\Debug\PWR.o
arm-none-eabi-gcc.exe -mcpu=cortex-m3 -mthumb -Wno-main -I..\inc -I..\..\flexsea-comm\inc -I..\..\flexsea-system\inc -I. -IGenerated_Source\PSoC5 -Wa,-alh=.\CortexM3\ARM_GCC_493\Debug/NOT_RE3.lst -g -D DEBUG -Wall -ffunction-sections -Og -ffat-lto-objects -c .\Generated_Source\PSoC5\NOT_RE3.c -o .\CortexM3\ARM_GCC_493\Debug\NOT_RE3.o
arm-none-eabi-gcc.exe -mcpu=cortex-m3 -mthumb -Wno-main -I..\inc -I..\..\flexsea-comm\inc -I..\..\flexsea-system\inc -I. -IGenerated_Source\PSoC5 -Wa,-alh=.\CortexM3\ARM_GCC_493\Debug/NOT_RE2.lst -g -D DEBUG -Wall -ffunction-sections -Og -ffat-lto-objects -c .\Generated_Source\PSoC5\NOT_RE2.c -o .\CortexM3\ARM_GCC_493\Debug\NOT_RE2.o
arm-none-eabi-gcc.exe -mcpu=cortex-m3 -mthumb -Wno-main -I..\inc -I..\..\flexsea-comm\inc -I..\..\flexsea-system\inc -I. -IGenerated_Source\PSoC5 -Wa,-alh=.\CortexM3\ARM_GCC_493\Debug/TX3.lst -g -D DEBUG -Wall -ffunction-sections -Og -ffat-lto-objects -c .\Generated_Source\PSoC5\TX3.c -o .\CortexM3\ARM_GCC_493\Debug\TX3.o
arm-none-eabi-gcc.exe -mcpu=cortex-m3 -mthumb -Wno-main -I..\inc -I..\..\flexsea-comm\inc -I..\..\flexsea-system\inc -I. -IGenerated_Source\PSoC5 -Wa,-alh=.\CortexM3\ARM_GCC_493\Debug/TX2.lst -g -D DEBUG -Wall -ffunction-sections -Og -ffat-lto-objects -c .\Generated_Source\PSoC5\TX2.c -o .\CortexM3\ARM_GCC_493\Debug\TX2.o
arm-none-eabi-gcc.exe -mcpu=cortex-m3 -mthumb -Wno-main -I..\inc -I..\..\flexsea-comm\inc -I..\..\flexsea-system\inc -I. -IGenerated_Source\PSoC5 -Wa,-alh=.\CortexM3\ARM_GCC_493\Debug/DE3.lst -g -D DEBUG -Wall -ffunction-sections -Og -ffat-lto-objects -c .\Generated_Source\PSoC5\DE3.c -o .\CortexM3\ARM_GCC_493\Debug\DE3.o
arm-none-eabi-gcc.exe -mcpu=cortex-m3 -mthumb -Wno-main -I..\inc -I..\..\flexsea-comm\inc -I..\..\flexsea-system\inc -I. -IGenerated_Source\PSoC5 -Wa,-alh=.\CortexM3\ARM_GCC_493\Debug/DE2.lst -g -D DEBUG -Wall -ffunction-sections -Og -ffat-lto-objects -c .\Generated_Source\PSoC5\DE2.c -o .\CortexM3\ARM_GCC_493\Debug\DE2.o
arm-none-eabi-gcc.exe -mcpu=cortex-m3 -mthumb -Wno-main -I..\inc -I..\..\flexsea-comm\inc -I..\..\flexsea-system\inc -I. -IGenerated_Source\PSoC5 -Wa,-alh=.\CortexM3\ARM_GCC_493\Debug/RX3.lst -g -D DEBUG -Wall -ffunction-sections -Og -ffat-lto-objects -c .\Generated_Source\PSoC5\RX3.c -o .\CortexM3\ARM_GCC_493\Debug\RX3.o
arm-none-eabi-gcc.exe -mcpu=cortex-m3 -mthumb -Wno-main -I..\inc -I..\..\flexsea-comm\inc -I..\..\flexsea-system\inc -I. -IGenerated_Source\PSoC5 -Wa,-alh=.\CortexM3\ARM_GCC_493\Debug/MV1.lst -g -D DEBUG -Wall -ffunction-sections -Og -ffat-lto-objects -c .\Generated_Source\PSoC5\MV1.c -o .\CortexM3\ARM_GCC_493\Debug\MV1.o
arm-none-eabi-gcc.exe -mcpu=cortex-m3 -mthumb -Wno-main -I..\inc -I..\..\flexsea-comm\inc -I..\..\flexsea-system\inc -I. -IGenerated_Source\PSoC5 -Wa,-alh=.\CortexM3\ARM_GCC_493\Debug/DMA_5_dma.lst -g -D DEBUG -Wall -ffunction-sections -Og -ffat-lto-objects -c .\Generated_Source\PSoC5\DMA_5_dma.c -o .\CortexM3\ARM_GCC_493\Debug\DMA_5_dma.o
arm-none-eabi-gcc.exe -mcpu=cortex-m3 -mthumb -Wno-main -I..\inc -I..\..\flexsea-comm\inc -I..\..\flexsea-system\inc -I. -IGenerated_Source\PSoC5 -Wa,-alh=.\CortexM3\ARM_GCC_493\Debug/EX11.lst -g -D DEBUG -Wall -ffunction-sections -Og -ffat-lto-objects -c .\Generated_Source\PSoC5\EX11.c -o .\CortexM3\ARM_GCC_493\Debug\EX11.o
arm-none-eabi-gcc.exe -mcpu=cortex-m3 -mthumb -Wno-main -I..\inc -I..\..\flexsea-comm\inc -I..\..\flexsea-system\inc -I. -IGenerated_Source\PSoC5 -Wa,-alh=.\CortexM3\ARM_GCC_493\Debug/isr_t1.lst -g -D DEBUG -Wall -ffunction-sections -Og -ffat-lto-objects -c .\Generated_Source\PSoC5\isr_t1.c -o .\CortexM3\ARM_GCC_493\Debug\isr_t1.o
arm-none-eabi-gcc.exe -mcpu=cortex-m3 -mthumb -Wno-main -I..\inc -I..\..\flexsea-comm\inc -I..\..\flexsea-system\inc -I. -IGenerated_Source\PSoC5 -Wa,-alh=.\CortexM3\ARM_GCC_493\Debug/WDCLK.lst -g -D DEBUG -Wall -ffunction-sections -Og -ffat-lto-objects -c .\Generated_Source\PSoC5\WDCLK.c -o .\CortexM3\ARM_GCC_493\Debug\WDCLK.o
arm-none-eabi-gcc.exe -mcpu=cortex-m3 -mthumb -Wno-main -I..\inc -I..\..\flexsea-comm\inc -I..\..\flexsea-system\inc -I. -IGenerated_Source\PSoC5 -Wa,-alh=.\CortexM3\ARM_GCC_493\Debug/EX0.lst -g -D DEBUG -Wall -ffunction-sections -Og -ffat-lto-objects -c .\Generated_Source\PSoC5\EX0.c -o .\CortexM3\ARM_GCC_493\Debug\EX0.o
arm-none-eabi-gcc.exe -mcpu=cortex-m3 -mthumb -Wno-main -I..\inc -I..\..\flexsea-comm\inc -I..\..\flexsea-system\inc -I. -IGenerated_Source\PSoC5 -Wa,-alh=.\CortexM3\ARM_GCC_493\Debug/EX5.lst -g -D DEBUG -Wall -ffunction-sections -Og -ffat-lto-objects -c .\Generated_Source\PSoC5\EX5.c -o .\CortexM3\ARM_GCC_493\Debug\EX5.o
arm-none-eabi-gcc.exe -mcpu=cortex-m3 -mthumb -Wno-main -I..\inc -I..\..\flexsea-comm\inc -I..\..\flexsea-system\inc -I. -IGenerated_Source\PSoC5 -Wa,-alh=.\CortexM3\ARM_GCC_493\Debug/I2C_1.lst -g -D DEBUG -Wall -ffunction-sections -Og -ffat-lto-objects -c .\Generated_Source\PSoC5\I2C_1.c -o .\CortexM3\ARM_GCC_493\Debug\I2C_1.o
arm-none-eabi-gcc.exe -mcpu=cortex-m3 -mthumb -Wno-main -I..\inc -I..\..\flexsea-comm\inc -I..\..\flexsea-system\inc -I. -IGenerated_Source\PSoC5 -Wa,-alh=.\CortexM3\ARM_GCC_493\Debug/I2C_1_BOOT.lst -g -D DEBUG -Wall -ffunction-sections -Og -ffat-lto-objects -c .\Generated_Source\PSoC5\I2C_1_BOOT.c -o .\CortexM3\ARM_GCC_493\Debug\I2C_1_BOOT.o
arm-none-eabi-gcc.exe -mcpu=cortex-m3 -mthumb -Wno-main -I..\inc -I..\..\flexsea-comm\inc -I..\..\flexsea-system\inc -I. -IGenerated_Source\PSoC5 -Wa,-alh=.\CortexM3\ARM_GCC_493\Debug/I2C_1_INT.lst -g -D DEBUG -Wall -ffunction-sections -Og -ffat-lto-objects -c .\Generated_Source\PSoC5\I2C_1_INT.c -o .\CortexM3\ARM_GCC_493\Debug\I2C_1_INT.o
arm-none-eabi-gcc.exe -mcpu=cortex-m3 -mthumb -Wno-main -I..\inc -I..\..\flexsea-comm\inc -I..\..\flexsea-system\inc -I. -IGenerated_Source\PSoC5 -Wa,-alh=.\CortexM3\ARM_GCC_493\Debug/I2C_1_PM.lst -g -D DEBUG -Wall -ffunction-sections -Og -ffat-lto-objects -c .\Generated_Source\PSoC5\I2C_1_PM.c -o .\CortexM3\ARM_GCC_493\Debug\I2C_1_PM.o
arm-none-eabi-gcc.exe -mcpu=cortex-m3 -mthumb -Wno-main -I..\inc -I..\..\flexsea-comm\inc -I..\..\flexsea-system\inc -I. -IGenerated_Source\PSoC5 -Wa,-alh=.\CortexM3\ARM_GCC_493\Debug/I2C_1_SLAVE.lst -g -D DEBUG -Wall -ffunction-sections -Og -ffat-lto-objects -c .\Generated_Source\PSoC5\I2C_1_SLAVE.c -o .\CortexM3\ARM_GCC_493\Debug\I2C_1_SLAVE.o
arm-none-eabi-gcc.exe -mcpu=cortex-m3 -mthumb -Wno-main -I..\inc -I..\..\flexsea-comm\inc -I..\..\flexsea-system\inc -I. -IGenerated_Source\PSoC5 -Wa,-alh=.\CortexM3\ARM_GCC_493\Debug/I2C_1_MASTER.lst -g -D DEBUG -Wall -ffunction-sections -Og -ffat-lto-objects -c .\Generated_Source\PSoC5\I2C_1_MASTER.c -o .\CortexM3\ARM_GCC_493\Debug\I2C_1_MASTER.o
arm-none-eabi-gcc.exe -mcpu=cortex-m3 -mthumb -Wno-main -I..\inc -I..\..\flexsea-comm\inc -I..\..\flexsea-system\inc -I. -IGenerated_Source\PSoC5 -Wa,-alh=.\CortexM3\ARM_GCC_493\Debug/EX10.lst -g -D DEBUG -Wall -ffunction-sections -Og -ffat-lto-objects -c .\Generated_Source\PSoC5\EX10.c -o .\CortexM3\ARM_GCC_493\Debug\EX10.o
arm-none-eabi-gcc.exe -mcpu=cortex-m3 -mthumb -Wno-main -I..\inc -I..\..\flexsea-comm\inc -I..\..\flexsea-system\inc -I. -IGenerated_Source\PSoC5 -Wa,-alh=.\CortexM3\ARM_GCC_493\Debug/RX2.lst -g -D DEBUG -Wall -ffunction-sections -Og -ffat-lto-objects -c .\Generated_Source\PSoC5\RX2.c -o .\CortexM3\ARM_GCC_493\Debug\RX2.o
arm-none-eabi-gcc.exe -mcpu=cortex-m3 -mthumb -Wno-main -I..\inc -I..\..\flexsea-comm\inc -I..\..\flexsea-system\inc -I. -IGenerated_Source\PSoC5 -Wa,-alh=.\CortexM3\ARM_GCC_493\Debug/VR1_PRE.lst -g -D DEBUG -Wall -ffunction-sections -Og -ffat-lto-objects -c .\Generated_Source\PSoC5\VR1_PRE.c -o .\CortexM3\ARM_GCC_493\Debug\VR1_PRE.o
arm-none-eabi-gcc.exe -mcpu=cortex-m3 -mthumb -Wno-main -I..\inc -I..\..\flexsea-comm\inc -I..\..\flexsea-system\inc -I. -IGenerated_Source\PSoC5 -Wa,-alh=.\CortexM3\ARM_GCC_493\Debug/VR1.lst -g -D DEBUG -Wall -ffunction-sections -Og -ffat-lto-objects -c .\Generated_Source\PSoC5\VR1.c -o .\CortexM3\ARM_GCC_493\Debug\VR1.o
arm-none-eabi-gcc.exe -mcpu=cortex-m3 -mthumb -Wno-main -I..\inc -I..\..\flexsea-comm\inc -I..\..\flexsea-system\inc -I. -IGenerated_Source\PSoC5 -Wa,-alh=.\CortexM3\ARM_GCC_493\Debug/PWM_1.lst -g -D DEBUG -Wall -ffunction-sections -Og -ffat-lto-objects -c .\Generated_Source\PSoC5\PWM_1.c -o .\CortexM3\ARM_GCC_493\Debug\PWM_1.o
arm-none-eabi-gcc.exe -mcpu=cortex-m3 -mthumb -Wno-main -I..\inc -I..\..\flexsea-comm\inc -I..\..\flexsea-system\inc -I. -IGenerated_Source\PSoC5 -Wa,-alh=.\CortexM3\ARM_GCC_493\Debug/PWM_1_PM.lst -g -D DEBUG -Wall -ffunction-sections -Og -ffat-lto-objects -c .\Generated_Source\PSoC5\PWM_1_PM.c -o .\CortexM3\ARM_GCC_493\Debug\PWM_1_PM.o
arm-none-eabi-gcc.exe -mcpu=cortex-m3 -mthumb -Wno-main -I..\inc -I..\..\flexsea-comm\inc -I..\..\flexsea-system\inc -I. -IGenerated_Source\PSoC5 -Wa,-alh=.\CortexM3\ARM_GCC_493\Debug/EX1.lst -g -D DEBUG -Wall -ffunction-sections -Og -ffat-lto-objects -c .\Generated_Source\PSoC5\EX1.c -o .\CortexM3\ARM_GCC_493\Debug\EX1.o
arm-none-eabi-gcc.exe -mcpu=cortex-m3 -mthumb -Wno-main -I..\inc -I..\..\flexsea-comm\inc -I..\..\flexsea-system\inc -I. -IGenerated_Source\PSoC5 -Wa,-alh=.\CortexM3\ARM_GCC_493\Debug/EX2.lst -g -D DEBUG -Wall -ffunction-sections -Og -ffat-lto-objects -c .\Generated_Source\PSoC5\EX2.c -o .\CortexM3\ARM_GCC_493\Debug\EX2.o
arm-none-eabi-gcc.exe -mcpu=cortex-m3 -mthumb -Wno-main -I..\inc -I..\..\flexsea-comm\inc -I..\..\flexsea-system\inc -I. -IGenerated_Source\PSoC5 -Wa,-alh=.\CortexM3\ARM_GCC_493\Debug/EX3.lst -g -D DEBUG -Wall -ffunction-sections -Og -ffat-lto-objects -c .\Generated_Source\PSoC5\EX3.c -o .\CortexM3\ARM_GCC_493\Debug\EX3.o
arm-none-eabi-gcc.exe -mcpu=cortex-m3 -mthumb -Wno-main -I..\inc -I..\..\flexsea-comm\inc -I..\..\flexsea-system\inc -I. -IGenerated_Source\PSoC5 -Wa,-alh=.\CortexM3\ARM_GCC_493\Debug/EX6.lst -g -D DEBUG -Wall -ffunction-sections -Og -ffat-lto-objects -c .\Generated_Source\PSoC5\EX6.c -o .\CortexM3\ARM_GCC_493\Debug\EX6.o
arm-none-eabi-gcc.exe -mcpu=cortex-m3 -mthumb -Wno-main -I..\inc -I..\..\flexsea-comm\inc -I..\..\flexsea-system\inc -I. -IGenerated_Source\PSoC5 -Wa,-alh=.\CortexM3\ARM_GCC_493\Debug/SPIM_1.lst -g -D DEBUG -Wall -ffunction-sections -Og -ffat-lto-objects -c .\Generated_Source\PSoC5\SPIM_1.c -o .\CortexM3\ARM_GCC_493\Debug\SPIM_1.o
arm-none-eabi-gcc.exe -mcpu=cortex-m3 -mthumb -Wno-main -I..\inc -I..\..\flexsea-comm\inc -I..\..\flexsea-system\inc -I. -IGenerated_Source\PSoC5 -Wa,-alh=.\CortexM3\ARM_GCC_493\Debug/SPIM_1_PM.lst -g -D DEBUG -Wall -ffunction-sections -Og -ffat-lto-objects -c .\Generated_Source\PSoC5\SPIM_1_PM.c -o .\CortexM3\ARM_GCC_493\Debug\SPIM_1_PM.o
arm-none-eabi-gcc.exe -mcpu=cortex-m3 -mthumb -Wno-main -I..\inc -I..\..\flexsea-comm\inc -I..\..\flexsea-system\inc -I. -IGenerated_Source\PSoC5 -Wa,-alh=.\CortexM3\ARM_GCC_493\Debug/SPIM_1_INT.lst -g -D DEBUG -Wall -ffunction-sections -Og -ffat-lto-objects -c .\Generated_Source\PSoC5\SPIM_1_INT.c -o .\CortexM3\ARM_GCC_493\Debug\SPIM_1_INT.o
arm-none-eabi-gcc.exe -mcpu=cortex-m3 -mthumb -Wno-main -I..\inc -I..\..\flexsea-comm\inc -I..\..\flexsea-system\inc -I. -IGenerated_Source\PSoC5 -Wa,-alh=.\CortexM3\ARM_GCC_493\Debug/SPIM_Clk.lst -g -D DEBUG -Wall -ffunction-sections -Og -ffat-lto-objects -c .\Generated_Source\PSoC5\SPIM_Clk.c -o .\CortexM3\ARM_GCC_493\Debug\SPIM_Clk.o
arm-none-eabi-gcc.exe -mcpu=cortex-m3 -mthumb -Wno-main -I..\inc -I..\..\flexsea-comm\inc -I..\..\flexsea-system\inc -I. -IGenerated_Source\PSoC5 -Wa,-alh=.\CortexM3\ARM_GCC_493\Debug/UART_2.lst -g -D DEBUG -Wall -ffunction-sections -Og -ffat-lto-objects -c .\Generated_Source\PSoC5\UART_2.c -o .\CortexM3\ARM_GCC_493\Debug\UART_2.o
arm-none-eabi-gcc.exe -mcpu=cortex-m3 -mthumb -Wno-main -I..\inc -I..\..\flexsea-comm\inc -I..\..\flexsea-system\inc -I. -IGenerated_Source\PSoC5 -Wa,-alh=.\CortexM3\ARM_GCC_493\Debug/UART_2_PM.lst -g -D DEBUG -Wall -ffunction-sections -Og -ffat-lto-objects -c .\Generated_Source\PSoC5\UART_2_PM.c -o .\CortexM3\ARM_GCC_493\Debug\UART_2_PM.o
arm-none-eabi-gcc.exe -mcpu=cortex-m3 -mthumb -Wno-main -I..\inc -I..\..\flexsea-comm\inc -I..\..\flexsea-system\inc -I. -IGenerated_Source\PSoC5 -Wa,-alh=.\CortexM3\ARM_GCC_493\Debug/UART_2_INT.lst -g -D DEBUG -Wall -ffunction-sections -Og -ffat-lto-objects -c .\Generated_Source\PSoC5\UART_2_INT.c -o .\CortexM3\ARM_GCC_493\Debug\UART_2_INT.o
arm-none-eabi-gcc.exe -mcpu=cortex-m3 -mthumb -Wno-main -I..\inc -I..\..\flexsea-comm\inc -I..\..\flexsea-system\inc -I. -IGenerated_Source\PSoC5 -Wa,-alh=.\CortexM3\ARM_GCC_493\Debug/UART_2_BOOT.lst -g -D DEBUG -Wall -ffunction-sections -Og -ffat-lto-objects -c .\Generated_Source\PSoC5\UART_2_BOOT.c -o .\CortexM3\ARM_GCC_493\Debug\UART_2_BOOT.o
arm-none-eabi-gcc.exe -mcpu=cortex-m3 -mthumb -Wno-main -I..\inc -I..\..\flexsea-comm\inc -I..\..\flexsea-system\inc -I. -IGenerated_Source\PSoC5 -Wa,-alh=.\CortexM3\ARM_GCC_493\Debug/RO.lst -g -D DEBUG -Wall -ffunction-sections -Og -ffat-lto-objects -c .\Generated_Source\PSoC5\RO.c -o .\CortexM3\ARM_GCC_493\Debug\RO.o
arm-none-eabi-gcc.exe -mcpu=cortex-m3 -mthumb -Wno-main -I..\inc -I..\..\flexsea-comm\inc -I..\..\flexsea-system\inc -I. -IGenerated_Source\PSoC5 -Wa,-alh=.\CortexM3\ARM_GCC_493\Debug/DI.lst -g -D DEBUG -Wall -ffunction-sections -Og -ffat-lto-objects -c .\Generated_Source\PSoC5\DI.c -o .\CortexM3\ARM_GCC_493\Debug\DI.o
arm-none-eabi-gcc.exe -mcpu=cortex-m3 -mthumb -Wno-main -I..\inc -I..\..\flexsea-comm\inc -I..\..\flexsea-system\inc -I. -IGenerated_Source\PSoC5 -Wa,-alh=.\CortexM3\ARM_GCC_493\Debug/DE.lst -g -D DEBUG -Wall -ffunction-sections -Og -ffat-lto-objects -c .\Generated_Source\PSoC5\DE.c -o .\CortexM3\ARM_GCC_493\Debug\DE.o
arm-none-eabi-gcc.exe -mcpu=cortex-m3 -mthumb -Wno-main -I..\inc -I..\..\flexsea-comm\inc -I..\..\flexsea-system\inc -I. -IGenerated_Source\PSoC5 -Wa,-alh=.\CortexM3\ARM_GCC_493\Debug/Timer_1.lst -g -D DEBUG -Wall -ffunction-sections -Og -ffat-lto-objects -c .\Generated_Source\PSoC5\Timer_1.c -o .\CortexM3\ARM_GCC_493\Debug\Timer_1.o
arm-none-eabi-gcc.exe -mcpu=cortex-m3 -mthumb -Wno-main -I..\inc -I..\..\flexsea-comm\inc -I..\..\flexsea-system\inc -I. -IGenerated_Source\PSoC5 -Wa,-alh=.\CortexM3\ARM_GCC_493\Debug/Timer_1_PM.lst -g -D DEBUG -Wall -ffunction-sections -Og -ffat-lto-objects -c .\Generated_Source\PSoC5\Timer_1_PM.c -o .\CortexM3\ARM_GCC_493\Debug\Timer_1_PM.o
arm-none-eabi-gcc.exe -mcpu=cortex-m3 -mthumb -Wno-main -I..\inc -I..\..\flexsea-comm\inc -I..\..\flexsea-system\inc -I. -IGenerated_Source\PSoC5 -Wa,-alh=.\CortexM3\ARM_GCC_493\Debug/LED_G.lst -g -D DEBUG -Wall -ffunction-sections -Og -ffat-lto-objects -c .\Generated_Source\PSoC5\LED_G.c -o .\CortexM3\ARM_GCC_493\Debug\LED_G.o
arm-none-eabi-gcc.exe -mcpu=cortex-m3 -mthumb -Wno-main -I..\inc -I..\..\flexsea-comm\inc -I..\..\flexsea-system\inc -I. -IGenerated_Source\PSoC5 -Wa,-alh=.\CortexM3\ARM_GCC_493\Debug/LED_B.lst -g -D DEBUG -Wall -ffunction-sections -Og -ffat-lto-objects -c .\Generated_Source\PSoC5\LED_B.c -o .\CortexM3\ARM_GCC_493\Debug\LED_B.o
arm-none-eabi-gcc.exe -mcpu=cortex-m3 -mthumb -Wno-main -I..\inc -I..\..\flexsea-comm\inc -I..\..\flexsea-system\inc -I. -IGenerated_Source\PSoC5 -Wa,-alh=.\CortexM3\ARM_GCC_493\Debug/ADC_SAR_1.lst -g -D DEBUG -Wall -ffunction-sections -Og -ffat-lto-objects -c .\Generated_Source\PSoC5\ADC_SAR_1.c -o .\CortexM3\ARM_GCC_493\Debug\ADC_SAR_1.o
arm-none-eabi-gcc.exe -mcpu=cortex-m3 -mthumb -Wno-main -I..\inc -I..\..\flexsea-comm\inc -I..\..\flexsea-system\inc -I. -IGenerated_Source\PSoC5 -Wa,-alh=.\CortexM3\ARM_GCC_493\Debug/ADC_SAR_1_INT.lst -g -D DEBUG -Wall -ffunction-sections -Og -ffat-lto-objects -c .\Generated_Source\PSoC5\ADC_SAR_1_INT.c -o .\CortexM3\ARM_GCC_493\Debug\ADC_SAR_1_INT.o
arm-none-eabi-gcc.exe -mcpu=cortex-m3 -mthumb -Wno-main -I..\inc -I..\..\flexsea-comm\inc -I..\..\flexsea-system\inc -I. -IGenerated_Source\PSoC5 -Wa,-alh=.\CortexM3\ARM_GCC_493\Debug/ADC_SAR_1_PM.lst -g -D DEBUG -Wall -ffunction-sections -Og -ffat-lto-objects -c .\Generated_Source\PSoC5\ADC_SAR_1_PM.c -o .\CortexM3\ARM_GCC_493\Debug\ADC_SAR_1_PM.o
arm-none-eabi-gcc.exe -mcpu=cortex-m3 -mthumb -Wno-main -I..\inc -I..\..\flexsea-comm\inc -I..\..\flexsea-system\inc -I. -IGenerated_Source\PSoC5 -Wa,-alh=.\CortexM3\ARM_GCC_493\Debug/NOT_RE.lst -g -D DEBUG -Wall -ffunction-sections -Og -ffat-lto-objects -c .\Generated_Source\PSoC5\NOT_RE.c -o .\CortexM3\ARM_GCC_493\Debug\NOT_RE.o
arm-none-eabi-gcc.exe -mcpu=cortex-m3 -mthumb -Wno-main -I..\inc -I..\..\flexsea-comm\inc -I..\..\flexsea-system\inc -I. -IGenerated_Source\PSoC5 -Wa,-alh=.\CortexM3\ARM_GCC_493\Debug/EX4.lst -g -D DEBUG -Wall -ffunction-sections -Og -ffat-lto-objects -c .\Generated_Source\PSoC5\EX4.c -o .\CortexM3\ARM_GCC_493\Debug\EX4.o
arm-none-eabi-gcc.exe -mcpu=cortex-m3 -mthumb -Wno-main -I..\inc -I..\..\flexsea-comm\inc -I..\..\flexsea-system\inc -I. -IGenerated_Source\PSoC5 -Wa,-alh=.\CortexM3\ARM_GCC_493\Debug/EX8.lst -g -D DEBUG -Wall -ffunction-sections -Og -ffat-lto-objects -c .\Generated_Source\PSoC5\EX8.c -o .\CortexM3\ARM_GCC_493\Debug\EX8.o
arm-none-eabi-gcc.exe -mcpu=cortex-m3 -mthumb -Wno-main -I..\inc -I..\..\flexsea-comm\inc -I..\..\flexsea-system\inc -I. -IGenerated_Source\PSoC5 -Wa,-alh=.\CortexM3\ARM_GCC_493\Debug/EX7.lst -g -D DEBUG -Wall -ffunction-sections -Og -ffat-lto-objects -c .\Generated_Source\PSoC5\EX7.c -o .\CortexM3\ARM_GCC_493\Debug\EX7.o
arm-none-eabi-gcc.exe -mcpu=cortex-m3 -mthumb -Wno-main -I..\inc -I..\..\flexsea-comm\inc -I..\..\flexsea-system\inc -I. -IGenerated_Source\PSoC5 -Wa,-alh=.\CortexM3\ARM_GCC_493\Debug/Virtual_Hall.lst -g -D DEBUG -Wall -ffunction-sections -Og -ffat-lto-objects -c .\Generated_Source\PSoC5\Virtual_Hall.c -o .\CortexM3\ARM_GCC_493\Debug\Virtual_Hall.o
arm-none-eabi-gcc.exe -mcpu=cortex-m3 -mthumb -Wno-main -I..\inc -I..\..\flexsea-comm\inc -I..\..\flexsea-system\inc -I. -IGenerated_Source\PSoC5 -Wa,-alh=.\CortexM3\ARM_GCC_493\Debug/Virtual_Hall_PM.lst -g -D DEBUG -Wall -ffunction-sections -Og -ffat-lto-objects -c .\Generated_Source\PSoC5\Virtual_Hall_PM.c -o .\CortexM3\ARM_GCC_493\Debug\Virtual_Hall_PM.o
arm-none-eabi-gcc.exe -mcpu=cortex-m3 -mthumb -Wno-main -I..\inc -I..\..\flexsea-comm\inc -I..\..\flexsea-system\inc -I. -IGenerated_Source\PSoC5 -Wa,-alh=.\CortexM3\ARM_GCC_493\Debug/Use_Hall.lst -g -D DEBUG -Wall -ffunction-sections -Og -ffat-lto-objects -c .\Generated_Source\PSoC5\Use_Hall.c -o .\CortexM3\ARM_GCC_493\Debug\Use_Hall.o
arm-none-eabi-gcc.exe -mcpu=cortex-m3 -mthumb -Wno-main -I..\inc -I..\..\flexsea-comm\inc -I..\..\flexsea-system\inc -I. -IGenerated_Source\PSoC5 -Wa,-alh=.\CortexM3\ARM_GCC_493\Debug/Use_Hall_PM.lst -g -D DEBUG -Wall -ffunction-sections -Og -ffat-lto-objects -c .\Generated_Source\PSoC5\Use_Hall_PM.c -o .\CortexM3\ARM_GCC_493\Debug\Use_Hall_PM.o
arm-none-eabi-gcc.exe -mcpu=cortex-m3 -mthumb -Wno-main -I..\inc -I..\..\flexsea-comm\inc -I..\..\flexsea-system\inc -I. -IGenerated_Source\PSoC5 -Wa,-alh=.\CortexM3\ARM_GCC_493\Debug/isr_sar1_dma.lst -g -D DEBUG -Wall -ffunction-sections -Og -ffat-lto-objects -c .\Generated_Source\PSoC5\isr_sar1_dma.c -o .\CortexM3\ARM_GCC_493\Debug\isr_sar1_dma.o
arm-none-eabi-gcc.exe -mcpu=cortex-m3 -mthumb -Wno-main -I..\inc -I..\..\flexsea-comm\inc -I..\..\flexsea-system\inc -I. -IGenerated_Source\PSoC5 -Wa,-alh=.\CortexM3\ARM_GCC_493\Debug/AMux_1.lst -g -D DEBUG -Wall -ffunction-sections -Og -ffat-lto-objects -c .\Generated_Source\PSoC5\AMux_1.c -o .\CortexM3\ARM_GCC_493\Debug\AMux_1.o
arm-none-eabi-gcc.exe -mcpu=cortex-m3 -mthumb -Wno-main -I..\inc -I..\..\flexsea-comm\inc -I..\..\flexsea-system\inc -I. -IGenerated_Source\PSoC5 -Wa,-alh=.\CortexM3\ARM_GCC_493\Debug/SPI_CLK.lst -g -D DEBUG -Wall -ffunction-sections -Og -ffat-lto-objects -c .\Generated_Source\PSoC5\SPI_CLK.c -o .\CortexM3\ARM_GCC_493\Debug\SPI_CLK.o
arm-none-eabi-gcc.exe -mcpu=cortex-m3 -mthumb -Wno-main -I..\inc -I..\..\flexsea-comm\inc -I..\..\flexsea-system\inc -I. -IGenerated_Source\PSoC5 -Wa,-alh=.\CortexM3\ARM_GCC_493\Debug/SPI_MOSI.lst -g -D DEBUG -Wall -ffunction-sections -Og -ffat-lto-objects -c .\Generated_Source\PSoC5\SPI_MOSI.c -o .\CortexM3\ARM_GCC_493\Debug\SPI_MOSI.o
arm-none-eabi-gcc.exe -mcpu=cortex-m3 -mthumb -Wno-main -I..\inc -I..\..\flexsea-comm\inc -I..\..\flexsea-system\inc -I. -IGenerated_Source\PSoC5 -Wa,-alh=.\CortexM3\ARM_GCC_493\Debug/SPI_MISO.lst -g -D DEBUG -Wall -ffunction-sections -Og -ffat-lto-objects -c .\Generated_Source\PSoC5\SPI_MISO.c -o .\CortexM3\ARM_GCC_493\Debug\SPI_MISO.o
arm-none-eabi-gcc.exe -mcpu=cortex-m3 -mthumb -Wno-main -I..\inc -I..\..\flexsea-comm\inc -I..\..\flexsea-system\inc -I. -IGenerated_Source\PSoC5 -Wa,-alh=.\CortexM3\ARM_GCC_493\Debug/SPIM_2.lst -g -D DEBUG -Wall -ffunction-sections -Og -ffat-lto-objects -c .\Generated_Source\PSoC5\SPIM_2.c -o .\CortexM3\ARM_GCC_493\Debug\SPIM_2.o
arm-none-eabi-gcc.exe -mcpu=cortex-m3 -mthumb -Wno-main -I..\inc -I..\..\flexsea-comm\inc -I..\..\flexsea-system\inc -I. -IGenerated_Source\PSoC5 -Wa,-alh=.\CortexM3\ARM_GCC_493\Debug/SPIM_2_PM.lst -g -D DEBUG -Wall -ffunction-sections -Og -ffat-lto-objects -c .\Generated_Source\PSoC5\SPIM_2_PM.c -o .\CortexM3\ARM_GCC_493\Debug\SPIM_2_PM.o
arm-none-eabi-gcc.exe -mcpu=cortex-m3 -mthumb -Wno-main -I..\inc -I..\..\flexsea-comm\inc -I..\..\flexsea-system\inc -I. -IGenerated_Source\PSoC5 -Wa,-alh=.\CortexM3\ARM_GCC_493\Debug/SPIM_2_INT.lst -g -D DEBUG -Wall -ffunction-sections -Og -ffat-lto-objects -c .\Generated_Source\PSoC5\SPIM_2_INT.c -o .\CortexM3\ARM_GCC_493\Debug\SPIM_2_INT.o
arm-none-eabi-gcc.exe -mcpu=cortex-m3 -mthumb -Wno-main -I..\inc -I..\..\flexsea-comm\inc -I..\..\flexsea-system\inc -I. -IGenerated_Source\PSoC5 -Wa,-alh=.\CortexM3\ARM_GCC_493\Debug/SPI_CS.lst -g -D DEBUG -Wall -ffunction-sections -Og -ffat-lto-objects -c .\Generated_Source\PSoC5\SPI_CS.c -o .\CortexM3\ARM_GCC_493\Debug\SPI_CS.o
arm-none-eabi-gcc.exe -mcpu=cortex-m3 -mthumb -Wno-main -I..\inc -I..\..\flexsea-comm\inc -I..\..\flexsea-system\inc -I. -IGenerated_Source\PSoC5 -Wa,-alh=.\CortexM3\ARM_GCC_493\Debug/PGA_1.lst -g -D DEBUG -Wall -ffunction-sections -Og -ffat-lto-objects -c .\Generated_Source\PSoC5\PGA_1.c -o .\CortexM3\ARM_GCC_493\Debug\PGA_1.o
arm-none-eabi-gcc.exe -mcpu=cortex-m3 -mthumb -Wno-main -I..\inc -I..\..\flexsea-comm\inc -I..\..\flexsea-system\inc -I. -IGenerated_Source\PSoC5 -Wa,-alh=.\CortexM3\ARM_GCC_493\Debug/PGA_1_PM.lst -g -D DEBUG -Wall -ffunction-sections -Og -ffat-lto-objects -c .\Generated_Source\PSoC5\PGA_1_PM.c -o .\CortexM3\ARM_GCC_493\Debug\PGA_1_PM.o
arm-none-eabi-gcc.exe -mcpu=cortex-m3 -mthumb -Wno-main -I..\inc -I..\..\flexsea-comm\inc -I..\..\flexsea-system\inc -I. -IGenerated_Source\PSoC5 -Wa,-alh=.\CortexM3\ARM_GCC_493\Debug/PGA_2.lst -g -D DEBUG -Wall -ffunction-sections -Og -ffat-lto-objects -c .\Generated_Source\PSoC5\PGA_2.c -o .\CortexM3\ARM_GCC_493\Debug\PGA_2.o
arm-none-eabi-gcc.exe -mcpu=cortex-m3 -mthumb -Wno-main -I..\inc -I..\..\flexsea-comm\inc -I..\..\flexsea-system\inc -I. -IGenerated_Source\PSoC5 -Wa,-alh=.\CortexM3\ARM_GCC_493\Debug/PGA_2_PM.lst -g -D DEBUG -Wall -ffunction-sections -Og -ffat-lto-objects -c .\Generated_Source\PSoC5\PGA_2_PM.c -o .\CortexM3\ARM_GCC_493\Debug\PGA_2_PM.o
arm-none-eabi-gcc.exe -mcpu=cortex-m3 -mthumb -Wno-main -I..\inc -I..\..\flexsea-comm\inc -I..\..\flexsea-system\inc -I. -IGenerated_Source\PSoC5 -Wa,-alh=.\CortexM3\ARM_GCC_493\Debug/ADC_SAR_2_IRQ.lst -g -D DEBUG -Wall -ffunction-sections -Og -ffat-lto-objects -c .\Generated_Source\PSoC5\ADC_SAR_2_IRQ.c -o .\CortexM3\ARM_GCC_493\Debug\ADC_SAR_2_IRQ.o
arm-none-eabi-gcc.exe -mcpu=cortex-m3 -mthumb -Wno-main -I..\inc -I..\..\flexsea-comm\inc -I..\..\flexsea-system\inc -I. -IGenerated_Source\PSoC5 -Wa,-alh=.\CortexM3\ARM_GCC_493\Debug/QuadDec_1_isr.lst -g -D DEBUG -Wall -ffunction-sections -Og -ffat-lto-objects -c .\Generated_Source\PSoC5\QuadDec_1_isr.c -o .\CortexM3\ARM_GCC_493\Debug\QuadDec_1_isr.o
arm-none-eabi-gcc.exe -mcpu=cortex-m3 -mthumb -Wno-main -I..\inc -I..\..\flexsea-comm\inc -I..\..\flexsea-system\inc -I. -IGenerated_Source\PSoC5 -Wa,-alh=.\CortexM3\ARM_GCC_493\Debug/QuadDec_1_Cnt16.lst -g -D DEBUG -Wall -ffunction-sections -Og -ffat-lto-objects -c .\Generated_Source\PSoC5\QuadDec_1_Cnt16.c -o .\CortexM3\ARM_GCC_493\Debug\QuadDec_1_Cnt16.o
arm-none-eabi-gcc.exe -mcpu=cortex-m3 -mthumb -Wno-main -I..\inc -I..\..\flexsea-comm\inc -I..\..\flexsea-system\inc -I. -IGenerated_Source\PSoC5 -Wa,-alh=.\CortexM3\ARM_GCC_493\Debug/QuadDec_1_Cnt16_PM.lst -g -D DEBUG -Wall -ffunction-sections -Og -ffat-lto-objects -c .\Generated_Source\PSoC5\QuadDec_1_Cnt16_PM.c -o .\CortexM3\ARM_GCC_493\Debug\QuadDec_1_Cnt16_PM.o
arm-none-eabi-gcc.exe -mcpu=cortex-m3 -mthumb -Wno-main -I..\inc -I..\..\flexsea-comm\inc -I..\..\flexsea-system\inc -I. -IGenerated_Source\PSoC5 -Wa,-alh=.\CortexM3\ARM_GCC_493\Debug/USBUART_1_ep3_dma.lst -g -D DEBUG -Wall -ffunction-sections -Og -ffat-lto-objects -c .\Generated_Source\PSoC5\USBUART_1_ep3_dma.c -o .\CortexM3\ARM_GCC_493\Debug\USBUART_1_ep3_dma.o
arm-none-eabi-gcc.exe -mcpu=cortex-m3 -mthumb -Wno-main -I..\inc -I..\..\flexsea-comm\inc -I..\..\flexsea-system\inc -I. -IGenerated_Source\PSoC5 -Wa,-alh=.\CortexM3\ARM_GCC_493\Debug/USBUART_1_ep2_dma.lst -g -D DEBUG -Wall -ffunction-sections -Og -ffat-lto-objects -c .\Generated_Source\PSoC5\USBUART_1_ep2_dma.c -o .\CortexM3\ARM_GCC_493\Debug\USBUART_1_ep2_dma.o
arm-none-eabi-gcc.exe -mcpu=cortex-m3 -mthumb -Wno-main -I..\inc -I..\..\flexsea-comm\inc -I..\..\flexsea-system\inc -I. -IGenerated_Source\PSoC5 -Wa,-alh=.\CortexM3\ARM_GCC_493\Debug/USBUART_1_ep1_dma.lst -g -D DEBUG -Wall -ffunction-sections -Og -ffat-lto-objects -c .\Generated_Source\PSoC5\USBUART_1_ep1_dma.c -o .\CortexM3\ARM_GCC_493\Debug\USBUART_1_ep1_dma.o
arm-none-eabi-gcc.exe -mcpu=cortex-m3 -mthumb -Wno-main -I..\inc -I..\..\flexsea-comm\inc -I..\..\flexsea-system\inc -I. -IGenerated_Source\PSoC5 -Wa,-alh=.\CortexM3\ARM_GCC_493\Debug/USBUART_1_Dm.lst -g -D DEBUG -Wall -ffunction-sections -Og -ffat-lto-objects -c .\Generated_Source\PSoC5\USBUART_1_Dm.c -o .\CortexM3\ARM_GCC_493\Debug\USBUART_1_Dm.o
arm-none-eabi-gcc.exe -mcpu=cortex-m3 -mthumb -Wno-main -I..\inc -I..\..\flexsea-comm\inc -I..\..\flexsea-system\inc -I. -IGenerated_Source\PSoC5 -Wa,-alh=.\CortexM3\ARM_GCC_493\Debug/USBUART_1_Dp.lst -g -D DEBUG -Wall -ffunction-sections -Og -ffat-lto-objects -c .\Generated_Source\PSoC5\USBUART_1_Dp.c -o .\CortexM3\ARM_GCC_493\Debug\USBUART_1_Dp.o
arm-none-eabi-gcc.exe -mcpu=cortex-m3 -mthumb -Wno-main -I..\inc -I..\..\flexsea-comm\inc -I..\..\flexsea-system\inc -I. -IGenerated_Source\PSoC5 -Wa,-alh=.\CortexM3\ARM_GCC_493\Debug/ADC_DelSig_1_AMux.lst -g -D DEBUG -Wall -ffunction-sections -Og -ffat-lto-objects -c .\Generated_Source\PSoC5\ADC_DelSig_1_AMux.c -o .\CortexM3\ARM_GCC_493\Debug\ADC_DelSig_1_AMux.o
arm-none-eabi-gcc.exe -mcpu=cortex-m3 -mthumb -Wno-main -I..\inc -I..\..\flexsea-comm\inc -I..\..\flexsea-system\inc -I. -IGenerated_Source\PSoC5 -Wa,-alh=.\CortexM3\ARM_GCC_493\Debug/ADC_DelSig_1_Ext_CP_Clk.lst -g -D DEBUG -Wall -ffunction-sections -Og -ffat-lto-objects -c .\Generated_Source\PSoC5\ADC_DelSig_1_Ext_CP_Clk.c -o .\CortexM3\ARM_GCC_493\Debug\ADC_DelSig_1_Ext_CP_Clk.o
arm-none-eabi-gcc.exe -mcpu=cortex-m3 -mthumb -Wno-main -I..\inc -I..\..\flexsea-comm\inc -I..\..\flexsea-system\inc -I. -IGenerated_Source\PSoC5 -Wa,-alh=.\CortexM3\ARM_GCC_493\Debug/ADC_DelSig_1_IRQ.lst -g -D DEBUG -Wall -ffunction-sections -Og -ffat-lto-objects -c .\Generated_Source\PSoC5\ADC_DelSig_1_IRQ.c -o .\CortexM3\ARM_GCC_493\Debug\ADC_DelSig_1_IRQ.o
arm-none-eabi-gcc.exe -mcpu=cortex-m3 -mthumb -Wno-main -I..\inc -I..\..\flexsea-comm\inc -I..\..\flexsea-system\inc -I. -IGenerated_Source\PSoC5 -Wa,-alh=.\CortexM3\ARM_GCC_493\Debug/ADC_DelSig_1_theACLK.lst -g -D DEBUG -Wall -ffunction-sections -Og -ffat-lto-objects -c .\Generated_Source\PSoC5\ADC_DelSig_1_theACLK.c -o .\CortexM3\ARM_GCC_493\Debug\ADC_DelSig_1_theACLK.o
arm-none-eabi-gcc.exe -mcpu=cortex-m3 -mthumb -Wno-main -I..\inc -I..\..\flexsea-comm\inc -I..\..\flexsea-system\inc -I. -IGenerated_Source\PSoC5 -Wa,-alh=.\CortexM3\ARM_GCC_493\Debug/ADC_SAR_1_IRQ.lst -g -D DEBUG -Wall -ffunction-sections -Og -ffat-lto-objects -c .\Generated_Source\PSoC5\ADC_SAR_1_IRQ.c -o .\CortexM3\ARM_GCC_493\Debug\ADC_SAR_1_IRQ.o
arm-none-eabi-gcc.exe -mcpu=cortex-m3 -mthumb -Wno-main -I..\inc -I..\..\flexsea-comm\inc -I..\..\flexsea-system\inc -I. -IGenerated_Source\PSoC5 -Wa,-alh=.\CortexM3\ARM_GCC_493\Debug/ADC_SAR_1_theACLK.lst -g -D DEBUG -Wall -ffunction-sections -Og -ffat-lto-objects -c .\Generated_Source\PSoC5\ADC_SAR_1_theACLK.c -o .\CortexM3\ARM_GCC_493\Debug\ADC_SAR_1_theACLK.o
arm-none-eabi-gcc.exe -mcpu=cortex-m3 -mthumb -Wno-main -I..\inc -I..\..\flexsea-comm\inc -I..\..\flexsea-system\inc -I. -IGenerated_Source\PSoC5 -Wa,-alh=.\CortexM3\ARM_GCC_493\Debug/SPIM_2_IntClock.lst -g -D DEBUG -Wall -ffunction-sections -Og -ffat-lto-objects -c .\Generated_Source\PSoC5\SPIM_2_IntClock.c -o .\CortexM3\ARM_GCC_493\Debug\SPIM_2_IntClock.o
arm-none-eabi-gcc.exe -mcpu=cortex-m3 -mthumb -Wno-main -I..\inc -I..\..\flexsea-comm\inc -I..\..\flexsea-system\inc -I. -IGenerated_Source\PSoC5 -Wa,-alh=.\CortexM3\ARM_GCC_493\Debug/CyHBUS_40MHZ.lst -g -D DEBUG -Wall -ffunction-sections -Og -ffat-lto-objects -c .\Generated_Source\PSoC5\CyHBUS_40MHZ.c -o .\CortexM3\ARM_GCC_493\Debug\CyHBUS_40MHZ.o
arm-none-eabi-gcc.exe -mcpu=cortex-m3 -mthumb -Wno-main -I..\inc -I..\..\flexsea-comm\inc -I..\..\flexsea-system\inc -I. -IGenerated_Source\PSoC5 -Wa,-alh=.\CortexM3\ARM_GCC_493\Debug/CyADCCLK.lst -g -D DEBUG -Wall -ffunction-sections -Og -ffat-lto-objects -c .\Generated_Source\PSoC5\CyADCCLK.c -o .\CortexM3\ARM_GCC_493\Debug\CyADCCLK.o
arm-none-eabi-gcc.exe -mcpu=cortex-m3 -mthumb -Wno-main -I..\inc -I..\..\flexsea-comm\inc -I..\..\flexsea-system\inc -I. -IGenerated_Source\PSoC5 -Wa,-alh=.\CortexM3\ARM_GCC_493\Debug/CyCLK_6M4HZ.lst -g -D DEBUG -Wall -ffunction-sections -Og -ffat-lto-objects -c .\Generated_Source\PSoC5\CyCLK_6M4HZ.c -o .\CortexM3\ARM_GCC_493\Debug\CyCLK_6M4HZ.o
arm-none-eabi-gcc.exe -mcpu=cortex-m3 -mthumb -Wno-main -I..\inc -I..\..\flexsea-comm\inc -I..\..\flexsea-system\inc -I. -IGenerated_Source\PSoC5 -Wa,-alh=.\CortexM3\ARM_GCC_493\Debug/Cm3Start.lst -g -D DEBUG -Wall -ffunction-sections -Og -ffat-lto-objects -c .\Generated_Source\PSoC5\Cm3Start.c -o .\CortexM3\ARM_GCC_493\Debug\Cm3Start.o
arm-none-eabi-as.exe -mcpu=cortex-m3 -mthumb -I. -IGenerated_Source\PSoC5 -alh=.\CortexM3\ARM_GCC_493\Debug/CyBootAsmGnu.lst -g -W -o .\CortexM3\ARM_GCC_493\Debug\CyBootAsmGnu.o .\Generated_Source\PSoC5\CyBootAsmGnu.s
arm-none-eabi-gcc.exe -mcpu=cortex-m3 -mthumb -Wno-main -I..\inc -I..\..\flexsea-comm\inc -I..\..\flexsea-system\inc -I. -IGenerated_Source\PSoC5 -Wa,-alh=.\CortexM3\ARM_GCC_493\Debug/CyDmac.lst -g -D DEBUG -Wall -ffunction-sections -Og -ffat-lto-objects -c .\Generated_Source\PSoC5\CyDmac.c -o .\CortexM3\ARM_GCC_493\Debug\CyDmac.o
arm-none-eabi-gcc.exe -mcpu=cortex-m3 -mthumb -Wno-main -I..\inc -I..\..\flexsea-comm\inc -I..\..\flexsea-system\inc -I. -IGenerated_Source\PSoC5 -Wa,-alh=.\CortexM3\ARM_GCC_493\Debug/CyFlash.lst -g -D DEBUG -Wall -ffunction-sections -Og -ffat-lto-objects -c .\Generated_Source\PSoC5\CyFlash.c -o .\CortexM3\ARM_GCC_493\Debug\CyFlash.o
arm-none-eabi-gcc.exe -mcpu=cortex-m3 -mthumb -Wno-main -I..\inc -I..\..\flexsea-comm\inc -I..\..\flexsea-system\inc -I. -IGenerated_Source\PSoC5 -Wa,-alh=.\CortexM3\ARM_GCC_493\Debug/CyLib.lst -g -D DEBUG -Wall -ffunction-sections -Og -ffat-lto-objects -c .\Generated_Source\PSoC5\CyLib.c -o .\CortexM3\ARM_GCC_493\Debug\CyLib.o
arm-none-eabi-gcc.exe -mcpu=cortex-m3 -mthumb -Wno-main -I..\inc -I..\..\flexsea-comm\inc -I..\..\flexsea-system\inc -I. -IGenerated_Source\PSoC5 -Wa,-alh=.\CortexM3\ARM_GCC_493\Debug/cyPm.lst -g -D DEBUG -Wall -ffunction-sections -Og -ffat-lto-objects -c .\Generated_Source\PSoC5\cyPm.c -o .\CortexM3\ARM_GCC_493\Debug\cyPm.o
arm-none-eabi-gcc.exe -mcpu=cortex-m3 -mthumb -Wno-main -I..\inc -I..\..\flexsea-comm\inc -I..\..\flexsea-system\inc -I. -IGenerated_Source\PSoC5 -Wa,-alh=.\CortexM3\ARM_GCC_493\Debug/CySpc.lst -g -D DEBUG -Wall -ffunction-sections -Og -ffat-lto-objects -c .\Generated_Source\PSoC5\CySpc.c -o .\CortexM3\ARM_GCC_493\Debug\CySpc.o
arm-none-eabi-gcc.exe -mcpu=cortex-m3 -mthumb -Wno-main -I..\inc -I..\..\flexsea-comm\inc -I..\..\flexsea-system\inc -I. -IGenerated_Source\PSoC5 -Wa,-alh=.\CortexM3\ARM_GCC_493\Debug/cyutils.lst -g -D DEBUG -Wall -ffunction-sections -Og -ffat-lto-objects -c .\Generated_Source\PSoC5\cyutils.c -o .\CortexM3\ARM_GCC_493\Debug\cyutils.o
arm-none-eabi-ar.exe -rs .\CortexM3\ARM_GCC_493\Debug\execute_1_0.a .\CortexM3\ARM_GCC_493\Debug\cyfitter_cfg.o .\CortexM3\ARM_GCC_493\Debug\ADC_SAR_2.o .\CortexM3\ARM_GCC_493\Debug\ADC_SAR_2_INT.o .\CortexM3\ARM_GCC_493\Debug\ADC_SAR_2_PM.o .\CortexM3\ARM_GCC_493\Debug\CS1.o .\CortexM3\ARM_GCC_493\Debug\Opamp_1.o .\CortexM3\ARM_GCC_493\Debug\Opamp_1_PM.o .\CortexM3\ARM_GCC_493\Debug\DieTemp_1.o .\CortexM3\ARM_GCC_493\Debug\DMA_2_dma.o .\CortexM3\ARM_GCC_493\Debug\isr_delsig.o .\CortexM3\ARM_GCC_493\Debug\AOP_OUT.o .\CortexM3\ARM_GCC_493\Debug\SDA_1.o .\CortexM3\ARM_GCC_493\Debug\DMA_3_dma.o .\CortexM3\ARM_GCC_493\Debug\QuadDec_1.o .\CortexM3\ARM_GCC_493\Debug\QuadDec_1_INT.o .\CortexM3\ARM_GCC_493\Debug\QuadDec_1_PM.o .\CortexM3\ARM_GCC_493\Debug\MUXO.o .\CortexM3\ARM_GCC_493\Debug\EX12.o .\CortexM3\ARM_GCC_493\Debug\AOP_IN.o .\CortexM3\ARM_GCC_493\Debug\LED_2.o .\CortexM3\ARM_GCC_493\Debug\isr_dma_uart_rx.o .\CortexM3\ARM_GCC_493\Debug\DMA_4_dma.o .\CortexM3\ARM_GCC_493\Debug\UART_DMA_XMIT.o .\CortexM3\ARM_GCC_493\Debug\UART_DMA_XMIT_PM.o .\CortexM3\ARM_GCC_493\Debug\isr_dma_uart_tx.o .\CortexM3\ARM_GCC_493\Debug\LED_HB.o .\CortexM3\ARM_GCC_493\Debug\LED_R.o .\CortexM3\ARM_GCC_493\Debug\Timer_2.o .\CortexM3\ARM_GCC_493\Debug\Timer_2_PM.o .\CortexM3\ARM_GCC_493\Debug\VDAC8_1.o .\CortexM3\ARM_GCC_493\Debug\VDAC8_1_PM.o .\CortexM3\ARM_GCC_493\Debug\CS2.o .\CortexM3\ARM_GCC_493\Debug\CS3.o .\CortexM3\ARM_GCC_493\Debug\ADC_CLK.o .\CortexM3\ARM_GCC_493\Debug\DMA_1_dma.o .\CortexM3\ARM_GCC_493\Debug\isr_sar2_dma.o .\CortexM3\ARM_GCC_493\Debug\isr_t2.o .\CortexM3\ARM_GCC_493\Debug\T2_RESET.o .\CortexM3\ARM_GCC_493\Debug\T2_RESET_PM.o .\CortexM3\ARM_GCC_493\Debug\Coast_Brake.o .\CortexM3\ARM_GCC_493\Debug\Coast_Brake_PM.o .\CortexM3\ARM_GCC_493\Debug\USBUART_1.o .\CortexM3\ARM_GCC_493\Debug\USBUART_1_audio.o .\CortexM3\ARM_GCC_493\Debug\USBUART_1_boot.o .\CortexM3\ARM_GCC_493\Debug\USBUART_1_cdc.o .\CortexM3\ARM_GCC_493\Debug\USBUART_1_cls.o .\CortexM3\ARM_GCC_493\Debug\USBUART_1_descr.o .\CortexM3\ARM_GCC_493\Debug\USBUART_1_drv.o .\CortexM3\ARM_GCC_493\Debug\USBUART_1_episr.o .\CortexM3\ARM_GCC_493\Debug\USBUART_1_hid.o .\CortexM3\ARM_GCC_493\Debug\USBUART_1_pm.o .\CortexM3\ARM_GCC_493\Debug\USBUART_1_std.o .\CortexM3\ARM_GCC_493\Debug\USBUART_1_vnd.o .\CortexM3\ARM_GCC_493\Debug\USBUART_1_midi.o .\CortexM3\ARM_GCC_493\Debug\EX9.o .\CortexM3\ARM_GCC_493\Debug\MotorDirection.o .\CortexM3\ARM_GCC_493\Debug\MotorDirection_PM.o .\CortexM3\ARM_GCC_493\Debug\SCL_1.o .\CortexM3\ARM_GCC_493\Debug\MV3.o .\CortexM3\ARM_GCC_493\Debug\PWMH1.o .\CortexM3\ARM_GCC_493\Debug\EX13.o .\CortexM3\ARM_GCC_493\Debug\ADC_DelSig_1.o .\CortexM3\ARM_GCC_493\Debug\ADC_DelSig_1_PM.o .\CortexM3\ARM_GCC_493\Debug\ADC_DelSig_1_INT.o .\CortexM3\ARM_GCC_493\Debug\PWML1.o .\CortexM3\ARM_GCC_493\Debug\PWML3.o .\CortexM3\ARM_GCC_493\Debug\PWMH3.o .\CortexM3\ARM_GCC_493\Debug\PWML2.o .\CortexM3\ARM_GCC_493\Debug\PWMH2.o .\CortexM3\ARM_GCC_493\Debug\I2C_0.o .\CortexM3\ARM_GCC_493\Debug\I2C_0_BOOT.o .\CortexM3\ARM_GCC_493\Debug\I2C_0_INT.o .\CortexM3\ARM_GCC_493\Debug\I2C_0_PM.o .\CortexM3\ARM_GCC_493\Debug\I2C_0_SLAVE.o .\CortexM3\ARM_GCC_493\Debug\I2C_0_MASTER.o .\CortexM3\ARM_GCC_493\Debug\SCL_0.o .\CortexM3\ARM_GCC_493\Debug\SDA_0.o .\CortexM3\ARM_GCC_493\Debug\MV2.o .\CortexM3\ARM_GCC_493\Debug\C8M.o .\CortexM3\ARM_GCC_493\Debug\SG_VO1.o .\CortexM3\ARM_GCC_493\Debug\EX14.o .\CortexM3\ARM_GCC_493\Debug\EX15.o .\CortexM3\ARM_GCC_493\Debug\Opamp_2.o .\CortexM3\ARM_GCC_493\Debug\Opamp_2_PM.o .\CortexM3\ARM_GCC_493\Debug\PWM_2.o .\CortexM3\ARM_GCC_493\Debug\PWM_2_PM.o .\CortexM3\ARM_GCC_493\Debug\PWR.o .\CortexM3\ARM_GCC_493\Debug\NOT_RE3.o .\CortexM3\ARM_GCC_493\Debug\NOT_RE2.o .\CortexM3\ARM_GCC_493\Debug\TX3.o .\CortexM3\ARM_GCC_493\Debug\TX2.o .\CortexM3\ARM_GCC_493\Debug\DE3.o .\CortexM3\ARM_GCC_493\Debug\DE2.o .\CortexM3\ARM_GCC_493\Debug\RX3.o .\CortexM3\ARM_GCC_493\Debug\MV1.o .\CortexM3\ARM_GCC_493\Debug\DMA_5_dma.o .\CortexM3\ARM_GCC_493\Debug\EX11.o .\CortexM3\ARM_GCC_493\Debug\isr_t1.o .\CortexM3\ARM_GCC_493\Debug\WDCLK.o .\CortexM3\ARM_GCC_493\Debug\EX0.o .\CortexM3\ARM_GCC_493\Debug\EX5.o .\CortexM3\ARM_GCC_493\Debug\I2C_1.o .\CortexM3\ARM_GCC_493\Debug\I2C_1_BOOT.o .\CortexM3\ARM_GCC_493\Debug\I2C_1_INT.o .\CortexM3\ARM_GCC_493\Debug\I2C_1_PM.o .\CortexM3\ARM_GCC_493\Debug\I2C_1_SLAVE.o .\CortexM3\ARM_GCC_493\Debug\I2C_1_MASTER.o .\CortexM3\ARM_GCC_493\Debug\EX10.o .\CortexM3\ARM_GCC_493\Debug\RX2.o .\CortexM3\ARM_GCC_493\Debug\VR1_PRE.o .\CortexM3\ARM_GCC_493\Debug\VR1.o .\CortexM3\ARM_GCC_493\Debug\PWM_1.o .\CortexM3\ARM_GCC_493\Debug\PWM_1_PM.o .\CortexM3\ARM_GCC_493\Debug\EX1.o .\CortexM3\ARM_GCC_493\Debug\EX2.o .\CortexM3\ARM_GCC_493\Debug\EX3.o .\CortexM3\ARM_GCC_493\Debug\EX6.o .\CortexM3\ARM_GCC_493\Debug\SPIM_1.o .\CortexM3\ARM_GCC_493\Debug\SPIM_1_PM.o .\CortexM3\ARM_GCC_493\Debug\SPIM_1_INT.o .\CortexM3\ARM_GCC_493\Debug\SPIM_Clk.o .\CortexM3\ARM_GCC_493\Debug\UART_2.o .\CortexM3\ARM_GCC_493\Debug\UART_2_PM.o .\CortexM3\ARM_GCC_493\Debug\UART_2_INT.o .\CortexM3\ARM_GCC_493\Debug\UART_2_BOOT.o .\CortexM3\ARM_GCC_493\Debug\RO.o .\CortexM3\ARM_GCC_493\Debug\DI.o .\CortexM3\ARM_GCC_493\Debug\DE.o .\CortexM3\ARM_GCC_493\Debug\Timer_1.o .\CortexM3\ARM_GCC_493\Debug\Timer_1_PM.o .\CortexM3\ARM_GCC_493\Debug\LED_G.o .\CortexM3\ARM_GCC_493\Debug\LED_B.o .\CortexM3\ARM_GCC_493\Debug\ADC_SAR_1.o .\CortexM3\ARM_GCC_493\Debug\ADC_SAR_1_INT.o .\CortexM3\ARM_GCC_493\Debug\ADC_SAR_1_PM.o .\CortexM3\ARM_GCC_493\Debug\NOT_RE.o .\CortexM3\ARM_GCC_493\Debug\EX4.o .\CortexM3\ARM_GCC_493\Debug\EX8.o .\CortexM3\ARM_GCC_493\Debug\EX7.o .\CortexM3\ARM_GCC_493\Debug\Virtual_Hall.o .\CortexM3\ARM_GCC_493\Debug\Virtual_Hall_PM.o .\CortexM3\ARM_GCC_493\Debug\Use_Hall.o .\CortexM3\ARM_GCC_493\Debug\Use_Hall_PM.o .\CortexM3\ARM_GCC_493\Debug\isr_sar1_dma.o .\CortexM3\ARM_GCC_493\Debug\AMux_1.o .\CortexM3\ARM_GCC_493\Debug\SPI_CLK.o .\CortexM3\ARM_GCC_493\Debug\SPI_MOSI.o .\CortexM3\ARM_GCC_493\Debug\SPI_MISO.o .\CortexM3\ARM_GCC_493\Debug\SPIM_2.o .\CortexM3\ARM_GCC_493\Debug\SPIM_2_PM.o .\CortexM3\ARM_GCC_493\Debug\SPIM_2_INT.o .\CortexM3\ARM_GCC_493\Debug\SPI_CS.o .\CortexM3\ARM_GCC_493\Debug\PGA_1.o .\CortexM3\ARM_GCC_493\Debug\PGA_1_PM.o .\CortexM3\ARM_GCC_493\Debug\PGA_2.o .\CortexM3\ARM_GCC_493\Debug\PGA_2_PM.o .\CortexM3\ARM_GCC_493\Debug\ADC_SAR_2_IRQ.o .\CortexM3\ARM_GCC_493\Debug\QuadDec_1_isr.o .\CortexM3\ARM_GCC_493\Debug\QuadDec_1_Cnt16.o .\CortexM3\ARM_GCC_493\Debug\QuadDec_1_Cnt16_PM.o .\CortexM3\ARM_GCC_493\Debug\USBUART_1_ep3_dma.o .\CortexM3\ARM_GCC_493\Debug\USBUART_1_ep2_dma.o .\CortexM3\ARM_GCC_493\Debug\USBUART_1_ep1_dma.o .\CortexM3\ARM_GCC_493\Debug\USBUART_1_Dm.o .\CortexM3\ARM_GCC_493\Debug\USBUART_1_Dp.o .\CortexM3\ARM_GCC_493\Debug\ADC_DelSig_1_AMux.o .\CortexM3\ARM_GCC_493\Debug\ADC_DelSig_1_Ext_CP_Clk.o .\CortexM3\ARM_GCC_493\Debug\ADC_DelSig_1_IRQ.o .\CortexM3\ARM_GCC_493\Debug\ADC_DelSig_1_theACLK.o .\CortexM3\ARM_GCC_493\Debug\ADC_SAR_1_IRQ.o .\CortexM3\ARM_GCC_493\Debug\ADC_SAR_1_theACLK.o .\CortexM3\ARM_GCC_493\Debug\SPIM_2_IntClock.o .\CortexM3\ARM_GCC_493\Debug\CyHBUS_40MHZ.o .\CortexM3\ARM_GCC_493\Debug\CyADCCLK.o .\CortexM3\ARM_GCC_493\Debug\CyCLK_6M4HZ.o .\CortexM3\ARM_GCC_493\Debug\CyBootAsmGnu.o .\CortexM3\ARM_GCC_493\Debug\CyDmac.o .\CortexM3\ARM_GCC_493\Debug\CyFlash.o .\CortexM3\ARM_GCC_493\Debug\CyLib.o .\CortexM3\ARM_GCC_493\Debug\cyPm.o .\CortexM3\ARM_GCC_493\Debug\CySpc.o .\CortexM3\ARM_GCC_493\Debug\cyutils.o
arm-none-eabi-ar.exe: creating .\CortexM3\ARM_GCC_493\Debug\execute_1_0.a
arm-none-eabi-gcc.exe -Wl,--start-group -o .\CortexM3\ARM_GCC_493\Debug\execute_1_0.elf .\CortexM3\ARM_GCC_493\Debug\analog.o .\CortexM3\ARM_GCC_493\Debug\control.o .\CortexM3\ARM_GCC_493\Debug\demo.o .\CortexM3\ARM_GCC_493\Debug\ext_input.o .\CortexM3\ARM_GCC_493\Debug\gen_waveform.o .\CortexM3\ARM_GCC_493\Debug\imu.o .\CortexM3\ARM_GCC_493\Debug\isr_callbacks.o .\CortexM3\ARM_GCC_493\Debug\main.o .\CortexM3\ARM_GCC_493\Debug\misc.o .\CortexM3\ARM_GCC_493\Debug\motor.o .\CortexM3\ARM_GCC_493\Debug\peripherals.o .\CortexM3\ARM_GCC_493\Debug\safety.o .\CortexM3\ARM_GCC_493\Debug\sensor_commut.o .\CortexM3\ARM_GCC_493\Debug\serial.o .\CortexM3\ARM_GCC_493\Debug\strain.o .\CortexM3\ARM_GCC_493\Debug\trapez.o .\CortexM3\ARM_GCC_493\Debug\ui.o .\CortexM3\ARM_GCC_493\Debug\usb.o .\CortexM3\ARM_GCC_493\Debug\user_exo.o .\CortexM3\ARM_GCC_493\Debug\ext_output.o .\CortexM3\ARM_GCC_493\Debug\i2c.o .\CortexM3\ARM_GCC_493\Debug\user_csea_knee.o .\CortexM3\ARM_GCC_493\Debug\user_ricnu_knee.o .\CortexM3\ARM_GCC_493\Debug\user_ankle_2dof.o .\CortexM3\ARM_GCC_493\Debug\user_dsdm.o .\CortexM3\ARM_GCC_493\Debug\user.o .\CortexM3\ARM_GCC_493\Debug\main_fsm.o .\CortexM3\ARM_GCC_493\Debug\flexsea.o .\CortexM3\ARM_GCC_493\Debug\flexsea_buffers.o .\CortexM3\ARM_GCC_493\Debug\flexsea_comm.o .\CortexM3\ARM_GCC_493\Debug\flexsea_payload.o .\CortexM3\ARM_GCC_493\Debug\flexsea_cmd_application.o .\CortexM3\ARM_GCC_493\Debug\flexsea_cmd_control.o .\CortexM3\ARM_GCC_493\Debug\flexsea_cmd_external.o .\CortexM3\ARM_GCC_493\Debug\flexsea_cmd_sensors.o .\CortexM3\ARM_GCC_493\Debug\flexsea_system.o .\CortexM3\ARM_GCC_493\Debug\flexsea_cmd_data.o .\CortexM3\ARM_GCC_493\Debug\flexsea_board.o .\CortexM3\ARM_GCC_493\Debug\cymetadata.o .\CortexM3\ARM_GCC_493\Debug\Cm3Start.o .\CortexM3\ARM_GCC_493\Debug\execute_1_0.a "C:\Program Files (x86)\Cypress\PSoC Creator\3.3\PSoC Creator\psoc\content\cycomponentlibrary\CyComponentLibrary.cylib\CortexM3\ARM_GCC_493\Debug\CyComponentLibrary.a" -mcpu=cortex-m3 -mthumb -g -ffunction-sections -Og -l m -L Generated_Source\PSoC5 -Wl,-Map,.\CortexM3\ARM_GCC_493\Debug/execute_1_0.map -T Generated_Source\PSoC5\cm3gcc.ld -specs=nano.specs -Wl,--gc-sections -Wl,--end-group
cyelftool.exe -C C:\FlexSEA_alx87grd\execute\execute_1_0.cydsn\CortexM3\ARM_GCC_493\Debug\execute_1_0.elf --flash_row_size 256 --flash_size 262144
cyelftool.exe -S C:\FlexSEA_alx87grd\execute\execute_1_0.cydsn\CortexM3\ARM_GCC_493\Debug\execute_1_0.elf
Flash used: 39680 of 262144 bytes (15.1 %).
SRAM used: 5965 of 65536 bytes (9.1 %). Stack: 2048 bytes. Heap: 128 bytes.
--------------- Build Succeeded: 10/05/2016 16:02:17 ---------------
