ARM GAS  C:\Users\Alex\AppData\Local\Temp\ccpUBkFI.s 			page 1


   1              		.syntax unified
   2              		.cpu cortex-m3
   3              		.fpu softvfp
   4              		.eabi_attribute 20, 1
   5              		.eabi_attribute 21, 1
   6              		.eabi_attribute 23, 3
   7              		.eabi_attribute 24, 1
   8              		.eabi_attribute 25, 1
   9              		.eabi_attribute 26, 1
  10              		.eabi_attribute 30, 1
  11              		.eabi_attribute 34, 1
  12              		.eabi_attribute 18, 4
  13              		.thumb
  14              		.file	"ext_output.c"
  15              		.text
  16              	.Ltext0:
  17              		.cfi_sections	.debug_frame
  18              		.global _printf_float
  19              		.thumb
  20              		.section	.text.init_pwro,"ax",%progbits
  21              		.align	2
  22              		.global	init_pwro
  23              		.thumb
  24              		.thumb_func
  25              		.type	init_pwro, %function
  26              	init_pwro:
  27              	.LFB63:
  28              		.file 1 "..\\src\\ext_output.c"
   1:..\src/ext_output.c **** //****************************************************************************
   2:..\src/ext_output.c **** // MIT Media Lab - Biomechatronics
   3:..\src/ext_output.c **** // Jean-Francois (Jeff) Duval
   4:..\src/ext_output.c **** // jfduval@media.mit.edu
   5:..\src/ext_output.c **** // 04/2016
   6:..\src/ext_output.c **** //****************************************************************************
   7:..\src/ext_output.c **** // ext_input: External Output Devices/Actuators
   8:..\src/ext_output.c **** //****************************************************************************
   9:..\src/ext_output.c **** 
  10:..\src/ext_output.c **** //****************************************************************************
  11:..\src/ext_output.c **** // Include(s)
  12:..\src/ext_output.c **** //****************************************************************************
  13:..\src/ext_output.c **** 
  14:..\src/ext_output.c **** #include "main.h"
  15:..\src/ext_output.c **** #include "ext_output.h"
  16:..\src/ext_output.c **** 
  17:..\src/ext_output.c **** //****************************************************************************
  18:..\src/ext_output.c **** // Variable(s)
  19:..\src/ext_output.c **** //****************************************************************************
  20:..\src/ext_output.c **** 
  21:..\src/ext_output.c **** uint8 clutch_pwm = 0;
  22:..\src/ext_output.c **** 
  23:..\src/ext_output.c **** //****************************************************************************
  24:..\src/ext_output.c **** // Private Function Prototype(s):
  25:..\src/ext_output.c **** //****************************************************************************	
  26:..\src/ext_output.c **** 
  27:..\src/ext_output.c **** 
  28:..\src/ext_output.c **** //****************************************************************************
  29:..\src/ext_output.c **** // Public Function(s)
ARM GAS  C:\Users\Alex\AppData\Local\Temp\ccpUBkFI.s 			page 2


  30:..\src/ext_output.c **** //****************************************************************************
  31:..\src/ext_output.c **** 
  32:..\src/ext_output.c **** //Configuration for the clutch
  33:..\src/ext_output.c **** void init_pwro(void)
  34:..\src/ext_output.c **** {
  29              		.loc 1 34 0
  30              		.cfi_startproc
  31              		@ args = 0, pretend = 0, frame = 0
  32              		@ frame_needed = 0, uses_anonymous_args = 0
  33 0000 08B5     		push	{r3, lr}
  34              		.cfi_def_cfa_offset 8
  35              		.cfi_offset 3, -8
  36              		.cfi_offset 14, -4
  35:..\src/ext_output.c **** 	//PWM2: Clutch
  36:..\src/ext_output.c **** 	PWM_2_Start();
  37              		.loc 1 36 0
  38 0002 FFF7FEFF 		bl	PWM_2_Start
  39              	.LVL0:
  37:..\src/ext_output.c **** 	PWM_2_WriteCompare(0);	//Start at 0%
  40              		.loc 1 37 0
  41 0006 0020     		movs	r0, #0
  42 0008 FFF7FEFF 		bl	PWM_2_WriteCompare
  43              	.LVL1:
  44 000c 08BD     		pop	{r3, pc}
  45              		.cfi_endproc
  46              	.LFE63:
  47              		.size	init_pwro, .-init_pwro
  48 000e 00BF     		.section	.text.pwro_output,"ax",%progbits
  49              		.align	2
  50              		.global	pwro_output
  51              		.thumb
  52              		.thumb_func
  53              		.type	pwro_output, %function
  54              	pwro_output:
  55              	.LFB64:
  38:..\src/ext_output.c **** }
  39:..\src/ext_output.c **** 
  40:..\src/ext_output.c **** //PWM, power output
  41:..\src/ext_output.c **** void pwro_output(uint8 value)
  42:..\src/ext_output.c **** {
  56              		.loc 1 42 0
  57              		.cfi_startproc
  58              		@ args = 0, pretend = 0, frame = 0
  59              		@ frame_needed = 0, uses_anonymous_args = 0
  60              	.LVL2:
  61 0000 08B5     		push	{r3, lr}
  62              		.cfi_def_cfa_offset 8
  63              		.cfi_offset 3, -8
  64              		.cfi_offset 14, -4
  43:..\src/ext_output.c **** 	clutch_pwm = value;
  65              		.loc 1 43 0
  66 0002 024B     		ldr	r3, .L5
  67 0004 1870     		strb	r0, [r3]
  44:..\src/ext_output.c **** 	PWM_2_WriteCompare(clutch_pwm);
  68              		.loc 1 44 0
  69 0006 FFF7FEFF 		bl	PWM_2_WriteCompare
  70              	.LVL3:
ARM GAS  C:\Users\Alex\AppData\Local\Temp\ccpUBkFI.s 			page 3


  71 000a 08BD     		pop	{r3, pc}
  72              	.L6:
  73              		.align	2
  74              	.L5:
  75 000c 00000000 		.word	.LANCHOR0
  76              		.cfi_endproc
  77              	.LFE64:
  78              		.size	pwro_output, .-pwro_output
  79              		.section	.text.read_pwro,"ax",%progbits
  80              		.align	2
  81              		.global	read_pwro
  82              		.thumb
  83              		.thumb_func
  84              		.type	read_pwro, %function
  85              	read_pwro:
  86              	.LFB65:
  45:..\src/ext_output.c **** }
  46:..\src/ext_output.c **** 
  47:..\src/ext_output.c **** //Returns the PWM value of the power output
  48:..\src/ext_output.c **** uint8 read_pwro(void)
  49:..\src/ext_output.c **** {
  87              		.loc 1 49 0
  88              		.cfi_startproc
  89              		@ args = 0, pretend = 0, frame = 0
  90              		@ frame_needed = 0, uses_anonymous_args = 0
  91              		@ link register save eliminated.
  50:..\src/ext_output.c **** 	return clutch_pwm;
  51:..\src/ext_output.c **** }
  92              		.loc 1 51 0
  93 0000 014B     		ldr	r3, .L8
  94 0002 1878     		ldrb	r0, [r3]	@ zero_extendqisi2
  95 0004 7047     		bx	lr
  96              	.L9:
  97 0006 00BF     		.align	2
  98              	.L8:
  99 0008 00000000 		.word	.LANCHOR0
 100              		.cfi_endproc
 101              	.LFE65:
 102              		.size	read_pwro, .-read_pwro
 103              		.section	.text.test_pwro_output_blocking,"ax",%progbits
 104              		.align	2
 105              		.global	test_pwro_output_blocking
 106              		.thumb
 107              		.thumb_func
 108              		.type	test_pwro_output_blocking, %function
 109              	test_pwro_output_blocking:
 110              	.LFB66:
  52:..\src/ext_output.c **** 
  53:..\src/ext_output.c **** void test_pwro_output_blocking(void)
  54:..\src/ext_output.c **** {
 111              		.loc 1 54 0
 112              		.cfi_startproc
 113              		@ args = 0, pretend = 0, frame = 0
 114              		@ frame_needed = 0, uses_anonymous_args = 0
 115 0000 10B5     		push	{r4, lr}
 116              		.cfi_def_cfa_offset 8
 117              		.cfi_offset 4, -8
ARM GAS  C:\Users\Alex\AppData\Local\Temp\ccpUBkFI.s 			page 4


 118              		.cfi_offset 14, -4
 119              	.LVL4:
  55:..\src/ext_output.c **** 	uint8 pwm = 0;
 120              		.loc 1 55 0
 121 0002 0024     		movs	r4, #0
 122              	.LVL5:
 123              	.L11:
  56:..\src/ext_output.c **** 	
  57:..\src/ext_output.c **** 	while(1)
  58:..\src/ext_output.c **** 	{
  59:..\src/ext_output.c **** 		pwm++;
 124              		.loc 1 59 0 discriminator 1
 125 0004 0134     		adds	r4, r4, #1
 126              	.LVL6:
 127 0006 E4B2     		uxtb	r4, r4
 128              	.LVL7:
  60:..\src/ext_output.c **** 		pwro_output(pwm);	
 129              		.loc 1 60 0 discriminator 1
 130 0008 2046     		mov	r0, r4
 131 000a FFF7FEFF 		bl	pwro_output
 132              	.LVL8:
  61:..\src/ext_output.c **** 		CyDelay(1);
 133              		.loc 1 61 0 discriminator 1
 134 000e 0120     		movs	r0, #1
 135 0010 FFF7FEFF 		bl	CyDelay
 136              	.LVL9:
  62:..\src/ext_output.c **** 	}
 137              		.loc 1 62 0 discriminator 1
 138 0014 F6E7     		b	.L11
 139              		.cfi_endproc
 140              	.LFE66:
 141              		.size	test_pwro_output_blocking, .-test_pwro_output_blocking
 142              		.global	clutch_pwm
 143 0016 00BF     		.bss
 144              		.set	.LANCHOR0,. + 0
 145              		.type	clutch_pwm, %object
 146              		.size	clutch_pwm, 1
 147              	clutch_pwm:
 148 0000 00       		.space	1
 149              		.text
 150              	.Letext0:
 151              		.file 2 "c:\\program files (x86)\\cypress\\psoc creator\\3.3\\psoc creator\\import\\gnu\\arm\\4.9.
 152              		.file 3 "c:\\program files (x86)\\cypress\\psoc creator\\3.3\\psoc creator\\import\\gnu\\arm\\4.9.
 153              		.file 4 "Generated_Source\\PSoC5/cytypes.h"
 154              		.file 5 "Generated_Source\\PSoC5/core_cm3.h"
 155              		.file 6 "Generated_Source\\PSoC5/PWM_2.h"
 156              		.file 7 "Generated_Source\\PSoC5/CyLib.h"
 157              		.section	.debug_info,"",%progbits
 158              	.Ldebug_info0:
 159 0000 B7010000 		.4byte	0x1b7
 160 0004 0400     		.2byte	0x4
 161 0006 00000000 		.4byte	.Ldebug_abbrev0
 162 000a 04       		.byte	0x4
 163 000b 01       		.uleb128 0x1
 164 000c ED000000 		.4byte	.LASF23
 165 0010 01       		.byte	0x1
 166 0011 D7010000 		.4byte	.LASF24
ARM GAS  C:\Users\Alex\AppData\Local\Temp\ccpUBkFI.s 			page 5


 167 0015 00000000 		.4byte	.LASF25
 168 0019 00000000 		.4byte	.Ldebug_ranges0+0
 169 001d 00000000 		.4byte	0
 170 0021 00000000 		.4byte	.Ldebug_line0
 171 0025 02       		.uleb128 0x2
 172 0026 01       		.byte	0x1
 173 0027 06       		.byte	0x6
 174 0028 61000000 		.4byte	.LASF0
 175 002c 02       		.uleb128 0x2
 176 002d 01       		.byte	0x1
 177 002e 08       		.byte	0x8
 178 002f 6D000000 		.4byte	.LASF1
 179 0033 02       		.uleb128 0x2
 180 0034 02       		.byte	0x2
 181 0035 05       		.byte	0x5
 182 0036 CD010000 		.4byte	.LASF2
 183 003a 02       		.uleb128 0x2
 184 003b 02       		.byte	0x2
 185 003c 07       		.byte	0x7
 186 003d A7000000 		.4byte	.LASF3
 187 0041 03       		.uleb128 0x3
 188 0042 34000000 		.4byte	.LASF9
 189 0046 02       		.byte	0x2
 190 0047 3F       		.byte	0x3f
 191 0048 4C000000 		.4byte	0x4c
 192 004c 02       		.uleb128 0x2
 193 004d 04       		.byte	0x4
 194 004e 05       		.byte	0x5
 195 004f F1010000 		.4byte	.LASF4
 196 0053 02       		.uleb128 0x2
 197 0054 04       		.byte	0x4
 198 0055 07       		.byte	0x7
 199 0056 95000000 		.4byte	.LASF5
 200 005a 02       		.uleb128 0x2
 201 005b 08       		.byte	0x8
 202 005c 05       		.byte	0x5
 203 005d B0010000 		.4byte	.LASF6
 204 0061 02       		.uleb128 0x2
 205 0062 08       		.byte	0x8
 206 0063 07       		.byte	0x7
 207 0064 88010000 		.4byte	.LASF7
 208 0068 04       		.uleb128 0x4
 209 0069 04       		.byte	0x4
 210 006a 05       		.byte	0x5
 211 006b 696E7400 		.ascii	"int\000"
 212 006f 02       		.uleb128 0x2
 213 0070 04       		.byte	0x4
 214 0071 07       		.byte	0x7
 215 0072 7B010000 		.4byte	.LASF8
 216 0076 03       		.uleb128 0x3
 217 0077 9F010000 		.4byte	.LASF10
 218 007b 03       		.byte	0x3
 219 007c 2C       		.byte	0x2c
 220 007d 41000000 		.4byte	0x41
 221 0081 03       		.uleb128 0x3
 222 0082 EB010000 		.4byte	.LASF11
 223 0086 04       		.byte	0x4
ARM GAS  C:\Users\Alex\AppData\Local\Temp\ccpUBkFI.s 			page 6


 224 0087 C2       		.byte	0xc2
 225 0088 2C000000 		.4byte	0x2c
 226 008c 03       		.uleb128 0x3
 227 008d E6000000 		.4byte	.LASF12
 228 0091 04       		.byte	0x4
 229 0092 C4       		.byte	0xc4
 230 0093 53000000 		.4byte	0x53
 231 0097 02       		.uleb128 0x2
 232 0098 04       		.byte	0x4
 233 0099 04       		.byte	0x4
 234 009a 5B000000 		.4byte	.LASF13
 235 009e 02       		.uleb128 0x2
 236 009f 08       		.byte	0x8
 237 00a0 04       		.byte	0x4
 238 00a1 C7000000 		.4byte	.LASF14
 239 00a5 02       		.uleb128 0x2
 240 00a6 01       		.byte	0x1
 241 00a7 08       		.byte	0x8
 242 00a8 C8010000 		.4byte	.LASF15
 243 00ac 02       		.uleb128 0x2
 244 00ad 04       		.byte	0x4
 245 00ae 07       		.byte	0x7
 246 00af A7010000 		.4byte	.LASF16
 247 00b3 02       		.uleb128 0x2
 248 00b4 08       		.byte	0x8
 249 00b5 04       		.byte	0x4
 250 00b6 FA010000 		.4byte	.LASF17
 251 00ba 05       		.uleb128 0x5
 252 00bb BE010000 		.4byte	.LASF18
 253 00bf 01       		.byte	0x1
 254 00c0 21       		.byte	0x21
 255 00c1 00000000 		.4byte	.LFB63
 256 00c5 0E000000 		.4byte	.LFE63-.LFB63
 257 00c9 01       		.uleb128 0x1
 258 00ca 9C       		.byte	0x9c
 259 00cb E8000000 		.4byte	0xe8
 260 00cf 06       		.uleb128 0x6
 261 00d0 06000000 		.4byte	.LVL0
 262 00d4 95010000 		.4byte	0x195
 263 00d8 07       		.uleb128 0x7
 264 00d9 0C000000 		.4byte	.LVL1
 265 00dd 9C010000 		.4byte	0x19c
 266 00e1 08       		.uleb128 0x8
 267 00e2 01       		.uleb128 0x1
 268 00e3 50       		.byte	0x50
 269 00e4 01       		.uleb128 0x1
 270 00e5 30       		.byte	0x30
 271 00e6 00       		.byte	0
 272 00e7 00       		.byte	0
 273 00e8 05       		.uleb128 0x5
 274 00e9 DA000000 		.4byte	.LASF19
 275 00ed 01       		.byte	0x1
 276 00ee 29       		.byte	0x29
 277 00ef 00000000 		.4byte	.LFB64
 278 00f3 10000000 		.4byte	.LFE64-.LFB64
 279 00f7 01       		.uleb128 0x1
 280 00f8 9C       		.byte	0x9c
ARM GAS  C:\Users\Alex\AppData\Local\Temp\ccpUBkFI.s 			page 7


 281 00f9 16010000 		.4byte	0x116
 282 00fd 09       		.uleb128 0x9
 283 00fe 2E000000 		.4byte	.LASF26
 284 0102 01       		.byte	0x1
 285 0103 29       		.byte	0x29
 286 0104 81000000 		.4byte	0x81
 287 0108 00000000 		.4byte	.LLST0
 288 010c 06       		.uleb128 0x6
 289 010d 0A000000 		.4byte	.LVL3
 290 0111 9C010000 		.4byte	0x19c
 291 0115 00       		.byte	0
 292 0116 0A       		.uleb128 0xa
 293 0117 3E000000 		.4byte	.LASF27
 294 011b 01       		.byte	0x1
 295 011c 30       		.byte	0x30
 296 011d 81000000 		.4byte	0x81
 297 0121 00000000 		.4byte	.LFB65
 298 0125 0C000000 		.4byte	.LFE65-.LFB65
 299 0129 01       		.uleb128 0x1
 300 012a 9C       		.byte	0x9c
 301 012b 05       		.uleb128 0x5
 302 012c 7B000000 		.4byte	.LASF20
 303 0130 01       		.byte	0x1
 304 0131 35       		.byte	0x35
 305 0132 00000000 		.4byte	.LFB66
 306 0136 16000000 		.4byte	.LFE66-.LFB66
 307 013a 01       		.uleb128 0x1
 308 013b 9C       		.byte	0x9c
 309 013c 73010000 		.4byte	0x173
 310 0140 0B       		.uleb128 0xb
 311 0141 70776D00 		.ascii	"pwm\000"
 312 0145 01       		.byte	0x1
 313 0146 37       		.byte	0x37
 314 0147 81000000 		.4byte	0x81
 315 014b 21000000 		.4byte	.LLST1
 316 014f 0C       		.uleb128 0xc
 317 0150 0E000000 		.4byte	.LVL8
 318 0154 E8000000 		.4byte	0xe8
 319 0158 63010000 		.4byte	0x163
 320 015c 08       		.uleb128 0x8
 321 015d 01       		.uleb128 0x1
 322 015e 50       		.byte	0x50
 323 015f 02       		.uleb128 0x2
 324 0160 74       		.byte	0x74
 325 0161 00       		.sleb128 0
 326 0162 00       		.byte	0
 327 0163 07       		.uleb128 0x7
 328 0164 14000000 		.4byte	.LVL9
 329 0168 AD010000 		.4byte	0x1ad
 330 016c 08       		.uleb128 0x8
 331 016d 01       		.uleb128 0x1
 332 016e 50       		.byte	0x50
 333 016f 01       		.uleb128 0x1
 334 0170 31       		.byte	0x31
 335 0171 00       		.byte	0
 336 0172 00       		.byte	0
 337 0173 0D       		.uleb128 0xd
ARM GAS  C:\Users\Alex\AppData\Local\Temp\ccpUBkFI.s 			page 8


 338 0174 BA000000 		.4byte	.LASF21
 339 0178 05       		.byte	0x5
 340 0179 2A06     		.2byte	0x62a
 341 017b 7F010000 		.4byte	0x17f
 342 017f 0E       		.uleb128 0xe
 343 0180 76000000 		.4byte	0x76
 344 0184 0F       		.uleb128 0xf
 345 0185 06020000 		.4byte	.LASF22
 346 0189 01       		.byte	0x1
 347 018a 15       		.byte	0x15
 348 018b 81000000 		.4byte	0x81
 349 018f 05       		.uleb128 0x5
 350 0190 03       		.byte	0x3
 351 0191 00000000 		.4byte	clutch_pwm
 352 0195 10       		.uleb128 0x10
 353 0196 CE000000 		.4byte	.LASF28
 354 019a 06       		.byte	0x6
 355 019b 92       		.byte	0x92
 356 019c 11       		.uleb128 0x11
 357 019d 48000000 		.4byte	.LASF29
 358 01a1 06       		.byte	0x6
 359 01a2 C3       		.byte	0xc3
 360 01a3 AD010000 		.4byte	0x1ad
 361 01a7 12       		.uleb128 0x12
 362 01a8 81000000 		.4byte	0x81
 363 01ac 00       		.byte	0
 364 01ad 13       		.uleb128 0x13
 365 01ae 11020000 		.4byte	.LASF30
 366 01b2 07       		.byte	0x7
 367 01b3 77       		.byte	0x77
 368 01b4 12       		.uleb128 0x12
 369 01b5 8C000000 		.4byte	0x8c
 370 01b9 00       		.byte	0
 371 01ba 00       		.byte	0
 372              		.section	.debug_abbrev,"",%progbits
 373              	.Ldebug_abbrev0:
 374 0000 01       		.uleb128 0x1
 375 0001 11       		.uleb128 0x11
 376 0002 01       		.byte	0x1
 377 0003 25       		.uleb128 0x25
 378 0004 0E       		.uleb128 0xe
 379 0005 13       		.uleb128 0x13
 380 0006 0B       		.uleb128 0xb
 381 0007 03       		.uleb128 0x3
 382 0008 0E       		.uleb128 0xe
 383 0009 1B       		.uleb128 0x1b
 384 000a 0E       		.uleb128 0xe
 385 000b 55       		.uleb128 0x55
 386 000c 17       		.uleb128 0x17
 387 000d 11       		.uleb128 0x11
 388 000e 01       		.uleb128 0x1
 389 000f 10       		.uleb128 0x10
 390 0010 17       		.uleb128 0x17
 391 0011 00       		.byte	0
 392 0012 00       		.byte	0
 393 0013 02       		.uleb128 0x2
 394 0014 24       		.uleb128 0x24
ARM GAS  C:\Users\Alex\AppData\Local\Temp\ccpUBkFI.s 			page 9


 395 0015 00       		.byte	0
 396 0016 0B       		.uleb128 0xb
 397 0017 0B       		.uleb128 0xb
 398 0018 3E       		.uleb128 0x3e
 399 0019 0B       		.uleb128 0xb
 400 001a 03       		.uleb128 0x3
 401 001b 0E       		.uleb128 0xe
 402 001c 00       		.byte	0
 403 001d 00       		.byte	0
 404 001e 03       		.uleb128 0x3
 405 001f 16       		.uleb128 0x16
 406 0020 00       		.byte	0
 407 0021 03       		.uleb128 0x3
 408 0022 0E       		.uleb128 0xe
 409 0023 3A       		.uleb128 0x3a
 410 0024 0B       		.uleb128 0xb
 411 0025 3B       		.uleb128 0x3b
 412 0026 0B       		.uleb128 0xb
 413 0027 49       		.uleb128 0x49
 414 0028 13       		.uleb128 0x13
 415 0029 00       		.byte	0
 416 002a 00       		.byte	0
 417 002b 04       		.uleb128 0x4
 418 002c 24       		.uleb128 0x24
 419 002d 00       		.byte	0
 420 002e 0B       		.uleb128 0xb
 421 002f 0B       		.uleb128 0xb
 422 0030 3E       		.uleb128 0x3e
 423 0031 0B       		.uleb128 0xb
 424 0032 03       		.uleb128 0x3
 425 0033 08       		.uleb128 0x8
 426 0034 00       		.byte	0
 427 0035 00       		.byte	0
 428 0036 05       		.uleb128 0x5
 429 0037 2E       		.uleb128 0x2e
 430 0038 01       		.byte	0x1
 431 0039 3F       		.uleb128 0x3f
 432 003a 19       		.uleb128 0x19
 433 003b 03       		.uleb128 0x3
 434 003c 0E       		.uleb128 0xe
 435 003d 3A       		.uleb128 0x3a
 436 003e 0B       		.uleb128 0xb
 437 003f 3B       		.uleb128 0x3b
 438 0040 0B       		.uleb128 0xb
 439 0041 27       		.uleb128 0x27
 440 0042 19       		.uleb128 0x19
 441 0043 11       		.uleb128 0x11
 442 0044 01       		.uleb128 0x1
 443 0045 12       		.uleb128 0x12
 444 0046 06       		.uleb128 0x6
 445 0047 40       		.uleb128 0x40
 446 0048 18       		.uleb128 0x18
 447 0049 9742     		.uleb128 0x2117
 448 004b 19       		.uleb128 0x19
 449 004c 01       		.uleb128 0x1
 450 004d 13       		.uleb128 0x13
 451 004e 00       		.byte	0
ARM GAS  C:\Users\Alex\AppData\Local\Temp\ccpUBkFI.s 			page 10


 452 004f 00       		.byte	0
 453 0050 06       		.uleb128 0x6
 454 0051 898201   		.uleb128 0x4109
 455 0054 00       		.byte	0
 456 0055 11       		.uleb128 0x11
 457 0056 01       		.uleb128 0x1
 458 0057 31       		.uleb128 0x31
 459 0058 13       		.uleb128 0x13
 460 0059 00       		.byte	0
 461 005a 00       		.byte	0
 462 005b 07       		.uleb128 0x7
 463 005c 898201   		.uleb128 0x4109
 464 005f 01       		.byte	0x1
 465 0060 11       		.uleb128 0x11
 466 0061 01       		.uleb128 0x1
 467 0062 31       		.uleb128 0x31
 468 0063 13       		.uleb128 0x13
 469 0064 00       		.byte	0
 470 0065 00       		.byte	0
 471 0066 08       		.uleb128 0x8
 472 0067 8A8201   		.uleb128 0x410a
 473 006a 00       		.byte	0
 474 006b 02       		.uleb128 0x2
 475 006c 18       		.uleb128 0x18
 476 006d 9142     		.uleb128 0x2111
 477 006f 18       		.uleb128 0x18
 478 0070 00       		.byte	0
 479 0071 00       		.byte	0
 480 0072 09       		.uleb128 0x9
 481 0073 05       		.uleb128 0x5
 482 0074 00       		.byte	0
 483 0075 03       		.uleb128 0x3
 484 0076 0E       		.uleb128 0xe
 485 0077 3A       		.uleb128 0x3a
 486 0078 0B       		.uleb128 0xb
 487 0079 3B       		.uleb128 0x3b
 488 007a 0B       		.uleb128 0xb
 489 007b 49       		.uleb128 0x49
 490 007c 13       		.uleb128 0x13
 491 007d 02       		.uleb128 0x2
 492 007e 17       		.uleb128 0x17
 493 007f 00       		.byte	0
 494 0080 00       		.byte	0
 495 0081 0A       		.uleb128 0xa
 496 0082 2E       		.uleb128 0x2e
 497 0083 00       		.byte	0
 498 0084 3F       		.uleb128 0x3f
 499 0085 19       		.uleb128 0x19
 500 0086 03       		.uleb128 0x3
 501 0087 0E       		.uleb128 0xe
 502 0088 3A       		.uleb128 0x3a
 503 0089 0B       		.uleb128 0xb
 504 008a 3B       		.uleb128 0x3b
 505 008b 0B       		.uleb128 0xb
 506 008c 27       		.uleb128 0x27
 507 008d 19       		.uleb128 0x19
 508 008e 49       		.uleb128 0x49
ARM GAS  C:\Users\Alex\AppData\Local\Temp\ccpUBkFI.s 			page 11


 509 008f 13       		.uleb128 0x13
 510 0090 11       		.uleb128 0x11
 511 0091 01       		.uleb128 0x1
 512 0092 12       		.uleb128 0x12
 513 0093 06       		.uleb128 0x6
 514 0094 40       		.uleb128 0x40
 515 0095 18       		.uleb128 0x18
 516 0096 9742     		.uleb128 0x2117
 517 0098 19       		.uleb128 0x19
 518 0099 00       		.byte	0
 519 009a 00       		.byte	0
 520 009b 0B       		.uleb128 0xb
 521 009c 34       		.uleb128 0x34
 522 009d 00       		.byte	0
 523 009e 03       		.uleb128 0x3
 524 009f 08       		.uleb128 0x8
 525 00a0 3A       		.uleb128 0x3a
 526 00a1 0B       		.uleb128 0xb
 527 00a2 3B       		.uleb128 0x3b
 528 00a3 0B       		.uleb128 0xb
 529 00a4 49       		.uleb128 0x49
 530 00a5 13       		.uleb128 0x13
 531 00a6 02       		.uleb128 0x2
 532 00a7 17       		.uleb128 0x17
 533 00a8 00       		.byte	0
 534 00a9 00       		.byte	0
 535 00aa 0C       		.uleb128 0xc
 536 00ab 898201   		.uleb128 0x4109
 537 00ae 01       		.byte	0x1
 538 00af 11       		.uleb128 0x11
 539 00b0 01       		.uleb128 0x1
 540 00b1 31       		.uleb128 0x31
 541 00b2 13       		.uleb128 0x13
 542 00b3 01       		.uleb128 0x1
 543 00b4 13       		.uleb128 0x13
 544 00b5 00       		.byte	0
 545 00b6 00       		.byte	0
 546 00b7 0D       		.uleb128 0xd
 547 00b8 34       		.uleb128 0x34
 548 00b9 00       		.byte	0
 549 00ba 03       		.uleb128 0x3
 550 00bb 0E       		.uleb128 0xe
 551 00bc 3A       		.uleb128 0x3a
 552 00bd 0B       		.uleb128 0xb
 553 00be 3B       		.uleb128 0x3b
 554 00bf 05       		.uleb128 0x5
 555 00c0 49       		.uleb128 0x49
 556 00c1 13       		.uleb128 0x13
 557 00c2 3F       		.uleb128 0x3f
 558 00c3 19       		.uleb128 0x19
 559 00c4 3C       		.uleb128 0x3c
 560 00c5 19       		.uleb128 0x19
 561 00c6 00       		.byte	0
 562 00c7 00       		.byte	0
 563 00c8 0E       		.uleb128 0xe
 564 00c9 35       		.uleb128 0x35
 565 00ca 00       		.byte	0
ARM GAS  C:\Users\Alex\AppData\Local\Temp\ccpUBkFI.s 			page 12


 566 00cb 49       		.uleb128 0x49
 567 00cc 13       		.uleb128 0x13
 568 00cd 00       		.byte	0
 569 00ce 00       		.byte	0
 570 00cf 0F       		.uleb128 0xf
 571 00d0 34       		.uleb128 0x34
 572 00d1 00       		.byte	0
 573 00d2 03       		.uleb128 0x3
 574 00d3 0E       		.uleb128 0xe
 575 00d4 3A       		.uleb128 0x3a
 576 00d5 0B       		.uleb128 0xb
 577 00d6 3B       		.uleb128 0x3b
 578 00d7 0B       		.uleb128 0xb
 579 00d8 49       		.uleb128 0x49
 580 00d9 13       		.uleb128 0x13
 581 00da 3F       		.uleb128 0x3f
 582 00db 19       		.uleb128 0x19
 583 00dc 02       		.uleb128 0x2
 584 00dd 18       		.uleb128 0x18
 585 00de 00       		.byte	0
 586 00df 00       		.byte	0
 587 00e0 10       		.uleb128 0x10
 588 00e1 2E       		.uleb128 0x2e
 589 00e2 00       		.byte	0
 590 00e3 3F       		.uleb128 0x3f
 591 00e4 19       		.uleb128 0x19
 592 00e5 03       		.uleb128 0x3
 593 00e6 0E       		.uleb128 0xe
 594 00e7 3A       		.uleb128 0x3a
 595 00e8 0B       		.uleb128 0xb
 596 00e9 3B       		.uleb128 0x3b
 597 00ea 0B       		.uleb128 0xb
 598 00eb 27       		.uleb128 0x27
 599 00ec 19       		.uleb128 0x19
 600 00ed 3C       		.uleb128 0x3c
 601 00ee 19       		.uleb128 0x19
 602 00ef 00       		.byte	0
 603 00f0 00       		.byte	0
 604 00f1 11       		.uleb128 0x11
 605 00f2 2E       		.uleb128 0x2e
 606 00f3 01       		.byte	0x1
 607 00f4 3F       		.uleb128 0x3f
 608 00f5 19       		.uleb128 0x19
 609 00f6 03       		.uleb128 0x3
 610 00f7 0E       		.uleb128 0xe
 611 00f8 3A       		.uleb128 0x3a
 612 00f9 0B       		.uleb128 0xb
 613 00fa 3B       		.uleb128 0x3b
 614 00fb 0B       		.uleb128 0xb
 615 00fc 27       		.uleb128 0x27
 616 00fd 19       		.uleb128 0x19
 617 00fe 3C       		.uleb128 0x3c
 618 00ff 19       		.uleb128 0x19
 619 0100 01       		.uleb128 0x1
 620 0101 13       		.uleb128 0x13
 621 0102 00       		.byte	0
 622 0103 00       		.byte	0
ARM GAS  C:\Users\Alex\AppData\Local\Temp\ccpUBkFI.s 			page 13


 623 0104 12       		.uleb128 0x12
 624 0105 05       		.uleb128 0x5
 625 0106 00       		.byte	0
 626 0107 49       		.uleb128 0x49
 627 0108 13       		.uleb128 0x13
 628 0109 00       		.byte	0
 629 010a 00       		.byte	0
 630 010b 13       		.uleb128 0x13
 631 010c 2E       		.uleb128 0x2e
 632 010d 01       		.byte	0x1
 633 010e 3F       		.uleb128 0x3f
 634 010f 19       		.uleb128 0x19
 635 0110 03       		.uleb128 0x3
 636 0111 0E       		.uleb128 0xe
 637 0112 3A       		.uleb128 0x3a
 638 0113 0B       		.uleb128 0xb
 639 0114 3B       		.uleb128 0x3b
 640 0115 0B       		.uleb128 0xb
 641 0116 27       		.uleb128 0x27
 642 0117 19       		.uleb128 0x19
 643 0118 3C       		.uleb128 0x3c
 644 0119 19       		.uleb128 0x19
 645 011a 00       		.byte	0
 646 011b 00       		.byte	0
 647 011c 00       		.byte	0
 648              		.section	.debug_loc,"",%progbits
 649              	.Ldebug_loc0:
 650              	.LLST0:
 651 0000 00000000 		.4byte	.LVL2
 652 0004 09000000 		.4byte	.LVL3-1
 653 0008 0100     		.2byte	0x1
 654 000a 50       		.byte	0x50
 655 000b 09000000 		.4byte	.LVL3-1
 656 000f 10000000 		.4byte	.LFE64
 657 0013 0400     		.2byte	0x4
 658 0015 F3       		.byte	0xf3
 659 0016 01       		.uleb128 0x1
 660 0017 50       		.byte	0x50
 661 0018 9F       		.byte	0x9f
 662 0019 00000000 		.4byte	0
 663 001d 00000000 		.4byte	0
 664              	.LLST1:
 665 0021 02000000 		.4byte	.LVL4
 666 0025 04000000 		.4byte	.LVL5
 667 0029 0200     		.2byte	0x2
 668 002b 30       		.byte	0x30
 669 002c 9F       		.byte	0x9f
 670 002d 04000000 		.4byte	.LVL5
 671 0031 06000000 		.4byte	.LVL6
 672 0035 0100     		.2byte	0x1
 673 0037 54       		.byte	0x54
 674 0038 08000000 		.4byte	.LVL7
 675 003c 16000000 		.4byte	.LFE66
 676 0040 0100     		.2byte	0x1
 677 0042 54       		.byte	0x54
 678 0043 00000000 		.4byte	0
 679 0047 00000000 		.4byte	0
ARM GAS  C:\Users\Alex\AppData\Local\Temp\ccpUBkFI.s 			page 14


 680              		.section	.debug_aranges,"",%progbits
 681 0000 34000000 		.4byte	0x34
 682 0004 0200     		.2byte	0x2
 683 0006 00000000 		.4byte	.Ldebug_info0
 684 000a 04       		.byte	0x4
 685 000b 00       		.byte	0
 686 000c 0000     		.2byte	0
 687 000e 0000     		.2byte	0
 688 0010 00000000 		.4byte	.LFB63
 689 0014 0E000000 		.4byte	.LFE63-.LFB63
 690 0018 00000000 		.4byte	.LFB64
 691 001c 10000000 		.4byte	.LFE64-.LFB64
 692 0020 00000000 		.4byte	.LFB65
 693 0024 0C000000 		.4byte	.LFE65-.LFB65
 694 0028 00000000 		.4byte	.LFB66
 695 002c 16000000 		.4byte	.LFE66-.LFB66
 696 0030 00000000 		.4byte	0
 697 0034 00000000 		.4byte	0
 698              		.section	.debug_ranges,"",%progbits
 699              	.Ldebug_ranges0:
 700 0000 00000000 		.4byte	.LFB63
 701 0004 0E000000 		.4byte	.LFE63
 702 0008 00000000 		.4byte	.LFB64
 703 000c 10000000 		.4byte	.LFE64
 704 0010 00000000 		.4byte	.LFB65
 705 0014 0C000000 		.4byte	.LFE65
 706 0018 00000000 		.4byte	.LFB66
 707 001c 16000000 		.4byte	.LFE66
 708 0020 00000000 		.4byte	0
 709 0024 00000000 		.4byte	0
 710              		.section	.debug_line,"",%progbits
 711              	.Ldebug_line0:
 712 0000 C6010000 		.section	.debug_str,"MS",%progbits,1
 712      02006A01 
 712      00000201 
 712      FB0E0D00 
 712      01010101 
 713              	.LASF25:
 714 0000 433A5C46 		.ascii	"C:\\FlexSEA_alx87grd\\execute\\execute_1_0.cydsn\000"
 714      6C657853 
 714      45415F61 
 714      6C783837 
 714      6772645C 
 715              	.LASF26:
 716 002e 76616C75 		.ascii	"value\000"
 716      6500
 717              	.LASF9:
 718 0034 5F5F696E 		.ascii	"__int32_t\000"
 718      7433325F 
 718      7400
 719              	.LASF27:
 720 003e 72656164 		.ascii	"read_pwro\000"
 720      5F707772 
 720      6F00
 721              	.LASF29:
 722 0048 50574D5F 		.ascii	"PWM_2_WriteCompare\000"
 722      325F5772 
ARM GAS  C:\Users\Alex\AppData\Local\Temp\ccpUBkFI.s 			page 15


 722      69746543 
 722      6F6D7061 
 722      726500
 723              	.LASF13:
 724 005b 666C6F61 		.ascii	"float\000"
 724      7400
 725              	.LASF0:
 726 0061 7369676E 		.ascii	"signed char\000"
 726      65642063 
 726      68617200 
 727              	.LASF1:
 728 006d 756E7369 		.ascii	"unsigned char\000"
 728      676E6564 
 728      20636861 
 728      7200
 729              	.LASF20:
 730 007b 74657374 		.ascii	"test_pwro_output_blocking\000"
 730      5F707772 
 730      6F5F6F75 
 730      74707574 
 730      5F626C6F 
 731              	.LASF5:
 732 0095 6C6F6E67 		.ascii	"long unsigned int\000"
 732      20756E73 
 732      69676E65 
 732      6420696E 
 732      7400
 733              	.LASF3:
 734 00a7 73686F72 		.ascii	"short unsigned int\000"
 734      7420756E 
 734      7369676E 
 734      65642069 
 734      6E7400
 735              	.LASF21:
 736 00ba 49544D5F 		.ascii	"ITM_RxBuffer\000"
 736      52784275 
 736      66666572 
 736      00
 737              	.LASF14:
 738 00c7 646F7562 		.ascii	"double\000"
 738      6C6500
 739              	.LASF28:
 740 00ce 50574D5F 		.ascii	"PWM_2_Start\000"
 740      325F5374 
 740      61727400 
 741              	.LASF19:
 742 00da 7077726F 		.ascii	"pwro_output\000"
 742      5F6F7574 
 742      70757400 
 743              	.LASF12:
 744 00e6 75696E74 		.ascii	"uint32\000"
 744      333200
 745              	.LASF23:
 746 00ed 474E5520 		.ascii	"GNU C 4.9.3 20150303 (release) [ARM/embedded-4_9-br"
 746      4320342E 
 746      392E3320 
 746      32303135 
ARM GAS  C:\Users\Alex\AppData\Local\Temp\ccpUBkFI.s 			page 16


 746      30333033 
 747 0120 616E6368 		.ascii	"anch revision 221220] -mcpu=cortex-m3 -mthumb -g -O"
 747      20726576 
 747      6973696F 
 747      6E203232 
 747      31323230 
 748 0153 67202D66 		.ascii	"g -ffunction-sections -ffat-lto-objects\000"
 748      66756E63 
 748      74696F6E 
 748      2D736563 
 748      74696F6E 
 749              	.LASF8:
 750 017b 756E7369 		.ascii	"unsigned int\000"
 750      676E6564 
 750      20696E74 
 750      00
 751              	.LASF7:
 752 0188 6C6F6E67 		.ascii	"long long unsigned int\000"
 752      206C6F6E 
 752      6720756E 
 752      7369676E 
 752      65642069 
 753              	.LASF10:
 754 019f 696E7433 		.ascii	"int32_t\000"
 754      325F7400 
 755              	.LASF16:
 756 01a7 73697A65 		.ascii	"sizetype\000"
 756      74797065 
 756      00
 757              	.LASF6:
 758 01b0 6C6F6E67 		.ascii	"long long int\000"
 758      206C6F6E 
 758      6720696E 
 758      7400
 759              	.LASF18:
 760 01be 696E6974 		.ascii	"init_pwro\000"
 760      5F707772 
 760      6F00
 761              	.LASF15:
 762 01c8 63686172 		.ascii	"char\000"
 762      00
 763              	.LASF2:
 764 01cd 73686F72 		.ascii	"short int\000"
 764      7420696E 
 764      7400
 765              	.LASF24:
 766 01d7 2E2E5C73 		.ascii	"..\\src\\ext_output.c\000"
 766      72635C65 
 766      78745F6F 
 766      75747075 
 766      742E6300 
 767              	.LASF11:
 768 01eb 75696E74 		.ascii	"uint8\000"
 768      3800
 769              	.LASF4:
 770 01f1 6C6F6E67 		.ascii	"long int\000"
 770      20696E74 
ARM GAS  C:\Users\Alex\AppData\Local\Temp\ccpUBkFI.s 			page 17


 770      00
 771              	.LASF17:
 772 01fa 6C6F6E67 		.ascii	"long double\000"
 772      20646F75 
 772      626C6500 
 773              	.LASF22:
 774 0206 636C7574 		.ascii	"clutch_pwm\000"
 774      63685F70 
 774      776D00
 775              	.LASF30:
 776 0211 43794465 		.ascii	"CyDelay\000"
 776      6C617900 
 777              		.ident	"GCC: (GNU Tools for ARM Embedded Processors) 4.9.3 20150303 (release) [ARM/embedded-4_9-br
