ARM GAS  C:\Users\Alex\AppData\Local\Temp\cc0PHfHW.s 			page 1


   1              		.syntax unified
   2              		.cpu cortex-m3
   3              		.fpu softvfp
   4              		.eabi_attribute 20, 1
   5              		.eabi_attribute 21, 1
   6              		.eabi_attribute 23, 3
   7              		.eabi_attribute 24, 1
   8              		.eabi_attribute 25, 1
   9              		.eabi_attribute 26, 1
  10              		.eabi_attribute 30, 1
  11              		.eabi_attribute 34, 1
  12              		.eabi_attribute 18, 4
  13              		.thumb
  14              		.file	"flexsea_board.c"
  15              		.text
  16              	.Ltext0:
  17              		.cfi_sections	.debug_frame
  18              		.global _printf_float
  19              		.thumb
  20              		.section	.text.flexsea_send_serial_slave,"ax",%progbits
  21              		.align	2
  22              		.global	flexsea_send_serial_slave
  23              		.thumb
  24              		.thumb_func
  25              		.type	flexsea_send_serial_slave, %function
  26              	flexsea_send_serial_slave:
  27              	.LFB63:
  28              		.file 1 "..\\src\\flexsea_board.c"
   1:..\src/flexsea_board.c **** //****************************************************************************
   2:..\src/flexsea_board.c **** // MIT Media Lab - Biomechatronics
   3:..\src/flexsea_board.c **** // Jean-François (Jeff) Duval
   4:..\src/flexsea_board.c **** // jfduval@media.mit.edu
   5:..\src/flexsea_board.c **** // 03/2016
   6:..\src/flexsea_board.c **** //****************************************************************************
   7:..\src/flexsea_board.c **** // flexsea_board: configuration and functions for this particular board
   8:..\src/flexsea_board.c **** //****************************************************************************
   9:..\src/flexsea_board.c **** 
  10:..\src/flexsea_board.c **** //****************************************************************************
  11:..\src/flexsea_board.c **** // Include(s)
  12:..\src/flexsea_board.c **** //****************************************************************************
  13:..\src/flexsea_board.c **** 
  14:..\src/flexsea_board.c **** #include "main.h"
  15:..\src/flexsea_board.c **** #include "flexsea_board.h"
  16:..\src/flexsea_board.c **** #include "../../flexsea-system/inc/flexsea_system.h"
  17:..\src/flexsea_board.c **** 
  18:..\src/flexsea_board.c **** //****************************************************************************
  19:..\src/flexsea_board.c **** // Variable(s)
  20:..\src/flexsea_board.c **** //****************************************************************************
  21:..\src/flexsea_board.c **** 
  22:..\src/flexsea_board.c **** //Board ID (this board) - pick from Board list in flexsea_system.h
  23:..\src/flexsea_board.c **** uint8 board_id = FLEXSEA_EXECUTE_1;	//Can be modified in in user.c/h!
  24:..\src/flexsea_board.c **** uint8 board_up_id = FLEXSEA_MANAGE_1;
  25:..\src/flexsea_board.c **** uint8 board_sub1_id[SLAVE_BUS_1_CNT];
  26:..\src/flexsea_board.c **** uint8 board_sub2_id[SLAVE_BUS_2_CNT];
  27:..\src/flexsea_board.c **** 
  28:..\src/flexsea_board.c **** //ToDo: This used to be in flexsea_rx_cmd... not clean. 
  29:..\src/flexsea_board.c **** uint8_t read_offset = 0;
ARM GAS  C:\Users\Alex\AppData\Local\Temp\cc0PHfHW.s 			page 2


  30:..\src/flexsea_board.c **** 
  31:..\src/flexsea_board.c **** //Slave Read Buffer:
  32:..\src/flexsea_board.c **** unsigned char slave_read_buffer[SLAVE_READ_BUFFER_LEN];
  33:..\src/flexsea_board.c **** 
  34:..\src/flexsea_board.c **** //****************************************************************************
  35:..\src/flexsea_board.c **** // Function(s)
  36:..\src/flexsea_board.c **** //****************************************************************************
  37:..\src/flexsea_board.c **** 
  38:..\src/flexsea_board.c **** //Wrapper for the specific serial functions. Useful to keep flexsea_network
  39:..\src/flexsea_board.c **** //platform independent (for example, we don't need need puts_rs485() for Plan)
  40:..\src/flexsea_board.c **** void flexsea_send_serial_slave(unsigned char port, unsigned char *str, unsigned char length)
  41:..\src/flexsea_board.c **** {
  29              		.loc 1 41 0
  30              		.cfi_startproc
  31              		@ args = 0, pretend = 0, frame = 0
  32              		@ frame_needed = 0, uses_anonymous_args = 0
  33              		@ link register save eliminated.
  34              	.LVL0:
  35 0000 7047     		bx	lr
  36              		.cfi_endproc
  37              	.LFE63:
  38              		.size	flexsea_send_serial_slave, .-flexsea_send_serial_slave
  39 0002 00BF     		.section	.text.flexsea_send_serial_master,"ax",%progbits
  40              		.align	2
  41              		.global	flexsea_send_serial_master
  42              		.thumb
  43              		.thumb_func
  44              		.type	flexsea_send_serial_master, %function
  45              	flexsea_send_serial_master:
  46              	.LFB64:
  42:..\src/flexsea_board.c **** 	//...
  43:..\src/flexsea_board.c **** }
  44:..\src/flexsea_board.c **** 
  45:..\src/flexsea_board.c **** void flexsea_send_serial_master(unsigned char port, unsigned char *str, unsigned char length)
  46:..\src/flexsea_board.c **** {
  47              		.loc 1 46 0
  48              		.cfi_startproc
  49              		@ args = 0, pretend = 0, frame = 0
  50              		@ frame_needed = 0, uses_anonymous_args = 0
  51              		@ link register save eliminated.
  52              	.LVL1:
  53 0000 7047     		bx	lr
  54              		.cfi_endproc
  55              	.LFE64:
  56              		.size	flexsea_send_serial_master, .-flexsea_send_serial_master
  57 0002 00BF     		.section	.text.flexsea_clear_slave_read_buffer,"ax",%progbits
  58              		.align	2
  59              		.global	flexsea_clear_slave_read_buffer
  60              		.thumb
  61              		.thumb_func
  62              		.type	flexsea_clear_slave_read_buffer, %function
  63              	flexsea_clear_slave_read_buffer:
  64              	.LFB65:
  47:..\src/flexsea_board.c **** 	//...
  48:..\src/flexsea_board.c **** }
  49:..\src/flexsea_board.c **** 
  50:..\src/flexsea_board.c **** //Fill the buffer with 0s
ARM GAS  C:\Users\Alex\AppData\Local\Temp\cc0PHfHW.s 			page 3


  51:..\src/flexsea_board.c **** void flexsea_clear_slave_read_buffer(void)
  52:..\src/flexsea_board.c **** {
  65              		.loc 1 52 0
  66              		.cfi_startproc
  67              		@ args = 0, pretend = 0, frame = 0
  68              		@ frame_needed = 0, uses_anonymous_args = 0
  69              		@ link register save eliminated.
  70              	.LVL2:
  53:..\src/flexsea_board.c **** 	int i;
  54:..\src/flexsea_board.c **** 
  55:..\src/flexsea_board.c **** 	for(i = 0; i < SLAVE_READ_BUFFER_LEN; i++)
  71              		.loc 1 55 0
  72 0000 0023     		movs	r3, #0
  73 0002 03E0     		b	.L4
  74              	.LVL3:
  75              	.L5:
  56:..\src/flexsea_board.c **** 	{
  57:..\src/flexsea_board.c **** 		slave_read_buffer[i] = 0;
  76              		.loc 1 57 0 discriminator 3
  77 0004 0021     		movs	r1, #0
  78 0006 034A     		ldr	r2, .L6
  79 0008 D154     		strb	r1, [r2, r3]
  55:..\src/flexsea_board.c **** 	{
  80              		.loc 1 55 0 discriminator 3
  81 000a 0133     		adds	r3, r3, #1
  82              	.LVL4:
  83              	.L4:
  55:..\src/flexsea_board.c **** 	{
  84              		.loc 1 55 0 is_stmt 0 discriminator 1
  85 000c 1F2B     		cmp	r3, #31
  86 000e F9DD     		ble	.L5
  58:..\src/flexsea_board.c **** 	}
  59:..\src/flexsea_board.c **** }
  87              		.loc 1 59 0 is_stmt 1
  88 0010 7047     		bx	lr
  89              	.L7:
  90 0012 00BF     		.align	2
  91              	.L6:
  92 0014 00000000 		.word	slave_read_buffer
  93              		.cfi_endproc
  94              	.LFE65:
  95              		.size	flexsea_clear_slave_read_buffer, .-flexsea_clear_slave_read_buffer
  96              		.section	.text.flexsea_update_slave_read_buffer,"ax",%progbits
  97              		.align	2
  98              		.global	flexsea_update_slave_read_buffer
  99              		.thumb
 100              		.thumb_func
 101              		.type	flexsea_update_slave_read_buffer, %function
 102              	flexsea_update_slave_read_buffer:
 103              	.LFB66:
  60:..\src/flexsea_board.c **** 
  61:..\src/flexsea_board.c **** //Packages data in one unified array: slave_read_buffer[]
  62:..\src/flexsea_board.c **** void flexsea_update_slave_read_buffer(unsigned char read_offset)
  63:..\src/flexsea_board.c **** {
 104              		.loc 1 63 0
 105              		.cfi_startproc
 106              		@ args = 0, pretend = 0, frame = 0
ARM GAS  C:\Users\Alex\AppData\Local\Temp\cc0PHfHW.s 			page 4


 107              		@ frame_needed = 0, uses_anonymous_args = 0
 108              		@ link register save eliminated.
 109              	.LVL5:
 110 0000 7047     		bx	lr
 111              		.cfi_endproc
 112              	.LFE66:
 113              		.size	flexsea_update_slave_read_buffer, .-flexsea_update_slave_read_buffer
 114 0002 00BF     		.section	.text.build_slave_payload,"ax",%progbits
 115              		.align	2
 116              		.global	build_slave_payload
 117              		.thumb
 118              		.thumb_func
 119              		.type	build_slave_payload, %function
 120              	build_slave_payload:
 121              	.LFB67:
  64:..\src/flexsea_board.c **** 	/*
  65:..\src/flexsea_board.c **** 	//ToDo: this should be in a separated function, but for now here it is:
  66:..\src/flexsea_board.c **** 	int16 enc1 = 0;
  67:..\src/flexsea_board.c **** 	
  68:..\src/flexsea_board.c **** 	enc1 = (int16) ((QuadDec_1_GetCounter() >> 2) & 0xFFFF);	//Send as 16bits
  69:..\src/flexsea_board.c **** 	//End of ToDo comment
  70:..\src/flexsea_board.c **** 
  71:..\src/flexsea_board.c **** 	//Offset, Status and Digital IOs:
  72:..\src/flexsea_board.c **** 	//ToDo fix: all harcoded for now, except Hall
  73:..\src/flexsea_board.c **** 	slave_read_buffer[SRB_EXECUTE_OFFSET] = read_offset;
  74:..\src/flexsea_board.c **** 	slave_read_buffer[SRB_EXECUTE_STATUS] = ctrl.active_ctrl;			
  75:..\src/flexsea_board.c **** 	slave_read_buffer[SRB_EXECUTE_ENC1_MSB] = (enc1 & 0xFF00)>>8;
  76:..\src/flexsea_board.c **** 	slave_read_buffer[SRB_EXECUTE_ENC1_LSB] = (enc1 & 0x00FF);
  77:..\src/flexsea_board.c **** 	slave_read_buffer[SRB_EXECUTE_AN0_MSB] = ((adc1_res_filtered[0] & 0x0F00) >> 8);
  78:..\src/flexsea_board.c **** 	slave_read_buffer[SRB_EXECUTE_AN0_LSB] = (adc1_res_filtered[0] & 0xFF);
  79:..\src/flexsea_board.c **** 	slave_read_buffer[SRB_EXECUTE_AN1_MSB] = ((adc1_res_filtered[1] & 0x0F00) >> 8);
  80:..\src/flexsea_board.c **** 	slave_read_buffer[SRB_EXECUTE_AN1_LSB] = (adc1_res_filtered[1] & 0xFF);
  81:..\src/flexsea_board.c **** 	slave_read_buffer[SRB_EXECUTE_CURRENT_MSB] = 0x02;	//ToDo
  82:..\src/flexsea_board.c **** 	slave_read_buffer[SRB_EXECUTE_CURRENT_LSB] = 0x9A;
  83:..\src/flexsea_board.c **** 
  84:..\src/flexsea_board.c **** 	//...
  85:..\src/flexsea_board.c **** 	*/
  86:..\src/flexsea_board.c **** }
  87:..\src/flexsea_board.c **** 
  88:..\src/flexsea_board.c **** //ToDo delete function?
  89:..\src/flexsea_board.c **** void build_slave_payload(unsigned char base_addr)
  90:..\src/flexsea_board.c **** {
 122              		.loc 1 90 0
 123              		.cfi_startproc
 124              		@ args = 0, pretend = 0, frame = 0
 125              		@ frame_needed = 0, uses_anonymous_args = 0
 126              	.LVL6:
 127              		.loc 1 90 0
 128 0000 38B5     		push	{r3, r4, r5, lr}
 129              		.cfi_def_cfa_offset 16
 130              		.cfi_offset 3, -16
 131              		.cfi_offset 4, -12
 132              		.cfi_offset 5, -8
 133              		.cfi_offset 14, -4
 134 0002 0446     		mov	r4, r0
 135              	.LVL7:
  91:..\src/flexsea_board.c **** 	unsigned char i = 0;
ARM GAS  C:\Users\Alex\AppData\Local\Temp\cc0PHfHW.s 			page 5


  92:..\src/flexsea_board.c **** 
  93:..\src/flexsea_board.c ****     //Fresh string:
  94:..\src/flexsea_board.c ****     prepare_empty_payload(board_id, board_up_id, payload_str, PAYLOAD_BUF_LEN);
 136              		.loc 1 94 0
 137 0004 0D4B     		ldr	r3, .L13
 138 0006 0E4D     		ldr	r5, .L13+4
 139 0008 1878     		ldrb	r0, [r3]	@ zero_extendqisi2
 140              	.LVL8:
 141 000a 5978     		ldrb	r1, [r3, #1]	@ zero_extendqisi2
 142 000c 2A46     		mov	r2, r5
 143 000e 2423     		movs	r3, #36
 144 0010 FFF7FEFF 		bl	prepare_empty_payload
 145              	.LVL9:
  95:..\src/flexsea_board.c **** 
  96:..\src/flexsea_board.c ****     //Command:
  97:..\src/flexsea_board.c ****     payload_str[P_CMDS] = 1;                     //1 command in string
 146              		.loc 1 97 0
 147 0014 0123     		movs	r3, #1
 148 0016 AB70     		strb	r3, [r5, #2]
  98:..\src/flexsea_board.c ****     payload_str[P_CMD1] = 0;//CMD_MEM_READ_REPLY;
 149              		.loc 1 98 0
 150 0018 0022     		movs	r2, #0
 151 001a EA70     		strb	r2, [r5, #3]
  99:..\src/flexsea_board.c **** 
 100:..\src/flexsea_board.c ****     //Copy a portion of slave_read_buffer[] in payload_str[]
 101:..\src/flexsea_board.c **** 	payload_str[P_DATA1] = slave_read_buffer[SRB_EXECUTE_OFFSET];	//Always the offset		//ToDO fix&enab
 152              		.loc 1 101 0
 153 001c 094A     		ldr	r2, .L13+8
 154 001e 1278     		ldrb	r2, [r2]	@ zero_extendqisi2
 155 0020 2A71     		strb	r2, [r5, #4]
 156              	.LVL10:
 102:..\src/flexsea_board.c ****     for(i = 1; i < PAYLOAD_BYTES; i++)
 157              		.loc 1 102 0
 158 0022 07E0     		b	.L10
 159              	.LVL11:
 160              	.L11:
 103:..\src/flexsea_board.c ****     {
 104:..\src/flexsea_board.c ****     	payload_str[P_DATA1 + i] = slave_read_buffer[base_addr + i];
 161              		.loc 1 104 0 discriminator 3
 162 0024 1A1D     		adds	r2, r3, #4
 163 0026 1919     		adds	r1, r3, r4
 164 0028 0648     		ldr	r0, .L13+8
 165 002a 405C     		ldrb	r0, [r0, r1]	@ zero_extendqisi2
 166 002c 0449     		ldr	r1, .L13+4
 167 002e 8854     		strb	r0, [r1, r2]
 102:..\src/flexsea_board.c ****     for(i = 1; i < PAYLOAD_BYTES; i++)
 168              		.loc 1 102 0 discriminator 3
 169 0030 0133     		adds	r3, r3, #1
 170              	.LVL12:
 171 0032 DBB2     		uxtb	r3, r3
 172              	.LVL13:
 173              	.L10:
 102:..\src/flexsea_board.c ****     for(i = 1; i < PAYLOAD_BYTES; i++)
 174              		.loc 1 102 0 is_stmt 0 discriminator 1
 175 0034 1F2B     		cmp	r3, #31
 176 0036 F5D9     		bls	.L11
 105:..\src/flexsea_board.c ****     }
ARM GAS  C:\Users\Alex\AppData\Local\Temp\cc0PHfHW.s 			page 6


 106:..\src/flexsea_board.c **** 
 107:..\src/flexsea_board.c ****     return;
 108:..\src/flexsea_board.c **** }
 177              		.loc 1 108 0 is_stmt 1
 178 0038 38BD     		pop	{r3, r4, r5, pc}
 179              	.LVL14:
 180              	.L14:
 181 003a 00BF     		.align	2
 182              	.L13:
 183 003c 00000000 		.word	.LANCHOR0
 184 0040 00000000 		.word	payload_str
 185 0044 00000000 		.word	slave_read_buffer
 186              		.cfi_endproc
 187              	.LFE67:
 188              		.size	build_slave_payload, .-build_slave_payload
 189              		.section	.text.flexsea_prepare_rs485_tx_buffer,"ax",%progbits
 190              		.align	2
 191              		.global	flexsea_prepare_rs485_tx_buffer
 192              		.thumb
 193              		.thumb_func
 194              		.type	flexsea_prepare_rs485_tx_buffer, %function
 195              	flexsea_prepare_rs485_tx_buffer:
 196              	.LFB68:
 109:..\src/flexsea_board.c **** 
 110:..\src/flexsea_board.c **** //When we receive a Read request we need to transmit data
 111:..\src/flexsea_board.c **** //This function prepares the data to be sent.
 112:..\src/flexsea_board.c **** unsigned char flexsea_prepare_rs485_tx_buffer(void)
 113:..\src/flexsea_board.c **** {
 197              		.loc 1 113 0
 198              		.cfi_startproc
 199              		@ args = 0, pretend = 0, frame = 0
 200              		@ frame_needed = 0, uses_anonymous_args = 0
 201 0000 08B5     		push	{r3, lr}
 202              		.cfi_def_cfa_offset 8
 203              		.cfi_offset 3, -8
 204              		.cfi_offset 14, -4
 205              	.LVL15:
 114:..\src/flexsea_board.c **** 	unsigned char numb = 0;
 115:..\src/flexsea_board.c **** 	
 116:..\src/flexsea_board.c **** 	flexsea_update_slave_read_buffer(read_offset);
 117:..\src/flexsea_board.c **** 	build_slave_payload(read_offset);
 206              		.loc 1 117 0
 207 0002 064B     		ldr	r3, .L17
 208 0004 1878     		ldrb	r0, [r3]	@ zero_extendqisi2
 209 0006 FFF7FEFF 		bl	build_slave_payload
 210              	.LVL16:
 118:..\src/flexsea_board.c **** 	numb = comm_gen_str(payload_str, comm_str_485, PAYLOAD_BUF_LEN);
 211              		.loc 1 118 0
 212 000a 0548     		ldr	r0, .L17+4
 213 000c 0549     		ldr	r1, .L17+8
 214 000e 2422     		movs	r2, #36
 215 0010 FFF7FEFF 		bl	comm_gen_str
 216              	.LVL17:
 119:..\src/flexsea_board.c **** 	
 120:..\src/flexsea_board.c **** 	return (numb + 1);
 217              		.loc 1 120 0
 218 0014 0130     		adds	r0, r0, #1
ARM GAS  C:\Users\Alex\AppData\Local\Temp\cc0PHfHW.s 			page 7


 219              	.LVL18:
 121:..\src/flexsea_board.c **** }
 220              		.loc 1 121 0
 221 0016 C0B2     		uxtb	r0, r0
 222 0018 08BD     		pop	{r3, pc}
 223              	.L18:
 224 001a 00BF     		.align	2
 225              	.L17:
 226 001c 00000000 		.word	.LANCHOR1
 227 0020 00000000 		.word	payload_str
 228 0024 00000000 		.word	comm_str_1
 229              		.cfi_endproc
 230              	.LFE68:
 231              		.size	flexsea_prepare_rs485_tx_buffer, .-flexsea_prepare_rs485_tx_buffer
 232              		.section	.text.rs485_reply_ready,"ax",%progbits
 233              		.align	2
 234              		.global	rs485_reply_ready
 235              		.thumb
 236              		.thumb_func
 237              		.type	rs485_reply_ready, %function
 238              	rs485_reply_ready:
 239              	.LFB69:
 122:..\src/flexsea_board.c **** 
 123:..\src/flexsea_board.c **** void rs485_reply_ready(uint8_t *buf, uint32_t len)
 124:..\src/flexsea_board.c **** {
 240              		.loc 1 124 0
 241              		.cfi_startproc
 242              		@ args = 0, pretend = 0, frame = 0
 243              		@ frame_needed = 0, uses_anonymous_args = 0
 244              		@ link register save eliminated.
 245              	.LVL19:
 246 0000 10B4     		push	{r4}
 247              		.cfi_def_cfa_offset 4
 248              		.cfi_offset 4, -4
 249              	.LVL20:
 125:..\src/flexsea_board.c **** 	uint8 i = 0;
 126:..\src/flexsea_board.c **** 	
 127:..\src/flexsea_board.c **** 	reply_ready_len = len;
 250              		.loc 1 127 0
 251 0002 0A4B     		ldr	r3, .L23
 252 0004 1970     		strb	r1, [r3]
 128:..\src/flexsea_board.c **** 	reply_ready_timestamp = t1_time_share;
 253              		.loc 1 128 0
 254 0006 0A4B     		ldr	r3, .L23+4
 255 0008 1A78     		ldrb	r2, [r3]	@ zero_extendqisi2
 256 000a 0A4B     		ldr	r3, .L23+8
 257 000c 1A70     		strb	r2, [r3]
 129:..\src/flexsea_board.c **** 	
 130:..\src/flexsea_board.c **** 	//Save in reply buf:
 131:..\src/flexsea_board.c **** 	for(i = 0; i<len; i++)
 258              		.loc 1 131 0
 259 000e 0023     		movs	r3, #0
 260 0010 04E0     		b	.L20
 261              	.LVL21:
 262              	.L21:
 132:..\src/flexsea_board.c **** 	{
 133:..\src/flexsea_board.c **** 		reply_ready_buf[i] = buf[i];
ARM GAS  C:\Users\Alex\AppData\Local\Temp\cc0PHfHW.s 			page 8


 263              		.loc 1 133 0 discriminator 3
 264 0012 C45C     		ldrb	r4, [r0, r3]	@ zero_extendqisi2
 265 0014 084A     		ldr	r2, .L23+12
 266 0016 D454     		strb	r4, [r2, r3]
 131:..\src/flexsea_board.c **** 	{
 267              		.loc 1 131 0 discriminator 3
 268 0018 0133     		adds	r3, r3, #1
 269              	.LVL22:
 270 001a DBB2     		uxtb	r3, r3
 271              	.LVL23:
 272              	.L20:
 131:..\src/flexsea_board.c **** 	{
 273              		.loc 1 131 0 is_stmt 0 discriminator 1
 274 001c 8B42     		cmp	r3, r1
 275 001e F8D3     		bcc	.L21
 134:..\src/flexsea_board.c **** 	}
 135:..\src/flexsea_board.c **** 	
 136:..\src/flexsea_board.c **** 	reply_ready_flag = 1;	
 276              		.loc 1 136 0 is_stmt 1
 277 0020 0122     		movs	r2, #1
 278 0022 064B     		ldr	r3, .L23+16
 279              	.LVL24:
 280 0024 1A70     		strb	r2, [r3]
 137:..\src/flexsea_board.c **** }
 281              		.loc 1 137 0
 282 0026 5DF8044B 		ldr	r4, [sp], #4
 283              		.cfi_restore 4
 284              		.cfi_def_cfa_offset 0
 285 002a 7047     		bx	lr
 286              	.L24:
 287              		.align	2
 288              	.L23:
 289 002c 00000000 		.word	reply_ready_len
 290 0030 00000000 		.word	t1_time_share
 291 0034 00000000 		.word	reply_ready_timestamp
 292 0038 00000000 		.word	reply_ready_buf
 293 003c 00000000 		.word	reply_ready_flag
 294              		.cfi_endproc
 295              	.LFE69:
 296              		.size	rs485_reply_ready, .-rs485_reply_ready
 297              		.comm	slave_read_buffer,32,4
 298              		.global	read_offset
 299              		.comm	board_sub2_id,0,4
 300              		.comm	board_sub1_id,0,4
 301              		.global	board_up_id
 302              		.global	board_id
 303              		.data
 304              		.set	.LANCHOR0,. + 0
 305              		.type	board_id, %object
 306              		.size	board_id, 1
 307              	board_id:
 308 0000 28       		.byte	40
 309              		.type	board_up_id, %object
 310              		.size	board_up_id, 1
 311              	board_up_id:
 312 0001 14       		.byte	20
 313              		.bss
ARM GAS  C:\Users\Alex\AppData\Local\Temp\cc0PHfHW.s 			page 9


 314              		.set	.LANCHOR1,. + 0
 315              		.type	read_offset, %object
 316              		.size	read_offset, 1
 317              	read_offset:
 318 0000 00       		.space	1
 319              		.text
 320              	.Letext0:
 321              		.file 2 "c:\\program files (x86)\\cypress\\psoc creator\\3.3\\psoc creator\\import\\gnu\\arm\\4.9.
 322              		.file 3 "c:\\program files (x86)\\cypress\\psoc creator\\3.3\\psoc creator\\import\\gnu\\arm\\4.9.
 323              		.file 4 "Generated_Source\\PSoC5/cytypes.h"
 324              		.file 5 "Generated_Source\\PSoC5/core_cm3.h"
 325              		.file 6 "..\\inc/serial.h"
 326              		.file 7 "..\\inc/misc.h"
 327              		.file 8 "c:\\flexsea_alx87grd\\flexsea-comm\\inc\\flexsea_comm.h"
 328              		.file 9 "c:\\flexsea_alx87grd\\flexsea-comm\\inc\\flexsea_payload.h"
 329              		.section	.debug_info,"",%progbits
 330              	.Ldebug_info0:
 331 0000 CD030000 		.4byte	0x3cd
 332 0004 0400     		.2byte	0x4
 333 0006 00000000 		.4byte	.Ldebug_abbrev0
 334 000a 04       		.byte	0x4
 335 000b 01       		.uleb128 0x1
 336 000c 9E010000 		.4byte	.LASF47
 337 0010 01       		.byte	0x1
 338 0011 45020000 		.4byte	.LASF48
 339 0015 18000000 		.4byte	.LASF49
 340 0019 00000000 		.4byte	.Ldebug_ranges0+0
 341 001d 00000000 		.4byte	0
 342 0021 00000000 		.4byte	.Ldebug_line0
 343 0025 02       		.uleb128 0x2
 344 0026 01       		.byte	0x1
 345 0027 06       		.byte	0x6
 346 0028 A7000000 		.4byte	.LASF0
 347 002c 03       		.uleb128 0x3
 348 002d 0E000000 		.4byte	.LASF4
 349 0031 02       		.byte	0x2
 350 0032 1D       		.byte	0x1d
 351 0033 37000000 		.4byte	0x37
 352 0037 02       		.uleb128 0x2
 353 0038 01       		.byte	0x1
 354 0039 08       		.byte	0x8
 355 003a B3000000 		.4byte	.LASF1
 356 003e 02       		.uleb128 0x2
 357 003f 02       		.byte	0x2
 358 0040 05       		.byte	0x5
 359 0041 D4020000 		.4byte	.LASF2
 360 0045 02       		.uleb128 0x2
 361 0046 02       		.byte	0x2
 362 0047 07       		.byte	0x7
 363 0048 01010000 		.4byte	.LASF3
 364 004c 03       		.uleb128 0x3
 365 004d 46000000 		.4byte	.LASF5
 366 0051 02       		.byte	0x2
 367 0052 3F       		.byte	0x3f
 368 0053 57000000 		.4byte	0x57
 369 0057 02       		.uleb128 0x2
 370 0058 04       		.byte	0x4
ARM GAS  C:\Users\Alex\AppData\Local\Temp\cc0PHfHW.s 			page 10


 371 0059 05       		.byte	0x5
 372 005a 26030000 		.4byte	.LASF6
 373 005e 03       		.uleb128 0x3
 374 005f D3000000 		.4byte	.LASF7
 375 0063 02       		.byte	0x2
 376 0064 41       		.byte	0x41
 377 0065 69000000 		.4byte	0x69
 378 0069 02       		.uleb128 0x2
 379 006a 04       		.byte	0x4
 380 006b 07       		.byte	0x7
 381 006c DE000000 		.4byte	.LASF8
 382 0070 02       		.uleb128 0x2
 383 0071 08       		.byte	0x8
 384 0072 05       		.byte	0x5
 385 0073 00000000 		.4byte	.LASF9
 386 0077 02       		.uleb128 0x2
 387 0078 08       		.byte	0x8
 388 0079 07       		.byte	0x7
 389 007a 7F010000 		.4byte	.LASF10
 390 007e 04       		.uleb128 0x4
 391 007f 04       		.byte	0x4
 392 0080 05       		.byte	0x5
 393 0081 696E7400 		.ascii	"int\000"
 394 0085 02       		.uleb128 0x2
 395 0086 04       		.byte	0x4
 396 0087 07       		.byte	0x7
 397 0088 64010000 		.4byte	.LASF11
 398 008c 03       		.uleb128 0x3
 399 008d 96010000 		.4byte	.LASF12
 400 0091 03       		.byte	0x3
 401 0092 15       		.byte	0x15
 402 0093 2C000000 		.4byte	0x2c
 403 0097 03       		.uleb128 0x3
 404 0098 68020000 		.4byte	.LASF13
 405 009c 03       		.byte	0x3
 406 009d 2C       		.byte	0x2c
 407 009e 4C000000 		.4byte	0x4c
 408 00a2 03       		.uleb128 0x3
 409 00a3 1D030000 		.4byte	.LASF14
 410 00a7 03       		.byte	0x3
 411 00a8 2D       		.byte	0x2d
 412 00a9 5E000000 		.4byte	0x5e
 413 00ad 03       		.uleb128 0x3
 414 00ae 80000000 		.4byte	.LASF15
 415 00b2 04       		.byte	0x4
 416 00b3 C2       		.byte	0xc2
 417 00b4 37000000 		.4byte	0x37
 418 00b8 02       		.uleb128 0x2
 419 00b9 04       		.byte	0x4
 420 00ba 04       		.byte	0x4
 421 00bb A1000000 		.4byte	.LASF16
 422 00bf 02       		.uleb128 0x2
 423 00c0 08       		.byte	0x8
 424 00c1 04       		.byte	0x4
 425 00c2 3F010000 		.4byte	.LASF17
 426 00c6 02       		.uleb128 0x2
 427 00c7 01       		.byte	0x1
ARM GAS  C:\Users\Alex\AppData\Local\Temp\cc0PHfHW.s 			page 11


 428 00c8 08       		.byte	0x8
 429 00c9 BD020000 		.4byte	.LASF18
 430 00cd 05       		.uleb128 0x5
 431 00ce AD000000 		.4byte	0xad
 432 00d2 02       		.uleb128 0x2
 433 00d3 04       		.byte	0x4
 434 00d4 07       		.byte	0x7
 435 00d5 7E020000 		.4byte	.LASF19
 436 00d9 06       		.uleb128 0x6
 437 00da 04       		.byte	0x4
 438 00db 37000000 		.4byte	0x37
 439 00df 02       		.uleb128 0x2
 440 00e0 08       		.byte	0x8
 441 00e1 04       		.byte	0x4
 442 00e2 2F030000 		.4byte	.LASF20
 443 00e6 07       		.uleb128 0x7
 444 00e7 8C000000 		.4byte	0x8c
 445 00eb F6000000 		.4byte	0xf6
 446 00ef 08       		.uleb128 0x8
 447 00f0 D2000000 		.4byte	0xd2
 448 00f4 2F       		.byte	0x2f
 449 00f5 00       		.byte	0
 450 00f6 09       		.uleb128 0x9
 451 00f7 50000000 		.4byte	.LASF23
 452 00fb 01       		.byte	0x1
 453 00fc 28       		.byte	0x28
 454 00fd 00000000 		.4byte	.LFB63
 455 0101 02000000 		.4byte	.LFE63-.LFB63
 456 0105 01       		.uleb128 0x1
 457 0106 9C       		.byte	0x9c
 458 0107 33010000 		.4byte	0x133
 459 010b 0A       		.uleb128 0xa
 460 010c CF020000 		.4byte	.LASF21
 461 0110 01       		.byte	0x1
 462 0111 28       		.byte	0x28
 463 0112 37000000 		.4byte	0x37
 464 0116 01       		.uleb128 0x1
 465 0117 50       		.byte	0x50
 466 0118 0B       		.uleb128 0xb
 467 0119 73747200 		.ascii	"str\000"
 468 011d 01       		.byte	0x1
 469 011e 28       		.byte	0x28
 470 011f D9000000 		.4byte	0xd9
 471 0123 01       		.uleb128 0x1
 472 0124 51       		.byte	0x51
 473 0125 0A       		.uleb128 0xa
 474 0126 77030000 		.4byte	.LASF22
 475 012a 01       		.byte	0x1
 476 012b 28       		.byte	0x28
 477 012c 37000000 		.4byte	0x37
 478 0130 01       		.uleb128 0x1
 479 0131 52       		.byte	0x52
 480 0132 00       		.byte	0
 481 0133 09       		.uleb128 0x9
 482 0134 86000000 		.4byte	.LASF24
 483 0138 01       		.byte	0x1
 484 0139 2D       		.byte	0x2d
ARM GAS  C:\Users\Alex\AppData\Local\Temp\cc0PHfHW.s 			page 12


 485 013a 00000000 		.4byte	.LFB64
 486 013e 02000000 		.4byte	.LFE64-.LFB64
 487 0142 01       		.uleb128 0x1
 488 0143 9C       		.byte	0x9c
 489 0144 70010000 		.4byte	0x170
 490 0148 0A       		.uleb128 0xa
 491 0149 CF020000 		.4byte	.LASF21
 492 014d 01       		.byte	0x1
 493 014e 2D       		.byte	0x2d
 494 014f 37000000 		.4byte	0x37
 495 0153 01       		.uleb128 0x1
 496 0154 50       		.byte	0x50
 497 0155 0B       		.uleb128 0xb
 498 0156 73747200 		.ascii	"str\000"
 499 015a 01       		.byte	0x1
 500 015b 2D       		.byte	0x2d
 501 015c D9000000 		.4byte	0xd9
 502 0160 01       		.uleb128 0x1
 503 0161 51       		.byte	0x51
 504 0162 0A       		.uleb128 0xa
 505 0163 77030000 		.4byte	.LASF22
 506 0167 01       		.byte	0x1
 507 0168 2D       		.byte	0x2d
 508 0169 37000000 		.4byte	0x37
 509 016d 01       		.uleb128 0x1
 510 016e 52       		.byte	0x52
 511 016f 00       		.byte	0
 512 0170 09       		.uleb128 0x9
 513 0171 87020000 		.4byte	.LASF25
 514 0175 01       		.byte	0x1
 515 0176 33       		.byte	0x33
 516 0177 00000000 		.4byte	.LFB65
 517 017b 18000000 		.4byte	.LFE65-.LFB65
 518 017f 01       		.uleb128 0x1
 519 0180 9C       		.byte	0x9c
 520 0181 93010000 		.4byte	0x193
 521 0185 0C       		.uleb128 0xc
 522 0186 6900     		.ascii	"i\000"
 523 0188 01       		.byte	0x1
 524 0189 35       		.byte	0x35
 525 018a 7E000000 		.4byte	0x7e
 526 018e 00000000 		.4byte	.LLST0
 527 0192 00       		.byte	0
 528 0193 09       		.uleb128 0x9
 529 0194 EA020000 		.4byte	.LASF26
 530 0198 01       		.byte	0x1
 531 0199 3E       		.byte	0x3e
 532 019a 00000000 		.4byte	.LFB66
 533 019e 02000000 		.4byte	.LFE66-.LFB66
 534 01a2 01       		.uleb128 0x1
 535 01a3 9C       		.byte	0x9c
 536 01a4 B6010000 		.4byte	0x1b6
 537 01a8 0A       		.uleb128 0xa
 538 01a9 DE020000 		.4byte	.LASF27
 539 01ad 01       		.byte	0x1
 540 01ae 3E       		.byte	0x3e
 541 01af 37000000 		.4byte	0x37
ARM GAS  C:\Users\Alex\AppData\Local\Temp\cc0PHfHW.s 			page 13


 542 01b3 01       		.uleb128 0x1
 543 01b4 50       		.byte	0x50
 544 01b5 00       		.byte	0
 545 01b6 09       		.uleb128 0x9
 546 01b7 2C020000 		.4byte	.LASF28
 547 01bb 01       		.byte	0x1
 548 01bc 59       		.byte	0x59
 549 01bd 00000000 		.4byte	.LFB67
 550 01c1 48000000 		.4byte	.LFE67-.LFB67
 551 01c5 01       		.uleb128 0x1
 552 01c6 9C       		.byte	0x9c
 553 01c7 FE010000 		.4byte	0x1fe
 554 01cb 0D       		.uleb128 0xd
 555 01cc 51010000 		.4byte	.LASF29
 556 01d0 01       		.byte	0x1
 557 01d1 59       		.byte	0x59
 558 01d2 37000000 		.4byte	0x37
 559 01d6 1F000000 		.4byte	.LLST1
 560 01da 0C       		.uleb128 0xc
 561 01db 6900     		.ascii	"i\000"
 562 01dd 01       		.byte	0x1
 563 01de 5B       		.byte	0x5b
 564 01df 37000000 		.4byte	0x37
 565 01e3 40000000 		.4byte	.LLST2
 566 01e7 0E       		.uleb128 0xe
 567 01e8 14000000 		.4byte	.LVL9
 568 01ec 95030000 		.4byte	0x395
 569 01f0 0F       		.uleb128 0xf
 570 01f1 01       		.uleb128 0x1
 571 01f2 53       		.byte	0x53
 572 01f3 02       		.uleb128 0x2
 573 01f4 08       		.byte	0x8
 574 01f5 24       		.byte	0x24
 575 01f6 0F       		.uleb128 0xf
 576 01f7 01       		.uleb128 0x1
 577 01f8 52       		.byte	0x52
 578 01f9 02       		.uleb128 0x2
 579 01fa 75       		.byte	0x75
 580 01fb 00       		.sleb128 0
 581 01fc 00       		.byte	0
 582 01fd 00       		.byte	0
 583 01fe 10       		.uleb128 0x10
 584 01ff 4B030000 		.4byte	.LASF50
 585 0203 01       		.byte	0x1
 586 0204 70       		.byte	0x70
 587 0205 37000000 		.4byte	0x37
 588 0209 00000000 		.4byte	.LFB68
 589 020d 28000000 		.4byte	.LFE68-.LFB68
 590 0211 01       		.uleb128 0x1
 591 0212 9C       		.byte	0x9c
 592 0213 40020000 		.4byte	0x240
 593 0217 11       		.uleb128 0x11
 594 0218 40020000 		.4byte	.LASF30
 595 021c 01       		.byte	0x1
 596 021d 72       		.byte	0x72
 597 021e 37000000 		.4byte	0x37
 598 0222 76000000 		.4byte	.LLST3
ARM GAS  C:\Users\Alex\AppData\Local\Temp\cc0PHfHW.s 			page 14


 599 0226 12       		.uleb128 0x12
 600 0227 0A000000 		.4byte	.LVL16
 601 022b B6010000 		.4byte	0x1b6
 602 022f 0E       		.uleb128 0xe
 603 0230 14000000 		.4byte	.LVL17
 604 0234 B5030000 		.4byte	0x3b5
 605 0238 0F       		.uleb128 0xf
 606 0239 01       		.uleb128 0x1
 607 023a 52       		.byte	0x52
 608 023b 02       		.uleb128 0x2
 609 023c 08       		.byte	0x8
 610 023d 24       		.byte	0x24
 611 023e 00       		.byte	0
 612 023f 00       		.byte	0
 613 0240 09       		.uleb128 0x9
 614 0241 0B030000 		.4byte	.LASF31
 615 0245 01       		.byte	0x1
 616 0246 7B       		.byte	0x7b
 617 0247 00000000 		.4byte	.LFB69
 618 024b 40000000 		.4byte	.LFE69-.LFB69
 619 024f 01       		.uleb128 0x1
 620 0250 9C       		.byte	0x9c
 621 0251 7D020000 		.4byte	0x27d
 622 0255 0B       		.uleb128 0xb
 623 0256 62756600 		.ascii	"buf\000"
 624 025a 01       		.byte	0x1
 625 025b 7B       		.byte	0x7b
 626 025c 7D020000 		.4byte	0x27d
 627 0260 01       		.uleb128 0x1
 628 0261 50       		.byte	0x50
 629 0262 0B       		.uleb128 0xb
 630 0263 6C656E00 		.ascii	"len\000"
 631 0267 01       		.byte	0x1
 632 0268 7B       		.byte	0x7b
 633 0269 A2000000 		.4byte	0xa2
 634 026d 01       		.uleb128 0x1
 635 026e 51       		.byte	0x51
 636 026f 0C       		.uleb128 0xc
 637 0270 6900     		.ascii	"i\000"
 638 0272 01       		.byte	0x1
 639 0273 7D       		.byte	0x7d
 640 0274 AD000000 		.4byte	0xad
 641 0278 95000000 		.4byte	.LLST4
 642 027c 00       		.byte	0
 643 027d 06       		.uleb128 0x6
 644 027e 04       		.byte	0x4
 645 027f 8C000000 		.4byte	0x8c
 646 0283 13       		.uleb128 0x13
 647 0284 24010000 		.4byte	.LASF32
 648 0288 05       		.byte	0x5
 649 0289 2A06     		.2byte	0x62a
 650 028b 8F020000 		.4byte	0x28f
 651 028f 05       		.uleb128 0x5
 652 0290 97000000 		.4byte	0x97
 653 0294 07       		.uleb128 0x7
 654 0295 AD000000 		.4byte	0xad
 655 0299 A4020000 		.4byte	0x2a4
ARM GAS  C:\Users\Alex\AppData\Local\Temp\cc0PHfHW.s 			page 15


 656 029d 08       		.uleb128 0x8
 657 029e D2000000 		.4byte	0xd2
 658 02a2 5F       		.byte	0x5f
 659 02a3 00       		.byte	0
 660 02a4 14       		.uleb128 0x14
 661 02a5 14010000 		.4byte	.LASF33
 662 02a9 06       		.byte	0x6
 663 02aa 27       		.byte	0x27
 664 02ab 94020000 		.4byte	0x294
 665 02af 14       		.uleb128 0x14
 666 02b0 F0000000 		.4byte	.LASF34
 667 02b4 06       		.byte	0x6
 668 02b5 28       		.byte	0x28
 669 02b6 AD000000 		.4byte	0xad
 670 02ba 14       		.uleb128 0x14
 671 02bb 3B030000 		.4byte	.LASF35
 672 02bf 06       		.byte	0x6
 673 02c0 29       		.byte	0x29
 674 02c1 AD000000 		.4byte	0xad
 675 02c5 14       		.uleb128 0x14
 676 02c6 A7020000 		.4byte	.LASF36
 677 02ca 06       		.byte	0x6
 678 02cb 2A       		.byte	0x2a
 679 02cc AD000000 		.4byte	0xad
 680 02d0 14       		.uleb128 0x14
 681 02d1 31010000 		.4byte	.LASF37
 682 02d5 07       		.byte	0x7
 683 02d6 18       		.byte	0x18
 684 02d7 CD000000 		.4byte	0xcd
 685 02db 15       		.uleb128 0x15
 686 02dc 5B010000 		.4byte	.LASF38
 687 02e0 01       		.byte	0x1
 688 02e1 17       		.byte	0x17
 689 02e2 AD000000 		.4byte	0xad
 690 02e6 05       		.uleb128 0x5
 691 02e7 03       		.byte	0x3
 692 02e8 00000000 		.4byte	board_id
 693 02ec 15       		.uleb128 0x15
 694 02ed 6B030000 		.4byte	.LASF39
 695 02f1 01       		.byte	0x1
 696 02f2 18       		.byte	0x18
 697 02f3 AD000000 		.4byte	0xad
 698 02f7 05       		.uleb128 0x5
 699 02f8 03       		.byte	0x3
 700 02f9 00000000 		.4byte	board_up_id
 701 02fd 07       		.uleb128 0x7
 702 02fe AD000000 		.4byte	0xad
 703 0302 0C030000 		.4byte	0x30c
 704 0306 16       		.uleb128 0x16
 705 0307 D2000000 		.4byte	0xd2
 706 030b 00       		.byte	0
 707 030c 15       		.uleb128 0x15
 708 030d 70020000 		.4byte	.LASF40
 709 0311 01       		.byte	0x1
 710 0312 19       		.byte	0x19
 711 0313 FD020000 		.4byte	0x2fd
 712 0317 05       		.uleb128 0x5
ARM GAS  C:\Users\Alex\AppData\Local\Temp\cc0PHfHW.s 			page 16


 713 0318 03       		.byte	0x3
 714 0319 00000000 		.4byte	board_sub1_id
 715 031d 07       		.uleb128 0x7
 716 031e AD000000 		.4byte	0xad
 717 0322 2C030000 		.4byte	0x32c
 718 0326 16       		.uleb128 0x16
 719 0327 D2000000 		.4byte	0xd2
 720 032b 00       		.byte	0
 721 032c 15       		.uleb128 0x15
 722 032d 71010000 		.4byte	.LASF41
 723 0331 01       		.byte	0x1
 724 0332 1A       		.byte	0x1a
 725 0333 1D030000 		.4byte	0x31d
 726 0337 05       		.uleb128 0x5
 727 0338 03       		.byte	0x3
 728 0339 00000000 		.4byte	board_sub2_id
 729 033d 14       		.uleb128 0x14
 730 033e 46010000 		.4byte	.LASF42
 731 0342 08       		.byte	0x8
 732 0343 20       		.byte	0x20
 733 0344 E6000000 		.4byte	0xe6
 734 0348 07       		.uleb128 0x7
 735 0349 8C000000 		.4byte	0x8c
 736 034d 58030000 		.4byte	0x358
 737 0351 08       		.uleb128 0x8
 738 0352 D2000000 		.4byte	0xd2
 739 0356 23       		.byte	0x23
 740 0357 00       		.byte	0
 741 0358 14       		.uleb128 0x14
 742 0359 5C020000 		.4byte	.LASF43
 743 035d 09       		.byte	0x9
 744 035e 1C       		.byte	0x1c
 745 035f 48030000 		.4byte	0x348
 746 0363 15       		.uleb128 0x15
 747 0364 DE020000 		.4byte	.LASF27
 748 0368 01       		.byte	0x1
 749 0369 1D       		.byte	0x1d
 750 036a 8C000000 		.4byte	0x8c
 751 036e 05       		.uleb128 0x5
 752 036f 03       		.byte	0x3
 753 0370 00000000 		.4byte	read_offset
 754 0374 07       		.uleb128 0x7
 755 0375 37000000 		.4byte	0x37
 756 0379 84030000 		.4byte	0x384
 757 037d 08       		.uleb128 0x8
 758 037e D2000000 		.4byte	0xd2
 759 0382 1F       		.byte	0x1f
 760 0383 00       		.byte	0
 761 0384 15       		.uleb128 0x15
 762 0385 C1000000 		.4byte	.LASF44
 763 0389 01       		.byte	0x1
 764 038a 20       		.byte	0x20
 765 038b 74030000 		.4byte	0x374
 766 038f 05       		.uleb128 0x5
 767 0390 03       		.byte	0x3
 768 0391 00000000 		.4byte	slave_read_buffer
 769 0395 17       		.uleb128 0x17
ARM GAS  C:\Users\Alex\AppData\Local\Temp\cc0PHfHW.s 			page 17


 770 0396 6A000000 		.4byte	.LASF45
 771 039a 09       		.byte	0x9
 772 039b 24       		.byte	0x24
 773 039c B5030000 		.4byte	0x3b5
 774 03a0 18       		.uleb128 0x18
 775 03a1 8C000000 		.4byte	0x8c
 776 03a5 18       		.uleb128 0x18
 777 03a6 8C000000 		.4byte	0x8c
 778 03aa 18       		.uleb128 0x18
 779 03ab 7D020000 		.4byte	0x27d
 780 03af 18       		.uleb128 0x18
 781 03b0 A2000000 		.4byte	0xa2
 782 03b4 00       		.byte	0
 783 03b5 19       		.uleb128 0x19
 784 03b6 C2020000 		.4byte	.LASF46
 785 03ba 08       		.byte	0x8
 786 03bb 37       		.byte	0x37
 787 03bc 8C000000 		.4byte	0x8c
 788 03c0 18       		.uleb128 0x18
 789 03c1 7D020000 		.4byte	0x27d
 790 03c5 18       		.uleb128 0x18
 791 03c6 7D020000 		.4byte	0x27d
 792 03ca 18       		.uleb128 0x18
 793 03cb 8C000000 		.4byte	0x8c
 794 03cf 00       		.byte	0
 795 03d0 00       		.byte	0
 796              		.section	.debug_abbrev,"",%progbits
 797              	.Ldebug_abbrev0:
 798 0000 01       		.uleb128 0x1
 799 0001 11       		.uleb128 0x11
 800 0002 01       		.byte	0x1
 801 0003 25       		.uleb128 0x25
 802 0004 0E       		.uleb128 0xe
 803 0005 13       		.uleb128 0x13
 804 0006 0B       		.uleb128 0xb
 805 0007 03       		.uleb128 0x3
 806 0008 0E       		.uleb128 0xe
 807 0009 1B       		.uleb128 0x1b
 808 000a 0E       		.uleb128 0xe
 809 000b 55       		.uleb128 0x55
 810 000c 17       		.uleb128 0x17
 811 000d 11       		.uleb128 0x11
 812 000e 01       		.uleb128 0x1
 813 000f 10       		.uleb128 0x10
 814 0010 17       		.uleb128 0x17
 815 0011 00       		.byte	0
 816 0012 00       		.byte	0
 817 0013 02       		.uleb128 0x2
 818 0014 24       		.uleb128 0x24
 819 0015 00       		.byte	0
 820 0016 0B       		.uleb128 0xb
 821 0017 0B       		.uleb128 0xb
 822 0018 3E       		.uleb128 0x3e
 823 0019 0B       		.uleb128 0xb
 824 001a 03       		.uleb128 0x3
 825 001b 0E       		.uleb128 0xe
 826 001c 00       		.byte	0
ARM GAS  C:\Users\Alex\AppData\Local\Temp\cc0PHfHW.s 			page 18


 827 001d 00       		.byte	0
 828 001e 03       		.uleb128 0x3
 829 001f 16       		.uleb128 0x16
 830 0020 00       		.byte	0
 831 0021 03       		.uleb128 0x3
 832 0022 0E       		.uleb128 0xe
 833 0023 3A       		.uleb128 0x3a
 834 0024 0B       		.uleb128 0xb
 835 0025 3B       		.uleb128 0x3b
 836 0026 0B       		.uleb128 0xb
 837 0027 49       		.uleb128 0x49
 838 0028 13       		.uleb128 0x13
 839 0029 00       		.byte	0
 840 002a 00       		.byte	0
 841 002b 04       		.uleb128 0x4
 842 002c 24       		.uleb128 0x24
 843 002d 00       		.byte	0
 844 002e 0B       		.uleb128 0xb
 845 002f 0B       		.uleb128 0xb
 846 0030 3E       		.uleb128 0x3e
 847 0031 0B       		.uleb128 0xb
 848 0032 03       		.uleb128 0x3
 849 0033 08       		.uleb128 0x8
 850 0034 00       		.byte	0
 851 0035 00       		.byte	0
 852 0036 05       		.uleb128 0x5
 853 0037 35       		.uleb128 0x35
 854 0038 00       		.byte	0
 855 0039 49       		.uleb128 0x49
 856 003a 13       		.uleb128 0x13
 857 003b 00       		.byte	0
 858 003c 00       		.byte	0
 859 003d 06       		.uleb128 0x6
 860 003e 0F       		.uleb128 0xf
 861 003f 00       		.byte	0
 862 0040 0B       		.uleb128 0xb
 863 0041 0B       		.uleb128 0xb
 864 0042 49       		.uleb128 0x49
 865 0043 13       		.uleb128 0x13
 866 0044 00       		.byte	0
 867 0045 00       		.byte	0
 868 0046 07       		.uleb128 0x7
 869 0047 01       		.uleb128 0x1
 870 0048 01       		.byte	0x1
 871 0049 49       		.uleb128 0x49
 872 004a 13       		.uleb128 0x13
 873 004b 01       		.uleb128 0x1
 874 004c 13       		.uleb128 0x13
 875 004d 00       		.byte	0
 876 004e 00       		.byte	0
 877 004f 08       		.uleb128 0x8
 878 0050 21       		.uleb128 0x21
 879 0051 00       		.byte	0
 880 0052 49       		.uleb128 0x49
 881 0053 13       		.uleb128 0x13
 882 0054 2F       		.uleb128 0x2f
 883 0055 0B       		.uleb128 0xb
ARM GAS  C:\Users\Alex\AppData\Local\Temp\cc0PHfHW.s 			page 19


 884 0056 00       		.byte	0
 885 0057 00       		.byte	0
 886 0058 09       		.uleb128 0x9
 887 0059 2E       		.uleb128 0x2e
 888 005a 01       		.byte	0x1
 889 005b 3F       		.uleb128 0x3f
 890 005c 19       		.uleb128 0x19
 891 005d 03       		.uleb128 0x3
 892 005e 0E       		.uleb128 0xe
 893 005f 3A       		.uleb128 0x3a
 894 0060 0B       		.uleb128 0xb
 895 0061 3B       		.uleb128 0x3b
 896 0062 0B       		.uleb128 0xb
 897 0063 27       		.uleb128 0x27
 898 0064 19       		.uleb128 0x19
 899 0065 11       		.uleb128 0x11
 900 0066 01       		.uleb128 0x1
 901 0067 12       		.uleb128 0x12
 902 0068 06       		.uleb128 0x6
 903 0069 40       		.uleb128 0x40
 904 006a 18       		.uleb128 0x18
 905 006b 9742     		.uleb128 0x2117
 906 006d 19       		.uleb128 0x19
 907 006e 01       		.uleb128 0x1
 908 006f 13       		.uleb128 0x13
 909 0070 00       		.byte	0
 910 0071 00       		.byte	0
 911 0072 0A       		.uleb128 0xa
 912 0073 05       		.uleb128 0x5
 913 0074 00       		.byte	0
 914 0075 03       		.uleb128 0x3
 915 0076 0E       		.uleb128 0xe
 916 0077 3A       		.uleb128 0x3a
 917 0078 0B       		.uleb128 0xb
 918 0079 3B       		.uleb128 0x3b
 919 007a 0B       		.uleb128 0xb
 920 007b 49       		.uleb128 0x49
 921 007c 13       		.uleb128 0x13
 922 007d 02       		.uleb128 0x2
 923 007e 18       		.uleb128 0x18
 924 007f 00       		.byte	0
 925 0080 00       		.byte	0
 926 0081 0B       		.uleb128 0xb
 927 0082 05       		.uleb128 0x5
 928 0083 00       		.byte	0
 929 0084 03       		.uleb128 0x3
 930 0085 08       		.uleb128 0x8
 931 0086 3A       		.uleb128 0x3a
 932 0087 0B       		.uleb128 0xb
 933 0088 3B       		.uleb128 0x3b
 934 0089 0B       		.uleb128 0xb
 935 008a 49       		.uleb128 0x49
 936 008b 13       		.uleb128 0x13
 937 008c 02       		.uleb128 0x2
 938 008d 18       		.uleb128 0x18
 939 008e 00       		.byte	0
 940 008f 00       		.byte	0
ARM GAS  C:\Users\Alex\AppData\Local\Temp\cc0PHfHW.s 			page 20


 941 0090 0C       		.uleb128 0xc
 942 0091 34       		.uleb128 0x34
 943 0092 00       		.byte	0
 944 0093 03       		.uleb128 0x3
 945 0094 08       		.uleb128 0x8
 946 0095 3A       		.uleb128 0x3a
 947 0096 0B       		.uleb128 0xb
 948 0097 3B       		.uleb128 0x3b
 949 0098 0B       		.uleb128 0xb
 950 0099 49       		.uleb128 0x49
 951 009a 13       		.uleb128 0x13
 952 009b 02       		.uleb128 0x2
 953 009c 17       		.uleb128 0x17
 954 009d 00       		.byte	0
 955 009e 00       		.byte	0
 956 009f 0D       		.uleb128 0xd
 957 00a0 05       		.uleb128 0x5
 958 00a1 00       		.byte	0
 959 00a2 03       		.uleb128 0x3
 960 00a3 0E       		.uleb128 0xe
 961 00a4 3A       		.uleb128 0x3a
 962 00a5 0B       		.uleb128 0xb
 963 00a6 3B       		.uleb128 0x3b
 964 00a7 0B       		.uleb128 0xb
 965 00a8 49       		.uleb128 0x49
 966 00a9 13       		.uleb128 0x13
 967 00aa 02       		.uleb128 0x2
 968 00ab 17       		.uleb128 0x17
 969 00ac 00       		.byte	0
 970 00ad 00       		.byte	0
 971 00ae 0E       		.uleb128 0xe
 972 00af 898201   		.uleb128 0x4109
 973 00b2 01       		.byte	0x1
 974 00b3 11       		.uleb128 0x11
 975 00b4 01       		.uleb128 0x1
 976 00b5 31       		.uleb128 0x31
 977 00b6 13       		.uleb128 0x13
 978 00b7 00       		.byte	0
 979 00b8 00       		.byte	0
 980 00b9 0F       		.uleb128 0xf
 981 00ba 8A8201   		.uleb128 0x410a
 982 00bd 00       		.byte	0
 983 00be 02       		.uleb128 0x2
 984 00bf 18       		.uleb128 0x18
 985 00c0 9142     		.uleb128 0x2111
 986 00c2 18       		.uleb128 0x18
 987 00c3 00       		.byte	0
 988 00c4 00       		.byte	0
 989 00c5 10       		.uleb128 0x10
 990 00c6 2E       		.uleb128 0x2e
 991 00c7 01       		.byte	0x1
 992 00c8 3F       		.uleb128 0x3f
 993 00c9 19       		.uleb128 0x19
 994 00ca 03       		.uleb128 0x3
 995 00cb 0E       		.uleb128 0xe
 996 00cc 3A       		.uleb128 0x3a
 997 00cd 0B       		.uleb128 0xb
ARM GAS  C:\Users\Alex\AppData\Local\Temp\cc0PHfHW.s 			page 21


 998 00ce 3B       		.uleb128 0x3b
 999 00cf 0B       		.uleb128 0xb
 1000 00d0 27       		.uleb128 0x27
 1001 00d1 19       		.uleb128 0x19
 1002 00d2 49       		.uleb128 0x49
 1003 00d3 13       		.uleb128 0x13
 1004 00d4 11       		.uleb128 0x11
 1005 00d5 01       		.uleb128 0x1
 1006 00d6 12       		.uleb128 0x12
 1007 00d7 06       		.uleb128 0x6
 1008 00d8 40       		.uleb128 0x40
 1009 00d9 18       		.uleb128 0x18
 1010 00da 9742     		.uleb128 0x2117
 1011 00dc 19       		.uleb128 0x19
 1012 00dd 01       		.uleb128 0x1
 1013 00de 13       		.uleb128 0x13
 1014 00df 00       		.byte	0
 1015 00e0 00       		.byte	0
 1016 00e1 11       		.uleb128 0x11
 1017 00e2 34       		.uleb128 0x34
 1018 00e3 00       		.byte	0
 1019 00e4 03       		.uleb128 0x3
 1020 00e5 0E       		.uleb128 0xe
 1021 00e6 3A       		.uleb128 0x3a
 1022 00e7 0B       		.uleb128 0xb
 1023 00e8 3B       		.uleb128 0x3b
 1024 00e9 0B       		.uleb128 0xb
 1025 00ea 49       		.uleb128 0x49
 1026 00eb 13       		.uleb128 0x13
 1027 00ec 02       		.uleb128 0x2
 1028 00ed 17       		.uleb128 0x17
 1029 00ee 00       		.byte	0
 1030 00ef 00       		.byte	0
 1031 00f0 12       		.uleb128 0x12
 1032 00f1 898201   		.uleb128 0x4109
 1033 00f4 00       		.byte	0
 1034 00f5 11       		.uleb128 0x11
 1035 00f6 01       		.uleb128 0x1
 1036 00f7 31       		.uleb128 0x31
 1037 00f8 13       		.uleb128 0x13
 1038 00f9 00       		.byte	0
 1039 00fa 00       		.byte	0
 1040 00fb 13       		.uleb128 0x13
 1041 00fc 34       		.uleb128 0x34
 1042 00fd 00       		.byte	0
 1043 00fe 03       		.uleb128 0x3
 1044 00ff 0E       		.uleb128 0xe
 1045 0100 3A       		.uleb128 0x3a
 1046 0101 0B       		.uleb128 0xb
 1047 0102 3B       		.uleb128 0x3b
 1048 0103 05       		.uleb128 0x5
 1049 0104 49       		.uleb128 0x49
 1050 0105 13       		.uleb128 0x13
 1051 0106 3F       		.uleb128 0x3f
 1052 0107 19       		.uleb128 0x19
 1053 0108 3C       		.uleb128 0x3c
 1054 0109 19       		.uleb128 0x19
ARM GAS  C:\Users\Alex\AppData\Local\Temp\cc0PHfHW.s 			page 22


 1055 010a 00       		.byte	0
 1056 010b 00       		.byte	0
 1057 010c 14       		.uleb128 0x14
 1058 010d 34       		.uleb128 0x34
 1059 010e 00       		.byte	0
 1060 010f 03       		.uleb128 0x3
 1061 0110 0E       		.uleb128 0xe
 1062 0111 3A       		.uleb128 0x3a
 1063 0112 0B       		.uleb128 0xb
 1064 0113 3B       		.uleb128 0x3b
 1065 0114 0B       		.uleb128 0xb
 1066 0115 49       		.uleb128 0x49
 1067 0116 13       		.uleb128 0x13
 1068 0117 3F       		.uleb128 0x3f
 1069 0118 19       		.uleb128 0x19
 1070 0119 3C       		.uleb128 0x3c
 1071 011a 19       		.uleb128 0x19
 1072 011b 00       		.byte	0
 1073 011c 00       		.byte	0
 1074 011d 15       		.uleb128 0x15
 1075 011e 34       		.uleb128 0x34
 1076 011f 00       		.byte	0
 1077 0120 03       		.uleb128 0x3
 1078 0121 0E       		.uleb128 0xe
 1079 0122 3A       		.uleb128 0x3a
 1080 0123 0B       		.uleb128 0xb
 1081 0124 3B       		.uleb128 0x3b
 1082 0125 0B       		.uleb128 0xb
 1083 0126 49       		.uleb128 0x49
 1084 0127 13       		.uleb128 0x13
 1085 0128 3F       		.uleb128 0x3f
 1086 0129 19       		.uleb128 0x19
 1087 012a 02       		.uleb128 0x2
 1088 012b 18       		.uleb128 0x18
 1089 012c 00       		.byte	0
 1090 012d 00       		.byte	0
 1091 012e 16       		.uleb128 0x16
 1092 012f 21       		.uleb128 0x21
 1093 0130 00       		.byte	0
 1094 0131 49       		.uleb128 0x49
 1095 0132 13       		.uleb128 0x13
 1096 0133 00       		.byte	0
 1097 0134 00       		.byte	0
 1098 0135 17       		.uleb128 0x17
 1099 0136 2E       		.uleb128 0x2e
 1100 0137 01       		.byte	0x1
 1101 0138 3F       		.uleb128 0x3f
 1102 0139 19       		.uleb128 0x19
 1103 013a 03       		.uleb128 0x3
 1104 013b 0E       		.uleb128 0xe
 1105 013c 3A       		.uleb128 0x3a
 1106 013d 0B       		.uleb128 0xb
 1107 013e 3B       		.uleb128 0x3b
 1108 013f 0B       		.uleb128 0xb
 1109 0140 27       		.uleb128 0x27
 1110 0141 19       		.uleb128 0x19
 1111 0142 3C       		.uleb128 0x3c
ARM GAS  C:\Users\Alex\AppData\Local\Temp\cc0PHfHW.s 			page 23


 1112 0143 19       		.uleb128 0x19
 1113 0144 01       		.uleb128 0x1
 1114 0145 13       		.uleb128 0x13
 1115 0146 00       		.byte	0
 1116 0147 00       		.byte	0
 1117 0148 18       		.uleb128 0x18
 1118 0149 05       		.uleb128 0x5
 1119 014a 00       		.byte	0
 1120 014b 49       		.uleb128 0x49
 1121 014c 13       		.uleb128 0x13
 1122 014d 00       		.byte	0
 1123 014e 00       		.byte	0
 1124 014f 19       		.uleb128 0x19
 1125 0150 2E       		.uleb128 0x2e
 1126 0151 01       		.byte	0x1
 1127 0152 3F       		.uleb128 0x3f
 1128 0153 19       		.uleb128 0x19
 1129 0154 03       		.uleb128 0x3
 1130 0155 0E       		.uleb128 0xe
 1131 0156 3A       		.uleb128 0x3a
 1132 0157 0B       		.uleb128 0xb
 1133 0158 3B       		.uleb128 0x3b
 1134 0159 0B       		.uleb128 0xb
 1135 015a 27       		.uleb128 0x27
 1136 015b 19       		.uleb128 0x19
 1137 015c 49       		.uleb128 0x49
 1138 015d 13       		.uleb128 0x13
 1139 015e 3C       		.uleb128 0x3c
 1140 015f 19       		.uleb128 0x19
 1141 0160 00       		.byte	0
 1142 0161 00       		.byte	0
 1143 0162 00       		.byte	0
 1144              		.section	.debug_loc,"",%progbits
 1145              	.Ldebug_loc0:
 1146              	.LLST0:
 1147 0000 00000000 		.4byte	.LVL2
 1148 0004 04000000 		.4byte	.LVL3
 1149 0008 0200     		.2byte	0x2
 1150 000a 30       		.byte	0x30
 1151 000b 9F       		.byte	0x9f
 1152 000c 04000000 		.4byte	.LVL3
 1153 0010 18000000 		.4byte	.LFE65
 1154 0014 0100     		.2byte	0x1
 1155 0016 53       		.byte	0x53
 1156 0017 00000000 		.4byte	0
 1157 001b 00000000 		.4byte	0
 1158              	.LLST1:
 1159 001f 00000000 		.4byte	.LVL6
 1160 0023 0A000000 		.4byte	.LVL8
 1161 0027 0100     		.2byte	0x1
 1162 0029 50       		.byte	0x50
 1163 002a 0A000000 		.4byte	.LVL8
 1164 002e 48000000 		.4byte	.LFE67
 1165 0032 0400     		.2byte	0x4
 1166 0034 F3       		.byte	0xf3
 1167 0035 01       		.uleb128 0x1
 1168 0036 50       		.byte	0x50
ARM GAS  C:\Users\Alex\AppData\Local\Temp\cc0PHfHW.s 			page 24


 1169 0037 9F       		.byte	0x9f
 1170 0038 00000000 		.4byte	0
 1171 003c 00000000 		.4byte	0
 1172              	.LLST2:
 1173 0040 04000000 		.4byte	.LVL7
 1174 0044 22000000 		.4byte	.LVL10
 1175 0048 0200     		.2byte	0x2
 1176 004a 30       		.byte	0x30
 1177 004b 9F       		.byte	0x9f
 1178 004c 22000000 		.4byte	.LVL10
 1179 0050 24000000 		.4byte	.LVL11
 1180 0054 0200     		.2byte	0x2
 1181 0056 31       		.byte	0x31
 1182 0057 9F       		.byte	0x9f
 1183 0058 24000000 		.4byte	.LVL11
 1184 005c 32000000 		.4byte	.LVL12
 1185 0060 0100     		.2byte	0x1
 1186 0062 53       		.byte	0x53
 1187 0063 34000000 		.4byte	.LVL13
 1188 0067 3A000000 		.4byte	.LVL14
 1189 006b 0100     		.2byte	0x1
 1190 006d 53       		.byte	0x53
 1191 006e 00000000 		.4byte	0
 1192 0072 00000000 		.4byte	0
 1193              	.LLST3:
 1194 0076 02000000 		.4byte	.LVL15
 1195 007a 14000000 		.4byte	.LVL17
 1196 007e 0200     		.2byte	0x2
 1197 0080 30       		.byte	0x30
 1198 0081 9F       		.byte	0x9f
 1199 0082 14000000 		.4byte	.LVL17
 1200 0086 16000000 		.4byte	.LVL18
 1201 008a 0100     		.2byte	0x1
 1202 008c 50       		.byte	0x50
 1203 008d 00000000 		.4byte	0
 1204 0091 00000000 		.4byte	0
 1205              	.LLST4:
 1206 0095 02000000 		.4byte	.LVL20
 1207 0099 12000000 		.4byte	.LVL21
 1208 009d 0200     		.2byte	0x2
 1209 009f 30       		.byte	0x30
 1210 00a0 9F       		.byte	0x9f
 1211 00a1 12000000 		.4byte	.LVL21
 1212 00a5 1A000000 		.4byte	.LVL22
 1213 00a9 0100     		.2byte	0x1
 1214 00ab 53       		.byte	0x53
 1215 00ac 1C000000 		.4byte	.LVL23
 1216 00b0 24000000 		.4byte	.LVL24
 1217 00b4 0100     		.2byte	0x1
 1218 00b6 53       		.byte	0x53
 1219 00b7 00000000 		.4byte	0
 1220 00bb 00000000 		.4byte	0
 1221              		.section	.debug_aranges,"",%progbits
 1222 0000 4C000000 		.4byte	0x4c
 1223 0004 0200     		.2byte	0x2
 1224 0006 00000000 		.4byte	.Ldebug_info0
 1225 000a 04       		.byte	0x4
ARM GAS  C:\Users\Alex\AppData\Local\Temp\cc0PHfHW.s 			page 25


 1226 000b 00       		.byte	0
 1227 000c 0000     		.2byte	0
 1228 000e 0000     		.2byte	0
 1229 0010 00000000 		.4byte	.LFB63
 1230 0014 02000000 		.4byte	.LFE63-.LFB63
 1231 0018 00000000 		.4byte	.LFB64
 1232 001c 02000000 		.4byte	.LFE64-.LFB64
 1233 0020 00000000 		.4byte	.LFB65
 1234 0024 18000000 		.4byte	.LFE65-.LFB65
 1235 0028 00000000 		.4byte	.LFB66
 1236 002c 02000000 		.4byte	.LFE66-.LFB66
 1237 0030 00000000 		.4byte	.LFB67
 1238 0034 48000000 		.4byte	.LFE67-.LFB67
 1239 0038 00000000 		.4byte	.LFB68
 1240 003c 28000000 		.4byte	.LFE68-.LFB68
 1241 0040 00000000 		.4byte	.LFB69
 1242 0044 40000000 		.4byte	.LFE69-.LFB69
 1243 0048 00000000 		.4byte	0
 1244 004c 00000000 		.4byte	0
 1245              		.section	.debug_ranges,"",%progbits
 1246              	.Ldebug_ranges0:
 1247 0000 00000000 		.4byte	.LFB63
 1248 0004 02000000 		.4byte	.LFE63
 1249 0008 00000000 		.4byte	.LFB64
 1250 000c 02000000 		.4byte	.LFE64
 1251 0010 00000000 		.4byte	.LFB65
 1252 0014 18000000 		.4byte	.LFE65
 1253 0018 00000000 		.4byte	.LFB66
 1254 001c 02000000 		.4byte	.LFE66
 1255 0020 00000000 		.4byte	.LFB67
 1256 0024 48000000 		.4byte	.LFE67
 1257 0028 00000000 		.4byte	.LFB68
 1258 002c 28000000 		.4byte	.LFE68
 1259 0030 00000000 		.4byte	.LFB69
 1260 0034 40000000 		.4byte	.LFE69
 1261 0038 00000000 		.4byte	0
 1262 003c 00000000 		.4byte	0
 1263              		.section	.debug_line,"",%progbits
 1264              	.Ldebug_line0:
 1265 0000 77020000 		.section	.debug_str,"MS",%progbits,1
 1265      0200C001 
 1265      00000201 
 1265      FB0E0D00 
 1265      01010101 
 1266              	.LASF9:
 1267 0000 6C6F6E67 		.ascii	"long long int\000"
 1267      206C6F6E 
 1267      6720696E 
 1267      7400
 1268              	.LASF4:
 1269 000e 5F5F7569 		.ascii	"__uint8_t\000"
 1269      6E74385F 
 1269      7400
 1270              	.LASF49:
 1271 0018 433A5C46 		.ascii	"C:\\FlexSEA_alx87grd\\execute\\execute_1_0.cydsn\000"
 1271      6C657853 
 1271      45415F61 
ARM GAS  C:\Users\Alex\AppData\Local\Temp\cc0PHfHW.s 			page 26


 1271      6C783837 
 1271      6772645C 
 1272              	.LASF5:
 1273 0046 5F5F696E 		.ascii	"__int32_t\000"
 1273      7433325F 
 1273      7400
 1274              	.LASF23:
 1275 0050 666C6578 		.ascii	"flexsea_send_serial_slave\000"
 1275      7365615F 
 1275      73656E64 
 1275      5F736572 
 1275      69616C5F 
 1276              	.LASF45:
 1277 006a 70726570 		.ascii	"prepare_empty_payload\000"
 1277      6172655F 
 1277      656D7074 
 1277      795F7061 
 1277      796C6F61 
 1278              	.LASF15:
 1279 0080 75696E74 		.ascii	"uint8\000"
 1279      3800
 1280              	.LASF24:
 1281 0086 666C6578 		.ascii	"flexsea_send_serial_master\000"
 1281      7365615F 
 1281      73656E64 
 1281      5F736572 
 1281      69616C5F 
 1282              	.LASF16:
 1283 00a1 666C6F61 		.ascii	"float\000"
 1283      7400
 1284              	.LASF0:
 1285 00a7 7369676E 		.ascii	"signed char\000"
 1285      65642063 
 1285      68617200 
 1286              	.LASF1:
 1287 00b3 756E7369 		.ascii	"unsigned char\000"
 1287      676E6564 
 1287      20636861 
 1287      7200
 1288              	.LASF44:
 1289 00c1 736C6176 		.ascii	"slave_read_buffer\000"
 1289      655F7265 
 1289      61645F62 
 1289      75666665 
 1289      7200
 1290              	.LASF7:
 1291 00d3 5F5F7569 		.ascii	"__uint32_t\000"
 1291      6E743332 
 1291      5F7400
 1292              	.LASF8:
 1293 00de 6C6F6E67 		.ascii	"long unsigned int\000"
 1293      20756E73 
 1293      69676E65 
 1293      6420696E 
 1293      7400
 1294              	.LASF34:
 1295 00f0 7265706C 		.ascii	"reply_ready_flag\000"
ARM GAS  C:\Users\Alex\AppData\Local\Temp\cc0PHfHW.s 			page 27


 1295      795F7265 
 1295      6164795F 
 1295      666C6167 
 1295      00
 1296              	.LASF3:
 1297 0101 73686F72 		.ascii	"short unsigned int\000"
 1297      7420756E 
 1297      7369676E 
 1297      65642069 
 1297      6E7400
 1298              	.LASF33:
 1299 0114 7265706C 		.ascii	"reply_ready_buf\000"
 1299      795F7265 
 1299      6164795F 
 1299      62756600 
 1300              	.LASF32:
 1301 0124 49544D5F 		.ascii	"ITM_RxBuffer\000"
 1301      52784275 
 1301      66666572 
 1301      00
 1302              	.LASF37:
 1303 0131 74315F74 		.ascii	"t1_time_share\000"
 1303      696D655F 
 1303      73686172 
 1303      6500
 1304              	.LASF17:
 1305 013f 646F7562 		.ascii	"double\000"
 1305      6C6500
 1306              	.LASF42:
 1307 0146 636F6D6D 		.ascii	"comm_str_1\000"
 1307      5F737472 
 1307      5F3100
 1308              	.LASF29:
 1309 0151 62617365 		.ascii	"base_addr\000"
 1309      5F616464 
 1309      7200
 1310              	.LASF38:
 1311 015b 626F6172 		.ascii	"board_id\000"
 1311      645F6964 
 1311      00
 1312              	.LASF11:
 1313 0164 756E7369 		.ascii	"unsigned int\000"
 1313      676E6564 
 1313      20696E74 
 1313      00
 1314              	.LASF41:
 1315 0171 626F6172 		.ascii	"board_sub2_id\000"
 1315      645F7375 
 1315      62325F69 
 1315      6400
 1316              	.LASF10:
 1317 017f 6C6F6E67 		.ascii	"long long unsigned int\000"
 1317      206C6F6E 
 1317      6720756E 
 1317      7369676E 
 1317      65642069 
 1318              	.LASF12:
ARM GAS  C:\Users\Alex\AppData\Local\Temp\cc0PHfHW.s 			page 28


 1319 0196 75696E74 		.ascii	"uint8_t\000"
 1319      385F7400 
 1320              	.LASF47:
 1321 019e 474E5520 		.ascii	"GNU C 4.9.3 20150303 (release) [ARM/embedded-4_9-br"
 1321      4320342E 
 1321      392E3320 
 1321      32303135 
 1321      30333033 
 1322 01d1 616E6368 		.ascii	"anch revision 221220] -mcpu=cortex-m3 -mthumb -g -O"
 1322      20726576 
 1322      6973696F 
 1322      6E203232 
 1322      31323230 
 1323 0204 67202D66 		.ascii	"g -ffunction-sections -ffat-lto-objects\000"
 1323      66756E63 
 1323      74696F6E 
 1323      2D736563 
 1323      74696F6E 
 1324              	.LASF28:
 1325 022c 6275696C 		.ascii	"build_slave_payload\000"
 1325      645F736C 
 1325      6176655F 
 1325      7061796C 
 1325      6F616400 
 1326              	.LASF30:
 1327 0240 6E756D62 		.ascii	"numb\000"
 1327      00
 1328              	.LASF48:
 1329 0245 2E2E5C73 		.ascii	"..\\src\\flexsea_board.c\000"
 1329      72635C66 
 1329      6C657873 
 1329      65615F62 
 1329      6F617264 
 1330              	.LASF43:
 1331 025c 7061796C 		.ascii	"payload_str\000"
 1331      6F61645F 
 1331      73747200 
 1332              	.LASF13:
 1333 0268 696E7433 		.ascii	"int32_t\000"
 1333      325F7400 
 1334              	.LASF40:
 1335 0270 626F6172 		.ascii	"board_sub1_id\000"
 1335      645F7375 
 1335      62315F69 
 1335      6400
 1336              	.LASF19:
 1337 027e 73697A65 		.ascii	"sizetype\000"
 1337      74797065 
 1337      00
 1338              	.LASF25:
 1339 0287 666C6578 		.ascii	"flexsea_clear_slave_read_buffer\000"
 1339      7365615F 
 1339      636C6561 
 1339      725F736C 
 1339      6176655F 
 1340              	.LASF36:
 1341 02a7 7265706C 		.ascii	"reply_ready_timestamp\000"
ARM GAS  C:\Users\Alex\AppData\Local\Temp\cc0PHfHW.s 			page 29


 1341      795F7265 
 1341      6164795F 
 1341      74696D65 
 1341      7374616D 
 1342              	.LASF18:
 1343 02bd 63686172 		.ascii	"char\000"
 1343      00
 1344              	.LASF46:
 1345 02c2 636F6D6D 		.ascii	"comm_gen_str\000"
 1345      5F67656E 
 1345      5F737472 
 1345      00
 1346              	.LASF21:
 1347 02cf 706F7274 		.ascii	"port\000"
 1347      00
 1348              	.LASF2:
 1349 02d4 73686F72 		.ascii	"short int\000"
 1349      7420696E 
 1349      7400
 1350              	.LASF27:
 1351 02de 72656164 		.ascii	"read_offset\000"
 1351      5F6F6666 
 1351      73657400 
 1352              	.LASF26:
 1353 02ea 666C6578 		.ascii	"flexsea_update_slave_read_buffer\000"
 1353      7365615F 
 1353      75706461 
 1353      74655F73 
 1353      6C617665 
 1354              	.LASF31:
 1355 030b 72733438 		.ascii	"rs485_reply_ready\000"
 1355      355F7265 
 1355      706C795F 
 1355      72656164 
 1355      7900
 1356              	.LASF14:
 1357 031d 75696E74 		.ascii	"uint32_t\000"
 1357      33325F74 
 1357      00
 1358              	.LASF6:
 1359 0326 6C6F6E67 		.ascii	"long int\000"
 1359      20696E74 
 1359      00
 1360              	.LASF20:
 1361 032f 6C6F6E67 		.ascii	"long double\000"
 1361      20646F75 
 1361      626C6500 
 1362              	.LASF35:
 1363 033b 7265706C 		.ascii	"reply_ready_len\000"
 1363      795F7265 
 1363      6164795F 
 1363      6C656E00 
 1364              	.LASF50:
 1365 034b 666C6578 		.ascii	"flexsea_prepare_rs485_tx_buffer\000"
 1365      7365615F 
 1365      70726570 
 1365      6172655F 
ARM GAS  C:\Users\Alex\AppData\Local\Temp\cc0PHfHW.s 			page 30


 1365      72733438 
 1366              	.LASF39:
 1367 036b 626F6172 		.ascii	"board_up_id\000"
 1367      645F7570 
 1367      5F696400 
 1368              	.LASF22:
 1369 0377 6C656E67 		.ascii	"length\000"
 1369      746800
 1370              		.ident	"GCC: (GNU Tools for ARM Embedded Processors) 4.9.3 20150303 (release) [ARM/embedded-4_9-br
