ARM GAS  C:\Users\Alex\AppData\Local\Temp\ccOenmf9.s 			page 1


   1              		.syntax unified
   2              		.cpu cortex-m3
   3              		.fpu softvfp
   4              		.eabi_attribute 20, 1
   5              		.eabi_attribute 21, 1
   6              		.eabi_attribute 23, 3
   7              		.eabi_attribute 24, 1
   8              		.eabi_attribute 25, 1
   9              		.eabi_attribute 26, 1
  10              		.eabi_attribute 30, 1
  11              		.eabi_attribute 34, 1
  12              		.eabi_attribute 18, 4
  13              		.thumb
  14              		.file	"gen_waveform.c"
  15              		.text
  16              	.Ltext0:
  17              		.cfi_sections	.debug_frame
  18              		.global _printf_float
  19              		.global	__aeabi_dadd
  20              		.global	__aeabi_dcmpge
  21              		.global	__aeabi_dmul
  22              		.global	__aeabi_d2uiz
  23              		.thumb
  24              		.section	.text.output_sine,"ax",%progbits
  25              		.align	2
  26              		.global	output_sine
  27              		.thumb
  28              		.thumb_func
  29              		.type	output_sine, %function
  30              	output_sine:
  31              	.LFB63:
  32              		.file 1 "..\\src\\gen_waveform.c"
   1:..\src/gen_waveform.c **** //****************************************************************************
   2:..\src/gen_waveform.c **** // MIT Media Lab - Biomechatronics
   3:..\src/gen_waveform.c **** // Jean-Francois (Jeff) Duval
   4:..\src/gen_waveform.c **** // jfduval@media.mit.edu
   5:..\src/gen_waveform.c **** // 02/2016
   6:..\src/gen_waveform.c **** //****************************************************************************
   7:..\src/gen_waveform.c **** // gen_waveform: Generate waveforms for some test functions
   8:..\src/gen_waveform.c **** //****************************************************************************
   9:..\src/gen_waveform.c **** 
  10:..\src/gen_waveform.c **** //****************************************************************************
  11:..\src/gen_waveform.c **** // Include(s)
  12:..\src/gen_waveform.c **** //****************************************************************************
  13:..\src/gen_waveform.c **** 
  14:..\src/gen_waveform.c **** #include "main.h"
  15:..\src/gen_waveform.c **** #include "gen_waveform.h"
  16:..\src/gen_waveform.c **** 
  17:..\src/gen_waveform.c **** //****************************************************************************
  18:..\src/gen_waveform.c **** // Variable(s)
  19:..\src/gen_waveform.c **** //****************************************************************************
  20:..\src/gen_waveform.c **** 
  21:..\src/gen_waveform.c **** 
  22:..\src/gen_waveform.c **** //****************************************************************************
  23:..\src/gen_waveform.c **** // Private Function Prototype(s):
  24:..\src/gen_waveform.c **** //****************************************************************************	
  25:..\src/gen_waveform.c **** 
ARM GAS  C:\Users\Alex\AppData\Local\Temp\ccOenmf9.s 			page 2


  26:..\src/gen_waveform.c **** 
  27:..\src/gen_waveform.c **** //****************************************************************************
  28:..\src/gen_waveform.c **** // Public Function(s)
  29:..\src/gen_waveform.c **** //****************************************************************************
  30:..\src/gen_waveform.c **** 
  31:..\src/gen_waveform.c **** uint16 output_sine(void)
  32:..\src/gen_waveform.c **** {
  33              		.loc 1 32 0
  34              		.cfi_startproc
  35              		@ args = 0, pretend = 0, frame = 0
  36              		@ frame_needed = 0, uses_anonymous_args = 0
  37 0000 10B5     		push	{r4, lr}
  38              		.cfi_def_cfa_offset 8
  39              		.cfi_offset 4, -8
  40              		.cfi_offset 14, -4
  41              	.LVL0:
  33:..\src/gen_waveform.c **** 	static double angle = 0;
  34:..\src/gen_waveform.c **** 	static double ret = 0;
  35:..\src/gen_waveform.c **** 	uint8 output = 0;
  36:..\src/gen_waveform.c **** 	
  37:..\src/gen_waveform.c **** 	//if(t1_new_value == 1)
  38:..\src/gen_waveform.c **** 	{	
  39:..\src/gen_waveform.c **** 		//t1_new_value = 0;
  40:..\src/gen_waveform.c **** 		
  41:..\src/gen_waveform.c **** 		angle += STEP;
  42              		.loc 1 41 0
  43 0002 1D4C     		ldr	r4, .L6+24
  44 0004 D4E90001 		ldrd	r0, [r4]
  45 0008 15A3     		adr	r3, .L6
  46 000a D3E90023 		ldrd	r2, [r3]
  47 000e FFF7FEFF 		bl	__aeabi_dadd
  48              	.LVL1:
  49 0012 C4E90001 		strd	r0, [r4]
  42:..\src/gen_waveform.c **** 		if(angle >= (2*PI))
  50              		.loc 1 42 0
  51 0016 14A3     		adr	r3, .L6+8
  52 0018 D3E90023 		ldrd	r2, [r3]
  53 001c FFF7FEFF 		bl	__aeabi_dcmpge
  54              	.LVL2:
  55 0020 18B1     		cbz	r0, .L2
  43:..\src/gen_waveform.c **** 			angle = 0;
  56              		.loc 1 43 0
  57 0022 0020     		movs	r0, #0
  58 0024 0021     		movs	r1, #0
  59 0026 C4E90001 		strd	r0, [r4]
  60              	.L2:
  44:..\src/gen_waveform.c **** 		ret = sin(angle) + 1;
  61              		.loc 1 44 0
  62 002a 134C     		ldr	r4, .L6+24
  63 002c D4E90001 		ldrd	r0, [r4]
  64 0030 FFF7FEFF 		bl	sin
  65              	.LVL3:
  66 0034 0022     		movs	r2, #0
  67 0036 114B     		ldr	r3, .L6+28
  68 0038 FFF7FEFF 		bl	__aeabi_dadd
  69              	.LVL4:
  70 003c C4E90201 		strd	r0, [r4, #8]
ARM GAS  C:\Users\Alex\AppData\Local\Temp\ccOenmf9.s 			page 3


  45:..\src/gen_waveform.c **** 		
  46:..\src/gen_waveform.c **** 		output = (uint8)(ret*127);
  71              		.loc 1 46 0
  72 0040 0BA3     		adr	r3, .L6+16
  73 0042 D3E90023 		ldrd	r2, [r3]
  74 0046 FFF7FEFF 		bl	__aeabi_dmul
  75              	.LVL5:
  76 004a FFF7FEFF 		bl	__aeabi_d2uiz
  77              	.LVL6:
  78 004e C4B2     		uxtb	r4, r0
  79              	.LVL7:
  47:..\src/gen_waveform.c **** 		
  48:..\src/gen_waveform.c **** 		//Output on DAC:
  49:..\src/gen_waveform.c **** 		//VDAC8_2_SetValue(output);
  50:..\src/gen_waveform.c **** 		
  51:..\src/gen_waveform.c **** 		CyDelayUs(DELAY);
  80              		.loc 1 51 0
  81 0050 6420     		movs	r0, #100
  82 0052 FFF7FEFF 		bl	CyDelayUs
  83              	.LVL8:
  52:..\src/gen_waveform.c **** 	}	
  53:..\src/gen_waveform.c **** 	
  54:..\src/gen_waveform.c **** 	return output;
  55:..\src/gen_waveform.c **** }
  84              		.loc 1 55 0
  85 0056 2046     		mov	r0, r4
  86 0058 10BD     		pop	{r4, pc}
  87              	.LVL9:
  88              	.L7:
  89 005a 00BFAFF3 		.align	3
  89      0080
  90              	.L6:
  91 0060 5D36C891 		.word	-1849149859
  92 0064 BF15B03F 		.word	1068504511
  93 0068 F1D4C853 		.word	1405670641
  94 006c FB211940 		.word	1075388923
  95 0070 00000000 		.word	0
  96 0074 00C05F40 		.word	1080016896
  97 0078 00000000 		.word	.LANCHOR0
  98 007c 0000F03F 		.word	1072693248
  99              		.cfi_endproc
 100              	.LFE63:
 101              		.size	output_sine, .-output_sine
 102              		.section	.text.output_arb,"ax",%progbits
 103              		.align	2
 104              		.global	output_arb
 105              		.thumb
 106              		.thumb_func
 107              		.type	output_arb, %function
 108              	output_arb:
 109              	.LFB64:
  56:..\src/gen_waveform.c **** 
  57:..\src/gen_waveform.c **** uint16 output_arb(void)
  58:..\src/gen_waveform.c **** {
 110              		.loc 1 58 0
 111              		.cfi_startproc
 112              		@ args = 0, pretend = 0, frame = 0
ARM GAS  C:\Users\Alex\AppData\Local\Temp\ccOenmf9.s 			page 4


 113              		@ frame_needed = 0, uses_anonymous_args = 0
 114 0000 10B5     		push	{r4, lr}
 115              		.cfi_def_cfa_offset 8
 116              		.cfi_offset 4, -8
 117              		.cfi_offset 14, -4
  59:..\src/gen_waveform.c **** 	static double angle = 0;
  60:..\src/gen_waveform.c **** 	static double ret = 0;
  61:..\src/gen_waveform.c **** 	static uint8 output = 0;
  62:..\src/gen_waveform.c **** 	static int16 i = 0;
  63:..\src/gen_waveform.c **** 	
  64:..\src/gen_waveform.c **** 	i++;
 118              		.loc 1 64 0
 119 0002 3D4A     		ldr	r2, .L21+24
 120 0004 138A     		ldrh	r3, [r2, #16]
 121 0006 0133     		adds	r3, r3, #1
 122 0008 9BB2     		uxth	r3, r3
 123 000a 99B2     		uxth	r1, r3
 124 000c 1182     		strh	r1, [r2, #16]	@ movhi
  65:..\src/gen_waveform.c **** 	
  66:..\src/gen_waveform.c **** 	//Slow ramp-up
  67:..\src/gen_waveform.c **** 	if(i < 100)
 125              		.loc 1 67 0
 126 000e 0AB2     		sxth	r2, r1
 127 0010 632A     		cmp	r2, #99
 128 0012 01DC     		bgt	.L9
  68:..\src/gen_waveform.c **** 		output = i;
 129              		.loc 1 68 0
 130 0014 384A     		ldr	r2, .L21+24
 131 0016 9174     		strb	r1, [r2, #18]
 132              	.L9:
  69:..\src/gen_waveform.c **** 	
  70:..\src/gen_waveform.c **** 	//Fast ramp-down
  71:..\src/gen_waveform.c **** 	if(i >= 100 && i <= 150)
 133              		.loc 1 71 0
 134 0018 A3F16402 		sub	r2, r3, #100
 135 001c 92B2     		uxth	r2, r2
 136 001e 322A     		cmp	r2, #50
 137 0020 03D8     		bhi	.L10
  72:..\src/gen_waveform.c **** 		output -= 2;
 138              		.loc 1 72 0
 139 0022 3548     		ldr	r0, .L21+24
 140 0024 827C     		ldrb	r2, [r0, #18]	@ zero_extendqisi2
 141 0026 023A     		subs	r2, r2, #2
 142 0028 8274     		strb	r2, [r0, #18]
 143              	.L10:
  73:..\src/gen_waveform.c **** 	
  74:..\src/gen_waveform.c **** 	//Castellation
  75:..\src/gen_waveform.c **** 	if(i > 150 && i <= 160)
 144              		.loc 1 75 0
 145 002a A3F19702 		sub	r2, r3, #151
 146 002e 92B2     		uxth	r2, r2
 147 0030 092A     		cmp	r2, #9
 148 0032 02D8     		bhi	.L11
  76:..\src/gen_waveform.c **** 		output = 255;
 149              		.loc 1 76 0
 150 0034 FF20     		movs	r0, #255
 151 0036 304A     		ldr	r2, .L21+24
ARM GAS  C:\Users\Alex\AppData\Local\Temp\ccOenmf9.s 			page 5


 152 0038 9074     		strb	r0, [r2, #18]
 153              	.L11:
  77:..\src/gen_waveform.c **** 	if(i > 160 && i <= 170)
 154              		.loc 1 77 0
 155 003a A3F1A102 		sub	r2, r3, #161
 156 003e 92B2     		uxth	r2, r2
 157 0040 092A     		cmp	r2, #9
 158 0042 02D8     		bhi	.L12
  78:..\src/gen_waveform.c **** 		output = 0;
 159              		.loc 1 78 0
 160 0044 0020     		movs	r0, #0
 161 0046 2C4A     		ldr	r2, .L21+24
 162 0048 9074     		strb	r0, [r2, #18]
 163              	.L12:
  79:..\src/gen_waveform.c **** 	if(i > 180 && i <= 190)
 164              		.loc 1 79 0
 165 004a A3F1B502 		sub	r2, r3, #181
 166 004e 92B2     		uxth	r2, r2
 167 0050 092A     		cmp	r2, #9
 168 0052 02D8     		bhi	.L13
  80:..\src/gen_waveform.c **** 		output = 255;
 169              		.loc 1 80 0
 170 0054 FF20     		movs	r0, #255
 171 0056 284A     		ldr	r2, .L21+24
 172 0058 9074     		strb	r0, [r2, #18]
 173              	.L13:
  81:..\src/gen_waveform.c **** 	if(i > 190 && i <= 200)
 174              		.loc 1 81 0
 175 005a A3F1BF02 		sub	r2, r3, #191
 176 005e 92B2     		uxth	r2, r2
 177 0060 092A     		cmp	r2, #9
 178 0062 02D8     		bhi	.L14
  82:..\src/gen_waveform.c **** 		output = 0;
 179              		.loc 1 82 0
 180 0064 0020     		movs	r0, #0
 181 0066 244A     		ldr	r2, .L21+24
 182 0068 9074     		strb	r0, [r2, #18]
 183              	.L14:
  83:..\src/gen_waveform.c **** 	if(i > 200 && i <= 210)
 184              		.loc 1 83 0
 185 006a C93B     		subs	r3, r3, #201
 186 006c 9BB2     		uxth	r3, r3
 187 006e 092B     		cmp	r3, #9
 188 0070 02D8     		bhi	.L15
  84:..\src/gen_waveform.c **** 		output = 255;
 189              		.loc 1 84 0
 190 0072 FF22     		movs	r2, #255
 191 0074 204B     		ldr	r3, .L21+24
 192 0076 9A74     		strb	r2, [r3, #18]
 193              	.L15:
  85:..\src/gen_waveform.c **** 
  86:..\src/gen_waveform.c **** 	if(i > 210)
 194              		.loc 1 86 0
 195 0078 0BB2     		sxth	r3, r1
 196 007a D22B     		cmp	r3, #210
 197 007c 28DD     		ble	.L16
  87:..\src/gen_waveform.c **** 	{
ARM GAS  C:\Users\Alex\AppData\Local\Temp\ccOenmf9.s 			page 6


  88:..\src/gen_waveform.c **** 		angle += STEP;
 198              		.loc 1 88 0
 199 007e 1E4C     		ldr	r4, .L21+24
 200 0080 D4E90601 		ldrd	r0, [r4, #24]
 201 0084 16A3     		adr	r3, .L21
 202 0086 D3E90023 		ldrd	r2, [r3]
 203 008a FFF7FEFF 		bl	__aeabi_dadd
 204              	.LVL10:
 205 008e C4E90601 		strd	r0, [r4, #24]
  89:..\src/gen_waveform.c **** 		if(angle >= (2*PI))
 206              		.loc 1 89 0
 207 0092 15A3     		adr	r3, .L21+8
 208 0094 D3E90023 		ldrd	r2, [r3]
 209 0098 FFF7FEFF 		bl	__aeabi_dcmpge
 210              	.LVL11:
 211 009c 28B1     		cbz	r0, .L17
  90:..\src/gen_waveform.c **** 		{
  91:..\src/gen_waveform.c **** 			angle = 0;
 212              		.loc 1 91 0
 213 009e 0020     		movs	r0, #0
 214 00a0 0021     		movs	r1, #0
 215 00a2 C4E90601 		strd	r0, [r4, #24]
  92:..\src/gen_waveform.c **** 			i = 0;
 216              		.loc 1 92 0
 217 00a6 0022     		movs	r2, #0
 218 00a8 2282     		strh	r2, [r4, #16]	@ movhi
 219              	.L17:
  93:..\src/gen_waveform.c **** 		}
  94:..\src/gen_waveform.c **** 		ret = sin(angle) + 1;		
 220              		.loc 1 94 0
 221 00aa 134C     		ldr	r4, .L21+24
 222 00ac D4E90601 		ldrd	r0, [r4, #24]
 223 00b0 FFF7FEFF 		bl	sin
 224              	.LVL12:
 225 00b4 0022     		movs	r2, #0
 226 00b6 114B     		ldr	r3, .L21+28
 227 00b8 FFF7FEFF 		bl	__aeabi_dadd
 228              	.LVL13:
 229 00bc C4E90801 		strd	r0, [r4, #32]
  95:..\src/gen_waveform.c **** 		output = (uint8)(ret*127);
 230              		.loc 1 95 0
 231 00c0 0BA3     		adr	r3, .L21+16
 232 00c2 D3E90023 		ldrd	r2, [r3]
 233 00c6 FFF7FEFF 		bl	__aeabi_dmul
 234              	.LVL14:
 235 00ca FFF7FEFF 		bl	__aeabi_d2uiz
 236              	.LVL15:
 237 00ce A074     		strb	r0, [r4, #18]
 238              	.L16:
  96:..\src/gen_waveform.c **** 	}
  97:..\src/gen_waveform.c **** 	
  98:..\src/gen_waveform.c **** 	//Output on DAC:
  99:..\src/gen_waveform.c **** 	//VDAC8_2_SetValue(output);	
 100:..\src/gen_waveform.c **** 	
 101:..\src/gen_waveform.c **** 	CyDelayUs(DELAY);
 239              		.loc 1 101 0
 240 00d0 6420     		movs	r0, #100
ARM GAS  C:\Users\Alex\AppData\Local\Temp\ccOenmf9.s 			page 7


 241 00d2 FFF7FEFF 		bl	CyDelayUs
 242              	.LVL16:
 102:..\src/gen_waveform.c **** 	
 103:..\src/gen_waveform.c **** 	return output;
 104:..\src/gen_waveform.c **** }
 243              		.loc 1 104 0
 244 00d6 084B     		ldr	r3, .L21+24
 245 00d8 987C     		ldrb	r0, [r3, #18]	@ zero_extendqisi2
 246 00da 10BD     		pop	{r4, pc}
 247              	.L22:
 248 00dc AFF30080 		.align	3
 249              	.L21:
 250 00e0 5D36C891 		.word	-1849149859
 251 00e4 BF15B03F 		.word	1068504511
 252 00e8 F1D4C853 		.word	1405670641
 253 00ec FB211940 		.word	1075388923
 254 00f0 00000000 		.word	0
 255 00f4 00C05F40 		.word	1080016896
 256 00f8 00000000 		.word	.LANCHOR0
 257 00fc 0000F03F 		.word	1072693248
 258              		.cfi_endproc
 259              	.LFE64:
 260              		.size	output_arb, .-output_arb
 261              		.section	.text.output_step,"ax",%progbits
 262              		.align	2
 263              		.global	output_step
 264              		.thumb
 265              		.thumb_func
 266              		.type	output_step, %function
 267              	output_step:
 268              	.LFB65:
 105:..\src/gen_waveform.c **** 
 106:..\src/gen_waveform.c **** //Current/thermal test. 5A average, 20A pulses
 107:..\src/gen_waveform.c **** //100ms every second.
 108:..\src/gen_waveform.c **** uint16 output_step(void)
 109:..\src/gen_waveform.c **** {
 269              		.loc 1 109 0
 270              		.cfi_startproc
 271              		@ args = 0, pretend = 0, frame = 0
 272              		@ frame_needed = 0, uses_anonymous_args = 0
 273 0000 10B5     		push	{r4, lr}
 274              		.cfi_def_cfa_offset 8
 275              		.cfi_offset 4, -8
 276              		.cfi_offset 14, -4
 277              	.LVL17:
 110:..\src/gen_waveform.c **** 	static int16 i = 0;
 111:..\src/gen_waveform.c **** 	uint16 output = 0;
 112:..\src/gen_waveform.c **** 	
 113:..\src/gen_waveform.c **** 	i++;
 278              		.loc 1 113 0
 279 0002 0F49     		ldr	r1, .L28
 280 0004 0B8D     		ldrh	r3, [r1, #40]
 281 0006 0133     		adds	r3, r3, #1
 282 0008 9BB2     		uxth	r3, r3
 283 000a 9AB2     		uxth	r2, r3
 284 000c 0A85     		strh	r2, [r1, #40]	@ movhi
 114:..\src/gen_waveform.c **** 	
ARM GAS  C:\Users\Alex\AppData\Local\Temp\ccOenmf9.s 			page 8


 115:..\src/gen_waveform.c **** 	//Slow ramp-up
 116:..\src/gen_waveform.c **** 	if(i < 785)
 117:..\src/gen_waveform.c **** 		output = 0;	//1850;
 118:..\src/gen_waveform.c **** 
 119:..\src/gen_waveform.c **** 	if(i >= 785 && i <= 7500)
 285              		.loc 1 119 0
 286 000e A3F21133 		subw	r3, r3, #785
 287 0012 9BB2     		uxth	r3, r3
 288 0014 41F63B21 		movw	r1, #6715
 289 0018 8B42     		cmp	r3, r1
 290 001a 01D9     		bls	.L26
 291 001c 0024     		movs	r4, #0
 292 001e 00E0     		b	.L24
 293              	.L26:
 120:..\src/gen_waveform.c **** 		output = 73;	//287;
 294              		.loc 1 120 0
 295 0020 4924     		movs	r4, #73
 296              	.L24:
 297              	.LVL18:
 121:..\src/gen_waveform.c **** 	
 122:..\src/gen_waveform.c **** 	if(i > 7500)
 298              		.loc 1 122 0
 299 0022 12B2     		sxth	r2, r2
 300 0024 41F64C53 		movw	r3, #7500
 301 0028 9A42     		cmp	r2, r3
 302 002a 03DD     		ble	.L25
 123:..\src/gen_waveform.c **** 	{
 124:..\src/gen_waveform.c **** 		i = 0;
 303              		.loc 1 124 0
 304 002c 0022     		movs	r2, #0
 305 002e 044B     		ldr	r3, .L28
 306 0030 1A85     		strh	r2, [r3, #40]	@ movhi
 307              	.LVL19:
 125:..\src/gen_waveform.c **** 		output = 100;	//287;
 308              		.loc 1 125 0
 309 0032 6424     		movs	r4, #100
 310              	.LVL20:
 311              	.L25:
 126:..\src/gen_waveform.c **** 	}
 127:..\src/gen_waveform.c **** 	
 128:..\src/gen_waveform.c **** 	//Output on DAC:
 129:..\src/gen_waveform.c **** 	//VDAC8_2_SetValue(output);	
 130:..\src/gen_waveform.c **** 	
 131:..\src/gen_waveform.c **** 	CyDelayUs(DELAY);
 312              		.loc 1 131 0
 313 0034 6420     		movs	r0, #100
 314 0036 FFF7FEFF 		bl	CyDelayUs
 315              	.LVL21:
 132:..\src/gen_waveform.c **** 	
 133:..\src/gen_waveform.c **** 	return output;
 134:..\src/gen_waveform.c **** }
 316              		.loc 1 134 0
 317 003a 2046     		mov	r0, r4
 318 003c 10BD     		pop	{r4, pc}
 319              	.LVL22:
 320              	.L29:
 321 003e 00BF     		.align	2
ARM GAS  C:\Users\Alex\AppData\Local\Temp\ccOenmf9.s 			page 9


 322              	.L28:
 323 0040 00000000 		.word	.LANCHOR0
 324              		.cfi_endproc
 325              	.LFE65:
 326              		.size	output_step, .-output_step
 327              		.section	.text.init_sine_gen,"ax",%progbits
 328              		.align	2
 329              		.global	init_sine_gen
 330              		.thumb
 331              		.thumb_func
 332              		.type	init_sine_gen, %function
 333              	init_sine_gen:
 334              	.LFB66:
 135:..\src/gen_waveform.c **** 
 136:..\src/gen_waveform.c **** //****************************************************************************
 137:..\src/gen_waveform.c **** // Private Function(s)
 138:..\src/gen_waveform.c **** //****************************************************************************
 139:..\src/gen_waveform.c **** 
 140:..\src/gen_waveform.c **** 
 141:..\src/gen_waveform.c **** //****************************************************************************
 142:..\src/gen_waveform.c **** // Test Function(s) - Use with care!
 143:..\src/gen_waveform.c **** //****************************************************************************
 144:..\src/gen_waveform.c **** 
 145:..\src/gen_waveform.c **** //****************************************************************************
 146:..\src/gen_waveform.c **** // Deprecated Function(s)
 147:..\src/gen_waveform.c **** //****************************************************************************
 148:..\src/gen_waveform.c **** 
 149:..\src/gen_waveform.c **** void init_sine_gen(void)
 150:..\src/gen_waveform.c **** {
 335              		.loc 1 150 0
 336              		.cfi_startproc
 337              		@ args = 0, pretend = 0, frame = 0
 338              		@ frame_needed = 0, uses_anonymous_args = 0
 339              		@ link register save eliminated.
 340 0000 7047     		bx	lr
 341              		.cfi_endproc
 342              	.LFE66:
 343              		.size	init_sine_gen, .-init_sine_gen
 344 0002 00BF     		.bss
 345              		.align	3
 346              		.set	.LANCHOR0,. + 0
 347              		.type	angle.10471, %object
 348              		.size	angle.10471, 8
 349              	angle.10471:
 350 0000 00000000 		.space	8
 350      00000000 
 351              		.type	ret.10472, %object
 352              		.size	ret.10472, 8
 353              	ret.10472:
 354 0008 00000000 		.space	8
 354      00000000 
 355              		.type	i.10480, %object
 356              		.size	i.10480, 2
 357              	i.10480:
 358 0010 0000     		.space	2
 359              		.type	output.10479, %object
 360              		.size	output.10479, 1
ARM GAS  C:\Users\Alex\AppData\Local\Temp\ccOenmf9.s 			page 10


 361              	output.10479:
 362 0012 00       		.space	1
 363 0013 00000000 		.space	5
 363      00
 364              		.type	angle.10477, %object
 365              		.size	angle.10477, 8
 366              	angle.10477:
 367 0018 00000000 		.space	8
 367      00000000 
 368              		.type	ret.10478, %object
 369              		.size	ret.10478, 8
 370              	ret.10478:
 371 0020 00000000 		.space	8
 371      00000000 
 372              		.type	i.10484, %object
 373              		.size	i.10484, 2
 374              	i.10484:
 375 0028 0000     		.space	2
 376 002a 00000000 		.text
 376      0000
 377              	.Letext0:
 378              		.file 2 "c:\\program files (x86)\\cypress\\psoc creator\\3.3\\psoc creator\\import\\gnu\\arm\\4.9.
 379              		.file 3 "c:\\program files (x86)\\cypress\\psoc creator\\3.3\\psoc creator\\import\\gnu\\arm\\4.9.
 380              		.file 4 "Generated_Source\\PSoC5/cytypes.h"
 381              		.file 5 "Generated_Source\\PSoC5/core_cm3.h"
 382              		.file 6 "c:\\program files (x86)\\cypress\\psoc creator\\3.3\\psoc creator\\import\\gnu\\arm\\4.9.
 383              		.file 7 "Generated_Source\\PSoC5/CyLib.h"
 384              		.section	.debug_info,"",%progbits
 385              	.Ldebug_info0:
 386 0000 27020000 		.4byte	0x227
 387 0004 0400     		.2byte	0x4
 388 0006 00000000 		.4byte	.Ldebug_abbrev0
 389 000a 04       		.byte	0x4
 390 000b 01       		.uleb128 0x1
 391 000c F4000000 		.4byte	.LASF24
 392 0010 01       		.byte	0x1
 393 0011 58000000 		.4byte	.LASF25
 394 0015 00000000 		.4byte	.LASF26
 395 0019 00000000 		.4byte	.Ldebug_ranges0+0
 396 001d 00000000 		.4byte	0
 397 0021 00000000 		.4byte	.Ldebug_line0
 398 0025 02       		.uleb128 0x2
 399 0026 01       		.byte	0x1
 400 0027 06       		.byte	0x6
 401 0028 EB010000 		.4byte	.LASF0
 402 002c 02       		.uleb128 0x2
 403 002d 01       		.byte	0x1
 404 002e 08       		.byte	0x8
 405 002f 4A000000 		.4byte	.LASF1
 406 0033 02       		.uleb128 0x2
 407 0034 02       		.byte	0x2
 408 0035 05       		.byte	0x5
 409 0036 B1010000 		.4byte	.LASF2
 410 003a 02       		.uleb128 0x2
 411 003b 02       		.byte	0x2
 412 003c 07       		.byte	0x7
 413 003d 86000000 		.4byte	.LASF3
ARM GAS  C:\Users\Alex\AppData\Local\Temp\ccOenmf9.s 			page 11


 414 0041 03       		.uleb128 0x3
 415 0042 2E000000 		.4byte	.LASF9
 416 0046 02       		.byte	0x2
 417 0047 3F       		.byte	0x3f
 418 0048 4C000000 		.4byte	0x4c
 419 004c 02       		.uleb128 0x2
 420 004d 04       		.byte	0x4
 421 004e 05       		.byte	0x5
 422 004f D6010000 		.4byte	.LASF4
 423 0053 02       		.uleb128 0x2
 424 0054 04       		.byte	0x4
 425 0055 07       		.byte	0x7
 426 0056 74000000 		.4byte	.LASF5
 427 005a 02       		.uleb128 0x2
 428 005b 08       		.byte	0x8
 429 005c 05       		.byte	0x5
 430 005d 93010000 		.4byte	.LASF6
 431 0061 02       		.uleb128 0x2
 432 0062 08       		.byte	0x8
 433 0063 07       		.byte	0x7
 434 0064 DD000000 		.4byte	.LASF7
 435 0068 04       		.uleb128 0x4
 436 0069 04       		.byte	0x4
 437 006a 05       		.byte	0x5
 438 006b 696E7400 		.ascii	"int\000"
 439 006f 02       		.uleb128 0x2
 440 0070 04       		.byte	0x4
 441 0071 07       		.byte	0x7
 442 0072 D0000000 		.4byte	.LASF8
 443 0076 03       		.uleb128 0x3
 444 0077 82010000 		.4byte	.LASF10
 445 007b 03       		.byte	0x3
 446 007c 2C       		.byte	0x2c
 447 007d 41000000 		.4byte	0x41
 448 0081 03       		.uleb128 0x3
 449 0082 C2010000 		.4byte	.LASF11
 450 0086 04       		.byte	0x4
 451 0087 C2       		.byte	0xc2
 452 0088 2C000000 		.4byte	0x2c
 453 008c 03       		.uleb128 0x3
 454 008d BF000000 		.4byte	.LASF12
 455 0091 04       		.byte	0x4
 456 0092 C3       		.byte	0xc3
 457 0093 3A000000 		.4byte	0x3a
 458 0097 03       		.uleb128 0x3
 459 0098 6E000000 		.4byte	.LASF13
 460 009c 04       		.byte	0x4
 461 009d C6       		.byte	0xc6
 462 009e 33000000 		.4byte	0x33
 463 00a2 02       		.uleb128 0x2
 464 00a3 04       		.byte	0x4
 465 00a4 04       		.byte	0x4
 466 00a5 38000000 		.4byte	.LASF14
 467 00a9 02       		.uleb128 0x2
 468 00aa 08       		.byte	0x8
 469 00ab 04       		.byte	0x4
 470 00ac B8000000 		.4byte	.LASF15
ARM GAS  C:\Users\Alex\AppData\Local\Temp\ccOenmf9.s 			page 12


 471 00b0 02       		.uleb128 0x2
 472 00b1 01       		.byte	0x1
 473 00b2 08       		.byte	0x8
 474 00b3 A1010000 		.4byte	.LASF16
 475 00b7 02       		.uleb128 0x2
 476 00b8 04       		.byte	0x4
 477 00b9 07       		.byte	0x7
 478 00ba 8A010000 		.4byte	.LASF17
 479 00be 02       		.uleb128 0x2
 480 00bf 08       		.byte	0x8
 481 00c0 04       		.byte	0x4
 482 00c1 DF010000 		.4byte	.LASF18
 483 00c5 05       		.uleb128 0x5
 484 00c6 3E000000 		.4byte	.LASF21
 485 00ca 01       		.byte	0x1
 486 00cb 1F       		.byte	0x1f
 487 00cc 8C000000 		.4byte	0x8c
 488 00d0 00000000 		.4byte	.LFB63
 489 00d4 80000000 		.4byte	.LFE63-.LFB63
 490 00d8 01       		.uleb128 0x1
 491 00d9 9C       		.byte	0x9c
 492 00da 29010000 		.4byte	0x129
 493 00de 06       		.uleb128 0x6
 494 00df 99000000 		.4byte	.LASF19
 495 00e3 01       		.byte	0x1
 496 00e4 21       		.byte	0x21
 497 00e5 A9000000 		.4byte	0xa9
 498 00e9 05       		.uleb128 0x5
 499 00ea 03       		.byte	0x3
 500 00eb 00000000 		.4byte	angle.10471
 501 00ef 07       		.uleb128 0x7
 502 00f0 72657400 		.ascii	"ret\000"
 503 00f4 01       		.byte	0x1
 504 00f5 22       		.byte	0x22
 505 00f6 A9000000 		.4byte	0xa9
 506 00fa 05       		.uleb128 0x5
 507 00fb 03       		.byte	0x3
 508 00fc 08000000 		.4byte	ret.10472
 509 0100 08       		.uleb128 0x8
 510 0101 BB010000 		.4byte	.LASF20
 511 0105 01       		.byte	0x1
 512 0106 23       		.byte	0x23
 513 0107 81000000 		.4byte	0x81
 514 010b 00000000 		.4byte	.LLST0
 515 010f 09       		.uleb128 0x9
 516 0110 34000000 		.4byte	.LVL3
 517 0114 08020000 		.4byte	0x208
 518 0118 0A       		.uleb128 0xa
 519 0119 56000000 		.4byte	.LVL8
 520 011d 1D020000 		.4byte	0x21d
 521 0121 0B       		.uleb128 0xb
 522 0122 01       		.uleb128 0x1
 523 0123 50       		.byte	0x50
 524 0124 02       		.uleb128 0x2
 525 0125 08       		.byte	0x8
 526 0126 64       		.byte	0x64
 527 0127 00       		.byte	0
ARM GAS  C:\Users\Alex\AppData\Local\Temp\ccOenmf9.s 			page 13


 528 0128 00       		.byte	0
 529 0129 05       		.uleb128 0x5
 530 012a A6010000 		.4byte	.LASF22
 531 012e 01       		.byte	0x1
 532 012f 39       		.byte	0x39
 533 0130 8C000000 		.4byte	0x8c
 534 0134 00000000 		.4byte	.LFB64
 535 0138 00010000 		.4byte	.LFE64-.LFB64
 536 013c 01       		.uleb128 0x1
 537 013d 9C       		.byte	0x9c
 538 013e 9E010000 		.4byte	0x19e
 539 0142 06       		.uleb128 0x6
 540 0143 99000000 		.4byte	.LASF19
 541 0147 01       		.byte	0x1
 542 0148 3B       		.byte	0x3b
 543 0149 A9000000 		.4byte	0xa9
 544 014d 05       		.uleb128 0x5
 545 014e 03       		.byte	0x3
 546 014f 18000000 		.4byte	angle.10477
 547 0153 07       		.uleb128 0x7
 548 0154 72657400 		.ascii	"ret\000"
 549 0158 01       		.byte	0x1
 550 0159 3C       		.byte	0x3c
 551 015a A9000000 		.4byte	0xa9
 552 015e 05       		.uleb128 0x5
 553 015f 03       		.byte	0x3
 554 0160 20000000 		.4byte	ret.10478
 555 0164 06       		.uleb128 0x6
 556 0165 BB010000 		.4byte	.LASF20
 557 0169 01       		.byte	0x1
 558 016a 3D       		.byte	0x3d
 559 016b 81000000 		.4byte	0x81
 560 016f 05       		.uleb128 0x5
 561 0170 03       		.byte	0x3
 562 0171 12000000 		.4byte	output.10479
 563 0175 07       		.uleb128 0x7
 564 0176 6900     		.ascii	"i\000"
 565 0178 01       		.byte	0x1
 566 0179 3E       		.byte	0x3e
 567 017a 97000000 		.4byte	0x97
 568 017e 05       		.uleb128 0x5
 569 017f 03       		.byte	0x3
 570 0180 10000000 		.4byte	i.10480
 571 0184 09       		.uleb128 0x9
 572 0185 B4000000 		.4byte	.LVL12
 573 0189 08020000 		.4byte	0x208
 574 018d 0A       		.uleb128 0xa
 575 018e D6000000 		.4byte	.LVL16
 576 0192 1D020000 		.4byte	0x21d
 577 0196 0B       		.uleb128 0xb
 578 0197 01       		.uleb128 0x1
 579 0198 50       		.byte	0x50
 580 0199 02       		.uleb128 0x2
 581 019a 08       		.byte	0x8
 582 019b 64       		.byte	0x64
 583 019c 00       		.byte	0
 584 019d 00       		.byte	0
ARM GAS  C:\Users\Alex\AppData\Local\Temp\ccOenmf9.s 			page 14


 585 019e 0C       		.uleb128 0xc
 586 019f AC000000 		.4byte	.LASF23
 587 01a3 01       		.byte	0x1
 588 01a4 6C       		.byte	0x6c
 589 01a5 8C000000 		.4byte	0x8c
 590 01a9 00000000 		.4byte	.LFB65
 591 01ad 44000000 		.4byte	.LFE65-.LFB65
 592 01b1 01       		.uleb128 0x1
 593 01b2 9C       		.byte	0x9c
 594 01b3 E6010000 		.4byte	0x1e6
 595 01b7 07       		.uleb128 0x7
 596 01b8 6900     		.ascii	"i\000"
 597 01ba 01       		.byte	0x1
 598 01bb 6E       		.byte	0x6e
 599 01bc 97000000 		.4byte	0x97
 600 01c0 05       		.uleb128 0x5
 601 01c1 03       		.byte	0x3
 602 01c2 28000000 		.4byte	i.10484
 603 01c6 08       		.uleb128 0x8
 604 01c7 BB010000 		.4byte	.LASF20
 605 01cb 01       		.byte	0x1
 606 01cc 6F       		.byte	0x6f
 607 01cd 8C000000 		.4byte	0x8c
 608 01d1 2A000000 		.4byte	.LLST1
 609 01d5 0A       		.uleb128 0xa
 610 01d6 3A000000 		.4byte	.LVL21
 611 01da 1D020000 		.4byte	0x21d
 612 01de 0B       		.uleb128 0xb
 613 01df 01       		.uleb128 0x1
 614 01e0 50       		.byte	0x50
 615 01e1 02       		.uleb128 0x2
 616 01e2 08       		.byte	0x8
 617 01e3 64       		.byte	0x64
 618 01e4 00       		.byte	0
 619 01e5 00       		.byte	0
 620 01e6 0D       		.uleb128 0xd
 621 01e7 C8010000 		.4byte	.LASF27
 622 01eb 01       		.byte	0x1
 623 01ec 95       		.byte	0x95
 624 01ed 00000000 		.4byte	.LFB66
 625 01f1 02000000 		.4byte	.LFE66-.LFB66
 626 01f5 01       		.uleb128 0x1
 627 01f6 9C       		.byte	0x9c
 628 01f7 0E       		.uleb128 0xe
 629 01f8 9F000000 		.4byte	.LASF28
 630 01fc 05       		.byte	0x5
 631 01fd 2A06     		.2byte	0x62a
 632 01ff 03020000 		.4byte	0x203
 633 0203 0F       		.uleb128 0xf
 634 0204 76000000 		.4byte	0x76
 635 0208 10       		.uleb128 0x10
 636 0209 73696E00 		.ascii	"sin\000"
 637 020d 06       		.byte	0x6
 638 020e 6E       		.byte	0x6e
 639 020f A9000000 		.4byte	0xa9
 640 0213 1D020000 		.4byte	0x21d
 641 0217 11       		.uleb128 0x11
ARM GAS  C:\Users\Alex\AppData\Local\Temp\ccOenmf9.s 			page 15


 642 0218 A9000000 		.4byte	0xa9
 643 021c 00       		.byte	0
 644 021d 12       		.uleb128 0x12
 645 021e C6000000 		.4byte	.LASF29
 646 0222 07       		.byte	0x7
 647 0223 78       		.byte	0x78
 648 0224 11       		.uleb128 0x11
 649 0225 8C000000 		.4byte	0x8c
 650 0229 00       		.byte	0
 651 022a 00       		.byte	0
 652              		.section	.debug_abbrev,"",%progbits
 653              	.Ldebug_abbrev0:
 654 0000 01       		.uleb128 0x1
 655 0001 11       		.uleb128 0x11
 656 0002 01       		.byte	0x1
 657 0003 25       		.uleb128 0x25
 658 0004 0E       		.uleb128 0xe
 659 0005 13       		.uleb128 0x13
 660 0006 0B       		.uleb128 0xb
 661 0007 03       		.uleb128 0x3
 662 0008 0E       		.uleb128 0xe
 663 0009 1B       		.uleb128 0x1b
 664 000a 0E       		.uleb128 0xe
 665 000b 55       		.uleb128 0x55
 666 000c 17       		.uleb128 0x17
 667 000d 11       		.uleb128 0x11
 668 000e 01       		.uleb128 0x1
 669 000f 10       		.uleb128 0x10
 670 0010 17       		.uleb128 0x17
 671 0011 00       		.byte	0
 672 0012 00       		.byte	0
 673 0013 02       		.uleb128 0x2
 674 0014 24       		.uleb128 0x24
 675 0015 00       		.byte	0
 676 0016 0B       		.uleb128 0xb
 677 0017 0B       		.uleb128 0xb
 678 0018 3E       		.uleb128 0x3e
 679 0019 0B       		.uleb128 0xb
 680 001a 03       		.uleb128 0x3
 681 001b 0E       		.uleb128 0xe
 682 001c 00       		.byte	0
 683 001d 00       		.byte	0
 684 001e 03       		.uleb128 0x3
 685 001f 16       		.uleb128 0x16
 686 0020 00       		.byte	0
 687 0021 03       		.uleb128 0x3
 688 0022 0E       		.uleb128 0xe
 689 0023 3A       		.uleb128 0x3a
 690 0024 0B       		.uleb128 0xb
 691 0025 3B       		.uleb128 0x3b
 692 0026 0B       		.uleb128 0xb
 693 0027 49       		.uleb128 0x49
 694 0028 13       		.uleb128 0x13
 695 0029 00       		.byte	0
 696 002a 00       		.byte	0
 697 002b 04       		.uleb128 0x4
 698 002c 24       		.uleb128 0x24
ARM GAS  C:\Users\Alex\AppData\Local\Temp\ccOenmf9.s 			page 16


 699 002d 00       		.byte	0
 700 002e 0B       		.uleb128 0xb
 701 002f 0B       		.uleb128 0xb
 702 0030 3E       		.uleb128 0x3e
 703 0031 0B       		.uleb128 0xb
 704 0032 03       		.uleb128 0x3
 705 0033 08       		.uleb128 0x8
 706 0034 00       		.byte	0
 707 0035 00       		.byte	0
 708 0036 05       		.uleb128 0x5
 709 0037 2E       		.uleb128 0x2e
 710 0038 01       		.byte	0x1
 711 0039 3F       		.uleb128 0x3f
 712 003a 19       		.uleb128 0x19
 713 003b 03       		.uleb128 0x3
 714 003c 0E       		.uleb128 0xe
 715 003d 3A       		.uleb128 0x3a
 716 003e 0B       		.uleb128 0xb
 717 003f 3B       		.uleb128 0x3b
 718 0040 0B       		.uleb128 0xb
 719 0041 27       		.uleb128 0x27
 720 0042 19       		.uleb128 0x19
 721 0043 49       		.uleb128 0x49
 722 0044 13       		.uleb128 0x13
 723 0045 11       		.uleb128 0x11
 724 0046 01       		.uleb128 0x1
 725 0047 12       		.uleb128 0x12
 726 0048 06       		.uleb128 0x6
 727 0049 40       		.uleb128 0x40
 728 004a 18       		.uleb128 0x18
 729 004b 9642     		.uleb128 0x2116
 730 004d 19       		.uleb128 0x19
 731 004e 01       		.uleb128 0x1
 732 004f 13       		.uleb128 0x13
 733 0050 00       		.byte	0
 734 0051 00       		.byte	0
 735 0052 06       		.uleb128 0x6
 736 0053 34       		.uleb128 0x34
 737 0054 00       		.byte	0
 738 0055 03       		.uleb128 0x3
 739 0056 0E       		.uleb128 0xe
 740 0057 3A       		.uleb128 0x3a
 741 0058 0B       		.uleb128 0xb
 742 0059 3B       		.uleb128 0x3b
 743 005a 0B       		.uleb128 0xb
 744 005b 49       		.uleb128 0x49
 745 005c 13       		.uleb128 0x13
 746 005d 02       		.uleb128 0x2
 747 005e 18       		.uleb128 0x18
 748 005f 00       		.byte	0
 749 0060 00       		.byte	0
 750 0061 07       		.uleb128 0x7
 751 0062 34       		.uleb128 0x34
 752 0063 00       		.byte	0
 753 0064 03       		.uleb128 0x3
 754 0065 08       		.uleb128 0x8
 755 0066 3A       		.uleb128 0x3a
ARM GAS  C:\Users\Alex\AppData\Local\Temp\ccOenmf9.s 			page 17


 756 0067 0B       		.uleb128 0xb
 757 0068 3B       		.uleb128 0x3b
 758 0069 0B       		.uleb128 0xb
 759 006a 49       		.uleb128 0x49
 760 006b 13       		.uleb128 0x13
 761 006c 02       		.uleb128 0x2
 762 006d 18       		.uleb128 0x18
 763 006e 00       		.byte	0
 764 006f 00       		.byte	0
 765 0070 08       		.uleb128 0x8
 766 0071 34       		.uleb128 0x34
 767 0072 00       		.byte	0
 768 0073 03       		.uleb128 0x3
 769 0074 0E       		.uleb128 0xe
 770 0075 3A       		.uleb128 0x3a
 771 0076 0B       		.uleb128 0xb
 772 0077 3B       		.uleb128 0x3b
 773 0078 0B       		.uleb128 0xb
 774 0079 49       		.uleb128 0x49
 775 007a 13       		.uleb128 0x13
 776 007b 02       		.uleb128 0x2
 777 007c 17       		.uleb128 0x17
 778 007d 00       		.byte	0
 779 007e 00       		.byte	0
 780 007f 09       		.uleb128 0x9
 781 0080 898201   		.uleb128 0x4109
 782 0083 00       		.byte	0
 783 0084 11       		.uleb128 0x11
 784 0085 01       		.uleb128 0x1
 785 0086 31       		.uleb128 0x31
 786 0087 13       		.uleb128 0x13
 787 0088 00       		.byte	0
 788 0089 00       		.byte	0
 789 008a 0A       		.uleb128 0xa
 790 008b 898201   		.uleb128 0x4109
 791 008e 01       		.byte	0x1
 792 008f 11       		.uleb128 0x11
 793 0090 01       		.uleb128 0x1
 794 0091 31       		.uleb128 0x31
 795 0092 13       		.uleb128 0x13
 796 0093 00       		.byte	0
 797 0094 00       		.byte	0
 798 0095 0B       		.uleb128 0xb
 799 0096 8A8201   		.uleb128 0x410a
 800 0099 00       		.byte	0
 801 009a 02       		.uleb128 0x2
 802 009b 18       		.uleb128 0x18
 803 009c 9142     		.uleb128 0x2111
 804 009e 18       		.uleb128 0x18
 805 009f 00       		.byte	0
 806 00a0 00       		.byte	0
 807 00a1 0C       		.uleb128 0xc
 808 00a2 2E       		.uleb128 0x2e
 809 00a3 01       		.byte	0x1
 810 00a4 3F       		.uleb128 0x3f
 811 00a5 19       		.uleb128 0x19
 812 00a6 03       		.uleb128 0x3
ARM GAS  C:\Users\Alex\AppData\Local\Temp\ccOenmf9.s 			page 18


 813 00a7 0E       		.uleb128 0xe
 814 00a8 3A       		.uleb128 0x3a
 815 00a9 0B       		.uleb128 0xb
 816 00aa 3B       		.uleb128 0x3b
 817 00ab 0B       		.uleb128 0xb
 818 00ac 27       		.uleb128 0x27
 819 00ad 19       		.uleb128 0x19
 820 00ae 49       		.uleb128 0x49
 821 00af 13       		.uleb128 0x13
 822 00b0 11       		.uleb128 0x11
 823 00b1 01       		.uleb128 0x1
 824 00b2 12       		.uleb128 0x12
 825 00b3 06       		.uleb128 0x6
 826 00b4 40       		.uleb128 0x40
 827 00b5 18       		.uleb128 0x18
 828 00b6 9742     		.uleb128 0x2117
 829 00b8 19       		.uleb128 0x19
 830 00b9 01       		.uleb128 0x1
 831 00ba 13       		.uleb128 0x13
 832 00bb 00       		.byte	0
 833 00bc 00       		.byte	0
 834 00bd 0D       		.uleb128 0xd
 835 00be 2E       		.uleb128 0x2e
 836 00bf 00       		.byte	0
 837 00c0 3F       		.uleb128 0x3f
 838 00c1 19       		.uleb128 0x19
 839 00c2 03       		.uleb128 0x3
 840 00c3 0E       		.uleb128 0xe
 841 00c4 3A       		.uleb128 0x3a
 842 00c5 0B       		.uleb128 0xb
 843 00c6 3B       		.uleb128 0x3b
 844 00c7 0B       		.uleb128 0xb
 845 00c8 27       		.uleb128 0x27
 846 00c9 19       		.uleb128 0x19
 847 00ca 11       		.uleb128 0x11
 848 00cb 01       		.uleb128 0x1
 849 00cc 12       		.uleb128 0x12
 850 00cd 06       		.uleb128 0x6
 851 00ce 40       		.uleb128 0x40
 852 00cf 18       		.uleb128 0x18
 853 00d0 9742     		.uleb128 0x2117
 854 00d2 19       		.uleb128 0x19
 855 00d3 00       		.byte	0
 856 00d4 00       		.byte	0
 857 00d5 0E       		.uleb128 0xe
 858 00d6 34       		.uleb128 0x34
 859 00d7 00       		.byte	0
 860 00d8 03       		.uleb128 0x3
 861 00d9 0E       		.uleb128 0xe
 862 00da 3A       		.uleb128 0x3a
 863 00db 0B       		.uleb128 0xb
 864 00dc 3B       		.uleb128 0x3b
 865 00dd 05       		.uleb128 0x5
 866 00de 49       		.uleb128 0x49
 867 00df 13       		.uleb128 0x13
 868 00e0 3F       		.uleb128 0x3f
 869 00e1 19       		.uleb128 0x19
ARM GAS  C:\Users\Alex\AppData\Local\Temp\ccOenmf9.s 			page 19


 870 00e2 3C       		.uleb128 0x3c
 871 00e3 19       		.uleb128 0x19
 872 00e4 00       		.byte	0
 873 00e5 00       		.byte	0
 874 00e6 0F       		.uleb128 0xf
 875 00e7 35       		.uleb128 0x35
 876 00e8 00       		.byte	0
 877 00e9 49       		.uleb128 0x49
 878 00ea 13       		.uleb128 0x13
 879 00eb 00       		.byte	0
 880 00ec 00       		.byte	0
 881 00ed 10       		.uleb128 0x10
 882 00ee 2E       		.uleb128 0x2e
 883 00ef 01       		.byte	0x1
 884 00f0 3F       		.uleb128 0x3f
 885 00f1 19       		.uleb128 0x19
 886 00f2 03       		.uleb128 0x3
 887 00f3 08       		.uleb128 0x8
 888 00f4 3A       		.uleb128 0x3a
 889 00f5 0B       		.uleb128 0xb
 890 00f6 3B       		.uleb128 0x3b
 891 00f7 0B       		.uleb128 0xb
 892 00f8 27       		.uleb128 0x27
 893 00f9 19       		.uleb128 0x19
 894 00fa 49       		.uleb128 0x49
 895 00fb 13       		.uleb128 0x13
 896 00fc 3C       		.uleb128 0x3c
 897 00fd 19       		.uleb128 0x19
 898 00fe 01       		.uleb128 0x1
 899 00ff 13       		.uleb128 0x13
 900 0100 00       		.byte	0
 901 0101 00       		.byte	0
 902 0102 11       		.uleb128 0x11
 903 0103 05       		.uleb128 0x5
 904 0104 00       		.byte	0
 905 0105 49       		.uleb128 0x49
 906 0106 13       		.uleb128 0x13
 907 0107 00       		.byte	0
 908 0108 00       		.byte	0
 909 0109 12       		.uleb128 0x12
 910 010a 2E       		.uleb128 0x2e
 911 010b 01       		.byte	0x1
 912 010c 3F       		.uleb128 0x3f
 913 010d 19       		.uleb128 0x19
 914 010e 03       		.uleb128 0x3
 915 010f 0E       		.uleb128 0xe
 916 0110 3A       		.uleb128 0x3a
 917 0111 0B       		.uleb128 0xb
 918 0112 3B       		.uleb128 0x3b
 919 0113 0B       		.uleb128 0xb
 920 0114 27       		.uleb128 0x27
 921 0115 19       		.uleb128 0x19
 922 0116 3C       		.uleb128 0x3c
 923 0117 19       		.uleb128 0x19
 924 0118 00       		.byte	0
 925 0119 00       		.byte	0
 926 011a 00       		.byte	0
ARM GAS  C:\Users\Alex\AppData\Local\Temp\ccOenmf9.s 			page 20


 927              		.section	.debug_loc,"",%progbits
 928              	.Ldebug_loc0:
 929              	.LLST0:
 930 0000 02000000 		.4byte	.LVL0
 931 0004 50000000 		.4byte	.LVL7
 932 0008 0200     		.2byte	0x2
 933 000a 30       		.byte	0x30
 934 000b 9F       		.byte	0x9f
 935 000c 50000000 		.4byte	.LVL7
 936 0010 5A000000 		.4byte	.LVL9
 937 0014 0100     		.2byte	0x1
 938 0016 54       		.byte	0x54
 939 0017 5A000000 		.4byte	.LVL9
 940 001b 80000000 		.4byte	.LFE63
 941 001f 0100     		.2byte	0x1
 942 0021 50       		.byte	0x50
 943 0022 00000000 		.4byte	0
 944 0026 00000000 		.4byte	0
 945              	.LLST1:
 946 002a 02000000 		.4byte	.LVL17
 947 002e 22000000 		.4byte	.LVL18
 948 0032 0200     		.2byte	0x2
 949 0034 30       		.byte	0x30
 950 0035 9F       		.byte	0x9f
 951 0036 22000000 		.4byte	.LVL18
 952 003a 32000000 		.4byte	.LVL19
 953 003e 0100     		.2byte	0x1
 954 0040 54       		.byte	0x54
 955 0041 32000000 		.4byte	.LVL19
 956 0045 34000000 		.4byte	.LVL20
 957 0049 0300     		.2byte	0x3
 958 004b 08       		.byte	0x8
 959 004c 64       		.byte	0x64
 960 004d 9F       		.byte	0x9f
 961 004e 34000000 		.4byte	.LVL20
 962 0052 3E000000 		.4byte	.LVL22
 963 0056 0100     		.2byte	0x1
 964 0058 54       		.byte	0x54
 965 0059 00000000 		.4byte	0
 966 005d 00000000 		.4byte	0
 967              		.section	.debug_aranges,"",%progbits
 968 0000 34000000 		.4byte	0x34
 969 0004 0200     		.2byte	0x2
 970 0006 00000000 		.4byte	.Ldebug_info0
 971 000a 04       		.byte	0x4
 972 000b 00       		.byte	0
 973 000c 0000     		.2byte	0
 974 000e 0000     		.2byte	0
 975 0010 00000000 		.4byte	.LFB63
 976 0014 80000000 		.4byte	.LFE63-.LFB63
 977 0018 00000000 		.4byte	.LFB64
 978 001c 00010000 		.4byte	.LFE64-.LFB64
 979 0020 00000000 		.4byte	.LFB65
 980 0024 44000000 		.4byte	.LFE65-.LFB65
 981 0028 00000000 		.4byte	.LFB66
 982 002c 02000000 		.4byte	.LFE66-.LFB66
 983 0030 00000000 		.4byte	0
ARM GAS  C:\Users\Alex\AppData\Local\Temp\ccOenmf9.s 			page 21


 984 0034 00000000 		.4byte	0
 985              		.section	.debug_ranges,"",%progbits
 986              	.Ldebug_ranges0:
 987 0000 00000000 		.4byte	.LFB63
 988 0004 80000000 		.4byte	.LFE63
 989 0008 00000000 		.4byte	.LFB64
 990 000c 00010000 		.4byte	.LFE64
 991 0010 00000000 		.4byte	.LFB65
 992 0014 44000000 		.4byte	.LFE65
 993 0018 00000000 		.4byte	.LFB66
 994 001c 02000000 		.4byte	.LFE66
 995 0020 00000000 		.4byte	0
 996 0024 00000000 		.4byte	0
 997              		.section	.debug_line,"",%progbits
 998              	.Ldebug_line0:
 999 0000 D8010000 		.section	.debug_str,"MS",%progbits,1
 999      02006B01 
 999      00000201 
 999      FB0E0D00 
 999      01010101 
 1000              	.LASF26:
 1001 0000 433A5C46 		.ascii	"C:\\FlexSEA_alx87grd\\execute\\execute_1_0.cydsn\000"
 1001      6C657853 
 1001      45415F61 
 1001      6C783837 
 1001      6772645C 
 1002              	.LASF9:
 1003 002e 5F5F696E 		.ascii	"__int32_t\000"
 1003      7433325F 
 1003      7400
 1004              	.LASF14:
 1005 0038 666C6F61 		.ascii	"float\000"
 1005      7400
 1006              	.LASF21:
 1007 003e 6F757470 		.ascii	"output_sine\000"
 1007      75745F73 
 1007      696E6500 
 1008              	.LASF1:
 1009 004a 756E7369 		.ascii	"unsigned char\000"
 1009      676E6564 
 1009      20636861 
 1009      7200
 1010              	.LASF25:
 1011 0058 2E2E5C73 		.ascii	"..\\src\\gen_waveform.c\000"
 1011      72635C67 
 1011      656E5F77 
 1011      61766566 
 1011      6F726D2E 
 1012              	.LASF13:
 1013 006e 696E7431 		.ascii	"int16\000"
 1013      3600
 1014              	.LASF5:
 1015 0074 6C6F6E67 		.ascii	"long unsigned int\000"
 1015      20756E73 
 1015      69676E65 
 1015      6420696E 
 1015      7400
ARM GAS  C:\Users\Alex\AppData\Local\Temp\ccOenmf9.s 			page 22


 1016              	.LASF3:
 1017 0086 73686F72 		.ascii	"short unsigned int\000"
 1017      7420756E 
 1017      7369676E 
 1017      65642069 
 1017      6E7400
 1018              	.LASF19:
 1019 0099 616E676C 		.ascii	"angle\000"
 1019      6500
 1020              	.LASF28:
 1021 009f 49544D5F 		.ascii	"ITM_RxBuffer\000"
 1021      52784275 
 1021      66666572 
 1021      00
 1022              	.LASF23:
 1023 00ac 6F757470 		.ascii	"output_step\000"
 1023      75745F73 
 1023      74657000 
 1024              	.LASF15:
 1025 00b8 646F7562 		.ascii	"double\000"
 1025      6C6500
 1026              	.LASF12:
 1027 00bf 75696E74 		.ascii	"uint16\000"
 1027      313600
 1028              	.LASF29:
 1029 00c6 43794465 		.ascii	"CyDelayUs\000"
 1029      6C617955 
 1029      7300
 1030              	.LASF8:
 1031 00d0 756E7369 		.ascii	"unsigned int\000"
 1031      676E6564 
 1031      20696E74 
 1031      00
 1032              	.LASF7:
 1033 00dd 6C6F6E67 		.ascii	"long long unsigned int\000"
 1033      206C6F6E 
 1033      6720756E 
 1033      7369676E 
 1033      65642069 
 1034              	.LASF24:
 1035 00f4 474E5520 		.ascii	"GNU C 4.9.3 20150303 (release) [ARM/embedded-4_9-br"
 1035      4320342E 
 1035      392E3320 
 1035      32303135 
 1035      30333033 
 1036 0127 616E6368 		.ascii	"anch revision 221220] -mcpu=cortex-m3 -mthumb -g -O"
 1036      20726576 
 1036      6973696F 
 1036      6E203232 
 1036      31323230 
 1037 015a 67202D66 		.ascii	"g -ffunction-sections -ffat-lto-objects\000"
 1037      66756E63 
 1037      74696F6E 
 1037      2D736563 
 1037      74696F6E 
 1038              	.LASF10:
 1039 0182 696E7433 		.ascii	"int32_t\000"
ARM GAS  C:\Users\Alex\AppData\Local\Temp\ccOenmf9.s 			page 23


 1039      325F7400 
 1040              	.LASF17:
 1041 018a 73697A65 		.ascii	"sizetype\000"
 1041      74797065 
 1041      00
 1042              	.LASF6:
 1043 0193 6C6F6E67 		.ascii	"long long int\000"
 1043      206C6F6E 
 1043      6720696E 
 1043      7400
 1044              	.LASF16:
 1045 01a1 63686172 		.ascii	"char\000"
 1045      00
 1046              	.LASF22:
 1047 01a6 6F757470 		.ascii	"output_arb\000"
 1047      75745F61 
 1047      726200
 1048              	.LASF2:
 1049 01b1 73686F72 		.ascii	"short int\000"
 1049      7420696E 
 1049      7400
 1050              	.LASF20:
 1051 01bb 6F757470 		.ascii	"output\000"
 1051      757400
 1052              	.LASF11:
 1053 01c2 75696E74 		.ascii	"uint8\000"
 1053      3800
 1054              	.LASF27:
 1055 01c8 696E6974 		.ascii	"init_sine_gen\000"
 1055      5F73696E 
 1055      655F6765 
 1055      6E00
 1056              	.LASF4:
 1057 01d6 6C6F6E67 		.ascii	"long int\000"
 1057      20696E74 
 1057      00
 1058              	.LASF18:
 1059 01df 6C6F6E67 		.ascii	"long double\000"
 1059      20646F75 
 1059      626C6500 
 1060              	.LASF0:
 1061 01eb 7369676E 		.ascii	"signed char\000"
 1061      65642063 
 1061      68617200 
 1062              		.ident	"GCC: (GNU Tools for ARM Embedded Processors) 4.9.3 20150303 (release) [ARM/embedded-4_9-br
