ARM GAS  C:\Users\Alex\AppData\Local\Temp\cc1J2dWT.s 			page 1


   1              		.syntax unified
   2              		.cpu cortex-m3
   3              		.fpu softvfp
   4              		.eabi_attribute 20, 1
   5              		.eabi_attribute 21, 1
   6              		.eabi_attribute 23, 3
   7              		.eabi_attribute 24, 1
   8              		.eabi_attribute 25, 1
   9              		.eabi_attribute 26, 1
  10              		.eabi_attribute 30, 1
  11              		.eabi_attribute 34, 1
  12              		.eabi_attribute 18, 4
  13              		.thumb
  14              		.file	"i2c.c"
  15              		.text
  16              	.Ltext0:
  17              		.cfi_sections	.debug_frame
  18              		.global _printf_float
  19              		.thumb
  20              		.section	.text.i2c_0_fsm,"ax",%progbits
  21              		.align	2
  22              		.global	i2c_0_fsm
  23              		.thumb
  24              		.thumb_func
  25              		.type	i2c_0_fsm, %function
  26              	i2c_0_fsm:
  27              	.LFB63:
  28              		.file 1 "..\\src\\i2c.c"
   1:..\src/i2c.c  **** //****************************************************************************
   2:..\src/i2c.c  **** // MIT Media Lab - Biomechatronics
   3:..\src/i2c.c  **** // Jean-Francois (Jeff) Duval
   4:..\src/i2c.c  **** // jfduval@media.mit.edu
   5:..\src/i2c.c  **** // 05/2016
   6:..\src/i2c.c  **** //****************************************************************************
   7:..\src/i2c.c  **** // i2c: I2C functions
   8:..\src/i2c.c  **** //****************************************************************************
   9:..\src/i2c.c  **** 
  10:..\src/i2c.c  **** //****************************************************************************
  11:..\src/i2c.c  **** // Include(s)
  12:..\src/i2c.c  **** //****************************************************************************
  13:..\src/i2c.c  **** 
  14:..\src/i2c.c  **** #include "main.h"
  15:..\src/i2c.c  **** #include "i2c.h"
  16:..\src/i2c.c  **** 
  17:..\src/i2c.c  **** //****************************************************************************
  18:..\src/i2c.c  **** // Variable(s)
  19:..\src/i2c.c  **** //****************************************************************************
  20:..\src/i2c.c  **** 
  21:..\src/i2c.c  **** uint8 i2c_last_request = 0;
  22:..\src/i2c.c  **** volatile uint8 i2c_0_r_buf[24];
  23:..\src/i2c.c  **** 
  24:..\src/i2c.c  **** //****************************************************************************
  25:..\src/i2c.c  **** // Private Function Prototype(s):
  26:..\src/i2c.c  **** //****************************************************************************	
  27:..\src/i2c.c  **** 
  28:..\src/i2c.c  **** 
  29:..\src/i2c.c  **** //****************************************************************************
ARM GAS  C:\Users\Alex\AppData\Local\Temp\cc1J2dWT.s 			page 2


  30:..\src/i2c.c  **** // Public Function(s)
  31:..\src/i2c.c  **** //****************************************************************************
  32:..\src/i2c.c  **** 
  33:..\src/i2c.c  **** void i2c_0_fsm(void)
  34:..\src/i2c.c  **** {
  29              		.loc 1 34 0
  30              		.cfi_startproc
  31              		@ args = 0, pretend = 0, frame = 0
  32              		@ frame_needed = 0, uses_anonymous_args = 0
  33 0000 08B5     		push	{r3, lr}
  34              		.cfi_def_cfa_offset 8
  35              		.cfi_offset 3, -8
  36              		.cfi_offset 14, -4
  35:..\src/i2c.c  **** 	static uint8 i2c_time_share = 0;
  36:..\src/i2c.c  **** 	static uint8 minm_i2c = 0;
  37:..\src/i2c.c  **** 	
  38:..\src/i2c.c  **** 	i2c_time_share++;
  37              		.loc 1 38 0
  38 0002 0E4A     		ldr	r2, .L7
  39 0004 1378     		ldrb	r3, [r2]	@ zero_extendqisi2
  40 0006 0133     		adds	r3, r3, #1
  39:..\src/i2c.c  **** 	i2c_time_share %= 4;
  41              		.loc 1 39 0
  42 0008 03F00303 		and	r3, r3, #3
  43 000c 1370     		strb	r3, [r2]
  40:..\src/i2c.c  **** 
  41:..\src/i2c.c  **** 	#ifdef USE_I2C_0 
  42:..\src/i2c.c  **** 
  43:..\src/i2c.c  **** 	//Subdivided in 4 slots (250Hz)
  44:..\src/i2c.c  **** 	switch(i2c_time_share)
  44              		.loc 1 44 0
  45 000e 012B     		cmp	r3, #1
  46 0010 09D0     		beq	.L3
  47 0012 13B1     		cbz	r3, .L4
  48 0014 032B     		cmp	r3, #3
  49 0016 0CD0     		beq	.L5
  50 0018 08BD     		pop	{r3, pc}
  51              	.L4:
  45:..\src/i2c.c  **** 	{
  46:..\src/i2c.c  **** 		//Case 0.0: Accelerometer
  47:..\src/i2c.c  **** 		case 0:
  48:..\src/i2c.c  **** 		
  49:..\src/i2c.c  **** 			#ifdef USE_IMU							
  50:..\src/i2c.c  **** 			get_accel_xyz();
  52              		.loc 1 50 0
  53 001a FFF7FEFF 		bl	get_accel_xyz
  54              	.LVL0:
  51:..\src/i2c.c  **** 			i2c_last_request = I2C_RQ_ACCEL;
  55              		.loc 1 51 0
  56 001e 0222     		movs	r2, #2
  57 0020 064B     		ldr	r3, .L7
  58 0022 5A70     		strb	r2, [r3, #1]
  52:..\src/i2c.c  **** 			#endif 	//USE_IMU
  53:..\src/i2c.c  **** 		
  54:..\src/i2c.c  **** 			break;
  59              		.loc 1 54 0
  60 0024 08BD     		pop	{r3, pc}
ARM GAS  C:\Users\Alex\AppData\Local\Temp\cc1J2dWT.s 			page 3


  61              	.L3:
  55:..\src/i2c.c  **** 		
  56:..\src/i2c.c  **** 		//Case 0.1: Gyroscope
  57:..\src/i2c.c  **** 		case 1:
  58:..\src/i2c.c  **** 			
  59:..\src/i2c.c  **** 			#ifdef USE_IMU							
  60:..\src/i2c.c  **** 			get_gyro_xyz();		
  62              		.loc 1 60 0
  63 0026 FFF7FEFF 		bl	get_gyro_xyz
  64              	.LVL1:
  61:..\src/i2c.c  **** 			i2c_last_request = I2C_RQ_GYRO;
  65              		.loc 1 61 0
  66 002a 0122     		movs	r2, #1
  67 002c 034B     		ldr	r3, .L7
  68 002e 5A70     		strb	r2, [r3, #1]
  62:..\src/i2c.c  **** 			#endif 	//USE_IMU
  63:..\src/i2c.c  **** 			
  64:..\src/i2c.c  **** 			break;
  69              		.loc 1 64 0
  70 0030 08BD     		pop	{r3, pc}
  71              	.L5:
  65:..\src/i2c.c  **** 		
  66:..\src/i2c.c  **** 		//Case 0.2: AS5048B position sensor
  67:..\src/i2c.c  **** 		case 2:
  68:..\src/i2c.c  **** 			#ifdef USE_AS5048B
  69:..\src/i2c.c  **** 			get_as5048b_position();
  70:..\src/i2c.c  **** 			i2c_last_request = I2C_RQ_AS5048B;		
  71:..\src/i2c.c  **** 			#endif //USE_AS5048B
  72:..\src/i2c.c  **** 			break;
  73:..\src/i2c.c  **** 		
  74:..\src/i2c.c  **** 		//Case 0.3: MinM RGB LED & external strain amplifier
  75:..\src/i2c.c  **** 		case 3:
  76:..\src/i2c.c  **** 			
  77:..\src/i2c.c  **** 			//I2C RGB LED
  78:..\src/i2c.c  **** 			#ifdef USE_MINM_RGB
  79:..\src/i2c.c  **** 			//minm_test_code();	
  80:..\src/i2c.c  **** 			minm_i2c = update_minm_rgb();
  81:..\src/i2c.c  **** 			#else
  82:..\src/i2c.c  **** 			minm_i2c = 0;	
  72              		.loc 1 82 0
  73 0032 0022     		movs	r2, #0
  74 0034 014B     		ldr	r3, .L7
  75 0036 9A70     		strb	r2, [r3, #2]
  76 0038 08BD     		pop	{r3, pc}
  77              	.L8:
  78 003a 00BF     		.align	2
  79              	.L7:
  80 003c 00000000 		.word	.LANCHOR0
  81              		.cfi_endproc
  82              	.LFE63:
  83              		.size	i2c_0_fsm, .-i2c_0_fsm
  84              		.section	.text.init_i2c_0,"ax",%progbits
  85              		.align	2
  86              		.global	init_i2c_0
  87              		.thumb
  88              		.thumb_func
  89              		.type	init_i2c_0, %function
ARM GAS  C:\Users\Alex\AppData\Local\Temp\cc1J2dWT.s 			page 4


  90              	init_i2c_0:
  91              	.LFB64:
  83:..\src/i2c.c  **** 			#endif 	//USE_MINM_RGB
  84:..\src/i2c.c  **** 			
  85:..\src/i2c.c  **** 			//External strain gauge amplifier
  86:..\src/i2c.c  **** 			#ifdef USE_EXT_I2C_STRAIN
  87:..\src/i2c.c  **** 			if(!minm_i2c)
  88:..\src/i2c.c  **** 			{
  89:..\src/i2c.c  **** 				//If the MinM was refreshed we skip one measurement.
  90:..\src/i2c.c  **** 				get_6ch_strain();
  91:..\src/i2c.c  **** 				i2c_last_request = I2C_RQ_EXT_STRAIN;
  92:..\src/i2c.c  **** 			}
  93:..\src/i2c.c  **** 			#endif //USE_EXT_I2C_STRAIN
  94:..\src/i2c.c  **** 			
  95:..\src/i2c.c  **** 			/*
  96:..\src/i2c.c  **** 			//Battery Board -- ToDo clean & unify solution (this is a quick test)
  97:..\src/i2c.c  **** 			get_battery_board();
  98:..\src/i2c.c  **** 			i2c_last_request = I2C_RQ_BATT_BOARD;	
  99:..\src/i2c.c  **** 			*/
 100:..\src/i2c.c  **** 			
 101:..\src/i2c.c  **** 			break;
 102:..\src/i2c.c  **** 		
 103:..\src/i2c.c  **** 		default:
 104:..\src/i2c.c  **** 			break;
 105:..\src/i2c.c  **** 	}
 106:..\src/i2c.c  **** 	
 107:..\src/i2c.c  **** 	#endif //USE_I2C_0
 108:..\src/i2c.c  **** }
 109:..\src/i2c.c  **** 
 110:..\src/i2c.c  **** //I2C0 - 3V3, IMU & Expansion.
 111:..\src/i2c.c  **** void init_i2c_0(void)
 112:..\src/i2c.c  **** {
  92              		.loc 1 112 0
  93              		.cfi_startproc
  94              		@ args = 0, pretend = 0, frame = 0
  95              		@ frame_needed = 0, uses_anonymous_args = 0
  96 0000 08B5     		push	{r3, lr}
  97              		.cfi_def_cfa_offset 8
  98              		.cfi_offset 3, -8
  99              		.cfi_offset 14, -4
 113:..\src/i2c.c  **** 	I2C_0_EnableInt();
 100              		.loc 1 113 0
 101 0002 4FF40042 		mov	r2, #32768
 102 0006 024B     		ldr	r3, .L11
 103 0008 1A60     		str	r2, [r3]
 114:..\src/i2c.c  **** 	I2C_0_Start();	
 104              		.loc 1 114 0
 105 000a FFF7FEFF 		bl	I2C_0_Start
 106              	.LVL2:
 107 000e 08BD     		pop	{r3, pc}
 108              	.L12:
 109              		.align	2
 110              	.L11:
 111 0010 00E100E0 		.word	-536813312
 112              		.cfi_endproc
 113              	.LFE64:
 114              		.size	init_i2c_0, .-init_i2c_0
ARM GAS  C:\Users\Alex\AppData\Local\Temp\cc1J2dWT.s 			page 5


 115              		.section	.text.init_i2c_1,"ax",%progbits
 116              		.align	2
 117              		.global	init_i2c_1
 118              		.thumb
 119              		.thumb_func
 120              		.type	init_i2c_1, %function
 121              	init_i2c_1:
 122              	.LFB65:
 115:..\src/i2c.c  **** }
 116:..\src/i2c.c  **** 
 117:..\src/i2c.c  **** //I2C1 - 5V, Safety-CoP & strain gauge pot
 118:..\src/i2c.c  **** void init_i2c_1(void)
 119:..\src/i2c.c  **** {
 123              		.loc 1 119 0
 124              		.cfi_startproc
 125              		@ args = 0, pretend = 0, frame = 0
 126              		@ frame_needed = 0, uses_anonymous_args = 0
 127 0000 08B5     		push	{r3, lr}
 128              		.cfi_def_cfa_offset 8
 129              		.cfi_offset 3, -8
 130              		.cfi_offset 14, -4
 120:..\src/i2c.c  **** 	I2C_1_EnableInt();
 131              		.loc 1 120 0
 132 0002 0422     		movs	r2, #4
 133 0004 024B     		ldr	r3, .L15
 134 0006 1A60     		str	r2, [r3]
 121:..\src/i2c.c  **** 	I2C_1_Start();
 135              		.loc 1 121 0
 136 0008 FFF7FEFF 		bl	I2C_1_Start
 137              	.LVL3:
 138 000c 08BD     		pop	{r3, pc}
 139              	.L16:
 140 000e 00BF     		.align	2
 141              	.L15:
 142 0010 00E100E0 		.word	-536813312
 143              		.cfi_endproc
 144              	.LFE65:
 145              		.size	init_i2c_1, .-init_i2c_1
 146              		.section	.text.I2C_0_MasterWriteByteTimeOut,"ax",%progbits
 147              		.align	2
 148              		.global	I2C_0_MasterWriteByteTimeOut
 149              		.thumb
 150              		.thumb_func
 151              		.type	I2C_0_MasterWriteByteTimeOut, %function
 152              	I2C_0_MasterWriteByteTimeOut:
 153              	.LFB67:
 122:..\src/i2c.c  **** }
 123:..\src/i2c.c  **** 
 124:..\src/i2c.c  **** //Manual I2C [Write - Restart - Read n bytes] function
 125:..\src/i2c.c  **** //Takes around xus (400kHz) to run, then the ISR takes care of everything.
 126:..\src/i2c.c  **** int i2c0_read(uint8 slave_addr, uint8 reg_addr, uint8 *pdata, uint16 length)
 127:..\src/i2c.c  **** {
 128:..\src/i2c.c  **** 	uint8 status = 0, i = 0;
 129:..\src/i2c.c  **** 	
 130:..\src/i2c.c  **** 	//Currently having trouble detecting the flags to know when data is ready.
 131:..\src/i2c.c  **** 	//For now I'll transfer the previous buffer.
 132:..\src/i2c.c  **** 	for(i = 0; i < length; i++)
ARM GAS  C:\Users\Alex\AppData\Local\Temp\cc1J2dWT.s 			page 6


 133:..\src/i2c.c  **** 	{
 134:..\src/i2c.c  **** 		pdata[i] = i2c_0_r_buf[i];
 135:..\src/i2c.c  **** 	}
 136:..\src/i2c.c  **** 	
 137:..\src/i2c.c  **** 	//Store data:
 138:..\src/i2c.c  **** 	assign_i2c_data(&i2c_0_r_buf);
 139:..\src/i2c.c  **** 	
 140:..\src/i2c.c  **** 	//Clear status:
 141:..\src/i2c.c  **** 	//I2C_0_MasterClearStatus();
 142:..\src/i2c.c  **** 	
 143:..\src/i2c.c  **** 	//Start, address, Write mode
 144:..\src/i2c.c  **** 	status = I2C_0_MasterSendStart(slave_addr, 0);		
 145:..\src/i2c.c  **** 	if(status != I2C_0_MSTR_NO_ERROR)
 146:..\src/i2c.c  **** 		return 1;
 147:..\src/i2c.c  **** 	
 148:..\src/i2c.c  **** 	//Write to register
 149:..\src/i2c.c  **** 	status = I2C_0_MasterWriteByteTimeOut(reg_addr, 500);
 150:..\src/i2c.c  **** 	if(status != I2C_0_MSTR_NO_ERROR)
 151:..\src/i2c.c  **** 	{
 152:..\src/i2c.c  **** 		//Release bus:
 153:..\src/i2c.c  **** 		I2C_0_BUS_RELEASE;
 154:..\src/i2c.c  **** 		
 155:..\src/i2c.c  **** 		return 2;
 156:..\src/i2c.c  **** 	}
 157:..\src/i2c.c  **** 
 158:..\src/i2c.c  **** 	//Repeat start, read then stop (all by ISR):
 159:..\src/i2c.c  **** 	I2C_0_MasterReadBuf(slave_addr, (uint8 *)i2c_0_r_buf, length, (I2C_0_MODE_COMPLETE_XFER | I2C_0_MO
 160:..\src/i2c.c  **** 	
 161:..\src/i2c.c  **** 	return 0;
 162:..\src/i2c.c  **** }
 163:..\src/i2c.c  **** 
 164:..\src/i2c.c  **** //Simplified version of I2C_0_MasterWriteByte() (single master only) with timeouts
 165:..\src/i2c.c  **** //timeout is in us
 166:..\src/i2c.c  **** uint8 I2C_0_MasterWriteByteTimeOut(uint8 theByte, uint32 timeout)
 167:..\src/i2c.c  **** {
 154              		.loc 1 167 0
 155              		.cfi_startproc
 156              		@ args = 0, pretend = 0, frame = 0
 157              		@ frame_needed = 0, uses_anonymous_args = 0
 158              	.LVL4:
 159 0000 38B5     		push	{r3, r4, r5, lr}
 160              		.cfi_def_cfa_offset 16
 161              		.cfi_offset 3, -16
 162              		.cfi_offset 4, -12
 163              		.cfi_offset 5, -8
 164              		.cfi_offset 14, -4
 165              	.LVL5:
 168:..\src/i2c.c  ****     uint8 errStatus;
 169:..\src/i2c.c  **** 	uint32 t = 0;	//For the timeout
 170:..\src/i2c.c  **** 
 171:..\src/i2c.c  ****     errStatus = I2C_0_MSTR_NOT_READY;
 172:..\src/i2c.c  **** 
 173:..\src/i2c.c  ****     /* Check if START condition was generated */
 174:..\src/i2c.c  ****     if(I2C_0_CHECK_MASTER_MODE(I2C_0_MCSR_REG))
 166              		.loc 1 174 0
 167 0002 184B     		ldr	r3, .L26
 168 0004 1B78     		ldrb	r3, [r3]	@ zero_extendqisi2
ARM GAS  C:\Users\Alex\AppData\Local\Temp\cc1J2dWT.s 			page 7


 169 0006 13F0040F 		tst	r3, #4
 170 000a 29D0     		beq	.L24
 171 000c 0D46     		mov	r5, r1
 175:..\src/i2c.c  ****     {
 176:..\src/i2c.c  ****         I2C_0_DATA_REG = theByte;                        /* Write DATA register */
 172              		.loc 1 176 0
 173 000e 164B     		ldr	r3, .L26+4
 174 0010 1870     		strb	r0, [r3]
 177:..\src/i2c.c  **** 		t = 0;
 178:..\src/i2c.c  **** 		
 179:..\src/i2c.c  **** 		
 180:..\src/i2c.c  ****         //I2C_0_TRANSMIT_DATA_MANUAL_TIMEOUT;                      /* Set transmit mode */
 181:..\src/i2c.c  **** 		
 182:..\src/i2c.c  ****         I2C_0_TRANSMIT_DATA;								
 175              		.loc 1 182 0
 176 0012 0422     		movs	r2, #4
 177 0014 013B     		subs	r3, r3, #1
 178 0016 1A70     		strb	r2, [r3]
 177:..\src/i2c.c  **** 		t = 0;
 179              		.loc 1 177 0
 180 0018 0024     		movs	r4, #0
 183:..\src/i2c.c  ****         while(I2C_0_CHECK_BYTE_COMPLETE(I2C_0_CSR_REG))		
 181              		.loc 1 183 0
 182 001a 05E0     		b	.L19
 183              	.LVL6:
 184              	.L21:
 184:..\src/i2c.c  ****         {													
 185:..\src/i2c.c  ****             /* Wait when byte complete is cleared */		
 186:..\src/i2c.c  **** 			t++;											
 185              		.loc 1 186 0
 186 001c 0134     		adds	r4, r4, #1
 187              	.LVL7:
 187:..\src/i2c.c  **** 			if(t > timeout)									
 188              		.loc 1 187 0
 189 001e AC42     		cmp	r4, r5
 190 0020 07D8     		bhi	.L20
 188:..\src/i2c.c  **** 				break;										
 189:..\src/i2c.c  **** 			else											
 190:..\src/i2c.c  **** 				CyDelayUs(1);								
 191              		.loc 1 190 0
 192 0022 0120     		movs	r0, #1
 193 0024 FFF7FEFF 		bl	CyDelayUs
 194              	.LVL8:
 195              	.L19:
 183:..\src/i2c.c  ****         {													
 196              		.loc 1 183 0
 197 0028 104B     		ldr	r3, .L26+8
 198 002a 1B78     		ldrb	r3, [r3]	@ zero_extendqisi2
 199 002c 13F0010F 		tst	r3, #1
 200 0030 F4D1     		bne	.L21
 201              	.L20:
 191:..\src/i2c.c  ****         }	
 192:..\src/i2c.c  **** 		
 193:..\src/i2c.c  **** 		
 194:..\src/i2c.c  ****         I2C_0_state = I2C_0_SM_MSTR_WR_DATA;  /* Set state WR_DATA */
 202              		.loc 1 194 0
 203 0032 4622     		movs	r2, #70
ARM GAS  C:\Users\Alex\AppData\Local\Temp\cc1J2dWT.s 			page 8


 204 0034 0E4B     		ldr	r3, .L26+12
 205 0036 1A70     		strb	r2, [r3]
 206              	.LVL9:
 207              	.L22:
 195:..\src/i2c.c  **** 
 196:..\src/i2c.c  ****         /* Make sure the last byte has been transfered first */
 197:..\src/i2c.c  **** 		t = 0;
 198:..\src/i2c.c  ****         while(I2C_0_WAIT_BYTE_COMPLETE(I2C_0_CSR_REG))
 208              		.loc 1 198 0 discriminator 1
 209 0038 0C4B     		ldr	r3, .L26+8
 210 003a 1B78     		ldrb	r3, [r3]	@ zero_extendqisi2
 211 003c 13F0010F 		tst	r3, #1
 212 0040 FAD0     		beq	.L22
 199:..\src/i2c.c  ****         {
 200:..\src/i2c.c  **** 			/*
 201:..\src/i2c.c  ****            //Wait for byte to be written
 202:..\src/i2c.c  **** 			t++;
 203:..\src/i2c.c  **** 			if(t > timeout)	
 204:..\src/i2c.c  **** 				break;
 205:..\src/i2c.c  **** 			else
 206:..\src/i2c.c  **** 				CyDelayUs(1);
 207:..\src/i2c.c  **** 			*/
 208:..\src/i2c.c  ****         }
 209:..\src/i2c.c  **** 
 210:..\src/i2c.c  **** 
 211:..\src/i2c.c  ****         if(I2C_0_CHECK_DATA_ACK(I2C_0_CSR_REG))
 213              		.loc 1 211 0
 214 0042 0A4B     		ldr	r3, .L26+8
 215 0044 1B78     		ldrb	r3, [r3]	@ zero_extendqisi2
 216 0046 13F0020F 		tst	r3, #2
 217 004a 04D1     		bne	.L23
 212:..\src/i2c.c  ****         {
 213:..\src/i2c.c  ****             I2C_0_state = I2C_0_SM_MSTR_HALT;     /* Set state to HALT */
 218              		.loc 1 213 0
 219 004c 6022     		movs	r2, #96
 220 004e 084B     		ldr	r3, .L26+12
 221 0050 1A70     		strb	r2, [r3]
 222              	.LVL10:
 214:..\src/i2c.c  ****             errStatus = I2C_0_MSTR_NO_ERROR;                 /* The LRB was ACKed */
 223              		.loc 1 214 0
 224 0052 0020     		movs	r0, #0
 225 0054 38BD     		pop	{r3, r4, r5, pc}
 226              	.LVL11:
 227              	.L23:
 215:..\src/i2c.c  ****         }
 216:..\src/i2c.c  ****         else
 217:..\src/i2c.c  ****         {
 218:..\src/i2c.c  ****             I2C_0_state = I2C_0_SM_MSTR_HALT;     /* Set state to HALT */
 228              		.loc 1 218 0
 229 0056 6022     		movs	r2, #96
 230 0058 054B     		ldr	r3, .L26+12
 231 005a 1A70     		strb	r2, [r3]
 232              	.LVL12:
 219:..\src/i2c.c  ****             errStatus = I2C_0_MSTR_ERR_LB_NAK;               /* The LRB was NACKed */
 233              		.loc 1 219 0
 234 005c 0320     		movs	r0, #3
 235 005e 38BD     		pop	{r3, r4, r5, pc}
ARM GAS  C:\Users\Alex\AppData\Local\Temp\cc1J2dWT.s 			page 9


 236              	.LVL13:
 237              	.L24:
 171:..\src/i2c.c  **** 
 238              		.loc 1 171 0
 239 0060 0220     		movs	r0, #2
 240              	.LVL14:
 220:..\src/i2c.c  ****         }
 221:..\src/i2c.c  ****     }
 222:..\src/i2c.c  **** 
 223:..\src/i2c.c  ****     return(errStatus);
 224:..\src/i2c.c  **** }
 241              		.loc 1 224 0
 242 0062 38BD     		pop	{r3, r4, r5, pc}
 243              	.L27:
 244              		.align	2
 245              	.L26:
 246 0064 D9490040 		.word	1073760729
 247 0068 D8490040 		.word	1073760728
 248 006c D7490040 		.word	1073760727
 249 0070 00000000 		.word	I2C_0_state
 250              		.cfi_endproc
 251              	.LFE67:
 252              		.size	I2C_0_MasterWriteByteTimeOut, .-I2C_0_MasterWriteByteTimeOut
 253              		.section	.text.assign_i2c_data,"ax",%progbits
 254              		.align	2
 255              		.global	assign_i2c_data
 256              		.thumb
 257              		.thumb_func
 258              		.type	assign_i2c_data, %function
 259              	assign_i2c_data:
 260              	.LFB68:
 225:..\src/i2c.c  **** 
 226:..\src/i2c.c  **** //Associate data with the right structure. We need that because of the way the ISR-based
 227:..\src/i2c.c  **** //I2C works (we always get data from the last request)
 228:..\src/i2c.c  **** void assign_i2c_data(uint8 *newdata)
 229:..\src/i2c.c  **** {
 261              		.loc 1 229 0
 262              		.cfi_startproc
 263              		@ args = 0, pretend = 0, frame = 0
 264              		@ frame_needed = 0, uses_anonymous_args = 0
 265              	.LVL15:
 266 0000 08B5     		push	{r3, lr}
 267              		.cfi_def_cfa_offset 8
 268              		.cfi_offset 3, -8
 269              		.cfi_offset 14, -4
 270              	.LVL16:
 230:..\src/i2c.c  **** 	uint16 tmp = 0;
 231:..\src/i2c.c  **** 	
 232:..\src/i2c.c  **** 	if(i2c_last_request == I2C_RQ_GYRO)
 271              		.loc 1 232 0
 272 0002 1F4B     		ldr	r3, .L35
 273 0004 5B78     		ldrb	r3, [r3, #1]	@ zero_extendqisi2
 274 0006 012B     		cmp	r3, #1
 275 0008 10D1     		bne	.L29
 233:..\src/i2c.c  **** 	{
 234:..\src/i2c.c  **** 		//Gyro X:
 235:..\src/i2c.c  **** 		tmp = ((uint16)newdata[0] << 8) | ((uint16) newdata[1]);
ARM GAS  C:\Users\Alex\AppData\Local\Temp\cc1J2dWT.s 			page 10


 276              		.loc 1 235 0
 277 000a 0278     		ldrb	r2, [r0]	@ zero_extendqisi2
 278 000c 4378     		ldrb	r3, [r0, #1]	@ zero_extendqisi2
 279 000e 43EA0222 		orr	r2, r3, r2, lsl #8
 280              	.LVL17:
 236:..\src/i2c.c  **** 		imu.gyro.x = (int16)tmp;
 281              		.loc 1 236 0
 282 0012 1C4B     		ldr	r3, .L35+4
 283 0014 DA80     		strh	r2, [r3, #6]	@ movhi
 237:..\src/i2c.c  **** 		
 238:..\src/i2c.c  **** 		//Gyro Y:
 239:..\src/i2c.c  **** 		tmp = ((uint16)newdata[2] << 8) | ((uint16) newdata[3]);
 284              		.loc 1 239 0
 285 0016 8178     		ldrb	r1, [r0, #2]	@ zero_extendqisi2
 286 0018 C278     		ldrb	r2, [r0, #3]	@ zero_extendqisi2
 287              	.LVL18:
 288 001a 42EA0122 		orr	r2, r2, r1, lsl #8
 289              	.LVL19:
 240:..\src/i2c.c  **** 		imu.gyro.y = (int16)tmp;
 290              		.loc 1 240 0
 291 001e 1A81     		strh	r2, [r3, #8]	@ movhi
 241:..\src/i2c.c  **** 		
 242:..\src/i2c.c  **** 		//Gyro Z:
 243:..\src/i2c.c  **** 		tmp = ((uint16)newdata[4] << 8) | ((uint16) newdata[5]);
 292              		.loc 1 243 0
 293 0020 0179     		ldrb	r1, [r0, #4]	@ zero_extendqisi2
 294 0022 4279     		ldrb	r2, [r0, #5]	@ zero_extendqisi2
 295              	.LVL20:
 296 0024 42EA0122 		orr	r2, r2, r1, lsl #8
 297              	.LVL21:
 244:..\src/i2c.c  **** 		imu.gyro.z = (int16)tmp;		
 298              		.loc 1 244 0
 299 0028 5A81     		strh	r2, [r3, #10]	@ movhi
 300 002a 08BD     		pop	{r3, pc}
 301              	.LVL22:
 302              	.L29:
 245:..\src/i2c.c  **** 	}
 246:..\src/i2c.c  **** 	else if(i2c_last_request == I2C_RQ_ACCEL)
 303              		.loc 1 246 0
 304 002c 022B     		cmp	r3, #2
 305 002e 10D1     		bne	.L31
 247:..\src/i2c.c  **** 	{
 248:..\src/i2c.c  **** 		//Accel X:
 249:..\src/i2c.c  **** 		tmp = ((uint16)newdata[0] << 8) | ((uint16) newdata[1]);
 306              		.loc 1 249 0
 307 0030 0278     		ldrb	r2, [r0]	@ zero_extendqisi2
 308 0032 4378     		ldrb	r3, [r0, #1]	@ zero_extendqisi2
 309 0034 43EA0222 		orr	r2, r3, r2, lsl #8
 310              	.LVL23:
 250:..\src/i2c.c  **** 		imu.accel.x = (int16)tmp;
 311              		.loc 1 250 0
 312 0038 124B     		ldr	r3, .L35+4
 313 003a 1A80     		strh	r2, [r3]	@ movhi
 251:..\src/i2c.c  **** 		
 252:..\src/i2c.c  **** 		//Accel Y:
 253:..\src/i2c.c  **** 		tmp = ((uint16)newdata[2] << 8) | ((uint16) newdata[3]);
 314              		.loc 1 253 0
ARM GAS  C:\Users\Alex\AppData\Local\Temp\cc1J2dWT.s 			page 11


 315 003c 8178     		ldrb	r1, [r0, #2]	@ zero_extendqisi2
 316 003e C278     		ldrb	r2, [r0, #3]	@ zero_extendqisi2
 317              	.LVL24:
 318 0040 42EA0122 		orr	r2, r2, r1, lsl #8
 319              	.LVL25:
 254:..\src/i2c.c  **** 		imu.accel.y = (int16)tmp;
 320              		.loc 1 254 0
 321 0044 5A80     		strh	r2, [r3, #2]	@ movhi
 255:..\src/i2c.c  **** 		
 256:..\src/i2c.c  **** 		//Accel Z:
 257:..\src/i2c.c  **** 		tmp = ((uint16)newdata[4] << 8) | ((uint16) newdata[5]);
 322              		.loc 1 257 0
 323 0046 0179     		ldrb	r1, [r0, #4]	@ zero_extendqisi2
 324 0048 4279     		ldrb	r2, [r0, #5]	@ zero_extendqisi2
 325              	.LVL26:
 326 004a 42EA0122 		orr	r2, r2, r1, lsl #8
 327              	.LVL27:
 258:..\src/i2c.c  **** 		imu.accel.z = (int16)tmp;		
 328              		.loc 1 258 0
 329 004e 9A80     		strh	r2, [r3, #4]	@ movhi
 330 0050 08BD     		pop	{r3, pc}
 331              	.LVL28:
 332              	.L31:
 259:..\src/i2c.c  **** 	}
 260:..\src/i2c.c  **** 	else if(i2c_last_request == I2C_RQ_AS5048B)
 333              		.loc 1 260 0
 334 0052 032B     		cmp	r3, #3
 335 0054 09D1     		bne	.L32
 261:..\src/i2c.c  **** 	{
 262:..\src/i2c.c  **** 			as5048b.angle_raw = (newdata[0]<<6) + (newdata[1]&0x3F);
 336              		.loc 1 262 0
 337 0056 0278     		ldrb	r2, [r0]	@ zero_extendqisi2
 338 0058 4378     		ldrb	r3, [r0, #1]	@ zero_extendqisi2
 339 005a 03F03F03 		and	r3, r3, #63
 340 005e 03EB8213 		add	r3, r3, r2, lsl #6
 341 0062 094A     		ldr	r2, .L35+8
 342 0064 1380     		strh	r3, [r2]	@ movhi
 263:..\src/i2c.c  **** 			as5048b.angle_ctrl = CTRL_ENC_FCT(as5048b.angle_raw);
 343              		.loc 1 263 0
 344 0066 9380     		strh	r3, [r2, #4]	@ movhi
 345 0068 08BD     		pop	{r3, pc}
 346              	.L32:
 264:..\src/i2c.c  **** 	}
 265:..\src/i2c.c  **** 	else if(i2c_last_request == I2C_RQ_EXT_STRAIN)
 347              		.loc 1 265 0
 348 006a 042B     		cmp	r3, #4
 349 006c 02D1     		bne	.L33
 266:..\src/i2c.c  **** 	{
 267:..\src/i2c.c  **** 		strain_6ch_bytes_to_words(newdata);
 350              		.loc 1 267 0
 351 006e FFF7FEFF 		bl	strain_6ch_bytes_to_words
 352              	.LVL29:
 353 0072 08BD     		pop	{r3, pc}
 354              	.LVL30:
 355              	.L33:
 268:..\src/i2c.c  **** 	}	
 269:..\src/i2c.c  **** 	else if(i2c_last_request == I2C_RQ_BATT_BOARD)
ARM GAS  C:\Users\Alex\AppData\Local\Temp\cc1J2dWT.s 			page 12


 356              		.loc 1 269 0
 357 0074 052B     		cmp	r3, #5
 358 0076 01D1     		bne	.L28
 270:..\src/i2c.c  **** 	{
 271:..\src/i2c.c  **** 		decode_battery_board(newdata);
 359              		.loc 1 271 0
 360 0078 FFF7FEFF 		bl	decode_battery_board
 361              	.LVL31:
 362              	.L28:
 363 007c 08BD     		pop	{r3, pc}
 364              	.L36:
 365 007e 00BF     		.align	2
 366              	.L35:
 367 0080 00000000 		.word	.LANCHOR0
 368 0084 00000000 		.word	imu
 369 0088 00000000 		.word	as5048b
 370              		.cfi_endproc
 371              	.LFE68:
 372              		.size	assign_i2c_data, .-assign_i2c_data
 373              		.section	.text.i2c0_read,"ax",%progbits
 374              		.align	2
 375              		.global	i2c0_read
 376              		.thumb
 377              		.thumb_func
 378              		.type	i2c0_read, %function
 379              	i2c0_read:
 380              	.LFB66:
 127:..\src/i2c.c  **** 	uint8 status = 0, i = 0;
 381              		.loc 1 127 0
 382              		.cfi_startproc
 383              		@ args = 0, pretend = 0, frame = 0
 384              		@ frame_needed = 0, uses_anonymous_args = 0
 385              	.LVL32:
 386 0000 70B5     		push	{r4, r5, r6, lr}
 387              		.cfi_def_cfa_offset 16
 388              		.cfi_offset 4, -16
 389              		.cfi_offset 5, -12
 390              		.cfi_offset 6, -8
 391              		.cfi_offset 14, -4
 392 0002 0546     		mov	r5, r0
 393 0004 0E46     		mov	r6, r1
 394 0006 1C46     		mov	r4, r3
 395              	.LVL33:
 132:..\src/i2c.c  **** 	{
 396              		.loc 1 132 0
 397 0008 0023     		movs	r3, #0
 398              	.LVL34:
 399 000a 04E0     		b	.L38
 400              	.LVL35:
 401              	.L39:
 134:..\src/i2c.c  **** 	}
 402              		.loc 1 134 0 discriminator 3
 403 000c 1249     		ldr	r1, .L44
 404 000e C95C     		ldrb	r1, [r1, r3]	@ zero_extendqisi2
 405 0010 D154     		strb	r1, [r2, r3]
 132:..\src/i2c.c  **** 	{
 406              		.loc 1 132 0 discriminator 3
ARM GAS  C:\Users\Alex\AppData\Local\Temp\cc1J2dWT.s 			page 13


 407 0012 0133     		adds	r3, r3, #1
 408              	.LVL36:
 409 0014 DBB2     		uxtb	r3, r3
 410              	.LVL37:
 411              	.L38:
 132:..\src/i2c.c  **** 	{
 412              		.loc 1 132 0 is_stmt 0 discriminator 1
 413 0016 99B2     		uxth	r1, r3
 414 0018 A142     		cmp	r1, r4
 415 001a F7D3     		bcc	.L39
 138:..\src/i2c.c  **** 	
 416              		.loc 1 138 0 is_stmt 1
 417 001c 0E48     		ldr	r0, .L44
 418              	.LVL38:
 419 001e FFF7FEFF 		bl	assign_i2c_data
 420              	.LVL39:
 144:..\src/i2c.c  **** 	if(status != I2C_0_MSTR_NO_ERROR)
 421              		.loc 1 144 0
 422 0022 2846     		mov	r0, r5
 423 0024 0021     		movs	r1, #0
 424 0026 FFF7FEFF 		bl	I2C_0_MasterSendStart
 425              	.LVL40:
 145:..\src/i2c.c  **** 		return 1;
 426              		.loc 1 145 0
 427 002a 90B9     		cbnz	r0, .L42
 149:..\src/i2c.c  **** 	if(status != I2C_0_MSTR_NO_ERROR)
 428              		.loc 1 149 0
 429 002c 3046     		mov	r0, r6
 430              	.LVL41:
 431 002e 4FF4FA71 		mov	r1, #500
 432 0032 FFF7FEFF 		bl	I2C_0_MasterWriteByteTimeOut
 433              	.LVL42:
 150:..\src/i2c.c  **** 	{
 434              		.loc 1 150 0
 435 0036 20B1     		cbz	r0, .L41
 153:..\src/i2c.c  **** 		
 436              		.loc 1 153 0
 437 0038 0022     		movs	r2, #0
 438 003a 084B     		ldr	r3, .L44+4
 439 003c 1A70     		strb	r2, [r3]
 155:..\src/i2c.c  **** 	}
 440              		.loc 1 155 0
 441 003e 0220     		movs	r0, #2
 442              	.LVL43:
 443 0040 70BD     		pop	{r4, r5, r6, pc}
 444              	.LVL44:
 445              	.L41:
 159:..\src/i2c.c  **** 	
 446              		.loc 1 159 0
 447 0042 2846     		mov	r0, r5
 448              	.LVL45:
 449 0044 0449     		ldr	r1, .L44
 450 0046 E2B2     		uxtb	r2, r4
 451 0048 0123     		movs	r3, #1
 452 004a FFF7FEFF 		bl	I2C_0_MasterReadBuf
 453              	.LVL46:
 161:..\src/i2c.c  **** }
ARM GAS  C:\Users\Alex\AppData\Local\Temp\cc1J2dWT.s 			page 14


 454              		.loc 1 161 0
 455 004e 0020     		movs	r0, #0
 456 0050 70BD     		pop	{r4, r5, r6, pc}
 457              	.LVL47:
 458              	.L42:
 146:..\src/i2c.c  **** 	
 459              		.loc 1 146 0
 460 0052 0120     		movs	r0, #1
 461              	.LVL48:
 162:..\src/i2c.c  **** 
 462              		.loc 1 162 0
 463 0054 70BD     		pop	{r4, r5, r6, pc}
 464              	.L45:
 465 0056 00BF     		.align	2
 466              	.L44:
 467 0058 00000000 		.word	i2c_0_r_buf
 468 005c D7490040 		.word	1073760727
 469              		.cfi_endproc
 470              	.LFE66:
 471              		.size	i2c0_read, .-i2c0_read
 472              		.comm	i2c_0_r_buf,24,4
 473              		.global	i2c_last_request
 474              		.bss
 475              		.set	.LANCHOR0,. + 0
 476              		.type	i2c_time_share.10473, %object
 477              		.size	i2c_time_share.10473, 1
 478              	i2c_time_share.10473:
 479 0000 00       		.space	1
 480              		.type	i2c_last_request, %object
 481              		.size	i2c_last_request, 1
 482              	i2c_last_request:
 483 0001 00       		.space	1
 484              		.type	minm_i2c.10474, %object
 485              		.size	minm_i2c.10474, 1
 486              	minm_i2c.10474:
 487 0002 00       		.space	1
 488              		.text
 489              	.Letext0:
 490              		.file 2 "c:\\program files (x86)\\cypress\\psoc creator\\3.3\\psoc creator\\import\\gnu\\arm\\4.9.
 491              		.file 3 "c:\\program files (x86)\\cypress\\psoc creator\\3.3\\psoc creator\\import\\gnu\\arm\\4.9.
 492              		.file 4 "Generated_Source\\PSoC5/cytypes.h"
 493              		.file 5 "..\\inc/imu.h"
 494              		.file 6 "..\\inc/ext_input.h"
 495              		.file 7 "Generated_Source\\PSoC5/I2C_0_PVT.h"
 496              		.file 8 "Generated_Source\\PSoC5/core_cm3.h"
 497              		.file 9 "Generated_Source\\PSoC5/I2C_0.h"
 498              		.file 10 "Generated_Source\\PSoC5/I2C_1.h"
 499              		.file 11 "Generated_Source\\PSoC5/CyLib.h"
 500              		.section	.debug_info,"",%progbits
 501              	.Ldebug_info0:
 502 0000 D4040000 		.4byte	0x4d4
 503 0004 0400     		.2byte	0x4
 504 0006 00000000 		.4byte	.Ldebug_abbrev0
 505 000a 04       		.byte	0x4
 506 000b 01       		.uleb128 0x1
 507 000c 80020000 		.4byte	.LASF67
 508 0010 01       		.byte	0x1
ARM GAS  C:\Users\Alex\AppData\Local\Temp\cc1J2dWT.s 			page 15


 509 0011 1C010000 		.4byte	.LASF68
 510 0015 96000000 		.4byte	.LASF69
 511 0019 00000000 		.4byte	.Ldebug_ranges0+0
 512 001d 00000000 		.4byte	0
 513 0021 00000000 		.4byte	.Ldebug_line0
 514 0025 02       		.uleb128 0x2
 515 0026 01       		.byte	0x1
 516 0027 06       		.byte	0x6
 517 0028 D8010000 		.4byte	.LASF0
 518 002c 02       		.uleb128 0x2
 519 002d 01       		.byte	0x1
 520 002e 08       		.byte	0x8
 521 002f 92010000 		.4byte	.LASF1
 522 0033 02       		.uleb128 0x2
 523 0034 02       		.byte	0x2
 524 0035 05       		.byte	0x5
 525 0036 0C000000 		.4byte	.LASF2
 526 003a 03       		.uleb128 0x3
 527 003b 6E000000 		.4byte	.LASF4
 528 003f 02       		.byte	0x2
 529 0040 2B       		.byte	0x2b
 530 0041 45000000 		.4byte	0x45
 531 0045 02       		.uleb128 0x2
 532 0046 02       		.byte	0x2
 533 0047 07       		.byte	0x7
 534 0048 56020000 		.4byte	.LASF3
 535 004c 03       		.uleb128 0x3
 536 004d 7C030000 		.4byte	.LASF5
 537 0051 02       		.byte	0x2
 538 0052 3F       		.byte	0x3f
 539 0053 57000000 		.4byte	0x57
 540 0057 02       		.uleb128 0x2
 541 0058 04       		.byte	0x4
 542 0059 05       		.byte	0x5
 543 005a 68010000 		.4byte	.LASF6
 544 005e 03       		.uleb128 0x3
 545 005f 43000000 		.4byte	.LASF7
 546 0063 02       		.byte	0x2
 547 0064 41       		.byte	0x41
 548 0065 69000000 		.4byte	0x69
 549 0069 02       		.uleb128 0x2
 550 006a 04       		.byte	0x4
 551 006b 07       		.byte	0x7
 552 006c 48030000 		.4byte	.LASF8
 553 0070 03       		.uleb128 0x3
 554 0071 71010000 		.4byte	.LASF9
 555 0075 02       		.byte	0x2
 556 0076 59       		.byte	0x59
 557 0077 7B000000 		.4byte	0x7b
 558 007b 02       		.uleb128 0x2
 559 007c 08       		.byte	0x8
 560 007d 05       		.byte	0x5
 561 007e 49010000 		.4byte	.LASF10
 562 0082 02       		.uleb128 0x2
 563 0083 08       		.byte	0x8
 564 0084 07       		.byte	0x7
 565 0085 E4010000 		.4byte	.LASF11
ARM GAS  C:\Users\Alex\AppData\Local\Temp\cc1J2dWT.s 			page 16


 566 0089 04       		.uleb128 0x4
 567 008a 04       		.byte	0x4
 568 008b 05       		.byte	0x5
 569 008c 696E7400 		.ascii	"int\000"
 570 0090 02       		.uleb128 0x2
 571 0091 04       		.byte	0x4
 572 0092 07       		.byte	0x7
 573 0093 04020000 		.4byte	.LASF12
 574 0097 03       		.uleb128 0x3
 575 0098 11020000 		.4byte	.LASF13
 576 009c 03       		.byte	0x3
 577 009d 21       		.byte	0x21
 578 009e 3A000000 		.4byte	0x3a
 579 00a2 03       		.uleb128 0x3
 580 00a3 14030000 		.4byte	.LASF14
 581 00a7 03       		.byte	0x3
 582 00a8 2C       		.byte	0x2c
 583 00a9 4C000000 		.4byte	0x4c
 584 00ad 03       		.uleb128 0x3
 585 00ae FB010000 		.4byte	.LASF15
 586 00b2 03       		.byte	0x3
 587 00b3 2D       		.byte	0x2d
 588 00b4 5E000000 		.4byte	0x5e
 589 00b8 03       		.uleb128 0x3
 590 00b9 8E000000 		.4byte	.LASF16
 591 00bd 03       		.byte	0x3
 592 00be 38       		.byte	0x38
 593 00bf 70000000 		.4byte	0x70
 594 00c3 03       		.uleb128 0x3
 595 00c4 D6000000 		.4byte	.LASF17
 596 00c8 04       		.byte	0x4
 597 00c9 C2       		.byte	0xc2
 598 00ca 2C000000 		.4byte	0x2c
 599 00ce 03       		.uleb128 0x3
 600 00cf C4000000 		.4byte	.LASF18
 601 00d3 04       		.byte	0x4
 602 00d4 C3       		.byte	0xc3
 603 00d5 45000000 		.4byte	0x45
 604 00d9 03       		.uleb128 0x3
 605 00da 3C030000 		.4byte	.LASF19
 606 00de 04       		.byte	0x4
 607 00df C4       		.byte	0xc4
 608 00e0 69000000 		.4byte	0x69
 609 00e4 03       		.uleb128 0x3
 610 00e5 D0000000 		.4byte	.LASF20
 611 00e9 04       		.byte	0x4
 612 00ea C6       		.byte	0xc6
 613 00eb 33000000 		.4byte	0x33
 614 00ef 02       		.uleb128 0x2
 615 00f0 04       		.byte	0x4
 616 00f1 04       		.byte	0x4
 617 00f2 43010000 		.4byte	.LASF21
 618 00f6 02       		.uleb128 0x2
 619 00f7 08       		.byte	0x8
 620 00f8 04       		.byte	0x4
 621 00f9 5A030000 		.4byte	.LASF22
 622 00fd 02       		.uleb128 0x2
ARM GAS  C:\Users\Alex\AppData\Local\Temp\cc1J2dWT.s 			page 17


 623 00fe 01       		.byte	0x1
 624 00ff 08       		.byte	0x8
 625 0100 7B020000 		.4byte	.LASF23
 626 0104 05       		.uleb128 0x5
 627 0105 43030000 		.4byte	.LASF24
 628 0109 04       		.byte	0x4
 629 010a 6C01     		.2byte	0x16c
 630 010c 10010000 		.4byte	0x110
 631 0110 06       		.uleb128 0x6
 632 0111 C3000000 		.4byte	0xc3
 633 0115 05       		.uleb128 0x5
 634 0116 36020000 		.4byte	.LASF25
 635 011a 04       		.byte	0x4
 636 011b 6E01     		.2byte	0x16e
 637 011d 21010000 		.4byte	0x121
 638 0121 06       		.uleb128 0x6
 639 0122 D9000000 		.4byte	0xd9
 640 0126 02       		.uleb128 0x2
 641 0127 04       		.byte	0x4
 642 0128 07       		.byte	0x7
 643 0129 16000000 		.4byte	.LASF26
 644 012d 02       		.uleb128 0x2
 645 012e 08       		.byte	0x8
 646 012f 04       		.byte	0x4
 647 0130 A0010000 		.4byte	.LASF27
 648 0134 07       		.uleb128 0x7
 649 0135 78797A00 		.ascii	"xyz\000"
 650 0139 06       		.byte	0x6
 651 013a 05       		.byte	0x5
 652 013b 95       		.byte	0x95
 653 013c 5F010000 		.4byte	0x15f
 654 0140 08       		.uleb128 0x8
 655 0141 7800     		.ascii	"x\000"
 656 0143 05       		.byte	0x5
 657 0144 97       		.byte	0x97
 658 0145 E4000000 		.4byte	0xe4
 659 0149 00       		.byte	0
 660 014a 08       		.uleb128 0x8
 661 014b 7900     		.ascii	"y\000"
 662 014d 05       		.byte	0x5
 663 014e 98       		.byte	0x98
 664 014f E4000000 		.4byte	0xe4
 665 0153 02       		.byte	0x2
 666 0154 08       		.uleb128 0x8
 667 0155 7A00     		.ascii	"z\000"
 668 0157 05       		.byte	0x5
 669 0158 99       		.byte	0x99
 670 0159 E4000000 		.4byte	0xe4
 671 015d 04       		.byte	0x4
 672 015e 00       		.byte	0
 673 015f 09       		.uleb128 0x9
 674 0160 82010000 		.4byte	.LASF28
 675 0164 10       		.byte	0x10
 676 0165 05       		.byte	0x5
 677 0166 9D       		.byte	0x9d
 678 0167 90010000 		.4byte	0x190
 679 016b 0A       		.uleb128 0xa
ARM GAS  C:\Users\Alex\AppData\Local\Temp\cc1J2dWT.s 			page 18


 680 016c 0E030000 		.4byte	.LASF29
 681 0170 05       		.byte	0x5
 682 0171 9F       		.byte	0x9f
 683 0172 34010000 		.4byte	0x134
 684 0176 00       		.byte	0
 685 0177 0A       		.uleb128 0xa
 686 0178 CB000000 		.4byte	.LASF30
 687 017c 05       		.byte	0x5
 688 017d A0       		.byte	0xa0
 689 017e 34010000 		.4byte	0x134
 690 0182 06       		.byte	0x6
 691 0183 0A       		.uleb128 0xa
 692 0184 7B010000 		.4byte	.LASF31
 693 0188 05       		.byte	0x5
 694 0189 A1       		.byte	0xa1
 695 018a AD000000 		.4byte	0xad
 696 018e 0C       		.byte	0xc
 697 018f 00       		.byte	0
 698 0190 09       		.uleb128 0x9
 699 0191 33010000 		.4byte	.LASF32
 700 0195 10       		.byte	0x10
 701 0196 06       		.byte	0x6
 702 0197 90       		.byte	0x90
 703 0198 CD010000 		.4byte	0x1cd
 704 019c 0A       		.uleb128 0xa
 705 019d 61030000 		.4byte	.LASF33
 706 01a1 06       		.byte	0x6
 707 01a2 92       		.byte	0x92
 708 01a3 97000000 		.4byte	0x97
 709 01a7 00       		.byte	0
 710 01a8 0A       		.uleb128 0xa
 711 01a9 70020000 		.4byte	.LASF34
 712 01ad 06       		.byte	0x6
 713 01ae 93       		.byte	0x93
 714 01af 97000000 		.4byte	0x97
 715 01b3 02       		.byte	0x2
 716 01b4 0A       		.uleb128 0xa
 717 01b5 5D010000 		.4byte	.LASF35
 718 01b9 06       		.byte	0x6
 719 01ba 94       		.byte	0x94
 720 01bb 97000000 		.4byte	0x97
 721 01bf 04       		.byte	0x4
 722 01c0 0A       		.uleb128 0xa
 723 01c1 86030000 		.4byte	.LASF36
 724 01c5 06       		.byte	0x6
 725 01c6 95       		.byte	0x95
 726 01c7 B8000000 		.4byte	0xb8
 727 01cb 08       		.byte	0x8
 728 01cc 00       		.byte	0
 729 01cd 0B       		.uleb128 0xb
 730 01ce 88010000 		.4byte	.LASF39
 731 01d2 01       		.byte	0x1
 732 01d3 21       		.byte	0x21
 733 01d4 00000000 		.4byte	.LFB63
 734 01d8 40000000 		.4byte	.LFE63-.LFB63
 735 01dc 01       		.uleb128 0x1
 736 01dd 9C       		.byte	0x9c
ARM GAS  C:\Users\Alex\AppData\Local\Temp\cc1J2dWT.s 			page 19


 737 01de 17020000 		.4byte	0x217
 738 01e2 0C       		.uleb128 0xc
 739 01e3 2D030000 		.4byte	.LASF37
 740 01e7 01       		.byte	0x1
 741 01e8 23       		.byte	0x23
 742 01e9 C3000000 		.4byte	0xc3
 743 01ed 05       		.uleb128 0x5
 744 01ee 03       		.byte	0x3
 745 01ef 00000000 		.4byte	i2c_time_share.10473
 746 01f3 0C       		.uleb128 0xc
 747 01f4 73030000 		.4byte	.LASF38
 748 01f8 01       		.byte	0x1
 749 01f9 24       		.byte	0x24
 750 01fa C3000000 		.4byte	0xc3
 751 01fe 05       		.uleb128 0x5
 752 01ff 03       		.byte	0x3
 753 0200 02000000 		.4byte	minm_i2c.10474
 754 0204 0D       		.uleb128 0xd
 755 0205 1E000000 		.4byte	.LVL0
 756 0209 4E040000 		.4byte	0x44e
 757 020d 0D       		.uleb128 0xd
 758 020e 2A000000 		.4byte	.LVL1
 759 0212 55040000 		.4byte	0x455
 760 0216 00       		.byte	0
 761 0217 0B       		.uleb128 0xb
 762 0218 C2010000 		.4byte	.LASF40
 763 021c 01       		.byte	0x1
 764 021d 6F       		.byte	0x6f
 765 021e 00000000 		.4byte	.LFB64
 766 0222 14000000 		.4byte	.LFE64-.LFB64
 767 0226 01       		.uleb128 0x1
 768 0227 9C       		.byte	0x9c
 769 0228 36020000 		.4byte	0x236
 770 022c 0D       		.uleb128 0xd
 771 022d 0E000000 		.4byte	.LVL2
 772 0231 5C040000 		.4byte	0x45c
 773 0235 00       		.byte	0
 774 0236 0B       		.uleb128 0xb
 775 0237 1F000000 		.4byte	.LASF41
 776 023b 01       		.byte	0x1
 777 023c 76       		.byte	0x76
 778 023d 00000000 		.4byte	.LFB65
 779 0241 14000000 		.4byte	.LFE65-.LFB65
 780 0245 01       		.uleb128 0x1
 781 0246 9C       		.byte	0x9c
 782 0247 55020000 		.4byte	0x255
 783 024b 0D       		.uleb128 0xd
 784 024c 0C000000 		.4byte	.LVL3
 785 0250 63040000 		.4byte	0x463
 786 0254 00       		.byte	0
 787 0255 0E       		.uleb128 0xe
 788 0256 E9000000 		.4byte	.LASF47
 789 025a 01       		.byte	0x1
 790 025b A6       		.byte	0xa6
 791 025c C3000000 		.4byte	0xc3
 792 0260 00000000 		.4byte	.LFB67
 793 0264 74000000 		.4byte	.LFE67-.LFB67
ARM GAS  C:\Users\Alex\AppData\Local\Temp\cc1J2dWT.s 			page 20


 794 0268 01       		.uleb128 0x1
 795 0269 9C       		.byte	0x9c
 796 026a B8020000 		.4byte	0x2b8
 797 026e 0F       		.uleb128 0xf
 798 026f 3B000000 		.4byte	.LASF42
 799 0273 01       		.byte	0x1
 800 0274 A6       		.byte	0xa6
 801 0275 C3000000 		.4byte	0xc3
 802 0279 00000000 		.4byte	.LLST0
 803 027d 0F       		.uleb128 0xf
 804 027e B6030000 		.4byte	.LASF43
 805 0282 01       		.byte	0x1
 806 0283 A6       		.byte	0xa6
 807 0284 D9000000 		.4byte	0xd9
 808 0288 3A000000 		.4byte	.LLST1
 809 028c 10       		.uleb128 0x10
 810 028d 29010000 		.4byte	.LASF44
 811 0291 01       		.byte	0x1
 812 0292 A8       		.byte	0xa8
 813 0293 C3000000 		.4byte	0xc3
 814 0297 63000000 		.4byte	.LLST2
 815 029b 11       		.uleb128 0x11
 816 029c 7400     		.ascii	"t\000"
 817 029e 01       		.byte	0x1
 818 029f A9       		.byte	0xa9
 819 02a0 D9000000 		.4byte	0xd9
 820 02a4 B2000000 		.4byte	.LLST3
 821 02a8 12       		.uleb128 0x12
 822 02a9 28000000 		.4byte	.LVL8
 823 02ad 6A040000 		.4byte	0x46a
 824 02b1 13       		.uleb128 0x13
 825 02b2 01       		.uleb128 0x1
 826 02b3 50       		.byte	0x50
 827 02b4 01       		.uleb128 0x1
 828 02b5 31       		.byte	0x31
 829 02b6 00       		.byte	0
 830 02b7 00       		.byte	0
 831 02b8 0B       		.uleb128 0xb
 832 02b9 1A020000 		.4byte	.LASF45
 833 02bd 01       		.byte	0x1
 834 02be E4       		.byte	0xe4
 835 02bf 00000000 		.4byte	.LFB68
 836 02c3 8C000000 		.4byte	.LFE68-.LFB68
 837 02c7 01       		.uleb128 0x1
 838 02c8 9C       		.byte	0x9c
 839 02c9 FE020000 		.4byte	0x2fe
 840 02cd 0F       		.uleb128 0xf
 841 02ce 6B030000 		.4byte	.LASF46
 842 02d2 01       		.byte	0x1
 843 02d3 E4       		.byte	0xe4
 844 02d4 FE020000 		.4byte	0x2fe
 845 02d8 DD000000 		.4byte	.LLST4
 846 02dc 11       		.uleb128 0x11
 847 02dd 746D7000 		.ascii	"tmp\000"
 848 02e1 01       		.byte	0x1
 849 02e2 E6       		.byte	0xe6
 850 02e3 CE000000 		.4byte	0xce
ARM GAS  C:\Users\Alex\AppData\Local\Temp\cc1J2dWT.s 			page 21


 851 02e7 17010000 		.4byte	.LLST5
 852 02eb 0D       		.uleb128 0xd
 853 02ec 72000000 		.4byte	.LVL29
 854 02f0 7B040000 		.4byte	0x47b
 855 02f4 0D       		.uleb128 0xd
 856 02f5 7C000000 		.4byte	.LVL31
 857 02f9 8C040000 		.4byte	0x48c
 858 02fd 00       		.byte	0
 859 02fe 14       		.uleb128 0x14
 860 02ff 04       		.byte	0x4
 861 0300 C3000000 		.4byte	0xc3
 862 0304 0E       		.uleb128 0xe
 863 0305 91030000 		.4byte	.LASF48
 864 0309 01       		.byte	0x1
 865 030a 7E       		.byte	0x7e
 866 030b 89000000 		.4byte	0x89
 867 030f 00000000 		.4byte	.LFB66
 868 0313 60000000 		.4byte	.LFE66-.LFB66
 869 0317 01       		.uleb128 0x1
 870 0318 9C       		.byte	0x9c
 871 0319 E5030000 		.4byte	0x3e5
 872 031d 0F       		.uleb128 0xf
 873 031e CD010000 		.4byte	.LASF49
 874 0322 01       		.byte	0x1
 875 0323 7E       		.byte	0x7e
 876 0324 C3000000 		.4byte	0xc3
 877 0328 B5010000 		.4byte	.LLST6
 878 032c 0F       		.uleb128 0xf
 879 032d 1C030000 		.4byte	.LASF50
 880 0331 01       		.byte	0x1
 881 0332 7E       		.byte	0x7e
 882 0333 C3000000 		.4byte	0xc3
 883 0337 D6010000 		.4byte	.LLST7
 884 033b 0F       		.uleb128 0xf
 885 033c 57010000 		.4byte	.LASF51
 886 0340 01       		.byte	0x1
 887 0341 7E       		.byte	0x7e
 888 0342 FE020000 		.4byte	0x2fe
 889 0346 F7010000 		.4byte	.LLST8
 890 034a 0F       		.uleb128 0xf
 891 034b 3C010000 		.4byte	.LASF52
 892 034f 01       		.byte	0x1
 893 0350 7E       		.byte	0x7e
 894 0351 CE000000 		.4byte	0xce
 895 0355 18020000 		.4byte	.LLST9
 896 0359 10       		.uleb128 0x10
 897 035a 69020000 		.4byte	.LASF53
 898 035e 01       		.byte	0x1
 899 035f 80       		.byte	0x80
 900 0360 C3000000 		.4byte	0xc3
 901 0364 39020000 		.4byte	.LLST10
 902 0368 11       		.uleb128 0x11
 903 0369 6900     		.ascii	"i\000"
 904 036b 01       		.byte	0x1
 905 036c 80       		.byte	0x80
 906 036d C3000000 		.4byte	0xc3
 907 0371 79020000 		.4byte	.LLST11
ARM GAS  C:\Users\Alex\AppData\Local\Temp\cc1J2dWT.s 			page 22


 908 0375 15       		.uleb128 0x15
 909 0376 22000000 		.4byte	.LVL39
 910 037a B8020000 		.4byte	0x2b8
 911 037e 8C030000 		.4byte	0x38c
 912 0382 13       		.uleb128 0x13
 913 0383 01       		.uleb128 0x1
 914 0384 50       		.byte	0x50
 915 0385 05       		.uleb128 0x5
 916 0386 03       		.byte	0x3
 917 0387 00000000 		.4byte	i2c_0_r_buf
 918 038b 00       		.byte	0
 919 038c 15       		.uleb128 0x15
 920 038d 2A000000 		.4byte	.LVL40
 921 0391 9D040000 		.4byte	0x49d
 922 0395 A5030000 		.4byte	0x3a5
 923 0399 13       		.uleb128 0x13
 924 039a 01       		.uleb128 0x1
 925 039b 51       		.byte	0x51
 926 039c 01       		.uleb128 0x1
 927 039d 30       		.byte	0x30
 928 039e 13       		.uleb128 0x13
 929 039f 01       		.uleb128 0x1
 930 03a0 50       		.byte	0x50
 931 03a1 02       		.uleb128 0x2
 932 03a2 75       		.byte	0x75
 933 03a3 00       		.sleb128 0
 934 03a4 00       		.byte	0
 935 03a5 15       		.uleb128 0x15
 936 03a6 36000000 		.4byte	.LVL42
 937 03aa 55020000 		.4byte	0x255
 938 03ae C0030000 		.4byte	0x3c0
 939 03b2 13       		.uleb128 0x13
 940 03b3 01       		.uleb128 0x1
 941 03b4 51       		.byte	0x51
 942 03b5 03       		.uleb128 0x3
 943 03b6 0A       		.byte	0xa
 944 03b7 F401     		.2byte	0x1f4
 945 03b9 13       		.uleb128 0x13
 946 03ba 01       		.uleb128 0x1
 947 03bb 50       		.byte	0x50
 948 03bc 02       		.uleb128 0x2
 949 03bd 76       		.byte	0x76
 950 03be 00       		.sleb128 0
 951 03bf 00       		.byte	0
 952 03c0 12       		.uleb128 0x12
 953 03c1 4E000000 		.4byte	.LVL46
 954 03c5 B7040000 		.4byte	0x4b7
 955 03c9 13       		.uleb128 0x13
 956 03ca 01       		.uleb128 0x1
 957 03cb 53       		.byte	0x53
 958 03cc 01       		.uleb128 0x1
 959 03cd 31       		.byte	0x31
 960 03ce 13       		.uleb128 0x13
 961 03cf 01       		.uleb128 0x1
 962 03d0 52       		.byte	0x52
 963 03d1 02       		.uleb128 0x2
 964 03d2 74       		.byte	0x74
ARM GAS  C:\Users\Alex\AppData\Local\Temp\cc1J2dWT.s 			page 23


 965 03d3 00       		.sleb128 0
 966 03d4 13       		.uleb128 0x13
 967 03d5 01       		.uleb128 0x1
 968 03d6 51       		.byte	0x51
 969 03d7 05       		.uleb128 0x5
 970 03d8 03       		.byte	0x3
 971 03d9 00000000 		.4byte	i2c_0_r_buf
 972 03dd 13       		.uleb128 0x13
 973 03de 01       		.uleb128 0x1
 974 03df 50       		.byte	0x50
 975 03e0 02       		.uleb128 0x2
 976 03e1 75       		.byte	0x75
 977 03e2 00       		.sleb128 0
 978 03e3 00       		.byte	0
 979 03e4 00       		.byte	0
 980 03e5 16       		.uleb128 0x16
 981 03e6 4E000000 		.4byte	.LASF54
 982 03ea 07       		.byte	0x7
 983 03eb 23       		.byte	0x23
 984 03ec 10010000 		.4byte	0x110
 985 03f0 17       		.uleb128 0x17
 986 03f1 9B030000 		.4byte	.LASF55
 987 03f5 08       		.byte	0x8
 988 03f6 2A06     		.2byte	0x62a
 989 03f8 FC030000 		.4byte	0x3fc
 990 03fc 06       		.uleb128 0x6
 991 03fd A2000000 		.4byte	0xa2
 992 0401 18       		.uleb128 0x18
 993 0402 2A000000 		.4byte	.LASF56
 994 0406 01       		.byte	0x1
 995 0407 15       		.byte	0x15
 996 0408 C3000000 		.4byte	0xc3
 997 040c 05       		.uleb128 0x5
 998 040d 03       		.byte	0x3
 999 040e 00000000 		.4byte	i2c_last_request
 1000 0412 19       		.uleb128 0x19
 1001 0413 C3000000 		.4byte	0xc3
 1002 0417 22040000 		.4byte	0x422
 1003 041b 1A       		.uleb128 0x1a
 1004 041c 26010000 		.4byte	0x126
 1005 0420 17       		.byte	0x17
 1006 0421 00       		.byte	0
 1007 0422 18       		.uleb128 0x18
 1008 0423 2A020000 		.4byte	.LASF57
 1009 0427 01       		.byte	0x1
 1010 0428 16       		.byte	0x16
 1011 0429 33040000 		.4byte	0x433
 1012 042d 05       		.uleb128 0x5
 1013 042e 03       		.byte	0x3
 1014 042f 00000000 		.4byte	i2c_0_r_buf
 1015 0433 06       		.uleb128 0x6
 1016 0434 12040000 		.4byte	0x412
 1017 0438 1B       		.uleb128 0x1b
 1018 0439 696D7500 		.ascii	"imu\000"
 1019 043d 05       		.byte	0x5
 1020 043e 17       		.byte	0x17
 1021 043f 5F010000 		.4byte	0x15f
ARM GAS  C:\Users\Alex\AppData\Local\Temp\cc1J2dWT.s 			page 24


 1022 0443 16       		.uleb128 0x16
 1023 0444 25030000 		.4byte	.LASF58
 1024 0448 06       		.byte	0x6
 1025 0449 18       		.byte	0x18
 1026 044a 90010000 		.4byte	0x190
 1027 044e 1C       		.uleb128 0x1c
 1028 044f A8030000 		.4byte	.LASF59
 1029 0453 05       		.byte	0x5
 1030 0454 84       		.byte	0x84
 1031 0455 1C       		.uleb128 0x1c
 1032 0456 DC000000 		.4byte	.LASF60
 1033 045a 05       		.byte	0x5
 1034 045b 88       		.byte	0x88
 1035 045c 1C       		.uleb128 0x1c
 1036 045d AC010000 		.4byte	.LASF61
 1037 0461 09       		.byte	0x9
 1038 0462 93       		.byte	0x93
 1039 0463 1C       		.uleb128 0x1c
 1040 0464 00000000 		.4byte	.LASF62
 1041 0468 0A       		.byte	0xa
 1042 0469 93       		.byte	0x93
 1043 046a 1D       		.uleb128 0x1d
 1044 046b B8010000 		.4byte	.LASF63
 1045 046f 0B       		.byte	0xb
 1046 0470 78       		.byte	0x78
 1047 0471 7B040000 		.4byte	0x47b
 1048 0475 1E       		.uleb128 0x1e
 1049 0476 CE000000 		.4byte	0xce
 1050 047a 00       		.byte	0
 1051 047b 1D       		.uleb128 0x1d
 1052 047c 3C020000 		.4byte	.LASF64
 1053 0480 06       		.byte	0x6
 1054 0481 2D       		.byte	0x2d
 1055 0482 8C040000 		.4byte	0x48c
 1056 0486 1E       		.uleb128 0x1e
 1057 0487 FE020000 		.4byte	0x2fe
 1058 048b 00       		.byte	0
 1059 048c 1D       		.uleb128 0x1d
 1060 048d 79000000 		.4byte	.LASF65
 1061 0491 06       		.byte	0x6
 1062 0492 35       		.byte	0x35
 1063 0493 9D040000 		.4byte	0x49d
 1064 0497 1E       		.uleb128 0x1e
 1065 0498 FE020000 		.4byte	0x2fe
 1066 049c 00       		.byte	0
 1067 049d 1F       		.uleb128 0x1f
 1068 049e 06010000 		.4byte	.LASF70
 1069 04a2 09       		.byte	0x9
 1070 04a3 B1       		.byte	0xb1
 1071 04a4 C3000000 		.4byte	0xc3
 1072 04a8 B7040000 		.4byte	0x4b7
 1073 04ac 1E       		.uleb128 0x1e
 1074 04ad C3000000 		.4byte	0xc3
 1075 04b1 1E       		.uleb128 0x1e
 1076 04b2 C3000000 		.4byte	0xc3
 1077 04b6 00       		.byte	0
 1078 04b7 20       		.uleb128 0x20
ARM GAS  C:\Users\Alex\AppData\Local\Temp\cc1J2dWT.s 			page 25


 1079 04b8 5A000000 		.4byte	.LASF66
 1080 04bc 09       		.byte	0x9
 1081 04bd A9       		.byte	0xa9
 1082 04be C3000000 		.4byte	0xc3
 1083 04c2 1E       		.uleb128 0x1e
 1084 04c3 C3000000 		.4byte	0xc3
 1085 04c7 1E       		.uleb128 0x1e
 1086 04c8 FE020000 		.4byte	0x2fe
 1087 04cc 1E       		.uleb128 0x1e
 1088 04cd C3000000 		.4byte	0xc3
 1089 04d1 1E       		.uleb128 0x1e
 1090 04d2 C3000000 		.4byte	0xc3
 1091 04d6 00       		.byte	0
 1092 04d7 00       		.byte	0
 1093              		.section	.debug_abbrev,"",%progbits
 1094              	.Ldebug_abbrev0:
 1095 0000 01       		.uleb128 0x1
 1096 0001 11       		.uleb128 0x11
 1097 0002 01       		.byte	0x1
 1098 0003 25       		.uleb128 0x25
 1099 0004 0E       		.uleb128 0xe
 1100 0005 13       		.uleb128 0x13
 1101 0006 0B       		.uleb128 0xb
 1102 0007 03       		.uleb128 0x3
 1103 0008 0E       		.uleb128 0xe
 1104 0009 1B       		.uleb128 0x1b
 1105 000a 0E       		.uleb128 0xe
 1106 000b 55       		.uleb128 0x55
 1107 000c 17       		.uleb128 0x17
 1108 000d 11       		.uleb128 0x11
 1109 000e 01       		.uleb128 0x1
 1110 000f 10       		.uleb128 0x10
 1111 0010 17       		.uleb128 0x17
 1112 0011 00       		.byte	0
 1113 0012 00       		.byte	0
 1114 0013 02       		.uleb128 0x2
 1115 0014 24       		.uleb128 0x24
 1116 0015 00       		.byte	0
 1117 0016 0B       		.uleb128 0xb
 1118 0017 0B       		.uleb128 0xb
 1119 0018 3E       		.uleb128 0x3e
 1120 0019 0B       		.uleb128 0xb
 1121 001a 03       		.uleb128 0x3
 1122 001b 0E       		.uleb128 0xe
 1123 001c 00       		.byte	0
 1124 001d 00       		.byte	0
 1125 001e 03       		.uleb128 0x3
 1126 001f 16       		.uleb128 0x16
 1127 0020 00       		.byte	0
 1128 0021 03       		.uleb128 0x3
 1129 0022 0E       		.uleb128 0xe
 1130 0023 3A       		.uleb128 0x3a
 1131 0024 0B       		.uleb128 0xb
 1132 0025 3B       		.uleb128 0x3b
 1133 0026 0B       		.uleb128 0xb
 1134 0027 49       		.uleb128 0x49
 1135 0028 13       		.uleb128 0x13
ARM GAS  C:\Users\Alex\AppData\Local\Temp\cc1J2dWT.s 			page 26


 1136 0029 00       		.byte	0
 1137 002a 00       		.byte	0
 1138 002b 04       		.uleb128 0x4
 1139 002c 24       		.uleb128 0x24
 1140 002d 00       		.byte	0
 1141 002e 0B       		.uleb128 0xb
 1142 002f 0B       		.uleb128 0xb
 1143 0030 3E       		.uleb128 0x3e
 1144 0031 0B       		.uleb128 0xb
 1145 0032 03       		.uleb128 0x3
 1146 0033 08       		.uleb128 0x8
 1147 0034 00       		.byte	0
 1148 0035 00       		.byte	0
 1149 0036 05       		.uleb128 0x5
 1150 0037 16       		.uleb128 0x16
 1151 0038 00       		.byte	0
 1152 0039 03       		.uleb128 0x3
 1153 003a 0E       		.uleb128 0xe
 1154 003b 3A       		.uleb128 0x3a
 1155 003c 0B       		.uleb128 0xb
 1156 003d 3B       		.uleb128 0x3b
 1157 003e 05       		.uleb128 0x5
 1158 003f 49       		.uleb128 0x49
 1159 0040 13       		.uleb128 0x13
 1160 0041 00       		.byte	0
 1161 0042 00       		.byte	0
 1162 0043 06       		.uleb128 0x6
 1163 0044 35       		.uleb128 0x35
 1164 0045 00       		.byte	0
 1165 0046 49       		.uleb128 0x49
 1166 0047 13       		.uleb128 0x13
 1167 0048 00       		.byte	0
 1168 0049 00       		.byte	0
 1169 004a 07       		.uleb128 0x7
 1170 004b 13       		.uleb128 0x13
 1171 004c 01       		.byte	0x1
 1172 004d 03       		.uleb128 0x3
 1173 004e 08       		.uleb128 0x8
 1174 004f 0B       		.uleb128 0xb
 1175 0050 0B       		.uleb128 0xb
 1176 0051 3A       		.uleb128 0x3a
 1177 0052 0B       		.uleb128 0xb
 1178 0053 3B       		.uleb128 0x3b
 1179 0054 0B       		.uleb128 0xb
 1180 0055 01       		.uleb128 0x1
 1181 0056 13       		.uleb128 0x13
 1182 0057 00       		.byte	0
 1183 0058 00       		.byte	0
 1184 0059 08       		.uleb128 0x8
 1185 005a 0D       		.uleb128 0xd
 1186 005b 00       		.byte	0
 1187 005c 03       		.uleb128 0x3
 1188 005d 08       		.uleb128 0x8
 1189 005e 3A       		.uleb128 0x3a
 1190 005f 0B       		.uleb128 0xb
 1191 0060 3B       		.uleb128 0x3b
 1192 0061 0B       		.uleb128 0xb
ARM GAS  C:\Users\Alex\AppData\Local\Temp\cc1J2dWT.s 			page 27


 1193 0062 49       		.uleb128 0x49
 1194 0063 13       		.uleb128 0x13
 1195 0064 38       		.uleb128 0x38
 1196 0065 0B       		.uleb128 0xb
 1197 0066 00       		.byte	0
 1198 0067 00       		.byte	0
 1199 0068 09       		.uleb128 0x9
 1200 0069 13       		.uleb128 0x13
 1201 006a 01       		.byte	0x1
 1202 006b 03       		.uleb128 0x3
 1203 006c 0E       		.uleb128 0xe
 1204 006d 0B       		.uleb128 0xb
 1205 006e 0B       		.uleb128 0xb
 1206 006f 3A       		.uleb128 0x3a
 1207 0070 0B       		.uleb128 0xb
 1208 0071 3B       		.uleb128 0x3b
 1209 0072 0B       		.uleb128 0xb
 1210 0073 01       		.uleb128 0x1
 1211 0074 13       		.uleb128 0x13
 1212 0075 00       		.byte	0
 1213 0076 00       		.byte	0
 1214 0077 0A       		.uleb128 0xa
 1215 0078 0D       		.uleb128 0xd
 1216 0079 00       		.byte	0
 1217 007a 03       		.uleb128 0x3
 1218 007b 0E       		.uleb128 0xe
 1219 007c 3A       		.uleb128 0x3a
 1220 007d 0B       		.uleb128 0xb
 1221 007e 3B       		.uleb128 0x3b
 1222 007f 0B       		.uleb128 0xb
 1223 0080 49       		.uleb128 0x49
 1224 0081 13       		.uleb128 0x13
 1225 0082 38       		.uleb128 0x38
 1226 0083 0B       		.uleb128 0xb
 1227 0084 00       		.byte	0
 1228 0085 00       		.byte	0
 1229 0086 0B       		.uleb128 0xb
 1230 0087 2E       		.uleb128 0x2e
 1231 0088 01       		.byte	0x1
 1232 0089 3F       		.uleb128 0x3f
 1233 008a 19       		.uleb128 0x19
 1234 008b 03       		.uleb128 0x3
 1235 008c 0E       		.uleb128 0xe
 1236 008d 3A       		.uleb128 0x3a
 1237 008e 0B       		.uleb128 0xb
 1238 008f 3B       		.uleb128 0x3b
 1239 0090 0B       		.uleb128 0xb
 1240 0091 27       		.uleb128 0x27
 1241 0092 19       		.uleb128 0x19
 1242 0093 11       		.uleb128 0x11
 1243 0094 01       		.uleb128 0x1
 1244 0095 12       		.uleb128 0x12
 1245 0096 06       		.uleb128 0x6
 1246 0097 40       		.uleb128 0x40
 1247 0098 18       		.uleb128 0x18
 1248 0099 9742     		.uleb128 0x2117
 1249 009b 19       		.uleb128 0x19
ARM GAS  C:\Users\Alex\AppData\Local\Temp\cc1J2dWT.s 			page 28


 1250 009c 01       		.uleb128 0x1
 1251 009d 13       		.uleb128 0x13
 1252 009e 00       		.byte	0
 1253 009f 00       		.byte	0
 1254 00a0 0C       		.uleb128 0xc
 1255 00a1 34       		.uleb128 0x34
 1256 00a2 00       		.byte	0
 1257 00a3 03       		.uleb128 0x3
 1258 00a4 0E       		.uleb128 0xe
 1259 00a5 3A       		.uleb128 0x3a
 1260 00a6 0B       		.uleb128 0xb
 1261 00a7 3B       		.uleb128 0x3b
 1262 00a8 0B       		.uleb128 0xb
 1263 00a9 49       		.uleb128 0x49
 1264 00aa 13       		.uleb128 0x13
 1265 00ab 02       		.uleb128 0x2
 1266 00ac 18       		.uleb128 0x18
 1267 00ad 00       		.byte	0
 1268 00ae 00       		.byte	0
 1269 00af 0D       		.uleb128 0xd
 1270 00b0 898201   		.uleb128 0x4109
 1271 00b3 00       		.byte	0
 1272 00b4 11       		.uleb128 0x11
 1273 00b5 01       		.uleb128 0x1
 1274 00b6 31       		.uleb128 0x31
 1275 00b7 13       		.uleb128 0x13
 1276 00b8 00       		.byte	0
 1277 00b9 00       		.byte	0
 1278 00ba 0E       		.uleb128 0xe
 1279 00bb 2E       		.uleb128 0x2e
 1280 00bc 01       		.byte	0x1
 1281 00bd 3F       		.uleb128 0x3f
 1282 00be 19       		.uleb128 0x19
 1283 00bf 03       		.uleb128 0x3
 1284 00c0 0E       		.uleb128 0xe
 1285 00c1 3A       		.uleb128 0x3a
 1286 00c2 0B       		.uleb128 0xb
 1287 00c3 3B       		.uleb128 0x3b
 1288 00c4 0B       		.uleb128 0xb
 1289 00c5 27       		.uleb128 0x27
 1290 00c6 19       		.uleb128 0x19
 1291 00c7 49       		.uleb128 0x49
 1292 00c8 13       		.uleb128 0x13
 1293 00c9 11       		.uleb128 0x11
 1294 00ca 01       		.uleb128 0x1
 1295 00cb 12       		.uleb128 0x12
 1296 00cc 06       		.uleb128 0x6
 1297 00cd 40       		.uleb128 0x40
 1298 00ce 18       		.uleb128 0x18
 1299 00cf 9742     		.uleb128 0x2117
 1300 00d1 19       		.uleb128 0x19
 1301 00d2 01       		.uleb128 0x1
 1302 00d3 13       		.uleb128 0x13
 1303 00d4 00       		.byte	0
 1304 00d5 00       		.byte	0
 1305 00d6 0F       		.uleb128 0xf
 1306 00d7 05       		.uleb128 0x5
ARM GAS  C:\Users\Alex\AppData\Local\Temp\cc1J2dWT.s 			page 29


 1307 00d8 00       		.byte	0
 1308 00d9 03       		.uleb128 0x3
 1309 00da 0E       		.uleb128 0xe
 1310 00db 3A       		.uleb128 0x3a
 1311 00dc 0B       		.uleb128 0xb
 1312 00dd 3B       		.uleb128 0x3b
 1313 00de 0B       		.uleb128 0xb
 1314 00df 49       		.uleb128 0x49
 1315 00e0 13       		.uleb128 0x13
 1316 00e1 02       		.uleb128 0x2
 1317 00e2 17       		.uleb128 0x17
 1318 00e3 00       		.byte	0
 1319 00e4 00       		.byte	0
 1320 00e5 10       		.uleb128 0x10
 1321 00e6 34       		.uleb128 0x34
 1322 00e7 00       		.byte	0
 1323 00e8 03       		.uleb128 0x3
 1324 00e9 0E       		.uleb128 0xe
 1325 00ea 3A       		.uleb128 0x3a
 1326 00eb 0B       		.uleb128 0xb
 1327 00ec 3B       		.uleb128 0x3b
 1328 00ed 0B       		.uleb128 0xb
 1329 00ee 49       		.uleb128 0x49
 1330 00ef 13       		.uleb128 0x13
 1331 00f0 02       		.uleb128 0x2
 1332 00f1 17       		.uleb128 0x17
 1333 00f2 00       		.byte	0
 1334 00f3 00       		.byte	0
 1335 00f4 11       		.uleb128 0x11
 1336 00f5 34       		.uleb128 0x34
 1337 00f6 00       		.byte	0
 1338 00f7 03       		.uleb128 0x3
 1339 00f8 08       		.uleb128 0x8
 1340 00f9 3A       		.uleb128 0x3a
 1341 00fa 0B       		.uleb128 0xb
 1342 00fb 3B       		.uleb128 0x3b
 1343 00fc 0B       		.uleb128 0xb
 1344 00fd 49       		.uleb128 0x49
 1345 00fe 13       		.uleb128 0x13
 1346 00ff 02       		.uleb128 0x2
 1347 0100 17       		.uleb128 0x17
 1348 0101 00       		.byte	0
 1349 0102 00       		.byte	0
 1350 0103 12       		.uleb128 0x12
 1351 0104 898201   		.uleb128 0x4109
 1352 0107 01       		.byte	0x1
 1353 0108 11       		.uleb128 0x11
 1354 0109 01       		.uleb128 0x1
 1355 010a 31       		.uleb128 0x31
 1356 010b 13       		.uleb128 0x13
 1357 010c 00       		.byte	0
 1358 010d 00       		.byte	0
 1359 010e 13       		.uleb128 0x13
 1360 010f 8A8201   		.uleb128 0x410a
 1361 0112 00       		.byte	0
 1362 0113 02       		.uleb128 0x2
 1363 0114 18       		.uleb128 0x18
ARM GAS  C:\Users\Alex\AppData\Local\Temp\cc1J2dWT.s 			page 30


 1364 0115 9142     		.uleb128 0x2111
 1365 0117 18       		.uleb128 0x18
 1366 0118 00       		.byte	0
 1367 0119 00       		.byte	0
 1368 011a 14       		.uleb128 0x14
 1369 011b 0F       		.uleb128 0xf
 1370 011c 00       		.byte	0
 1371 011d 0B       		.uleb128 0xb
 1372 011e 0B       		.uleb128 0xb
 1373 011f 49       		.uleb128 0x49
 1374 0120 13       		.uleb128 0x13
 1375 0121 00       		.byte	0
 1376 0122 00       		.byte	0
 1377 0123 15       		.uleb128 0x15
 1378 0124 898201   		.uleb128 0x4109
 1379 0127 01       		.byte	0x1
 1380 0128 11       		.uleb128 0x11
 1381 0129 01       		.uleb128 0x1
 1382 012a 31       		.uleb128 0x31
 1383 012b 13       		.uleb128 0x13
 1384 012c 01       		.uleb128 0x1
 1385 012d 13       		.uleb128 0x13
 1386 012e 00       		.byte	0
 1387 012f 00       		.byte	0
 1388 0130 16       		.uleb128 0x16
 1389 0131 34       		.uleb128 0x34
 1390 0132 00       		.byte	0
 1391 0133 03       		.uleb128 0x3
 1392 0134 0E       		.uleb128 0xe
 1393 0135 3A       		.uleb128 0x3a
 1394 0136 0B       		.uleb128 0xb
 1395 0137 3B       		.uleb128 0x3b
 1396 0138 0B       		.uleb128 0xb
 1397 0139 49       		.uleb128 0x49
 1398 013a 13       		.uleb128 0x13
 1399 013b 3F       		.uleb128 0x3f
 1400 013c 19       		.uleb128 0x19
 1401 013d 3C       		.uleb128 0x3c
 1402 013e 19       		.uleb128 0x19
 1403 013f 00       		.byte	0
 1404 0140 00       		.byte	0
 1405 0141 17       		.uleb128 0x17
 1406 0142 34       		.uleb128 0x34
 1407 0143 00       		.byte	0
 1408 0144 03       		.uleb128 0x3
 1409 0145 0E       		.uleb128 0xe
 1410 0146 3A       		.uleb128 0x3a
 1411 0147 0B       		.uleb128 0xb
 1412 0148 3B       		.uleb128 0x3b
 1413 0149 05       		.uleb128 0x5
 1414 014a 49       		.uleb128 0x49
 1415 014b 13       		.uleb128 0x13
 1416 014c 3F       		.uleb128 0x3f
 1417 014d 19       		.uleb128 0x19
 1418 014e 3C       		.uleb128 0x3c
 1419 014f 19       		.uleb128 0x19
 1420 0150 00       		.byte	0
ARM GAS  C:\Users\Alex\AppData\Local\Temp\cc1J2dWT.s 			page 31


 1421 0151 00       		.byte	0
 1422 0152 18       		.uleb128 0x18
 1423 0153 34       		.uleb128 0x34
 1424 0154 00       		.byte	0
 1425 0155 03       		.uleb128 0x3
 1426 0156 0E       		.uleb128 0xe
 1427 0157 3A       		.uleb128 0x3a
 1428 0158 0B       		.uleb128 0xb
 1429 0159 3B       		.uleb128 0x3b
 1430 015a 0B       		.uleb128 0xb
 1431 015b 49       		.uleb128 0x49
 1432 015c 13       		.uleb128 0x13
 1433 015d 3F       		.uleb128 0x3f
 1434 015e 19       		.uleb128 0x19
 1435 015f 02       		.uleb128 0x2
 1436 0160 18       		.uleb128 0x18
 1437 0161 00       		.byte	0
 1438 0162 00       		.byte	0
 1439 0163 19       		.uleb128 0x19
 1440 0164 01       		.uleb128 0x1
 1441 0165 01       		.byte	0x1
 1442 0166 49       		.uleb128 0x49
 1443 0167 13       		.uleb128 0x13
 1444 0168 01       		.uleb128 0x1
 1445 0169 13       		.uleb128 0x13
 1446 016a 00       		.byte	0
 1447 016b 00       		.byte	0
 1448 016c 1A       		.uleb128 0x1a
 1449 016d 21       		.uleb128 0x21
 1450 016e 00       		.byte	0
 1451 016f 49       		.uleb128 0x49
 1452 0170 13       		.uleb128 0x13
 1453 0171 2F       		.uleb128 0x2f
 1454 0172 0B       		.uleb128 0xb
 1455 0173 00       		.byte	0
 1456 0174 00       		.byte	0
 1457 0175 1B       		.uleb128 0x1b
 1458 0176 34       		.uleb128 0x34
 1459 0177 00       		.byte	0
 1460 0178 03       		.uleb128 0x3
 1461 0179 08       		.uleb128 0x8
 1462 017a 3A       		.uleb128 0x3a
 1463 017b 0B       		.uleb128 0xb
 1464 017c 3B       		.uleb128 0x3b
 1465 017d 0B       		.uleb128 0xb
 1466 017e 49       		.uleb128 0x49
 1467 017f 13       		.uleb128 0x13
 1468 0180 3F       		.uleb128 0x3f
 1469 0181 19       		.uleb128 0x19
 1470 0182 3C       		.uleb128 0x3c
 1471 0183 19       		.uleb128 0x19
 1472 0184 00       		.byte	0
 1473 0185 00       		.byte	0
 1474 0186 1C       		.uleb128 0x1c
 1475 0187 2E       		.uleb128 0x2e
 1476 0188 00       		.byte	0
 1477 0189 3F       		.uleb128 0x3f
ARM GAS  C:\Users\Alex\AppData\Local\Temp\cc1J2dWT.s 			page 32


 1478 018a 19       		.uleb128 0x19
 1479 018b 03       		.uleb128 0x3
 1480 018c 0E       		.uleb128 0xe
 1481 018d 3A       		.uleb128 0x3a
 1482 018e 0B       		.uleb128 0xb
 1483 018f 3B       		.uleb128 0x3b
 1484 0190 0B       		.uleb128 0xb
 1485 0191 27       		.uleb128 0x27
 1486 0192 19       		.uleb128 0x19
 1487 0193 3C       		.uleb128 0x3c
 1488 0194 19       		.uleb128 0x19
 1489 0195 00       		.byte	0
 1490 0196 00       		.byte	0
 1491 0197 1D       		.uleb128 0x1d
 1492 0198 2E       		.uleb128 0x2e
 1493 0199 01       		.byte	0x1
 1494 019a 3F       		.uleb128 0x3f
 1495 019b 19       		.uleb128 0x19
 1496 019c 03       		.uleb128 0x3
 1497 019d 0E       		.uleb128 0xe
 1498 019e 3A       		.uleb128 0x3a
 1499 019f 0B       		.uleb128 0xb
 1500 01a0 3B       		.uleb128 0x3b
 1501 01a1 0B       		.uleb128 0xb
 1502 01a2 27       		.uleb128 0x27
 1503 01a3 19       		.uleb128 0x19
 1504 01a4 3C       		.uleb128 0x3c
 1505 01a5 19       		.uleb128 0x19
 1506 01a6 01       		.uleb128 0x1
 1507 01a7 13       		.uleb128 0x13
 1508 01a8 00       		.byte	0
 1509 01a9 00       		.byte	0
 1510 01aa 1E       		.uleb128 0x1e
 1511 01ab 05       		.uleb128 0x5
 1512 01ac 00       		.byte	0
 1513 01ad 49       		.uleb128 0x49
 1514 01ae 13       		.uleb128 0x13
 1515 01af 00       		.byte	0
 1516 01b0 00       		.byte	0
 1517 01b1 1F       		.uleb128 0x1f
 1518 01b2 2E       		.uleb128 0x2e
 1519 01b3 01       		.byte	0x1
 1520 01b4 3F       		.uleb128 0x3f
 1521 01b5 19       		.uleb128 0x19
 1522 01b6 03       		.uleb128 0x3
 1523 01b7 0E       		.uleb128 0xe
 1524 01b8 3A       		.uleb128 0x3a
 1525 01b9 0B       		.uleb128 0xb
 1526 01ba 3B       		.uleb128 0x3b
 1527 01bb 0B       		.uleb128 0xb
 1528 01bc 27       		.uleb128 0x27
 1529 01bd 19       		.uleb128 0x19
 1530 01be 49       		.uleb128 0x49
 1531 01bf 13       		.uleb128 0x13
 1532 01c0 3C       		.uleb128 0x3c
 1533 01c1 19       		.uleb128 0x19
 1534 01c2 01       		.uleb128 0x1
ARM GAS  C:\Users\Alex\AppData\Local\Temp\cc1J2dWT.s 			page 33


 1535 01c3 13       		.uleb128 0x13
 1536 01c4 00       		.byte	0
 1537 01c5 00       		.byte	0
 1538 01c6 20       		.uleb128 0x20
 1539 01c7 2E       		.uleb128 0x2e
 1540 01c8 01       		.byte	0x1
 1541 01c9 3F       		.uleb128 0x3f
 1542 01ca 19       		.uleb128 0x19
 1543 01cb 03       		.uleb128 0x3
 1544 01cc 0E       		.uleb128 0xe
 1545 01cd 3A       		.uleb128 0x3a
 1546 01ce 0B       		.uleb128 0xb
 1547 01cf 3B       		.uleb128 0x3b
 1548 01d0 0B       		.uleb128 0xb
 1549 01d1 27       		.uleb128 0x27
 1550 01d2 19       		.uleb128 0x19
 1551 01d3 49       		.uleb128 0x49
 1552 01d4 13       		.uleb128 0x13
 1553 01d5 3C       		.uleb128 0x3c
 1554 01d6 19       		.uleb128 0x19
 1555 01d7 00       		.byte	0
 1556 01d8 00       		.byte	0
 1557 01d9 00       		.byte	0
 1558              		.section	.debug_loc,"",%progbits
 1559              	.Ldebug_loc0:
 1560              	.LLST0:
 1561 0000 00000000 		.4byte	.LVL4
 1562 0004 1C000000 		.4byte	.LVL6
 1563 0008 0100     		.2byte	0x1
 1564 000a 50       		.byte	0x50
 1565 000b 1C000000 		.4byte	.LVL6
 1566 000f 60000000 		.4byte	.LVL13
 1567 0013 0400     		.2byte	0x4
 1568 0015 F3       		.byte	0xf3
 1569 0016 01       		.uleb128 0x1
 1570 0017 50       		.byte	0x50
 1571 0018 9F       		.byte	0x9f
 1572 0019 60000000 		.4byte	.LVL13
 1573 001d 62000000 		.4byte	.LVL14
 1574 0021 0100     		.2byte	0x1
 1575 0023 50       		.byte	0x50
 1576 0024 62000000 		.4byte	.LVL14
 1577 0028 74000000 		.4byte	.LFE67
 1578 002c 0400     		.2byte	0x4
 1579 002e F3       		.byte	0xf3
 1580 002f 01       		.uleb128 0x1
 1581 0030 50       		.byte	0x50
 1582 0031 9F       		.byte	0x9f
 1583 0032 00000000 		.4byte	0
 1584 0036 00000000 		.4byte	0
 1585              	.LLST1:
 1586 003a 00000000 		.4byte	.LVL4
 1587 003e 1C000000 		.4byte	.LVL6
 1588 0042 0100     		.2byte	0x1
 1589 0044 51       		.byte	0x51
 1590 0045 1C000000 		.4byte	.LVL6
 1591 0049 60000000 		.4byte	.LVL13
ARM GAS  C:\Users\Alex\AppData\Local\Temp\cc1J2dWT.s 			page 34


 1592 004d 0100     		.2byte	0x1
 1593 004f 55       		.byte	0x55
 1594 0050 60000000 		.4byte	.LVL13
 1595 0054 74000000 		.4byte	.LFE67
 1596 0058 0100     		.2byte	0x1
 1597 005a 51       		.byte	0x51
 1598 005b 00000000 		.4byte	0
 1599 005f 00000000 		.4byte	0
 1600              	.LLST2:
 1601 0063 02000000 		.4byte	.LVL5
 1602 0067 52000000 		.4byte	.LVL10
 1603 006b 0200     		.2byte	0x2
 1604 006d 32       		.byte	0x32
 1605 006e 9F       		.byte	0x9f
 1606 006f 52000000 		.4byte	.LVL10
 1607 0073 56000000 		.4byte	.LVL11
 1608 0077 0200     		.2byte	0x2
 1609 0079 30       		.byte	0x30
 1610 007a 9F       		.byte	0x9f
 1611 007b 56000000 		.4byte	.LVL11
 1612 007f 5C000000 		.4byte	.LVL12
 1613 0083 0200     		.2byte	0x2
 1614 0085 32       		.byte	0x32
 1615 0086 9F       		.byte	0x9f
 1616 0087 5C000000 		.4byte	.LVL12
 1617 008b 60000000 		.4byte	.LVL13
 1618 008f 0200     		.2byte	0x2
 1619 0091 33       		.byte	0x33
 1620 0092 9F       		.byte	0x9f
 1621 0093 60000000 		.4byte	.LVL13
 1622 0097 62000000 		.4byte	.LVL14
 1623 009b 0200     		.2byte	0x2
 1624 009d 32       		.byte	0x32
 1625 009e 9F       		.byte	0x9f
 1626 009f 62000000 		.4byte	.LVL14
 1627 00a3 74000000 		.4byte	.LFE67
 1628 00a7 0100     		.2byte	0x1
 1629 00a9 50       		.byte	0x50
 1630 00aa 00000000 		.4byte	0
 1631 00ae 00000000 		.4byte	0
 1632              	.LLST3:
 1633 00b2 02000000 		.4byte	.LVL5
 1634 00b6 1C000000 		.4byte	.LVL6
 1635 00ba 0200     		.2byte	0x2
 1636 00bc 30       		.byte	0x30
 1637 00bd 9F       		.byte	0x9f
 1638 00be 1C000000 		.4byte	.LVL6
 1639 00c2 38000000 		.4byte	.LVL9
 1640 00c6 0100     		.2byte	0x1
 1641 00c8 54       		.byte	0x54
 1642 00c9 38000000 		.4byte	.LVL9
 1643 00cd 74000000 		.4byte	.LFE67
 1644 00d1 0200     		.2byte	0x2
 1645 00d3 30       		.byte	0x30
 1646 00d4 9F       		.byte	0x9f
 1647 00d5 00000000 		.4byte	0
 1648 00d9 00000000 		.4byte	0
ARM GAS  C:\Users\Alex\AppData\Local\Temp\cc1J2dWT.s 			page 35


 1649              	.LLST4:
 1650 00dd 00000000 		.4byte	.LVL15
 1651 00e1 71000000 		.4byte	.LVL29-1
 1652 00e5 0100     		.2byte	0x1
 1653 00e7 50       		.byte	0x50
 1654 00e8 71000000 		.4byte	.LVL29-1
 1655 00ec 74000000 		.4byte	.LVL30
 1656 00f0 0400     		.2byte	0x4
 1657 00f2 F3       		.byte	0xf3
 1658 00f3 01       		.uleb128 0x1
 1659 00f4 50       		.byte	0x50
 1660 00f5 9F       		.byte	0x9f
 1661 00f6 74000000 		.4byte	.LVL30
 1662 00fa 7B000000 		.4byte	.LVL31-1
 1663 00fe 0100     		.2byte	0x1
 1664 0100 50       		.byte	0x50
 1665 0101 7B000000 		.4byte	.LVL31-1
 1666 0105 8C000000 		.4byte	.LFE68
 1667 0109 0400     		.2byte	0x4
 1668 010b F3       		.byte	0xf3
 1669 010c 01       		.uleb128 0x1
 1670 010d 50       		.byte	0x50
 1671 010e 9F       		.byte	0x9f
 1672 010f 00000000 		.4byte	0
 1673 0113 00000000 		.4byte	0
 1674              	.LLST5:
 1675 0117 02000000 		.4byte	.LVL16
 1676 011b 12000000 		.4byte	.LVL17
 1677 011f 0200     		.2byte	0x2
 1678 0121 30       		.byte	0x30
 1679 0122 9F       		.byte	0x9f
 1680 0123 12000000 		.4byte	.LVL17
 1681 0127 1A000000 		.4byte	.LVL18
 1682 012b 0100     		.2byte	0x1
 1683 012d 52       		.byte	0x52
 1684 012e 1A000000 		.4byte	.LVL18
 1685 0132 1E000000 		.4byte	.LVL19
 1686 0136 0200     		.2byte	0x2
 1687 0138 73       		.byte	0x73
 1688 0139 06       		.sleb128 6
 1689 013a 1E000000 		.4byte	.LVL19
 1690 013e 24000000 		.4byte	.LVL20
 1691 0142 0100     		.2byte	0x1
 1692 0144 52       		.byte	0x52
 1693 0145 24000000 		.4byte	.LVL20
 1694 0149 28000000 		.4byte	.LVL21
 1695 014d 0200     		.2byte	0x2
 1696 014f 73       		.byte	0x73
 1697 0150 08       		.sleb128 8
 1698 0151 28000000 		.4byte	.LVL21
 1699 0155 2C000000 		.4byte	.LVL22
 1700 0159 0100     		.2byte	0x1
 1701 015b 52       		.byte	0x52
 1702 015c 2C000000 		.4byte	.LVL22
 1703 0160 38000000 		.4byte	.LVL23
 1704 0164 0200     		.2byte	0x2
 1705 0166 30       		.byte	0x30
ARM GAS  C:\Users\Alex\AppData\Local\Temp\cc1J2dWT.s 			page 36


 1706 0167 9F       		.byte	0x9f
 1707 0168 38000000 		.4byte	.LVL23
 1708 016c 40000000 		.4byte	.LVL24
 1709 0170 0100     		.2byte	0x1
 1710 0172 52       		.byte	0x52
 1711 0173 40000000 		.4byte	.LVL24
 1712 0177 44000000 		.4byte	.LVL25
 1713 017b 0200     		.2byte	0x2
 1714 017d 73       		.byte	0x73
 1715 017e 00       		.sleb128 0
 1716 017f 44000000 		.4byte	.LVL25
 1717 0183 4A000000 		.4byte	.LVL26
 1718 0187 0100     		.2byte	0x1
 1719 0189 52       		.byte	0x52
 1720 018a 4A000000 		.4byte	.LVL26
 1721 018e 4E000000 		.4byte	.LVL27
 1722 0192 0200     		.2byte	0x2
 1723 0194 73       		.byte	0x73
 1724 0195 02       		.sleb128 2
 1725 0196 4E000000 		.4byte	.LVL27
 1726 019a 52000000 		.4byte	.LVL28
 1727 019e 0100     		.2byte	0x1
 1728 01a0 52       		.byte	0x52
 1729 01a1 52000000 		.4byte	.LVL28
 1730 01a5 8C000000 		.4byte	.LFE68
 1731 01a9 0200     		.2byte	0x2
 1732 01ab 30       		.byte	0x30
 1733 01ac 9F       		.byte	0x9f
 1734 01ad 00000000 		.4byte	0
 1735 01b1 00000000 		.4byte	0
 1736              	.LLST6:
 1737 01b5 00000000 		.4byte	.LVL32
 1738 01b9 1E000000 		.4byte	.LVL38
 1739 01bd 0100     		.2byte	0x1
 1740 01bf 50       		.byte	0x50
 1741 01c0 1E000000 		.4byte	.LVL38
 1742 01c4 60000000 		.4byte	.LFE66
 1743 01c8 0400     		.2byte	0x4
 1744 01ca F3       		.byte	0xf3
 1745 01cb 01       		.uleb128 0x1
 1746 01cc 50       		.byte	0x50
 1747 01cd 9F       		.byte	0x9f
 1748 01ce 00000000 		.4byte	0
 1749 01d2 00000000 		.4byte	0
 1750              	.LLST7:
 1751 01d6 00000000 		.4byte	.LVL32
 1752 01da 0C000000 		.4byte	.LVL35
 1753 01de 0100     		.2byte	0x1
 1754 01e0 51       		.byte	0x51
 1755 01e1 0C000000 		.4byte	.LVL35
 1756 01e5 60000000 		.4byte	.LFE66
 1757 01e9 0400     		.2byte	0x4
 1758 01eb F3       		.byte	0xf3
 1759 01ec 01       		.uleb128 0x1
 1760 01ed 51       		.byte	0x51
 1761 01ee 9F       		.byte	0x9f
 1762 01ef 00000000 		.4byte	0
ARM GAS  C:\Users\Alex\AppData\Local\Temp\cc1J2dWT.s 			page 37


 1763 01f3 00000000 		.4byte	0
 1764              	.LLST8:
 1765 01f7 00000000 		.4byte	.LVL32
 1766 01fb 21000000 		.4byte	.LVL39-1
 1767 01ff 0100     		.2byte	0x1
 1768 0201 52       		.byte	0x52
 1769 0202 21000000 		.4byte	.LVL39-1
 1770 0206 60000000 		.4byte	.LFE66
 1771 020a 0400     		.2byte	0x4
 1772 020c F3       		.byte	0xf3
 1773 020d 01       		.uleb128 0x1
 1774 020e 52       		.byte	0x52
 1775 020f 9F       		.byte	0x9f
 1776 0210 00000000 		.4byte	0
 1777 0214 00000000 		.4byte	0
 1778              	.LLST9:
 1779 0218 00000000 		.4byte	.LVL32
 1780 021c 0A000000 		.4byte	.LVL34
 1781 0220 0100     		.2byte	0x1
 1782 0222 53       		.byte	0x53
 1783 0223 0A000000 		.4byte	.LVL34
 1784 0227 60000000 		.4byte	.LFE66
 1785 022b 0400     		.2byte	0x4
 1786 022d F3       		.byte	0xf3
 1787 022e 01       		.uleb128 0x1
 1788 022f 53       		.byte	0x53
 1789 0230 9F       		.byte	0x9f
 1790 0231 00000000 		.4byte	0
 1791 0235 00000000 		.4byte	0
 1792              	.LLST10:
 1793 0239 08000000 		.4byte	.LVL33
 1794 023d 2A000000 		.4byte	.LVL40
 1795 0241 0200     		.2byte	0x2
 1796 0243 30       		.byte	0x30
 1797 0244 9F       		.byte	0x9f
 1798 0245 2A000000 		.4byte	.LVL40
 1799 0249 2E000000 		.4byte	.LVL41
 1800 024d 0100     		.2byte	0x1
 1801 024f 50       		.byte	0x50
 1802 0250 36000000 		.4byte	.LVL42
 1803 0254 40000000 		.4byte	.LVL43
 1804 0258 0100     		.2byte	0x1
 1805 025a 50       		.byte	0x50
 1806 025b 42000000 		.4byte	.LVL44
 1807 025f 44000000 		.4byte	.LVL45
 1808 0263 0100     		.2byte	0x1
 1809 0265 50       		.byte	0x50
 1810 0266 52000000 		.4byte	.LVL47
 1811 026a 54000000 		.4byte	.LVL48
 1812 026e 0100     		.2byte	0x1
 1813 0270 50       		.byte	0x50
 1814 0271 00000000 		.4byte	0
 1815 0275 00000000 		.4byte	0
 1816              	.LLST11:
 1817 0279 08000000 		.4byte	.LVL33
 1818 027d 0C000000 		.4byte	.LVL35
 1819 0281 0200     		.2byte	0x2
ARM GAS  C:\Users\Alex\AppData\Local\Temp\cc1J2dWT.s 			page 38


 1820 0283 30       		.byte	0x30
 1821 0284 9F       		.byte	0x9f
 1822 0285 0C000000 		.4byte	.LVL35
 1823 0289 14000000 		.4byte	.LVL36
 1824 028d 0100     		.2byte	0x1
 1825 028f 53       		.byte	0x53
 1826 0290 16000000 		.4byte	.LVL37
 1827 0294 21000000 		.4byte	.LVL39-1
 1828 0298 0100     		.2byte	0x1
 1829 029a 53       		.byte	0x53
 1830 029b 00000000 		.4byte	0
 1831 029f 00000000 		.4byte	0
 1832              		.section	.debug_aranges,"",%progbits
 1833 0000 44000000 		.4byte	0x44
 1834 0004 0200     		.2byte	0x2
 1835 0006 00000000 		.4byte	.Ldebug_info0
 1836 000a 04       		.byte	0x4
 1837 000b 00       		.byte	0
 1838 000c 0000     		.2byte	0
 1839 000e 0000     		.2byte	0
 1840 0010 00000000 		.4byte	.LFB63
 1841 0014 40000000 		.4byte	.LFE63-.LFB63
 1842 0018 00000000 		.4byte	.LFB64
 1843 001c 14000000 		.4byte	.LFE64-.LFB64
 1844 0020 00000000 		.4byte	.LFB65
 1845 0024 14000000 		.4byte	.LFE65-.LFB65
 1846 0028 00000000 		.4byte	.LFB67
 1847 002c 74000000 		.4byte	.LFE67-.LFB67
 1848 0030 00000000 		.4byte	.LFB68
 1849 0034 8C000000 		.4byte	.LFE68-.LFB68
 1850 0038 00000000 		.4byte	.LFB66
 1851 003c 60000000 		.4byte	.LFE66-.LFB66
 1852 0040 00000000 		.4byte	0
 1853 0044 00000000 		.4byte	0
 1854              		.section	.debug_ranges,"",%progbits
 1855              	.Ldebug_ranges0:
 1856 0000 00000000 		.4byte	.LFB63
 1857 0004 40000000 		.4byte	.LFE63
 1858 0008 00000000 		.4byte	.LFB64
 1859 000c 14000000 		.4byte	.LFE64
 1860 0010 00000000 		.4byte	.LFB65
 1861 0014 14000000 		.4byte	.LFE65
 1862 0018 00000000 		.4byte	.LFB67
 1863 001c 74000000 		.4byte	.LFE67
 1864 0020 00000000 		.4byte	.LFB68
 1865 0024 8C000000 		.4byte	.LFE68
 1866 0028 00000000 		.4byte	.LFB66
 1867 002c 60000000 		.4byte	.LFE66
 1868 0030 00000000 		.4byte	0
 1869 0034 00000000 		.4byte	0
 1870              		.section	.debug_line,"",%progbits
 1871              	.Ldebug_line0:
 1872 0000 67020000 		.section	.debug_str,"MS",%progbits,1
 1872      02009C01 
 1872      00000201 
 1872      FB0E0D00 
 1872      01010101 
ARM GAS  C:\Users\Alex\AppData\Local\Temp\cc1J2dWT.s 			page 39


 1873              	.LASF62:
 1874 0000 4932435F 		.ascii	"I2C_1_Start\000"
 1874      315F5374 
 1874      61727400 
 1875              	.LASF2:
 1876 000c 73686F72 		.ascii	"short int\000"
 1876      7420696E 
 1876      7400
 1877              	.LASF26:
 1878 0016 73697A65 		.ascii	"sizetype\000"
 1878      74797065 
 1878      00
 1879              	.LASF41:
 1880 001f 696E6974 		.ascii	"init_i2c_1\000"
 1880      5F693263 
 1880      5F3100
 1881              	.LASF56:
 1882 002a 6932635F 		.ascii	"i2c_last_request\000"
 1882      6C617374 
 1882      5F726571 
 1882      75657374 
 1882      00
 1883              	.LASF42:
 1884 003b 74686542 		.ascii	"theByte\000"
 1884      79746500 
 1885              	.LASF7:
 1886 0043 5F5F7569 		.ascii	"__uint32_t\000"
 1886      6E743332 
 1886      5F7400
 1887              	.LASF54:
 1888 004e 4932435F 		.ascii	"I2C_0_state\000"
 1888      305F7374 
 1888      61746500 
 1889              	.LASF66:
 1890 005a 4932435F 		.ascii	"I2C_0_MasterReadBuf\000"
 1890      305F4D61 
 1890      73746572 
 1890      52656164 
 1890      42756600 
 1891              	.LASF4:
 1892 006e 5F5F7569 		.ascii	"__uint16_t\000"
 1892      6E743136 
 1892      5F7400
 1893              	.LASF65:
 1894 0079 6465636F 		.ascii	"decode_battery_board\000"
 1894      64655F62 
 1894      61747465 
 1894      72795F62 
 1894      6F617264 
 1895              	.LASF16:
 1896 008e 696E7436 		.ascii	"int64_t\000"
 1896      345F7400 
 1897              	.LASF69:
 1898 0096 433A5C46 		.ascii	"C:\\FlexSEA_alx87grd\\execute\\execute_1_0.cydsn\000"
 1898      6C657853 
 1898      45415F61 
 1898      6C783837 
ARM GAS  C:\Users\Alex\AppData\Local\Temp\cc1J2dWT.s 			page 40


 1898      6772645C 
 1899              	.LASF18:
 1900 00c4 75696E74 		.ascii	"uint16\000"
 1900      313600
 1901              	.LASF30:
 1902 00cb 6779726F 		.ascii	"gyro\000"
 1902      00
 1903              	.LASF20:
 1904 00d0 696E7431 		.ascii	"int16\000"
 1904      3600
 1905              	.LASF17:
 1906 00d6 75696E74 		.ascii	"uint8\000"
 1906      3800
 1907              	.LASF60:
 1908 00dc 6765745F 		.ascii	"get_gyro_xyz\000"
 1908      6779726F 
 1908      5F78797A 
 1908      00
 1909              	.LASF47:
 1910 00e9 4932435F 		.ascii	"I2C_0_MasterWriteByteTimeOut\000"
 1910      305F4D61 
 1910      73746572 
 1910      57726974 
 1910      65427974 
 1911              	.LASF70:
 1912 0106 4932435F 		.ascii	"I2C_0_MasterSendStart\000"
 1912      305F4D61 
 1912      73746572 
 1912      53656E64 
 1912      53746172 
 1913              	.LASF68:
 1914 011c 2E2E5C73 		.ascii	"..\\src\\i2c.c\000"
 1914      72635C69 
 1914      32632E63 
 1914      00
 1915              	.LASF44:
 1916 0129 65727253 		.ascii	"errStatus\000"
 1916      74617475 
 1916      7300
 1917              	.LASF32:
 1918 0133 61733530 		.ascii	"as504x_s\000"
 1918      34785F73 
 1918      00
 1919              	.LASF52:
 1920 013c 6C656E67 		.ascii	"length\000"
 1920      746800
 1921              	.LASF21:
 1922 0143 666C6F61 		.ascii	"float\000"
 1922      7400
 1923              	.LASF10:
 1924 0149 6C6F6E67 		.ascii	"long long int\000"
 1924      206C6F6E 
 1924      6720696E 
 1924      7400
 1925              	.LASF51:
 1926 0157 70646174 		.ascii	"pdata\000"
 1926      6100
ARM GAS  C:\Users\Alex\AppData\Local\Temp\cc1J2dWT.s 			page 41


 1927              	.LASF35:
 1928 015d 616E676C 		.ascii	"angle_ctrl\000"
 1928      655F6374 
 1928      726C00
 1929              	.LASF6:
 1930 0168 6C6F6E67 		.ascii	"long int\000"
 1930      20696E74 
 1930      00
 1931              	.LASF9:
 1932 0171 5F5F696E 		.ascii	"__int64_t\000"
 1932      7436345F 
 1932      7400
 1933              	.LASF31:
 1934 017b 636F6E66 		.ascii	"config\000"
 1934      696700
 1935              	.LASF28:
 1936 0182 696D755F 		.ascii	"imu_s\000"
 1936      7300
 1937              	.LASF39:
 1938 0188 6932635F 		.ascii	"i2c_0_fsm\000"
 1938      305F6673 
 1938      6D00
 1939              	.LASF1:
 1940 0192 756E7369 		.ascii	"unsigned char\000"
 1940      676E6564 
 1940      20636861 
 1940      7200
 1941              	.LASF27:
 1942 01a0 6C6F6E67 		.ascii	"long double\000"
 1942      20646F75 
 1942      626C6500 
 1943              	.LASF61:
 1944 01ac 4932435F 		.ascii	"I2C_0_Start\000"
 1944      305F5374 
 1944      61727400 
 1945              	.LASF63:
 1946 01b8 43794465 		.ascii	"CyDelayUs\000"
 1946      6C617955 
 1946      7300
 1947              	.LASF40:
 1948 01c2 696E6974 		.ascii	"init_i2c_0\000"
 1948      5F693263 
 1948      5F3000
 1949              	.LASF49:
 1950 01cd 736C6176 		.ascii	"slave_addr\000"
 1950      655F6164 
 1950      647200
 1951              	.LASF0:
 1952 01d8 7369676E 		.ascii	"signed char\000"
 1952      65642063 
 1952      68617200 
 1953              	.LASF11:
 1954 01e4 6C6F6E67 		.ascii	"long long unsigned int\000"
 1954      206C6F6E 
 1954      6720756E 
 1954      7369676E 
 1954      65642069 
ARM GAS  C:\Users\Alex\AppData\Local\Temp\cc1J2dWT.s 			page 42


 1955              	.LASF15:
 1956 01fb 75696E74 		.ascii	"uint32_t\000"
 1956      33325F74 
 1956      00
 1957              	.LASF12:
 1958 0204 756E7369 		.ascii	"unsigned int\000"
 1958      676E6564 
 1958      20696E74 
 1958      00
 1959              	.LASF13:
 1960 0211 75696E74 		.ascii	"uint16_t\000"
 1960      31365F74 
 1960      00
 1961              	.LASF45:
 1962 021a 61737369 		.ascii	"assign_i2c_data\000"
 1962      676E5F69 
 1962      32635F64 
 1962      61746100 
 1963              	.LASF57:
 1964 022a 6932635F 		.ascii	"i2c_0_r_buf\000"
 1964      305F725F 
 1964      62756600 
 1965              	.LASF25:
 1966 0236 72656733 		.ascii	"reg32\000"
 1966      3200
 1967              	.LASF64:
 1968 023c 73747261 		.ascii	"strain_6ch_bytes_to_words\000"
 1968      696E5F36 
 1968      63685F62 
 1968      79746573 
 1968      5F746F5F 
 1969              	.LASF3:
 1970 0256 73686F72 		.ascii	"short unsigned int\000"
 1970      7420756E 
 1970      7369676E 
 1970      65642069 
 1970      6E7400
 1971              	.LASF53:
 1972 0269 73746174 		.ascii	"status\000"
 1972      757300
 1973              	.LASF34:
 1974 0270 616E676C 		.ascii	"angle_comp\000"
 1974      655F636F 
 1974      6D7000
 1975              	.LASF23:
 1976 027b 63686172 		.ascii	"char\000"
 1976      00
 1977              	.LASF67:
 1978 0280 474E5520 		.ascii	"GNU C 4.9.3 20150303 (release) [ARM/embedded-4_9-br"
 1978      4320342E 
 1978      392E3320 
 1978      32303135 
 1978      30333033 
 1979 02b3 616E6368 		.ascii	"anch revision 221220] -mcpu=cortex-m3 -mthumb -g -O"
 1979      20726576 
 1979      6973696F 
 1979      6E203232 
ARM GAS  C:\Users\Alex\AppData\Local\Temp\cc1J2dWT.s 			page 43


 1979      31323230 
 1980 02e6 67202D66 		.ascii	"g -ffunction-sections -ffat-lto-objects\000"
 1980      66756E63 
 1980      74696F6E 
 1980      2D736563 
 1980      74696F6E 
 1981              	.LASF29:
 1982 030e 61636365 		.ascii	"accel\000"
 1982      6C00
 1983              	.LASF14:
 1984 0314 696E7433 		.ascii	"int32_t\000"
 1984      325F7400 
 1985              	.LASF50:
 1986 031c 7265675F 		.ascii	"reg_addr\000"
 1986      61646472 
 1986      00
 1987              	.LASF58:
 1988 0325 61733530 		.ascii	"as5048b\000"
 1988      34386200 
 1989              	.LASF37:
 1990 032d 6932635F 		.ascii	"i2c_time_share\000"
 1990      74696D65 
 1990      5F736861 
 1990      726500
 1991              	.LASF19:
 1992 033c 75696E74 		.ascii	"uint32\000"
 1992      333200
 1993              	.LASF24:
 1994 0343 72656738 		.ascii	"reg8\000"
 1994      00
 1995              	.LASF8:
 1996 0348 6C6F6E67 		.ascii	"long unsigned int\000"
 1996      20756E73 
 1996      69676E65 
 1996      6420696E 
 1996      7400
 1997              	.LASF22:
 1998 035a 646F7562 		.ascii	"double\000"
 1998      6C6500
 1999              	.LASF33:
 2000 0361 616E676C 		.ascii	"angle_raw\000"
 2000      655F7261 
 2000      7700
 2001              	.LASF46:
 2002 036b 6E657764 		.ascii	"newdata\000"
 2002      61746100 
 2003              	.LASF38:
 2004 0373 6D696E6D 		.ascii	"minm_i2c\000"
 2004      5F693263 
 2004      00
 2005              	.LASF5:
 2006 037c 5F5F696E 		.ascii	"__int32_t\000"
 2006      7433325F 
 2006      7400
 2007              	.LASF36:
 2008 0386 616E676C 		.ascii	"angle_cont\000"
 2008      655F636F 
ARM GAS  C:\Users\Alex\AppData\Local\Temp\cc1J2dWT.s 			page 44


 2008      6E7400
 2009              	.LASF48:
 2010 0391 69326330 		.ascii	"i2c0_read\000"
 2010      5F726561 
 2010      6400
 2011              	.LASF55:
 2012 039b 49544D5F 		.ascii	"ITM_RxBuffer\000"
 2012      52784275 
 2012      66666572 
 2012      00
 2013              	.LASF59:
 2014 03a8 6765745F 		.ascii	"get_accel_xyz\000"
 2014      61636365 
 2014      6C5F7879 
 2014      7A00
 2015              	.LASF43:
 2016 03b6 74696D65 		.ascii	"timeout\000"
 2016      6F757400 
 2017              		.ident	"GCC: (GNU Tools for ARM Embedded Processors) 4.9.3 20150303 (release) [ARM/embedded-4_9-br
