ARM GAS  C:\Users\Alex\AppData\Local\Temp\ccfGWnwN.s 			page 1


   1              		.syntax unified
   2              		.cpu cortex-m3
   3              		.fpu softvfp
   4              		.eabi_attribute 20, 1
   5              		.eabi_attribute 21, 1
   6              		.eabi_attribute 23, 3
   7              		.eabi_attribute 24, 1
   8              		.eabi_attribute 25, 1
   9              		.eabi_attribute 26, 1
  10              		.eabi_attribute 30, 1
  11              		.eabi_attribute 34, 1
  12              		.eabi_attribute 18, 4
  13              		.thumb
  14              		.file	"I2C_0.c"
  15              		.text
  16              	.Ltext0:
  17              		.cfi_sections	.debug_frame
  18              		.section	.text.I2C_0_Init,"ax",%progbits
  19              		.align	2
  20              		.global	I2C_0_Init
  21              		.thumb
  22              		.thumb_func
  23              		.type	I2C_0_Init, %function
  24              	I2C_0_Init:
  25              	.LFB0:
  26              		.file 1 ".\\Generated_Source\\PSoC5\\I2C_0.c"
   1:.\Generated_Source\PSoC5/I2C_0.c **** /*******************************************************************************
   2:.\Generated_Source\PSoC5/I2C_0.c **** * File Name: I2C_0.c
   3:.\Generated_Source\PSoC5/I2C_0.c **** * Version 3.50
   4:.\Generated_Source\PSoC5/I2C_0.c **** *
   5:.\Generated_Source\PSoC5/I2C_0.c **** * Description:
   6:.\Generated_Source\PSoC5/I2C_0.c **** *  This file provides the source code of APIs for the I2C component.
   7:.\Generated_Source\PSoC5/I2C_0.c **** *  The actual protocol and operation code resides in the interrupt service
   8:.\Generated_Source\PSoC5/I2C_0.c **** *  routine file.
   9:.\Generated_Source\PSoC5/I2C_0.c **** *
  10:.\Generated_Source\PSoC5/I2C_0.c **** *******************************************************************************
  11:.\Generated_Source\PSoC5/I2C_0.c **** * Copyright 2008-2015, Cypress Semiconductor Corporation. All rights reserved.
  12:.\Generated_Source\PSoC5/I2C_0.c **** * You may use this file only in accordance with the license, terms, conditions,
  13:.\Generated_Source\PSoC5/I2C_0.c **** * disclaimers, and limitations in the end user license agreement accompanying
  14:.\Generated_Source\PSoC5/I2C_0.c **** * the software package with which this file was provided.
  15:.\Generated_Source\PSoC5/I2C_0.c **** *******************************************************************************/
  16:.\Generated_Source\PSoC5/I2C_0.c **** 
  17:.\Generated_Source\PSoC5/I2C_0.c **** #include "I2C_0_PVT.h"
  18:.\Generated_Source\PSoC5/I2C_0.c **** 
  19:.\Generated_Source\PSoC5/I2C_0.c **** 
  20:.\Generated_Source\PSoC5/I2C_0.c **** /**********************************
  21:.\Generated_Source\PSoC5/I2C_0.c **** *      System variables
  22:.\Generated_Source\PSoC5/I2C_0.c **** **********************************/
  23:.\Generated_Source\PSoC5/I2C_0.c **** 
  24:.\Generated_Source\PSoC5/I2C_0.c **** uint8 I2C_0_initVar = 0u; /* Defines if component was initialized */
  25:.\Generated_Source\PSoC5/I2C_0.c **** 
  26:.\Generated_Source\PSoC5/I2C_0.c **** volatile uint8 I2C_0_state;  /* Current state of I2C FSM */
  27:.\Generated_Source\PSoC5/I2C_0.c **** 
  28:.\Generated_Source\PSoC5/I2C_0.c **** 
  29:.\Generated_Source\PSoC5/I2C_0.c **** /*******************************************************************************
  30:.\Generated_Source\PSoC5/I2C_0.c **** * Function Name: I2C_0_Init
  31:.\Generated_Source\PSoC5/I2C_0.c **** ********************************************************************************
ARM GAS  C:\Users\Alex\AppData\Local\Temp\ccfGWnwN.s 			page 2


  32:.\Generated_Source\PSoC5/I2C_0.c **** *
  33:.\Generated_Source\PSoC5/I2C_0.c **** * Summary:
  34:.\Generated_Source\PSoC5/I2C_0.c **** *  Initializes I2C registers with initial values provided from customizer.
  35:.\Generated_Source\PSoC5/I2C_0.c **** *
  36:.\Generated_Source\PSoC5/I2C_0.c **** * Parameters:
  37:.\Generated_Source\PSoC5/I2C_0.c **** *  None.
  38:.\Generated_Source\PSoC5/I2C_0.c **** *
  39:.\Generated_Source\PSoC5/I2C_0.c **** * Return:
  40:.\Generated_Source\PSoC5/I2C_0.c **** *  None.
  41:.\Generated_Source\PSoC5/I2C_0.c **** *
  42:.\Generated_Source\PSoC5/I2C_0.c **** * Global variables:
  43:.\Generated_Source\PSoC5/I2C_0.c **** *  None.
  44:.\Generated_Source\PSoC5/I2C_0.c **** *
  45:.\Generated_Source\PSoC5/I2C_0.c **** * Reentrant:
  46:.\Generated_Source\PSoC5/I2C_0.c **** *  No.
  47:.\Generated_Source\PSoC5/I2C_0.c **** *
  48:.\Generated_Source\PSoC5/I2C_0.c **** *******************************************************************************/
  49:.\Generated_Source\PSoC5/I2C_0.c **** void I2C_0_Init(void) 
  50:.\Generated_Source\PSoC5/I2C_0.c **** {
  27              		.loc 1 50 0
  28              		.cfi_startproc
  29              		@ args = 0, pretend = 0, frame = 0
  30              		@ frame_needed = 0, uses_anonymous_args = 0
  31 0000 10B5     		push	{r4, lr}
  32              		.cfi_def_cfa_offset 8
  33              		.cfi_offset 4, -8
  34              		.cfi_offset 14, -4
  51:.\Generated_Source\PSoC5/I2C_0.c **** #if (I2C_0_FF_IMPLEMENTED)
  52:.\Generated_Source\PSoC5/I2C_0.c ****     /* Configure fixed function block */
  53:.\Generated_Source\PSoC5/I2C_0.c ****     I2C_0_CFG_REG  = I2C_0_DEFAULT_CFG;
  35              		.loc 1 53 0
  36 0002 0222     		movs	r2, #2
  37 0004 114B     		ldr	r3, .L3
  38 0006 1A70     		strb	r2, [r3]
  54:.\Generated_Source\PSoC5/I2C_0.c ****     I2C_0_XCFG_REG = I2C_0_DEFAULT_XCFG;
  39              		.loc 1 54 0
  40 0008 8122     		movs	r2, #129
  41 000a 0E3B     		subs	r3, r3, #14
  42 000c 1A70     		strb	r2, [r3]
  55:.\Generated_Source\PSoC5/I2C_0.c ****     I2C_0_ADDR_REG = I2C_0_DEFAULT_ADDR;
  43              		.loc 1 55 0
  44 000e 0822     		movs	r2, #8
  45 0010 0233     		adds	r3, r3, #2
  46 0012 1A70     		strb	r2, [r3]
  56:.\Generated_Source\PSoC5/I2C_0.c ****     I2C_0_CLKDIV1_REG = LO8(I2C_0_DEFAULT_DIVIDE_FACTOR);
  47              		.loc 1 56 0
  48 0014 0D22     		movs	r2, #13
  49 0016 1133     		adds	r3, r3, #17
  50 0018 1A70     		strb	r2, [r3]
  57:.\Generated_Source\PSoC5/I2C_0.c ****     I2C_0_CLKDIV2_REG = HI8(I2C_0_DEFAULT_DIVIDE_FACTOR);
  51              		.loc 1 57 0
  52 001a 0024     		movs	r4, #0
  53 001c 0133     		adds	r3, r3, #1
  54 001e 1C70     		strb	r4, [r3]
  58:.\Generated_Source\PSoC5/I2C_0.c **** 
  59:.\Generated_Source\PSoC5/I2C_0.c **** #else
  60:.\Generated_Source\PSoC5/I2C_0.c ****     uint8 intState;
ARM GAS  C:\Users\Alex\AppData\Local\Temp\ccfGWnwN.s 			page 3


  61:.\Generated_Source\PSoC5/I2C_0.c **** 
  62:.\Generated_Source\PSoC5/I2C_0.c ****     /* Configure control and interrupt sources */
  63:.\Generated_Source\PSoC5/I2C_0.c ****     I2C_0_CFG_REG      = I2C_0_DEFAULT_CFG;
  64:.\Generated_Source\PSoC5/I2C_0.c ****     I2C_0_INT_MASK_REG = I2C_0_DEFAULT_INT_MASK;
  65:.\Generated_Source\PSoC5/I2C_0.c **** 
  66:.\Generated_Source\PSoC5/I2C_0.c ****     /* Enable interrupt generation in status */
  67:.\Generated_Source\PSoC5/I2C_0.c ****     intState = CyEnterCriticalSection();
  68:.\Generated_Source\PSoC5/I2C_0.c ****     I2C_0_INT_ENABLE_REG |= I2C_0_INTR_ENABLE;
  69:.\Generated_Source\PSoC5/I2C_0.c ****     CyExitCriticalSection(intState);
  70:.\Generated_Source\PSoC5/I2C_0.c **** 
  71:.\Generated_Source\PSoC5/I2C_0.c ****     /* Configure bit counter */
  72:.\Generated_Source\PSoC5/I2C_0.c ****     #if (I2C_0_MODE_SLAVE_ENABLED)
  73:.\Generated_Source\PSoC5/I2C_0.c ****         I2C_0_PERIOD_REG = I2C_0_DEFAULT_PERIOD;
  74:.\Generated_Source\PSoC5/I2C_0.c ****     #endif  /* (I2C_0_MODE_SLAVE_ENABLED) */
  75:.\Generated_Source\PSoC5/I2C_0.c **** 
  76:.\Generated_Source\PSoC5/I2C_0.c ****     /* Configure clock generator */
  77:.\Generated_Source\PSoC5/I2C_0.c ****     #if (I2C_0_MODE_MASTER_ENABLED)
  78:.\Generated_Source\PSoC5/I2C_0.c ****         I2C_0_MCLK_PRD_REG = I2C_0_DEFAULT_MCLK_PRD;
  79:.\Generated_Source\PSoC5/I2C_0.c ****         I2C_0_MCLK_CMP_REG = I2C_0_DEFAULT_MCLK_CMP;
  80:.\Generated_Source\PSoC5/I2C_0.c ****     #endif /* (I2C_0_MODE_MASTER_ENABLED) */
  81:.\Generated_Source\PSoC5/I2C_0.c **** #endif /* (I2C_0_FF_IMPLEMENTED) */
  82:.\Generated_Source\PSoC5/I2C_0.c **** 
  83:.\Generated_Source\PSoC5/I2C_0.c **** #if (I2C_0_TIMEOUT_ENABLED)
  84:.\Generated_Source\PSoC5/I2C_0.c ****     I2C_0_TimeoutInit();
  85:.\Generated_Source\PSoC5/I2C_0.c **** #endif /* (I2C_0_TIMEOUT_ENABLED) */
  86:.\Generated_Source\PSoC5/I2C_0.c **** 
  87:.\Generated_Source\PSoC5/I2C_0.c ****     /* Configure internal interrupt */
  88:.\Generated_Source\PSoC5/I2C_0.c ****     CyIntDisable    (I2C_0_ISR_NUMBER);
  55              		.loc 1 88 0
  56 0020 4FF40042 		mov	r2, #32768
  57 0024 0A4B     		ldr	r3, .L3+4
  58 0026 1A60     		str	r2, [r3]
  89:.\Generated_Source\PSoC5/I2C_0.c ****     CyIntSetPriority(I2C_0_ISR_NUMBER, I2C_0_ISR_PRIORITY);
  59              		.loc 1 89 0
  60 0028 0F20     		movs	r0, #15
  61 002a 0721     		movs	r1, #7
  62 002c FFF7FEFF 		bl	CyIntSetPriority
  63              	.LVL0:
  90:.\Generated_Source\PSoC5/I2C_0.c ****     #if (I2C_0_INTERN_I2C_INTR_HANDLER)
  91:.\Generated_Source\PSoC5/I2C_0.c ****         (void) CyIntSetVector(I2C_0_ISR_NUMBER, &I2C_0_ISR);
  64              		.loc 1 91 0
  65 0030 0F20     		movs	r0, #15
  66 0032 0849     		ldr	r1, .L3+8
  67 0034 FFF7FEFF 		bl	CyIntSetVector
  68              	.LVL1:
  92:.\Generated_Source\PSoC5/I2C_0.c ****     #endif /* (I2C_0_INTERN_I2C_INTR_HANDLER) */
  93:.\Generated_Source\PSoC5/I2C_0.c **** 
  94:.\Generated_Source\PSoC5/I2C_0.c ****     /* Set FSM to default state */
  95:.\Generated_Source\PSoC5/I2C_0.c ****     I2C_0_state = I2C_0_SM_IDLE;
  69              		.loc 1 95 0
  70 0038 1022     		movs	r2, #16
  71 003a 074B     		ldr	r3, .L3+12
  72 003c 1A70     		strb	r2, [r3]
  96:.\Generated_Source\PSoC5/I2C_0.c **** 
  97:.\Generated_Source\PSoC5/I2C_0.c **** #if (I2C_0_MODE_SLAVE_ENABLED)
  98:.\Generated_Source\PSoC5/I2C_0.c ****     /* Clear status and buffers index */
  99:.\Generated_Source\PSoC5/I2C_0.c ****     I2C_0_slStatus = 0u;
ARM GAS  C:\Users\Alex\AppData\Local\Temp\ccfGWnwN.s 			page 4


 100:.\Generated_Source\PSoC5/I2C_0.c ****     I2C_0_slRdBufIndex = 0u;
 101:.\Generated_Source\PSoC5/I2C_0.c ****     I2C_0_slWrBufIndex = 0u;
 102:.\Generated_Source\PSoC5/I2C_0.c **** 
 103:.\Generated_Source\PSoC5/I2C_0.c ****     /* Configure matched address */
 104:.\Generated_Source\PSoC5/I2C_0.c ****     I2C_0_SlaveSetAddress(I2C_0_DEFAULT_ADDR);
 105:.\Generated_Source\PSoC5/I2C_0.c **** #endif /* (I2C_0_MODE_SLAVE_ENABLED) */
 106:.\Generated_Source\PSoC5/I2C_0.c **** 
 107:.\Generated_Source\PSoC5/I2C_0.c **** #if (I2C_0_MODE_MASTER_ENABLED)
 108:.\Generated_Source\PSoC5/I2C_0.c ****     /* Clear status and buffers index */
 109:.\Generated_Source\PSoC5/I2C_0.c ****     I2C_0_mstrStatus = 0u;
  73              		.loc 1 109 0
  74 003e 074B     		ldr	r3, .L3+16
  75 0040 1C70     		strb	r4, [r3]
 110:.\Generated_Source\PSoC5/I2C_0.c ****     I2C_0_mstrRdBufIndex = 0u;
  76              		.loc 1 110 0
  77 0042 074B     		ldr	r3, .L3+20
  78 0044 1C70     		strb	r4, [r3]
 111:.\Generated_Source\PSoC5/I2C_0.c ****     I2C_0_mstrWrBufIndex = 0u;
  79              		.loc 1 111 0
  80 0046 074B     		ldr	r3, .L3+24
  81 0048 1C70     		strb	r4, [r3]
  82 004a 10BD     		pop	{r4, pc}
  83              	.L4:
  84              		.align	2
  85              	.L3:
  86 004c D6490040 		.word	1073760726
  87 0050 80E100E0 		.word	-536813184
  88 0054 00000000 		.word	I2C_0_ISR
  89 0058 00000000 		.word	I2C_0_state
  90 005c 00000000 		.word	I2C_0_mstrStatus
  91 0060 00000000 		.word	I2C_0_mstrRdBufIndex
  92 0064 00000000 		.word	I2C_0_mstrWrBufIndex
  93              		.cfi_endproc
  94              	.LFE0:
  95              		.size	I2C_0_Init, .-I2C_0_Init
  96              		.section	.text.I2C_0_Enable,"ax",%progbits
  97              		.align	2
  98              		.global	I2C_0_Enable
  99              		.thumb
 100              		.thumb_func
 101              		.type	I2C_0_Enable, %function
 102              	I2C_0_Enable:
 103              	.LFB1:
 112:.\Generated_Source\PSoC5/I2C_0.c **** #endif /* (I2C_0_MODE_MASTER_ENABLED) */
 113:.\Generated_Source\PSoC5/I2C_0.c **** }
 114:.\Generated_Source\PSoC5/I2C_0.c **** 
 115:.\Generated_Source\PSoC5/I2C_0.c **** 
 116:.\Generated_Source\PSoC5/I2C_0.c **** /*******************************************************************************
 117:.\Generated_Source\PSoC5/I2C_0.c **** * Function Name: I2C_0_Enable
 118:.\Generated_Source\PSoC5/I2C_0.c **** ********************************************************************************
 119:.\Generated_Source\PSoC5/I2C_0.c **** *
 120:.\Generated_Source\PSoC5/I2C_0.c **** * Summary:
 121:.\Generated_Source\PSoC5/I2C_0.c **** *  Enables I2C operations.
 122:.\Generated_Source\PSoC5/I2C_0.c **** *
 123:.\Generated_Source\PSoC5/I2C_0.c **** * Parameters:
 124:.\Generated_Source\PSoC5/I2C_0.c **** *  None.
 125:.\Generated_Source\PSoC5/I2C_0.c **** *
ARM GAS  C:\Users\Alex\AppData\Local\Temp\ccfGWnwN.s 			page 5


 126:.\Generated_Source\PSoC5/I2C_0.c **** * Return:
 127:.\Generated_Source\PSoC5/I2C_0.c **** *  None.
 128:.\Generated_Source\PSoC5/I2C_0.c **** *
 129:.\Generated_Source\PSoC5/I2C_0.c **** * Global variables:
 130:.\Generated_Source\PSoC5/I2C_0.c **** *  None.
 131:.\Generated_Source\PSoC5/I2C_0.c **** *
 132:.\Generated_Source\PSoC5/I2C_0.c **** *******************************************************************************/
 133:.\Generated_Source\PSoC5/I2C_0.c **** void I2C_0_Enable(void) 
 134:.\Generated_Source\PSoC5/I2C_0.c **** {
 104              		.loc 1 134 0
 105              		.cfi_startproc
 106              		@ args = 0, pretend = 0, frame = 0
 107              		@ frame_needed = 0, uses_anonymous_args = 0
 108 0000 08B5     		push	{r3, lr}
 109              		.cfi_def_cfa_offset 8
 110              		.cfi_offset 3, -8
 111              		.cfi_offset 14, -4
 135:.\Generated_Source\PSoC5/I2C_0.c **** #if (I2C_0_FF_IMPLEMENTED)
 136:.\Generated_Source\PSoC5/I2C_0.c ****     uint8 intState;
 137:.\Generated_Source\PSoC5/I2C_0.c **** 
 138:.\Generated_Source\PSoC5/I2C_0.c ****     /* Enable power to block */
 139:.\Generated_Source\PSoC5/I2C_0.c ****     intState = CyEnterCriticalSection();
 112              		.loc 1 139 0
 113 0002 FFF7FEFF 		bl	CyEnterCriticalSection
 114              	.LVL2:
 140:.\Generated_Source\PSoC5/I2C_0.c ****     I2C_0_ACT_PWRMGR_REG  |= I2C_0_ACT_PWR_EN;
 115              		.loc 1 140 0
 116 0006 064A     		ldr	r2, .L7
 117 0008 1378     		ldrb	r3, [r2]	@ zero_extendqisi2
 118 000a 43F00403 		orr	r3, r3, #4
 119 000e 1370     		strb	r3, [r2]
 141:.\Generated_Source\PSoC5/I2C_0.c ****     I2C_0_STBY_PWRMGR_REG |= I2C_0_STBY_PWR_EN;
 120              		.loc 1 141 0
 121 0010 1032     		adds	r2, r2, #16
 122 0012 1378     		ldrb	r3, [r2]	@ zero_extendqisi2
 123 0014 43F00403 		orr	r3, r3, #4
 124 0018 1370     		strb	r3, [r2]
 142:.\Generated_Source\PSoC5/I2C_0.c ****     CyExitCriticalSection(intState);
 125              		.loc 1 142 0
 126 001a FFF7FEFF 		bl	CyExitCriticalSection
 127              	.LVL3:
 128 001e 08BD     		pop	{r3, pc}
 129              	.L8:
 130              		.align	2
 131              	.L7:
 132 0020 A5430040 		.word	1073759141
 133              		.cfi_endproc
 134              	.LFE1:
 135              		.size	I2C_0_Enable, .-I2C_0_Enable
 136              		.section	.text.I2C_0_Start,"ax",%progbits
 137              		.align	2
 138              		.global	I2C_0_Start
 139              		.thumb
 140              		.thumb_func
 141              		.type	I2C_0_Start, %function
 142              	I2C_0_Start:
 143              	.LFB2:
ARM GAS  C:\Users\Alex\AppData\Local\Temp\ccfGWnwN.s 			page 6


 143:.\Generated_Source\PSoC5/I2C_0.c **** #else
 144:.\Generated_Source\PSoC5/I2C_0.c ****     #if (I2C_0_MODE_SLAVE_ENABLED)
 145:.\Generated_Source\PSoC5/I2C_0.c ****         /* Enable bit counter */
 146:.\Generated_Source\PSoC5/I2C_0.c ****         uint8 intState = CyEnterCriticalSection();
 147:.\Generated_Source\PSoC5/I2C_0.c ****         I2C_0_COUNTER_AUX_CTL_REG |= I2C_0_CNT7_ENABLE;
 148:.\Generated_Source\PSoC5/I2C_0.c ****         CyExitCriticalSection(intState);
 149:.\Generated_Source\PSoC5/I2C_0.c ****     #endif /* (I2C_0_MODE_SLAVE_ENABLED) */
 150:.\Generated_Source\PSoC5/I2C_0.c **** 
 151:.\Generated_Source\PSoC5/I2C_0.c ****     /* Enable slave or master bits */
 152:.\Generated_Source\PSoC5/I2C_0.c ****     I2C_0_CFG_REG |= I2C_0_ENABLE_MS;
 153:.\Generated_Source\PSoC5/I2C_0.c **** #endif /* (I2C_0_FF_IMPLEMENTED) */
 154:.\Generated_Source\PSoC5/I2C_0.c **** 
 155:.\Generated_Source\PSoC5/I2C_0.c **** #if (I2C_0_TIMEOUT_ENABLED)
 156:.\Generated_Source\PSoC5/I2C_0.c ****     I2C_0_TimeoutEnable();
 157:.\Generated_Source\PSoC5/I2C_0.c **** #endif /* (I2C_0_TIMEOUT_ENABLED) */
 158:.\Generated_Source\PSoC5/I2C_0.c **** }
 159:.\Generated_Source\PSoC5/I2C_0.c **** 
 160:.\Generated_Source\PSoC5/I2C_0.c **** 
 161:.\Generated_Source\PSoC5/I2C_0.c **** /*******************************************************************************
 162:.\Generated_Source\PSoC5/I2C_0.c **** * Function Name: I2C_0_Start
 163:.\Generated_Source\PSoC5/I2C_0.c **** ********************************************************************************
 164:.\Generated_Source\PSoC5/I2C_0.c **** *
 165:.\Generated_Source\PSoC5/I2C_0.c **** * Summary:
 166:.\Generated_Source\PSoC5/I2C_0.c **** *  Starts the I2C hardware. Enables Active mode power template bits or clock
 167:.\Generated_Source\PSoC5/I2C_0.c **** *  gating as appropriate. It is required to be executed before I2C bus
 168:.\Generated_Source\PSoC5/I2C_0.c **** *  operation.
 169:.\Generated_Source\PSoC5/I2C_0.c **** *
 170:.\Generated_Source\PSoC5/I2C_0.c **** * Parameters:
 171:.\Generated_Source\PSoC5/I2C_0.c **** *  None.
 172:.\Generated_Source\PSoC5/I2C_0.c **** *
 173:.\Generated_Source\PSoC5/I2C_0.c **** * Return:
 174:.\Generated_Source\PSoC5/I2C_0.c **** *  None.
 175:.\Generated_Source\PSoC5/I2C_0.c **** *
 176:.\Generated_Source\PSoC5/I2C_0.c **** * Side Effects:
 177:.\Generated_Source\PSoC5/I2C_0.c **** *  This component automatically enables its interrupt.  If I2C is enabled !
 178:.\Generated_Source\PSoC5/I2C_0.c **** *  without the interrupt enabled, it can lock up the I2C bus.
 179:.\Generated_Source\PSoC5/I2C_0.c **** *
 180:.\Generated_Source\PSoC5/I2C_0.c **** * Global variables:
 181:.\Generated_Source\PSoC5/I2C_0.c **** *  I2C_0_initVar - This variable is used to check the initial
 182:.\Generated_Source\PSoC5/I2C_0.c **** *                             configuration, modified on the first
 183:.\Generated_Source\PSoC5/I2C_0.c **** *                             function call.
 184:.\Generated_Source\PSoC5/I2C_0.c **** *
 185:.\Generated_Source\PSoC5/I2C_0.c **** * Reentrant:
 186:.\Generated_Source\PSoC5/I2C_0.c **** *  No.
 187:.\Generated_Source\PSoC5/I2C_0.c **** *
 188:.\Generated_Source\PSoC5/I2C_0.c **** *******************************************************************************/
 189:.\Generated_Source\PSoC5/I2C_0.c **** void I2C_0_Start(void) 
 190:.\Generated_Source\PSoC5/I2C_0.c **** {
 144              		.loc 1 190 0
 145              		.cfi_startproc
 146              		@ args = 0, pretend = 0, frame = 0
 147              		@ frame_needed = 0, uses_anonymous_args = 0
 148 0000 08B5     		push	{r3, lr}
 149              		.cfi_def_cfa_offset 8
 150              		.cfi_offset 3, -8
 151              		.cfi_offset 14, -4
 191:.\Generated_Source\PSoC5/I2C_0.c ****     if (0u == I2C_0_initVar)
ARM GAS  C:\Users\Alex\AppData\Local\Temp\ccfGWnwN.s 			page 7


 152              		.loc 1 191 0
 153 0002 074B     		ldr	r3, .L12
 154 0004 1B78     		ldrb	r3, [r3]	@ zero_extendqisi2
 155 0006 23B9     		cbnz	r3, .L10
 192:.\Generated_Source\PSoC5/I2C_0.c ****     {
 193:.\Generated_Source\PSoC5/I2C_0.c ****         I2C_0_Init();
 156              		.loc 1 193 0
 157 0008 FFF7FEFF 		bl	I2C_0_Init
 158              	.LVL4:
 194:.\Generated_Source\PSoC5/I2C_0.c ****         I2C_0_initVar = 1u; /* Component initialized */
 159              		.loc 1 194 0
 160 000c 0122     		movs	r2, #1
 161 000e 044B     		ldr	r3, .L12
 162 0010 1A70     		strb	r2, [r3]
 163              	.L10:
 195:.\Generated_Source\PSoC5/I2C_0.c ****     }
 196:.\Generated_Source\PSoC5/I2C_0.c **** 
 197:.\Generated_Source\PSoC5/I2C_0.c ****     I2C_0_Enable();
 164              		.loc 1 197 0
 165 0012 FFF7FEFF 		bl	I2C_0_Enable
 166              	.LVL5:
 198:.\Generated_Source\PSoC5/I2C_0.c ****     I2C_0_EnableInt();
 167              		.loc 1 198 0
 168 0016 4FF40042 		mov	r2, #32768
 169 001a 024B     		ldr	r3, .L12+4
 170 001c 1A60     		str	r2, [r3]
 171 001e 08BD     		pop	{r3, pc}
 172              	.L13:
 173              		.align	2
 174              	.L12:
 175 0020 00000000 		.word	.LANCHOR0
 176 0024 00E100E0 		.word	-536813312
 177              		.cfi_endproc
 178              	.LFE2:
 179              		.size	I2C_0_Start, .-I2C_0_Start
 180              		.section	.text.I2C_0_Stop,"ax",%progbits
 181              		.align	2
 182              		.global	I2C_0_Stop
 183              		.thumb
 184              		.thumb_func
 185              		.type	I2C_0_Stop, %function
 186              	I2C_0_Stop:
 187              	.LFB3:
 199:.\Generated_Source\PSoC5/I2C_0.c **** }
 200:.\Generated_Source\PSoC5/I2C_0.c **** 
 201:.\Generated_Source\PSoC5/I2C_0.c **** 
 202:.\Generated_Source\PSoC5/I2C_0.c **** /*******************************************************************************
 203:.\Generated_Source\PSoC5/I2C_0.c **** * Function Name: I2C_0_Stop
 204:.\Generated_Source\PSoC5/I2C_0.c **** ********************************************************************************
 205:.\Generated_Source\PSoC5/I2C_0.c **** *
 206:.\Generated_Source\PSoC5/I2C_0.c **** * Summary:
 207:.\Generated_Source\PSoC5/I2C_0.c **** *  Disables I2C hardware and disables I2C interrupt. Disables Active mode power
 208:.\Generated_Source\PSoC5/I2C_0.c **** *  template bits or clock gating as appropriate.
 209:.\Generated_Source\PSoC5/I2C_0.c **** *
 210:.\Generated_Source\PSoC5/I2C_0.c **** * Parameters:
 211:.\Generated_Source\PSoC5/I2C_0.c **** *  None.
 212:.\Generated_Source\PSoC5/I2C_0.c **** *
ARM GAS  C:\Users\Alex\AppData\Local\Temp\ccfGWnwN.s 			page 8


 213:.\Generated_Source\PSoC5/I2C_0.c **** * Return:
 214:.\Generated_Source\PSoC5/I2C_0.c **** *  None.
 215:.\Generated_Source\PSoC5/I2C_0.c **** *
 216:.\Generated_Source\PSoC5/I2C_0.c **** *******************************************************************************/
 217:.\Generated_Source\PSoC5/I2C_0.c **** void I2C_0_Stop(void) 
 218:.\Generated_Source\PSoC5/I2C_0.c **** {
 188              		.loc 1 218 0
 189              		.cfi_startproc
 190              		@ args = 0, pretend = 0, frame = 0
 191              		@ frame_needed = 0, uses_anonymous_args = 0
 192 0000 2DE9F843 		push	{r3, r4, r5, r6, r7, r8, r9, lr}
 193              		.cfi_def_cfa_offset 32
 194              		.cfi_offset 3, -32
 195              		.cfi_offset 4, -28
 196              		.cfi_offset 5, -24
 197              		.cfi_offset 6, -20
 198              		.cfi_offset 7, -16
 199              		.cfi_offset 8, -12
 200              		.cfi_offset 9, -8
 201              		.cfi_offset 14, -4
 219:.\Generated_Source\PSoC5/I2C_0.c ****     I2C_0_DisableInt();
 202              		.loc 1 219 0
 203 0004 4FF40049 		mov	r9, #32768
 204 0008 214B     		ldr	r3, .L16
 205 000a C3F80090 		str	r9, [r3]
 206              	.LBB2:
 220:.\Generated_Source\PSoC5/I2C_0.c **** 
 221:.\Generated_Source\PSoC5/I2C_0.c **** #if (I2C_0_TIMEOUT_ENABLED)
 222:.\Generated_Source\PSoC5/I2C_0.c ****     I2C_0_TimeoutStop();
 223:.\Generated_Source\PSoC5/I2C_0.c **** #endif  /* End (I2C_0_TIMEOUT_ENABLED) */
 224:.\Generated_Source\PSoC5/I2C_0.c **** 
 225:.\Generated_Source\PSoC5/I2C_0.c **** #if (I2C_0_FF_IMPLEMENTED)
 226:.\Generated_Source\PSoC5/I2C_0.c ****     {
 227:.\Generated_Source\PSoC5/I2C_0.c ****         uint8 intState;
 228:.\Generated_Source\PSoC5/I2C_0.c ****         uint16 blockResetCycles;
 229:.\Generated_Source\PSoC5/I2C_0.c **** 
 230:.\Generated_Source\PSoC5/I2C_0.c ****         /* Store registers effected by block disable */
 231:.\Generated_Source\PSoC5/I2C_0.c ****         I2C_0_backup.addr    = I2C_0_ADDR_REG;
 207              		.loc 1 231 0
 208 000e DFF8A080 		ldr	r8, .L16+32
 209 0012 98F80030 		ldrb	r3, [r8]	@ zero_extendqisi2
 210 0016 1F4C     		ldr	r4, .L16+4
 211 0018 E370     		strb	r3, [r4, #3]
 232:.\Generated_Source\PSoC5/I2C_0.c ****         I2C_0_backup.clkDiv1 = I2C_0_CLKDIV1_REG;
 212              		.loc 1 232 0
 213 001a 1F4F     		ldr	r7, .L16+8
 214 001c 3B78     		ldrb	r3, [r7]	@ zero_extendqisi2
 215 001e 2371     		strb	r3, [r4, #4]
 233:.\Generated_Source\PSoC5/I2C_0.c ****         I2C_0_backup.clkDiv2 = I2C_0_CLKDIV2_REG;
 216              		.loc 1 233 0
 217 0020 1E4E     		ldr	r6, .L16+12
 218 0022 3378     		ldrb	r3, [r6]	@ zero_extendqisi2
 219 0024 6371     		strb	r3, [r4, #5]
 234:.\Generated_Source\PSoC5/I2C_0.c **** 
 235:.\Generated_Source\PSoC5/I2C_0.c ****         /* Calculate number of cycles to reset block */
 236:.\Generated_Source\PSoC5/I2C_0.c ****         blockResetCycles = ((uint16) ((uint16) I2C_0_CLKDIV2_REG << 8u) | I2C_0_CLKDIV1_REG) + 1u;
 220              		.loc 1 236 0
ARM GAS  C:\Users\Alex\AppData\Local\Temp\ccfGWnwN.s 			page 9


 221 0026 3078     		ldrb	r0, [r6]	@ zero_extendqisi2
 222 0028 3B78     		ldrb	r3, [r7]	@ zero_extendqisi2
 223 002a 43EA0020 		orr	r0, r3, r0, lsl #8
 224 002e 0130     		adds	r0, r0, #1
 225              	.LVL6:
 237:.\Generated_Source\PSoC5/I2C_0.c **** 
 238:.\Generated_Source\PSoC5/I2C_0.c ****         /* Disable block */
 239:.\Generated_Source\PSoC5/I2C_0.c ****         I2C_0_CFG_REG &= (uint8) ~I2C_0_CFG_EN_SLAVE;
 226              		.loc 1 239 0
 227 0030 1B4D     		ldr	r5, .L16+16
 228 0032 2B78     		ldrb	r3, [r5]	@ zero_extendqisi2
 229 0034 03F0FE03 		and	r3, r3, #254
 230 0038 2B70     		strb	r3, [r5]
 240:.\Generated_Source\PSoC5/I2C_0.c ****         /* Wait for block reset before disable power */
 241:.\Generated_Source\PSoC5/I2C_0.c ****         CyDelayCycles((uint32) blockResetCycles);
 231              		.loc 1 241 0
 232 003a 80B2     		uxth	r0, r0
 233 003c FFF7FEFF 		bl	CyDelayCycles
 234              	.LVL7:
 242:.\Generated_Source\PSoC5/I2C_0.c **** 
 243:.\Generated_Source\PSoC5/I2C_0.c ****         /* Disable power to block */
 244:.\Generated_Source\PSoC5/I2C_0.c ****         intState = CyEnterCriticalSection();
 235              		.loc 1 244 0
 236 0040 FFF7FEFF 		bl	CyEnterCriticalSection
 237              	.LVL8:
 245:.\Generated_Source\PSoC5/I2C_0.c ****         I2C_0_ACT_PWRMGR_REG  &= (uint8) ~I2C_0_ACT_PWR_EN;
 238              		.loc 1 245 0
 239 0044 174A     		ldr	r2, .L16+20
 240 0046 1378     		ldrb	r3, [r2]	@ zero_extendqisi2
 241 0048 03F0FB03 		and	r3, r3, #251
 242 004c 1370     		strb	r3, [r2]
 246:.\Generated_Source\PSoC5/I2C_0.c ****         I2C_0_STBY_PWRMGR_REG &= (uint8) ~I2C_0_STBY_PWR_EN;
 243              		.loc 1 246 0
 244 004e 1032     		adds	r2, r2, #16
 245 0050 1378     		ldrb	r3, [r2]	@ zero_extendqisi2
 246 0052 03F0FB03 		and	r3, r3, #251
 247 0056 1370     		strb	r3, [r2]
 247:.\Generated_Source\PSoC5/I2C_0.c ****         CyExitCriticalSection(intState);
 248              		.loc 1 247 0
 249 0058 FFF7FEFF 		bl	CyExitCriticalSection
 250              	.LVL9:
 248:.\Generated_Source\PSoC5/I2C_0.c **** 
 249:.\Generated_Source\PSoC5/I2C_0.c ****         /* Enable block */
 250:.\Generated_Source\PSoC5/I2C_0.c ****         I2C_0_CFG_REG |= (uint8) I2C_0_ENABLE_MS;
 251              		.loc 1 250 0
 252 005c 2B78     		ldrb	r3, [r5]	@ zero_extendqisi2
 253 005e 43F00203 		orr	r3, r3, #2
 254 0062 2B70     		strb	r3, [r5]
 251:.\Generated_Source\PSoC5/I2C_0.c **** 
 252:.\Generated_Source\PSoC5/I2C_0.c ****         /* Restore registers effected by block disable. Ticket ID#198004 */
 253:.\Generated_Source\PSoC5/I2C_0.c ****         I2C_0_ADDR_REG    = I2C_0_backup.addr;
 255              		.loc 1 253 0
 256 0064 E378     		ldrb	r3, [r4, #3]	@ zero_extendqisi2
 257 0066 88F80030 		strb	r3, [r8]
 254:.\Generated_Source\PSoC5/I2C_0.c ****         I2C_0_ADDR_REG    = I2C_0_backup.addr;
 258              		.loc 1 254 0
 259 006a E378     		ldrb	r3, [r4, #3]	@ zero_extendqisi2
ARM GAS  C:\Users\Alex\AppData\Local\Temp\ccfGWnwN.s 			page 10


 260 006c 88F80030 		strb	r3, [r8]
 255:.\Generated_Source\PSoC5/I2C_0.c ****         I2C_0_CLKDIV1_REG = I2C_0_backup.clkDiv1;
 261              		.loc 1 255 0
 262 0070 2379     		ldrb	r3, [r4, #4]	@ zero_extendqisi2
 263 0072 3B70     		strb	r3, [r7]
 256:.\Generated_Source\PSoC5/I2C_0.c ****         I2C_0_CLKDIV2_REG = I2C_0_backup.clkDiv2;
 264              		.loc 1 256 0
 265 0074 6379     		ldrb	r3, [r4, #5]	@ zero_extendqisi2
 266 0076 3370     		strb	r3, [r6]
 267              	.LBE2:
 257:.\Generated_Source\PSoC5/I2C_0.c ****     }
 258:.\Generated_Source\PSoC5/I2C_0.c **** #else
 259:.\Generated_Source\PSoC5/I2C_0.c **** 
 260:.\Generated_Source\PSoC5/I2C_0.c ****     /* Disable slave or master bits */
 261:.\Generated_Source\PSoC5/I2C_0.c ****     I2C_0_CFG_REG &= (uint8) ~I2C_0_ENABLE_MS;
 262:.\Generated_Source\PSoC5/I2C_0.c **** 
 263:.\Generated_Source\PSoC5/I2C_0.c **** #if (I2C_0_MODE_SLAVE_ENABLED)
 264:.\Generated_Source\PSoC5/I2C_0.c ****     {
 265:.\Generated_Source\PSoC5/I2C_0.c ****         /* Disable bit counter */
 266:.\Generated_Source\PSoC5/I2C_0.c ****         uint8 intState = CyEnterCriticalSection();
 267:.\Generated_Source\PSoC5/I2C_0.c ****         I2C_0_COUNTER_AUX_CTL_REG &= (uint8) ~I2C_0_CNT7_ENABLE;
 268:.\Generated_Source\PSoC5/I2C_0.c ****         CyExitCriticalSection(intState);
 269:.\Generated_Source\PSoC5/I2C_0.c ****     }
 270:.\Generated_Source\PSoC5/I2C_0.c **** #endif /* (I2C_0_MODE_SLAVE_ENABLED) */
 271:.\Generated_Source\PSoC5/I2C_0.c **** 
 272:.\Generated_Source\PSoC5/I2C_0.c ****     /* Clear interrupt source register */
 273:.\Generated_Source\PSoC5/I2C_0.c ****     (void) I2C_0_CSR_REG;
 274:.\Generated_Source\PSoC5/I2C_0.c **** #endif /* (I2C_0_FF_IMPLEMENTED) */
 275:.\Generated_Source\PSoC5/I2C_0.c **** 
 276:.\Generated_Source\PSoC5/I2C_0.c ****     /* Disable interrupt on stop (enabled by write transaction) */
 277:.\Generated_Source\PSoC5/I2C_0.c ****     I2C_0_DISABLE_INT_ON_STOP;
 268              		.loc 1 277 0
 269 0078 2B78     		ldrb	r3, [r5]	@ zero_extendqisi2
 270 007a 03F0EF03 		and	r3, r3, #239
 271 007e 2B70     		strb	r3, [r5]
 278:.\Generated_Source\PSoC5/I2C_0.c ****     I2C_0_ClearPendingInt();
 272              		.loc 1 278 0
 273 0080 094B     		ldr	r3, .L16+24
 274 0082 C3F80090 		str	r9, [r3]
 279:.\Generated_Source\PSoC5/I2C_0.c **** 
 280:.\Generated_Source\PSoC5/I2C_0.c ****     /* Reset FSM to default state */
 281:.\Generated_Source\PSoC5/I2C_0.c ****     I2C_0_state = I2C_0_SM_IDLE;
 275              		.loc 1 281 0
 276 0086 1022     		movs	r2, #16
 277 0088 084B     		ldr	r3, .L16+28
 278 008a 1A70     		strb	r2, [r3]
 279 008c BDE8F883 		pop	{r3, r4, r5, r6, r7, r8, r9, pc}
 280              	.L17:
 281              		.align	2
 282              	.L16:
 283 0090 80E100E0 		.word	-536813184
 284 0094 00000000 		.word	I2C_0_backup
 285 0098 DB490040 		.word	1073760731
 286 009c DC490040 		.word	1073760732
 287 00a0 D6490040 		.word	1073760726
 288 00a4 A5430040 		.word	1073759141
 289 00a8 80E200E0 		.word	-536812928
ARM GAS  C:\Users\Alex\AppData\Local\Temp\ccfGWnwN.s 			page 11


 290 00ac 00000000 		.word	I2C_0_state
 291 00b0 CA490040 		.word	1073760714
 292              		.cfi_endproc
 293              	.LFE3:
 294              		.size	I2C_0_Stop, .-I2C_0_Stop
 295              		.comm	I2C_0_state,1,1
 296              		.global	I2C_0_initVar
 297              		.bss
 298              		.set	.LANCHOR0,. + 0
 299              		.type	I2C_0_initVar, %object
 300              		.size	I2C_0_initVar, 1
 301              	I2C_0_initVar:
 302 0000 00       		.space	1
 303              		.text
 304              	.Letext0:
 305              		.file 2 ".\\Generated_Source\\PSoC5\\cytypes.h"
 306              		.file 3 ".\\Generated_Source\\PSoC5\\I2C_0.h"
 307              		.file 4 ".\\Generated_Source\\PSoC5\\I2C_0_PVT.h"
 308              		.file 5 ".\\Generated_Source\\PSoC5\\CyLib.h"
 309              		.section	.debug_info,"",%progbits
 310              	.Ldebug_info0:
 311 0000 D2020000 		.4byte	0x2d2
 312 0004 0400     		.2byte	0x4
 313 0006 00000000 		.4byte	.Ldebug_abbrev0
 314 000a 04       		.byte	0x4
 315 000b 01       		.uleb128 0x1
 316 000c 36010000 		.4byte	.LASF39
 317 0010 01       		.byte	0x1
 318 0011 FD000000 		.4byte	.LASF40
 319 0015 14000000 		.4byte	.LASF41
 320 0019 00000000 		.4byte	.Ldebug_ranges0+0
 321 001d 00000000 		.4byte	0
 322 0021 00000000 		.4byte	.Ldebug_line0
 323 0025 02       		.uleb128 0x2
 324 0026 01       		.byte	0x1
 325 0027 06       		.byte	0x6
 326 0028 CF020000 		.4byte	.LASF0
 327 002c 02       		.uleb128 0x2
 328 002d 01       		.byte	0x1
 329 002e 08       		.byte	0x8
 330 002f C0000000 		.4byte	.LASF1
 331 0033 02       		.uleb128 0x2
 332 0034 02       		.byte	0x2
 333 0035 05       		.byte	0x5
 334 0036 1E010000 		.4byte	.LASF2
 335 003a 02       		.uleb128 0x2
 336 003b 02       		.byte	0x2
 337 003c 07       		.byte	0x7
 338 003d 7E000000 		.4byte	.LASF3
 339 0041 02       		.uleb128 0x2
 340 0042 04       		.byte	0x4
 341 0043 05       		.byte	0x5
 342 0044 A5020000 		.4byte	.LASF4
 343 0048 02       		.uleb128 0x2
 344 0049 04       		.byte	0x4
 345 004a 07       		.byte	0x7
 346 004b D3000000 		.4byte	.LASF5
ARM GAS  C:\Users\Alex\AppData\Local\Temp\ccfGWnwN.s 			page 12


 347 004f 02       		.uleb128 0x2
 348 0050 08       		.byte	0x8
 349 0051 05       		.byte	0x5
 350 0052 60020000 		.4byte	.LASF6
 351 0056 02       		.uleb128 0x2
 352 0057 08       		.byte	0x8
 353 0058 07       		.byte	0x7
 354 0059 EF010000 		.4byte	.LASF7
 355 005d 03       		.uleb128 0x3
 356 005e 04       		.byte	0x4
 357 005f 05       		.byte	0x5
 358 0060 696E7400 		.ascii	"int\000"
 359 0064 02       		.uleb128 0x2
 360 0065 04       		.byte	0x4
 361 0066 07       		.byte	0x7
 362 0067 E2010000 		.4byte	.LASF8
 363 006b 04       		.uleb128 0x4
 364 006c 89020000 		.4byte	.LASF9
 365 0070 02       		.byte	0x2
 366 0071 C2       		.byte	0xc2
 367 0072 2C000000 		.4byte	0x2c
 368 0076 04       		.uleb128 0x4
 369 0077 28010000 		.4byte	.LASF10
 370 007b 02       		.byte	0x2
 371 007c C3       		.byte	0xc3
 372 007d 3A000000 		.4byte	0x3a
 373 0081 04       		.uleb128 0x4
 374 0082 2F010000 		.4byte	.LASF11
 375 0086 02       		.byte	0x2
 376 0087 C4       		.byte	0xc4
 377 0088 48000000 		.4byte	0x48
 378 008c 02       		.uleb128 0x2
 379 008d 04       		.byte	0x4
 380 008e 04       		.byte	0x4
 381 008f 6E020000 		.4byte	.LASF12
 382 0093 02       		.uleb128 0x2
 383 0094 08       		.byte	0x8
 384 0095 04       		.byte	0x4
 385 0096 F6000000 		.4byte	.LASF13
 386 009a 02       		.uleb128 0x2
 387 009b 01       		.byte	0x1
 388 009c 08       		.byte	0x8
 389 009d 74020000 		.4byte	.LASF14
 390 00a1 05       		.uleb128 0x5
 391 00a2 CE000000 		.4byte	.LASF15
 392 00a6 02       		.byte	0x2
 393 00a7 6C01     		.2byte	0x16c
 394 00a9 AD000000 		.4byte	0xad
 395 00ad 06       		.uleb128 0x6
 396 00ae 6B000000 		.4byte	0x6b
 397 00b2 05       		.uleb128 0x5
 398 00b3 0E000000 		.4byte	.LASF16
 399 00b7 02       		.byte	0x2
 400 00b8 6E01     		.2byte	0x16e
 401 00ba BE000000 		.4byte	0xbe
 402 00be 06       		.uleb128 0x6
 403 00bf 81000000 		.4byte	0x81
ARM GAS  C:\Users\Alex\AppData\Local\Temp\ccfGWnwN.s 			page 13


 404 00c3 05       		.uleb128 0x5
 405 00c4 3E020000 		.4byte	.LASF17
 406 00c8 02       		.byte	0x2
 407 00c9 7E01     		.2byte	0x17e
 408 00cb CF000000 		.4byte	0xcf
 409 00cf 07       		.uleb128 0x7
 410 00d0 04       		.byte	0x4
 411 00d1 D5000000 		.4byte	0xd5
 412 00d5 08       		.uleb128 0x8
 413 00d6 02       		.uleb128 0x2
 414 00d7 04       		.byte	0x4
 415 00d8 07       		.byte	0x7
 416 00d9 4B020000 		.4byte	.LASF18
 417 00dd 09       		.uleb128 0x9
 418 00de 06       		.byte	0x6
 419 00df 03       		.byte	0x3
 420 00e0 76       		.byte	0x76
 421 00e1 2E010000 		.4byte	0x12e
 422 00e5 0A       		.uleb128 0xa
 423 00e6 AE020000 		.4byte	.LASF19
 424 00ea 03       		.byte	0x3
 425 00eb 78       		.byte	0x78
 426 00ec 6B000000 		.4byte	0x6b
 427 00f0 00       		.byte	0
 428 00f1 0A       		.uleb128 0xa
 429 00f2 79020000 		.4byte	.LASF20
 430 00f6 03       		.byte	0x3
 431 00f7 7B       		.byte	0x7b
 432 00f8 6B000000 		.4byte	0x6b
 433 00fc 01       		.byte	0x1
 434 00fd 0B       		.uleb128 0xb
 435 00fe 63666700 		.ascii	"cfg\000"
 436 0102 03       		.byte	0x3
 437 0103 7C       		.byte	0x7c
 438 0104 6B000000 		.4byte	0x6b
 439 0108 02       		.byte	0x2
 440 0109 0A       		.uleb128 0xa
 441 010a E5000000 		.4byte	.LASF21
 442 010e 03       		.byte	0x3
 443 010f 7D       		.byte	0x7d
 444 0110 6B000000 		.4byte	0x6b
 445 0114 03       		.byte	0x3
 446 0115 0A       		.uleb128 0xa
 447 0116 17020000 		.4byte	.LASF22
 448 011a 03       		.byte	0x3
 449 011b 7E       		.byte	0x7e
 450 011c 6B000000 		.4byte	0x6b
 451 0120 04       		.byte	0x4
 452 0121 0A       		.uleb128 0xa
 453 0122 1F020000 		.4byte	.LASF23
 454 0126 03       		.byte	0x3
 455 0127 7F       		.byte	0x7f
 456 0128 6B000000 		.4byte	0x6b
 457 012c 05       		.byte	0x5
 458 012d 00       		.byte	0
 459 012e 04       		.uleb128 0x4
 460 012f 51000000 		.4byte	.LASF24
ARM GAS  C:\Users\Alex\AppData\Local\Temp\ccfGWnwN.s 			page 14


 461 0133 03       		.byte	0x3
 462 0134 89       		.byte	0x89
 463 0135 DD000000 		.4byte	0xdd
 464 0139 0C       		.uleb128 0xc
 465 013a 7E020000 		.4byte	.LASF25
 466 013e 01       		.byte	0x1
 467 013f 31       		.byte	0x31
 468 0140 00000000 		.4byte	.LFB0
 469 0144 68000000 		.4byte	.LFE0-.LFB0
 470 0148 01       		.uleb128 0x1
 471 0149 9C       		.byte	0x9c
 472 014a 76010000 		.4byte	0x176
 473 014e 0D       		.uleb128 0xd
 474 014f 30000000 		.4byte	.LVL0
 475 0153 7C020000 		.4byte	0x27c
 476 0157 66010000 		.4byte	0x166
 477 015b 0E       		.uleb128 0xe
 478 015c 01       		.uleb128 0x1
 479 015d 51       		.byte	0x51
 480 015e 01       		.uleb128 0x1
 481 015f 37       		.byte	0x37
 482 0160 0E       		.uleb128 0xe
 483 0161 01       		.uleb128 0x1
 484 0162 50       		.byte	0x50
 485 0163 01       		.uleb128 0x1
 486 0164 3F       		.byte	0x3f
 487 0165 00       		.byte	0
 488 0166 0F       		.uleb128 0xf
 489 0167 38000000 		.4byte	.LVL1
 490 016b 92020000 		.4byte	0x292
 491 016f 0E       		.uleb128 0xe
 492 0170 01       		.uleb128 0x1
 493 0171 50       		.byte	0x50
 494 0172 01       		.uleb128 0x1
 495 0173 3F       		.byte	0x3f
 496 0174 00       		.byte	0
 497 0175 00       		.byte	0
 498 0176 0C       		.uleb128 0xc
 499 0177 DB020000 		.4byte	.LASF26
 500 017b 01       		.byte	0x1
 501 017c 85       		.byte	0x85
 502 017d 00000000 		.4byte	.LFB1
 503 0181 24000000 		.4byte	.LFE1-.LFB1
 504 0185 01       		.uleb128 0x1
 505 0186 9C       		.byte	0x9c
 506 0187 AD010000 		.4byte	0x1ad
 507 018b 10       		.uleb128 0x10
 508 018c C4010000 		.4byte	.LASF29
 509 0190 01       		.byte	0x1
 510 0191 88       		.byte	0x88
 511 0192 6B000000 		.4byte	0x6b
 512 0196 00000000 		.4byte	.LLST0
 513 019a 11       		.uleb128 0x11
 514 019b 06000000 		.4byte	.LVL2
 515 019f AC020000 		.4byte	0x2ac
 516 01a3 11       		.uleb128 0x11
 517 01a4 1E000000 		.4byte	.LVL3
ARM GAS  C:\Users\Alex\AppData\Local\Temp\ccfGWnwN.s 			page 15


 518 01a8 B7020000 		.4byte	0x2b7
 519 01ac 00       		.byte	0
 520 01ad 0C       		.uleb128 0xc
 521 01ae 54020000 		.4byte	.LASF27
 522 01b2 01       		.byte	0x1
 523 01b3 BD       		.byte	0xbd
 524 01b4 00000000 		.4byte	.LFB2
 525 01b8 28000000 		.4byte	.LFE2-.LFB2
 526 01bc 01       		.uleb128 0x1
 527 01bd 9C       		.byte	0x9c
 528 01be D5010000 		.4byte	0x1d5
 529 01c2 11       		.uleb128 0x11
 530 01c3 0C000000 		.4byte	.LVL4
 531 01c7 39010000 		.4byte	0x139
 532 01cb 11       		.uleb128 0x11
 533 01cc 16000000 		.4byte	.LVL5
 534 01d0 76010000 		.4byte	0x176
 535 01d4 00       		.byte	0
 536 01d5 0C       		.uleb128 0xc
 537 01d6 73000000 		.4byte	.LASF28
 538 01da 01       		.byte	0x1
 539 01db D9       		.byte	0xd9
 540 01dc 00000000 		.4byte	.LFB3
 541 01e0 B4000000 		.4byte	.LFE3-.LFB3
 542 01e4 01       		.uleb128 0x1
 543 01e5 9C       		.byte	0x9c
 544 01e6 2E020000 		.4byte	0x22e
 545 01ea 12       		.uleb128 0x12
 546 01eb 0E000000 		.4byte	.LBB2
 547 01ef 6A000000 		.4byte	.LBE2-.LBB2
 548 01f3 10       		.uleb128 0x10
 549 01f4 C4010000 		.4byte	.LASF29
 550 01f8 01       		.byte	0x1
 551 01f9 E3       		.byte	0xe3
 552 01fa 6B000000 		.4byte	0x6b
 553 01fe 13000000 		.4byte	.LLST1
 554 0202 10       		.uleb128 0x10
 555 0203 91000000 		.4byte	.LASF30
 556 0207 01       		.byte	0x1
 557 0208 E4       		.byte	0xe4
 558 0209 76000000 		.4byte	0x76
 559 020d 26000000 		.4byte	.LLST2
 560 0211 11       		.uleb128 0x11
 561 0212 40000000 		.4byte	.LVL7
 562 0216 C8020000 		.4byte	0x2c8
 563 021a 11       		.uleb128 0x11
 564 021b 44000000 		.4byte	.LVL8
 565 021f AC020000 		.4byte	0x2ac
 566 0223 11       		.uleb128 0x11
 567 0224 5C000000 		.4byte	.LVL9
 568 0228 B7020000 		.4byte	0x2b7
 569 022c 00       		.byte	0
 570 022d 00       		.byte	0
 571 022e 13       		.uleb128 0x13
 572 022f 65000000 		.4byte	.LASF31
 573 0233 01       		.byte	0x1
 574 0234 18       		.byte	0x18
ARM GAS  C:\Users\Alex\AppData\Local\Temp\ccfGWnwN.s 			page 16


 575 0235 6B000000 		.4byte	0x6b
 576 0239 05       		.uleb128 0x5
 577 023a 03       		.byte	0x3
 578 023b 00000000 		.4byte	I2C_0_initVar
 579 023f 14       		.uleb128 0x14
 580 0240 B3000000 		.4byte	.LASF32
 581 0244 04       		.byte	0x4
 582 0245 21       		.byte	0x21
 583 0246 2E010000 		.4byte	0x12e
 584 024a 13       		.uleb128 0x13
 585 024b EA000000 		.4byte	.LASF33
 586 024f 01       		.byte	0x1
 587 0250 1A       		.byte	0x1a
 588 0251 AD000000 		.4byte	0xad
 589 0255 05       		.uleb128 0x5
 590 0256 03       		.byte	0x3
 591 0257 00000000 		.4byte	I2C_0_state
 592 025b 14       		.uleb128 0x14
 593 025c A2000000 		.4byte	.LASF34
 594 0260 04       		.byte	0x4
 595 0261 27       		.byte	0x27
 596 0262 AD000000 		.4byte	0xad
 597 0266 14       		.uleb128 0x14
 598 0267 BA020000 		.4byte	.LASF35
 599 026b 04       		.byte	0x4
 600 026c 2D       		.byte	0x2d
 601 026d AD000000 		.4byte	0xad
 602 0271 14       		.uleb128 0x14
 603 0272 CD010000 		.4byte	.LASF36
 604 0276 04       		.byte	0x4
 605 0277 32       		.byte	0x32
 606 0278 AD000000 		.4byte	0xad
 607 027c 15       		.uleb128 0x15
 608 027d 06020000 		.4byte	.LASF37
 609 0281 05       		.byte	0x5
 610 0282 8C       		.byte	0x8c
 611 0283 92020000 		.4byte	0x292
 612 0287 16       		.uleb128 0x16
 613 0288 6B000000 		.4byte	0x6b
 614 028c 16       		.uleb128 0x16
 615 028d 6B000000 		.4byte	0x6b
 616 0291 00       		.byte	0
 617 0292 17       		.uleb128 0x17
 618 0293 42000000 		.4byte	.LASF42
 619 0297 05       		.byte	0x5
 620 0298 89       		.byte	0x89
 621 0299 C3000000 		.4byte	0xc3
 622 029d AC020000 		.4byte	0x2ac
 623 02a1 16       		.uleb128 0x16
 624 02a2 6B000000 		.4byte	0x6b
 625 02a6 16       		.uleb128 0x16
 626 02a7 C3000000 		.4byte	0xc3
 627 02ab 00       		.byte	0
 628 02ac 18       		.uleb128 0x18
 629 02ad 27020000 		.4byte	.LASF43
 630 02b1 05       		.byte	0x5
 631 02b2 7E       		.byte	0x7e
ARM GAS  C:\Users\Alex\AppData\Local\Temp\ccfGWnwN.s 			page 17


 632 02b3 6B000000 		.4byte	0x6b
 633 02b7 15       		.uleb128 0x15
 634 02b8 8F020000 		.4byte	.LASF38
 635 02bc 05       		.byte	0x5
 636 02bd 7F       		.byte	0x7f
 637 02be C8020000 		.4byte	0x2c8
 638 02c2 16       		.uleb128 0x16
 639 02c3 6B000000 		.4byte	0x6b
 640 02c7 00       		.byte	0
 641 02c8 19       		.uleb128 0x19
 642 02c9 00000000 		.4byte	.LASF44
 643 02cd 05       		.byte	0x5
 644 02ce 7A       		.byte	0x7a
 645 02cf 16       		.uleb128 0x16
 646 02d0 81000000 		.4byte	0x81
 647 02d4 00       		.byte	0
 648 02d5 00       		.byte	0
 649              		.section	.debug_abbrev,"",%progbits
 650              	.Ldebug_abbrev0:
 651 0000 01       		.uleb128 0x1
 652 0001 11       		.uleb128 0x11
 653 0002 01       		.byte	0x1
 654 0003 25       		.uleb128 0x25
 655 0004 0E       		.uleb128 0xe
 656 0005 13       		.uleb128 0x13
 657 0006 0B       		.uleb128 0xb
 658 0007 03       		.uleb128 0x3
 659 0008 0E       		.uleb128 0xe
 660 0009 1B       		.uleb128 0x1b
 661 000a 0E       		.uleb128 0xe
 662 000b 55       		.uleb128 0x55
 663 000c 17       		.uleb128 0x17
 664 000d 11       		.uleb128 0x11
 665 000e 01       		.uleb128 0x1
 666 000f 10       		.uleb128 0x10
 667 0010 17       		.uleb128 0x17
 668 0011 00       		.byte	0
 669 0012 00       		.byte	0
 670 0013 02       		.uleb128 0x2
 671 0014 24       		.uleb128 0x24
 672 0015 00       		.byte	0
 673 0016 0B       		.uleb128 0xb
 674 0017 0B       		.uleb128 0xb
 675 0018 3E       		.uleb128 0x3e
 676 0019 0B       		.uleb128 0xb
 677 001a 03       		.uleb128 0x3
 678 001b 0E       		.uleb128 0xe
 679 001c 00       		.byte	0
 680 001d 00       		.byte	0
 681 001e 03       		.uleb128 0x3
 682 001f 24       		.uleb128 0x24
 683 0020 00       		.byte	0
 684 0021 0B       		.uleb128 0xb
 685 0022 0B       		.uleb128 0xb
 686 0023 3E       		.uleb128 0x3e
 687 0024 0B       		.uleb128 0xb
 688 0025 03       		.uleb128 0x3
ARM GAS  C:\Users\Alex\AppData\Local\Temp\ccfGWnwN.s 			page 18


 689 0026 08       		.uleb128 0x8
 690 0027 00       		.byte	0
 691 0028 00       		.byte	0
 692 0029 04       		.uleb128 0x4
 693 002a 16       		.uleb128 0x16
 694 002b 00       		.byte	0
 695 002c 03       		.uleb128 0x3
 696 002d 0E       		.uleb128 0xe
 697 002e 3A       		.uleb128 0x3a
 698 002f 0B       		.uleb128 0xb
 699 0030 3B       		.uleb128 0x3b
 700 0031 0B       		.uleb128 0xb
 701 0032 49       		.uleb128 0x49
 702 0033 13       		.uleb128 0x13
 703 0034 00       		.byte	0
 704 0035 00       		.byte	0
 705 0036 05       		.uleb128 0x5
 706 0037 16       		.uleb128 0x16
 707 0038 00       		.byte	0
 708 0039 03       		.uleb128 0x3
 709 003a 0E       		.uleb128 0xe
 710 003b 3A       		.uleb128 0x3a
 711 003c 0B       		.uleb128 0xb
 712 003d 3B       		.uleb128 0x3b
 713 003e 05       		.uleb128 0x5
 714 003f 49       		.uleb128 0x49
 715 0040 13       		.uleb128 0x13
 716 0041 00       		.byte	0
 717 0042 00       		.byte	0
 718 0043 06       		.uleb128 0x6
 719 0044 35       		.uleb128 0x35
 720 0045 00       		.byte	0
 721 0046 49       		.uleb128 0x49
 722 0047 13       		.uleb128 0x13
 723 0048 00       		.byte	0
 724 0049 00       		.byte	0
 725 004a 07       		.uleb128 0x7
 726 004b 0F       		.uleb128 0xf
 727 004c 00       		.byte	0
 728 004d 0B       		.uleb128 0xb
 729 004e 0B       		.uleb128 0xb
 730 004f 49       		.uleb128 0x49
 731 0050 13       		.uleb128 0x13
 732 0051 00       		.byte	0
 733 0052 00       		.byte	0
 734 0053 08       		.uleb128 0x8
 735 0054 15       		.uleb128 0x15
 736 0055 00       		.byte	0
 737 0056 27       		.uleb128 0x27
 738 0057 19       		.uleb128 0x19
 739 0058 00       		.byte	0
 740 0059 00       		.byte	0
 741 005a 09       		.uleb128 0x9
 742 005b 13       		.uleb128 0x13
 743 005c 01       		.byte	0x1
 744 005d 0B       		.uleb128 0xb
 745 005e 0B       		.uleb128 0xb
ARM GAS  C:\Users\Alex\AppData\Local\Temp\ccfGWnwN.s 			page 19


 746 005f 3A       		.uleb128 0x3a
 747 0060 0B       		.uleb128 0xb
 748 0061 3B       		.uleb128 0x3b
 749 0062 0B       		.uleb128 0xb
 750 0063 01       		.uleb128 0x1
 751 0064 13       		.uleb128 0x13
 752 0065 00       		.byte	0
 753 0066 00       		.byte	0
 754 0067 0A       		.uleb128 0xa
 755 0068 0D       		.uleb128 0xd
 756 0069 00       		.byte	0
 757 006a 03       		.uleb128 0x3
 758 006b 0E       		.uleb128 0xe
 759 006c 3A       		.uleb128 0x3a
 760 006d 0B       		.uleb128 0xb
 761 006e 3B       		.uleb128 0x3b
 762 006f 0B       		.uleb128 0xb
 763 0070 49       		.uleb128 0x49
 764 0071 13       		.uleb128 0x13
 765 0072 38       		.uleb128 0x38
 766 0073 0B       		.uleb128 0xb
 767 0074 00       		.byte	0
 768 0075 00       		.byte	0
 769 0076 0B       		.uleb128 0xb
 770 0077 0D       		.uleb128 0xd
 771 0078 00       		.byte	0
 772 0079 03       		.uleb128 0x3
 773 007a 08       		.uleb128 0x8
 774 007b 3A       		.uleb128 0x3a
 775 007c 0B       		.uleb128 0xb
 776 007d 3B       		.uleb128 0x3b
 777 007e 0B       		.uleb128 0xb
 778 007f 49       		.uleb128 0x49
 779 0080 13       		.uleb128 0x13
 780 0081 38       		.uleb128 0x38
 781 0082 0B       		.uleb128 0xb
 782 0083 00       		.byte	0
 783 0084 00       		.byte	0
 784 0085 0C       		.uleb128 0xc
 785 0086 2E       		.uleb128 0x2e
 786 0087 01       		.byte	0x1
 787 0088 3F       		.uleb128 0x3f
 788 0089 19       		.uleb128 0x19
 789 008a 03       		.uleb128 0x3
 790 008b 0E       		.uleb128 0xe
 791 008c 3A       		.uleb128 0x3a
 792 008d 0B       		.uleb128 0xb
 793 008e 3B       		.uleb128 0x3b
 794 008f 0B       		.uleb128 0xb
 795 0090 27       		.uleb128 0x27
 796 0091 19       		.uleb128 0x19
 797 0092 11       		.uleb128 0x11
 798 0093 01       		.uleb128 0x1
 799 0094 12       		.uleb128 0x12
 800 0095 06       		.uleb128 0x6
 801 0096 40       		.uleb128 0x40
 802 0097 18       		.uleb128 0x18
ARM GAS  C:\Users\Alex\AppData\Local\Temp\ccfGWnwN.s 			page 20


 803 0098 9742     		.uleb128 0x2117
 804 009a 19       		.uleb128 0x19
 805 009b 01       		.uleb128 0x1
 806 009c 13       		.uleb128 0x13
 807 009d 00       		.byte	0
 808 009e 00       		.byte	0
 809 009f 0D       		.uleb128 0xd
 810 00a0 898201   		.uleb128 0x4109
 811 00a3 01       		.byte	0x1
 812 00a4 11       		.uleb128 0x11
 813 00a5 01       		.uleb128 0x1
 814 00a6 31       		.uleb128 0x31
 815 00a7 13       		.uleb128 0x13
 816 00a8 01       		.uleb128 0x1
 817 00a9 13       		.uleb128 0x13
 818 00aa 00       		.byte	0
 819 00ab 00       		.byte	0
 820 00ac 0E       		.uleb128 0xe
 821 00ad 8A8201   		.uleb128 0x410a
 822 00b0 00       		.byte	0
 823 00b1 02       		.uleb128 0x2
 824 00b2 18       		.uleb128 0x18
 825 00b3 9142     		.uleb128 0x2111
 826 00b5 18       		.uleb128 0x18
 827 00b6 00       		.byte	0
 828 00b7 00       		.byte	0
 829 00b8 0F       		.uleb128 0xf
 830 00b9 898201   		.uleb128 0x4109
 831 00bc 01       		.byte	0x1
 832 00bd 11       		.uleb128 0x11
 833 00be 01       		.uleb128 0x1
 834 00bf 31       		.uleb128 0x31
 835 00c0 13       		.uleb128 0x13
 836 00c1 00       		.byte	0
 837 00c2 00       		.byte	0
 838 00c3 10       		.uleb128 0x10
 839 00c4 34       		.uleb128 0x34
 840 00c5 00       		.byte	0
 841 00c6 03       		.uleb128 0x3
 842 00c7 0E       		.uleb128 0xe
 843 00c8 3A       		.uleb128 0x3a
 844 00c9 0B       		.uleb128 0xb
 845 00ca 3B       		.uleb128 0x3b
 846 00cb 0B       		.uleb128 0xb
 847 00cc 49       		.uleb128 0x49
 848 00cd 13       		.uleb128 0x13
 849 00ce 02       		.uleb128 0x2
 850 00cf 17       		.uleb128 0x17
 851 00d0 00       		.byte	0
 852 00d1 00       		.byte	0
 853 00d2 11       		.uleb128 0x11
 854 00d3 898201   		.uleb128 0x4109
 855 00d6 00       		.byte	0
 856 00d7 11       		.uleb128 0x11
 857 00d8 01       		.uleb128 0x1
 858 00d9 31       		.uleb128 0x31
 859 00da 13       		.uleb128 0x13
ARM GAS  C:\Users\Alex\AppData\Local\Temp\ccfGWnwN.s 			page 21


 860 00db 00       		.byte	0
 861 00dc 00       		.byte	0
 862 00dd 12       		.uleb128 0x12
 863 00de 0B       		.uleb128 0xb
 864 00df 01       		.byte	0x1
 865 00e0 11       		.uleb128 0x11
 866 00e1 01       		.uleb128 0x1
 867 00e2 12       		.uleb128 0x12
 868 00e3 06       		.uleb128 0x6
 869 00e4 00       		.byte	0
 870 00e5 00       		.byte	0
 871 00e6 13       		.uleb128 0x13
 872 00e7 34       		.uleb128 0x34
 873 00e8 00       		.byte	0
 874 00e9 03       		.uleb128 0x3
 875 00ea 0E       		.uleb128 0xe
 876 00eb 3A       		.uleb128 0x3a
 877 00ec 0B       		.uleb128 0xb
 878 00ed 3B       		.uleb128 0x3b
 879 00ee 0B       		.uleb128 0xb
 880 00ef 49       		.uleb128 0x49
 881 00f0 13       		.uleb128 0x13
 882 00f1 3F       		.uleb128 0x3f
 883 00f2 19       		.uleb128 0x19
 884 00f3 02       		.uleb128 0x2
 885 00f4 18       		.uleb128 0x18
 886 00f5 00       		.byte	0
 887 00f6 00       		.byte	0
 888 00f7 14       		.uleb128 0x14
 889 00f8 34       		.uleb128 0x34
 890 00f9 00       		.byte	0
 891 00fa 03       		.uleb128 0x3
 892 00fb 0E       		.uleb128 0xe
 893 00fc 3A       		.uleb128 0x3a
 894 00fd 0B       		.uleb128 0xb
 895 00fe 3B       		.uleb128 0x3b
 896 00ff 0B       		.uleb128 0xb
 897 0100 49       		.uleb128 0x49
 898 0101 13       		.uleb128 0x13
 899 0102 3F       		.uleb128 0x3f
 900 0103 19       		.uleb128 0x19
 901 0104 3C       		.uleb128 0x3c
 902 0105 19       		.uleb128 0x19
 903 0106 00       		.byte	0
 904 0107 00       		.byte	0
 905 0108 15       		.uleb128 0x15
 906 0109 2E       		.uleb128 0x2e
 907 010a 01       		.byte	0x1
 908 010b 3F       		.uleb128 0x3f
 909 010c 19       		.uleb128 0x19
 910 010d 03       		.uleb128 0x3
 911 010e 0E       		.uleb128 0xe
 912 010f 3A       		.uleb128 0x3a
 913 0110 0B       		.uleb128 0xb
 914 0111 3B       		.uleb128 0x3b
 915 0112 0B       		.uleb128 0xb
 916 0113 27       		.uleb128 0x27
ARM GAS  C:\Users\Alex\AppData\Local\Temp\ccfGWnwN.s 			page 22


 917 0114 19       		.uleb128 0x19
 918 0115 3C       		.uleb128 0x3c
 919 0116 19       		.uleb128 0x19
 920 0117 01       		.uleb128 0x1
 921 0118 13       		.uleb128 0x13
 922 0119 00       		.byte	0
 923 011a 00       		.byte	0
 924 011b 16       		.uleb128 0x16
 925 011c 05       		.uleb128 0x5
 926 011d 00       		.byte	0
 927 011e 49       		.uleb128 0x49
 928 011f 13       		.uleb128 0x13
 929 0120 00       		.byte	0
 930 0121 00       		.byte	0
 931 0122 17       		.uleb128 0x17
 932 0123 2E       		.uleb128 0x2e
 933 0124 01       		.byte	0x1
 934 0125 3F       		.uleb128 0x3f
 935 0126 19       		.uleb128 0x19
 936 0127 03       		.uleb128 0x3
 937 0128 0E       		.uleb128 0xe
 938 0129 3A       		.uleb128 0x3a
 939 012a 0B       		.uleb128 0xb
 940 012b 3B       		.uleb128 0x3b
 941 012c 0B       		.uleb128 0xb
 942 012d 27       		.uleb128 0x27
 943 012e 19       		.uleb128 0x19
 944 012f 49       		.uleb128 0x49
 945 0130 13       		.uleb128 0x13
 946 0131 3C       		.uleb128 0x3c
 947 0132 19       		.uleb128 0x19
 948 0133 01       		.uleb128 0x1
 949 0134 13       		.uleb128 0x13
 950 0135 00       		.byte	0
 951 0136 00       		.byte	0
 952 0137 18       		.uleb128 0x18
 953 0138 2E       		.uleb128 0x2e
 954 0139 00       		.byte	0
 955 013a 3F       		.uleb128 0x3f
 956 013b 19       		.uleb128 0x19
 957 013c 03       		.uleb128 0x3
 958 013d 0E       		.uleb128 0xe
 959 013e 3A       		.uleb128 0x3a
 960 013f 0B       		.uleb128 0xb
 961 0140 3B       		.uleb128 0x3b
 962 0141 0B       		.uleb128 0xb
 963 0142 27       		.uleb128 0x27
 964 0143 19       		.uleb128 0x19
 965 0144 49       		.uleb128 0x49
 966 0145 13       		.uleb128 0x13
 967 0146 3C       		.uleb128 0x3c
 968 0147 19       		.uleb128 0x19
 969 0148 00       		.byte	0
 970 0149 00       		.byte	0
 971 014a 19       		.uleb128 0x19
 972 014b 2E       		.uleb128 0x2e
 973 014c 01       		.byte	0x1
ARM GAS  C:\Users\Alex\AppData\Local\Temp\ccfGWnwN.s 			page 23


 974 014d 3F       		.uleb128 0x3f
 975 014e 19       		.uleb128 0x19
 976 014f 03       		.uleb128 0x3
 977 0150 0E       		.uleb128 0xe
 978 0151 3A       		.uleb128 0x3a
 979 0152 0B       		.uleb128 0xb
 980 0153 3B       		.uleb128 0x3b
 981 0154 0B       		.uleb128 0xb
 982 0155 27       		.uleb128 0x27
 983 0156 19       		.uleb128 0x19
 984 0157 3C       		.uleb128 0x3c
 985 0158 19       		.uleb128 0x19
 986 0159 00       		.byte	0
 987 015a 00       		.byte	0
 988 015b 00       		.byte	0
 989              		.section	.debug_loc,"",%progbits
 990              	.Ldebug_loc0:
 991              	.LLST0:
 992 0000 06000000 		.4byte	.LVL2
 993 0004 1D000000 		.4byte	.LVL3-1
 994 0008 0100     		.2byte	0x1
 995 000a 50       		.byte	0x50
 996 000b 00000000 		.4byte	0
 997 000f 00000000 		.4byte	0
 998              	.LLST1:
 999 0013 44000000 		.4byte	.LVL8
 1000 0017 5B000000 		.4byte	.LVL9-1
 1001 001b 0100     		.2byte	0x1
 1002 001d 50       		.byte	0x50
 1003 001e 00000000 		.4byte	0
 1004 0022 00000000 		.4byte	0
 1005              	.LLST2:
 1006 0026 30000000 		.4byte	.LVL6
 1007 002a 3F000000 		.4byte	.LVL7-1
 1008 002e 0100     		.2byte	0x1
 1009 0030 50       		.byte	0x50
 1010 0031 00000000 		.4byte	0
 1011 0035 00000000 		.4byte	0
 1012              		.section	.debug_aranges,"",%progbits
 1013 0000 34000000 		.4byte	0x34
 1014 0004 0200     		.2byte	0x2
 1015 0006 00000000 		.4byte	.Ldebug_info0
 1016 000a 04       		.byte	0x4
 1017 000b 00       		.byte	0
 1018 000c 0000     		.2byte	0
 1019 000e 0000     		.2byte	0
 1020 0010 00000000 		.4byte	.LFB0
 1021 0014 68000000 		.4byte	.LFE0-.LFB0
 1022 0018 00000000 		.4byte	.LFB1
 1023 001c 24000000 		.4byte	.LFE1-.LFB1
 1024 0020 00000000 		.4byte	.LFB2
 1025 0024 28000000 		.4byte	.LFE2-.LFB2
 1026 0028 00000000 		.4byte	.LFB3
 1027 002c B4000000 		.4byte	.LFE3-.LFB3
 1028 0030 00000000 		.4byte	0
 1029 0034 00000000 		.4byte	0
 1030              		.section	.debug_ranges,"",%progbits
ARM GAS  C:\Users\Alex\AppData\Local\Temp\ccfGWnwN.s 			page 24


 1031              	.Ldebug_ranges0:
 1032 0000 00000000 		.4byte	.LFB0
 1033 0004 68000000 		.4byte	.LFE0
 1034 0008 00000000 		.4byte	.LFB1
 1035 000c 24000000 		.4byte	.LFE1
 1036 0010 00000000 		.4byte	.LFB2
 1037 0014 28000000 		.4byte	.LFE2
 1038 0018 00000000 		.4byte	.LFB3
 1039 001c B4000000 		.4byte	.LFE3
 1040 0020 00000000 		.4byte	0
 1041 0024 00000000 		.4byte	0
 1042              		.section	.debug_line,"",%progbits
 1043              	.Ldebug_line0:
 1044 0000 DD000000 		.section	.debug_str,"MS",%progbits,1
 1044      02006900 
 1044      00000201 
 1044      FB0E0D00 
 1044      01010101 
 1045              	.LASF44:
 1046 0000 43794465 		.ascii	"CyDelayCycles\000"
 1046      6C617943 
 1046      79636C65 
 1046      7300
 1047              	.LASF16:
 1048 000e 72656733 		.ascii	"reg32\000"
 1048      3200
 1049              	.LASF41:
 1050 0014 433A5C46 		.ascii	"C:\\FlexSEA_alx87grd\\execute\\execute_1_0.cydsn\000"
 1050      6C657853 
 1050      45415F61 
 1050      6C783837 
 1050      6772645C 
 1051              	.LASF42:
 1052 0042 4379496E 		.ascii	"CyIntSetVector\000"
 1052      74536574 
 1052      56656374 
 1052      6F7200
 1053              	.LASF24:
 1054 0051 4932435F 		.ascii	"I2C_0_BACKUP_STRUCT\000"
 1054      305F4241 
 1054      434B5550 
 1054      5F535452 
 1054      55435400 
 1055              	.LASF31:
 1056 0065 4932435F 		.ascii	"I2C_0_initVar\000"
 1056      305F696E 
 1056      69745661 
 1056      7200
 1057              	.LASF28:
 1058 0073 4932435F 		.ascii	"I2C_0_Stop\000"
 1058      305F5374 
 1058      6F7000
 1059              	.LASF3:
 1060 007e 73686F72 		.ascii	"short unsigned int\000"
 1060      7420756E 
 1060      7369676E 
 1060      65642069 
ARM GAS  C:\Users\Alex\AppData\Local\Temp\ccfGWnwN.s 			page 25


 1060      6E7400
 1061              	.LASF30:
 1062 0091 626C6F63 		.ascii	"blockResetCycles\000"
 1062      6B526573 
 1062      65744379 
 1062      636C6573 
 1062      00
 1063              	.LASF34:
 1064 00a2 4932435F 		.ascii	"I2C_0_mstrStatus\000"
 1064      305F6D73 
 1064      74725374 
 1064      61747573 
 1064      00
 1065              	.LASF32:
 1066 00b3 4932435F 		.ascii	"I2C_0_backup\000"
 1066      305F6261 
 1066      636B7570 
 1066      00
 1067              	.LASF1:
 1068 00c0 756E7369 		.ascii	"unsigned char\000"
 1068      676E6564 
 1068      20636861 
 1068      7200
 1069              	.LASF15:
 1070 00ce 72656738 		.ascii	"reg8\000"
 1070      00
 1071              	.LASF5:
 1072 00d3 6C6F6E67 		.ascii	"long unsigned int\000"
 1072      20756E73 
 1072      69676E65 
 1072      6420696E 
 1072      7400
 1073              	.LASF21:
 1074 00e5 61646472 		.ascii	"addr\000"
 1074      00
 1075              	.LASF33:
 1076 00ea 4932435F 		.ascii	"I2C_0_state\000"
 1076      305F7374 
 1076      61746500 
 1077              	.LASF13:
 1078 00f6 646F7562 		.ascii	"double\000"
 1078      6C6500
 1079              	.LASF40:
 1080 00fd 2E5C4765 		.ascii	".\\Generated_Source\\PSoC5\\I2C_0.c\000"
 1080      6E657261 
 1080      7465645F 
 1080      536F7572 
 1080      63655C50 
 1081              	.LASF2:
 1082 011e 73686F72 		.ascii	"short int\000"
 1082      7420696E 
 1082      7400
 1083              	.LASF10:
 1084 0128 75696E74 		.ascii	"uint16\000"
 1084      313600
 1085              	.LASF11:
 1086 012f 75696E74 		.ascii	"uint32\000"
ARM GAS  C:\Users\Alex\AppData\Local\Temp\ccfGWnwN.s 			page 26


 1086      333200
 1087              	.LASF39:
 1088 0136 474E5520 		.ascii	"GNU C 4.9.3 20150303 (release) [ARM/embedded-4_9-br"
 1088      4320342E 
 1088      392E3320 
 1088      32303135 
 1088      30333033 
 1089 0169 616E6368 		.ascii	"anch revision 221220] -mcpu=cortex-m3 -mthumb -g -O"
 1089      20726576 
 1089      6973696F 
 1089      6E203232 
 1089      31323230 
 1090 019c 67202D66 		.ascii	"g -ffunction-sections -ffat-lto-objects\000"
 1090      66756E63 
 1090      74696F6E 
 1090      2D736563 
 1090      74696F6E 
 1091              	.LASF29:
 1092 01c4 696E7453 		.ascii	"intState\000"
 1092      74617465 
 1092      00
 1093              	.LASF36:
 1094 01cd 4932435F 		.ascii	"I2C_0_mstrWrBufIndex\000"
 1094      305F6D73 
 1094      74725772 
 1094      42756649 
 1094      6E646578 
 1095              	.LASF8:
 1096 01e2 756E7369 		.ascii	"unsigned int\000"
 1096      676E6564 
 1096      20696E74 
 1096      00
 1097              	.LASF7:
 1098 01ef 6C6F6E67 		.ascii	"long long unsigned int\000"
 1098      206C6F6E 
 1098      6720756E 
 1098      7369676E 
 1098      65642069 
 1099              	.LASF37:
 1100 0206 4379496E 		.ascii	"CyIntSetPriority\000"
 1100      74536574 
 1100      5072696F 
 1100      72697479 
 1100      00
 1101              	.LASF22:
 1102 0217 636C6B44 		.ascii	"clkDiv1\000"
 1102      69763100 
 1103              	.LASF23:
 1104 021f 636C6B44 		.ascii	"clkDiv2\000"
 1104      69763200 
 1105              	.LASF43:
 1106 0227 4379456E 		.ascii	"CyEnterCriticalSection\000"
 1106      74657243 
 1106      72697469 
 1106      63616C53 
 1106      65637469 
 1107              	.LASF17:
ARM GAS  C:\Users\Alex\AppData\Local\Temp\ccfGWnwN.s 			page 27


 1108 023e 63796973 		.ascii	"cyisraddress\000"
 1108      72616464 
 1108      72657373 
 1108      00
 1109              	.LASF18:
 1110 024b 73697A65 		.ascii	"sizetype\000"
 1110      74797065 
 1110      00
 1111              	.LASF27:
 1112 0254 4932435F 		.ascii	"I2C_0_Start\000"
 1112      305F5374 
 1112      61727400 
 1113              	.LASF6:
 1114 0260 6C6F6E67 		.ascii	"long long int\000"
 1114      206C6F6E 
 1114      6720696E 
 1114      7400
 1115              	.LASF12:
 1116 026e 666C6F61 		.ascii	"float\000"
 1116      7400
 1117              	.LASF14:
 1118 0274 63686172 		.ascii	"char\000"
 1118      00
 1119              	.LASF20:
 1120 0279 78636667 		.ascii	"xcfg\000"
 1120      00
 1121              	.LASF25:
 1122 027e 4932435F 		.ascii	"I2C_0_Init\000"
 1122      305F496E 
 1122      697400
 1123              	.LASF9:
 1124 0289 75696E74 		.ascii	"uint8\000"
 1124      3800
 1125              	.LASF38:
 1126 028f 43794578 		.ascii	"CyExitCriticalSection\000"
 1126      69744372 
 1126      69746963 
 1126      616C5365 
 1126      6374696F 
 1127              	.LASF4:
 1128 02a5 6C6F6E67 		.ascii	"long int\000"
 1128      20696E74 
 1128      00
 1129              	.LASF19:
 1130 02ae 656E6162 		.ascii	"enableState\000"
 1130      6C655374 
 1130      61746500 
 1131              	.LASF35:
 1132 02ba 4932435F 		.ascii	"I2C_0_mstrRdBufIndex\000"
 1132      305F6D73 
 1132      74725264 
 1132      42756649 
 1132      6E646578 
 1133              	.LASF0:
 1134 02cf 7369676E 		.ascii	"signed char\000"
 1134      65642063 
 1134      68617200 
ARM GAS  C:\Users\Alex\AppData\Local\Temp\ccfGWnwN.s 			page 28


 1135              	.LASF26:
 1136 02db 4932435F 		.ascii	"I2C_0_Enable\000"
 1136      305F456E 
 1136      61626C65 
 1136      00
 1137              		.ident	"GCC: (GNU Tools for ARM Embedded Processors) 4.9.3 20150303 (release) [ARM/embedded-4_9-br
