ARM GAS  C:\Users\Alex\AppData\Local\Temp\ccsdIxNf.s 			page 1


   1              		.syntax unified
   2              		.cpu cortex-m3
   3              		.fpu softvfp
   4              		.eabi_attribute 20, 1
   5              		.eabi_attribute 21, 1
   6              		.eabi_attribute 23, 3
   7              		.eabi_attribute 24, 1
   8              		.eabi_attribute 25, 1
   9              		.eabi_attribute 26, 1
  10              		.eabi_attribute 30, 1
  11              		.eabi_attribute 34, 1
  12              		.eabi_attribute 18, 4
  13              		.thumb
  14              		.file	"imu.c"
  15              		.text
  16              	.Ltext0:
  17              		.cfi_sections	.debug_frame
  18              		.global _printf_float
  19              		.thumb
  20              		.section	.text.get_accel_x,"ax",%progbits
  21              		.align	2
  22              		.global	get_accel_x
  23              		.thumb
  24              		.thumb_func
  25              		.type	get_accel_x, %function
  26              	get_accel_x:
  27              	.LFB64:
  28              		.file 1 "..\\src\\imu.c"
   1:..\src/imu.c  **** //****************************************************************************
   2:..\src/imu.c  **** // MIT Media Lab - Biomechatronics
   3:..\src/imu.c  **** // Erin Main & JFDuval
   4:..\src/imu.c  **** // ermain@mit.edu, jfduval@mit.edu
   5:..\src/imu.c  **** // 02/2015
   6:..\src/imu.c  **** //****************************************************************************
   7:..\src/imu.c  **** // imu: I2C IMU (MPU-6500)
   8:..\src/imu.c  **** //****************************************************************************
   9:..\src/imu.c  **** 
  10:..\src/imu.c  **** //****************************************************************************
  11:..\src/imu.c  **** // Include(s)
  12:..\src/imu.c  **** //****************************************************************************
  13:..\src/imu.c  **** 
  14:..\src/imu.c  **** #include "main.h"
  15:..\src/imu.c  **** #include "imu.h"
  16:..\src/imu.c  **** 
  17:..\src/imu.c  **** //****************************************************************************
  18:..\src/imu.c  **** // Variable(s)
  19:..\src/imu.c  **** //****************************************************************************
  20:..\src/imu.c  **** 
  21:..\src/imu.c  **** volatile uint8 i2c_tmp_buf[IMU_MAX_BUF_SIZE];
  22:..\src/imu.c  **** //volatile uint8 i2c_0_r_buf[16];
  23:..\src/imu.c  **** struct imu_s imu;
  24:..\src/imu.c  **** 
  25:..\src/imu.c  **** //****************************************************************************
  26:..\src/imu.c  **** // Private Function Prototype(s)
  27:..\src/imu.c  **** //****************************************************************************
  28:..\src/imu.c  **** 
  29:..\src/imu.c  **** 
ARM GAS  C:\Users\Alex\AppData\Local\Temp\ccsdIxNf.s 			page 2


  30:..\src/imu.c  **** //****************************************************************************
  31:..\src/imu.c  **** // Public Function(s)
  32:..\src/imu.c  **** //****************************************************************************
  33:..\src/imu.c  **** 
  34:..\src/imu.c  **** //// HIGH LEVEL FUNCTIONS ////
  35:..\src/imu.c  **** // Initialize the IMU w/ default values in config registers
  36:..\src/imu.c  **** void init_imu() 
  37:..\src/imu.c  **** {
  38:..\src/imu.c  **** 	//Reset the IMU
  39:..\src/imu.c  **** 	reset_imu();
  40:..\src/imu.c  **** 	//while(I2C_0_MasterStatus() != I2C_0_MSTAT_WR_CMPLT);
  41:..\src/imu.c  **** 	CyDelay(25);
  42:..\src/imu.c  **** 	//ToDo: add a timeout
  43:..\src/imu.c  **** 	
  44:..\src/imu.c  **** 	// Initialize the config registers.
  45:..\src/imu.c  **** 	uint8_t config[4] = { D_IMU_CONFIG, D_IMU_GYRO_CONFIG, D_IMU_ACCEL_CONFIG, D_IMU_ACCEL_CONFIG2 };
  46:..\src/imu.c  **** 	
  47:..\src/imu.c  **** 	//Send the config sequence
  48:..\src/imu.c  **** 	imu_write(IMU_CONFIG, config, 4);
  49:..\src/imu.c  **** 	//while(I2C_0_MasterStatus() != I2C_0_MSTAT_WR_CMPLT);
  50:..\src/imu.c  **** 	//ToDo: add a timeout
  51:..\src/imu.c  **** }
  52:..\src/imu.c  **** 
  53:..\src/imu.c  **** // Get accel X
  54:..\src/imu.c  **** int16 get_accel_x(void) 
  55:..\src/imu.c  **** {
  29              		.loc 1 55 0
  30              		.cfi_startproc
  31              		@ args = 0, pretend = 0, frame = 8
  32              		@ frame_needed = 0, uses_anonymous_args = 0
  33 0000 00B5     		push	{lr}
  34              		.cfi_def_cfa_offset 4
  35              		.cfi_offset 14, -4
  36 0002 83B0     		sub	sp, sp, #12
  37              		.cfi_def_cfa_offset 16
  56:..\src/imu.c  **** 	uint8 data[2] = { 0, 0 };
  38              		.loc 1 56 0
  39 0004 0023     		movs	r3, #0
  40 0006 8DF80430 		strb	r3, [sp, #4]
  41 000a 8DF80530 		strb	r3, [sp, #5]
  57:..\src/imu.c  **** 	i2c0_read(IMU_ADDR, IMU_ACCEL_XOUT_H, data, 2);
  42              		.loc 1 57 0
  43 000e 6820     		movs	r0, #104
  44 0010 3B21     		movs	r1, #59
  45 0012 01AA     		add	r2, sp, #4
  46 0014 0223     		movs	r3, #2
  47 0016 FFF7FEFF 		bl	i2c0_read
  48              	.LVL0:
  58:..\src/imu.c  **** 	return (int16)((uint16) data[0] << 8) | (data[1]);
  49              		.loc 1 58 0
  50 001a 9DF80400 		ldrb	r0, [sp, #4]	@ zero_extendqisi2
  51 001e 9DF80530 		ldrb	r3, [sp, #5]	@ zero_extendqisi2
  52 0022 43EA0020 		orr	r0, r3, r0, lsl #8
  59:..\src/imu.c  **** }
  53              		.loc 1 59 0
  54 0026 00B2     		sxth	r0, r0
  55 0028 03B0     		add	sp, sp, #12
ARM GAS  C:\Users\Alex\AppData\Local\Temp\ccsdIxNf.s 			page 3


  56              		.cfi_def_cfa_offset 4
  57              		@ sp needed
  58 002a 5DF804FB 		ldr	pc, [sp], #4
  59              		.cfi_endproc
  60              	.LFE64:
  61              		.size	get_accel_x, .-get_accel_x
  62 002e 00BF     		.section	.text.get_accel_y,"ax",%progbits
  63              		.align	2
  64              		.global	get_accel_y
  65              		.thumb
  66              		.thumb_func
  67              		.type	get_accel_y, %function
  68              	get_accel_y:
  69              	.LFB65:
  60:..\src/imu.c  **** // Get accel Y
  61:..\src/imu.c  **** int16 get_accel_y(void)
  62:..\src/imu.c  **** {
  70              		.loc 1 62 0
  71              		.cfi_startproc
  72              		@ args = 0, pretend = 0, frame = 8
  73              		@ frame_needed = 0, uses_anonymous_args = 0
  74 0000 00B5     		push	{lr}
  75              		.cfi_def_cfa_offset 4
  76              		.cfi_offset 14, -4
  77 0002 83B0     		sub	sp, sp, #12
  78              		.cfi_def_cfa_offset 16
  63:..\src/imu.c  **** 	uint8 data[2];
  64:..\src/imu.c  **** 	i2c0_read(IMU_ADDR, IMU_ACCEL_YOUT_H, data, 2);
  79              		.loc 1 64 0
  80 0004 6820     		movs	r0, #104
  81 0006 3D21     		movs	r1, #61
  82 0008 01AA     		add	r2, sp, #4
  83 000a 0223     		movs	r3, #2
  84 000c FFF7FEFF 		bl	i2c0_read
  85              	.LVL1:
  65:..\src/imu.c  **** 	return (int16)((uint16) data[0] << 8) | (data[1]);
  86              		.loc 1 65 0
  87 0010 9DF80400 		ldrb	r0, [sp, #4]	@ zero_extendqisi2
  88 0014 9DF80530 		ldrb	r3, [sp, #5]	@ zero_extendqisi2
  89 0018 43EA0020 		orr	r0, r3, r0, lsl #8
  66:..\src/imu.c  **** }
  90              		.loc 1 66 0
  91 001c 00B2     		sxth	r0, r0
  92 001e 03B0     		add	sp, sp, #12
  93              		.cfi_def_cfa_offset 4
  94              		@ sp needed
  95 0020 5DF804FB 		ldr	pc, [sp], #4
  96              		.cfi_endproc
  97              	.LFE65:
  98              		.size	get_accel_y, .-get_accel_y
  99              		.section	.text.get_accel_z,"ax",%progbits
 100              		.align	2
 101              		.global	get_accel_z
 102              		.thumb
 103              		.thumb_func
 104              		.type	get_accel_z, %function
 105              	get_accel_z:
ARM GAS  C:\Users\Alex\AppData\Local\Temp\ccsdIxNf.s 			page 4


 106              	.LFB66:
  67:..\src/imu.c  **** 
  68:..\src/imu.c  **** // Get accel Z
  69:..\src/imu.c  **** int16 get_accel_z(void)
  70:..\src/imu.c  **** {
 107              		.loc 1 70 0
 108              		.cfi_startproc
 109              		@ args = 0, pretend = 0, frame = 8
 110              		@ frame_needed = 0, uses_anonymous_args = 0
 111 0000 00B5     		push	{lr}
 112              		.cfi_def_cfa_offset 4
 113              		.cfi_offset 14, -4
 114 0002 83B0     		sub	sp, sp, #12
 115              		.cfi_def_cfa_offset 16
  71:..\src/imu.c  **** 	uint8 data[2];
  72:..\src/imu.c  **** 	i2c0_read(IMU_ADDR, IMU_ACCEL_ZOUT_H, data, 2);
 116              		.loc 1 72 0
 117 0004 6820     		movs	r0, #104
 118 0006 3F21     		movs	r1, #63
 119 0008 01AA     		add	r2, sp, #4
 120 000a 0223     		movs	r3, #2
 121 000c FFF7FEFF 		bl	i2c0_read
 122              	.LVL2:
  73:..\src/imu.c  **** 	return (int16)((uint16) data[0] << 8) | (data[1]);
 123              		.loc 1 73 0
 124 0010 9DF80400 		ldrb	r0, [sp, #4]	@ zero_extendqisi2
 125 0014 9DF80530 		ldrb	r3, [sp, #5]	@ zero_extendqisi2
 126 0018 43EA0020 		orr	r0, r3, r0, lsl #8
  74:..\src/imu.c  **** }
 127              		.loc 1 74 0
 128 001c 00B2     		sxth	r0, r0
 129 001e 03B0     		add	sp, sp, #12
 130              		.cfi_def_cfa_offset 4
 131              		@ sp needed
 132 0020 5DF804FB 		ldr	pc, [sp], #4
 133              		.cfi_endproc
 134              	.LFE66:
 135              		.size	get_accel_z, .-get_accel_z
 136              		.section	.text.get_accel_xyz,"ax",%progbits
 137              		.align	2
 138              		.global	get_accel_xyz
 139              		.thumb
 140              		.thumb_func
 141              		.type	get_accel_xyz, %function
 142              	get_accel_xyz:
 143              	.LFB67:
  75:..\src/imu.c  **** 
  76:..\src/imu.c  **** //Puts all the accelerometer values in the structure:
  77:..\src/imu.c  **** void get_accel_xyz(void)
  78:..\src/imu.c  **** {
 144              		.loc 1 78 0
 145              		.cfi_startproc
 146              		@ args = 0, pretend = 0, frame = 8
 147              		@ frame_needed = 0, uses_anonymous_args = 0
 148 0000 00B5     		push	{lr}
 149              		.cfi_def_cfa_offset 4
 150              		.cfi_offset 14, -4
ARM GAS  C:\Users\Alex\AppData\Local\Temp\ccsdIxNf.s 			page 5


 151 0002 83B0     		sub	sp, sp, #12
 152              		.cfi_def_cfa_offset 16
  79:..\src/imu.c  **** 	uint8 tmp_data[7] = {0,0,0,0,0,0};	
 153              		.loc 1 79 0
 154 0004 0023     		movs	r3, #0
 155 0006 0093     		str	r3, [sp]
 156 0008 ADF80430 		strh	r3, [sp, #4]	@ movhi
 157 000c 8DF80630 		strb	r3, [sp, #6]
  80:..\src/imu.c  **** 	
  81:..\src/imu.c  **** 	//According to the documentation it's X_H, X_L, Y_H, ...
  82:..\src/imu.c  **** 	i2c0_read(IMU_ADDR, IMU_ACCEL_XOUT_H, tmp_data, 7);	
 158              		.loc 1 82 0
 159 0010 6820     		movs	r0, #104
 160 0012 3B21     		movs	r1, #59
 161 0014 6A46     		mov	r2, sp
 162 0016 0723     		movs	r3, #7
 163 0018 FFF7FEFF 		bl	i2c0_read
 164              	.LVL3:
  83:..\src/imu.c  **** }
 165              		.loc 1 83 0
 166 001c 03B0     		add	sp, sp, #12
 167              		.cfi_def_cfa_offset 4
 168              		@ sp needed
 169 001e 5DF804FB 		ldr	pc, [sp], #4
 170              		.cfi_endproc
 171              	.LFE67:
 172              		.size	get_accel_xyz, .-get_accel_xyz
 173 0022 00BF     		.section	.text.get_gyro_x,"ax",%progbits
 174              		.align	2
 175              		.global	get_gyro_x
 176              		.thumb
 177              		.thumb_func
 178              		.type	get_gyro_x, %function
 179              	get_gyro_x:
 180              	.LFB68:
  84:..\src/imu.c  **** 
  85:..\src/imu.c  **** // Get gyro X
  86:..\src/imu.c  **** int16 get_gyro_x(void)
  87:..\src/imu.c  **** {
 181              		.loc 1 87 0
 182              		.cfi_startproc
 183              		@ args = 0, pretend = 0, frame = 8
 184              		@ frame_needed = 0, uses_anonymous_args = 0
 185 0000 00B5     		push	{lr}
 186              		.cfi_def_cfa_offset 4
 187              		.cfi_offset 14, -4
 188 0002 83B0     		sub	sp, sp, #12
 189              		.cfi_def_cfa_offset 16
  88:..\src/imu.c  **** 	uint8 data[2];
  89:..\src/imu.c  **** 	i2c0_read(IMU_ADDR, IMU_GYRO_XOUT_H, data, 2);
 190              		.loc 1 89 0
 191 0004 6820     		movs	r0, #104
 192 0006 4321     		movs	r1, #67
 193 0008 01AA     		add	r2, sp, #4
 194 000a 0223     		movs	r3, #2
 195 000c FFF7FEFF 		bl	i2c0_read
 196              	.LVL4:
ARM GAS  C:\Users\Alex\AppData\Local\Temp\ccsdIxNf.s 			page 6


  90:..\src/imu.c  **** 	return (int16)((uint16) data[0] << 8) | (data[1]);
 197              		.loc 1 90 0
 198 0010 9DF80400 		ldrb	r0, [sp, #4]	@ zero_extendqisi2
 199 0014 9DF80530 		ldrb	r3, [sp, #5]	@ zero_extendqisi2
 200 0018 43EA0020 		orr	r0, r3, r0, lsl #8
  91:..\src/imu.c  **** }
 201              		.loc 1 91 0
 202 001c 00B2     		sxth	r0, r0
 203 001e 03B0     		add	sp, sp, #12
 204              		.cfi_def_cfa_offset 4
 205              		@ sp needed
 206 0020 5DF804FB 		ldr	pc, [sp], #4
 207              		.cfi_endproc
 208              	.LFE68:
 209              		.size	get_gyro_x, .-get_gyro_x
 210              		.section	.text.get_gyro_y,"ax",%progbits
 211              		.align	2
 212              		.global	get_gyro_y
 213              		.thumb
 214              		.thumb_func
 215              		.type	get_gyro_y, %function
 216              	get_gyro_y:
 217              	.LFB69:
  92:..\src/imu.c  **** 
  93:..\src/imu.c  **** // Get gyro Y
  94:..\src/imu.c  **** int16 get_gyro_y(void)
  95:..\src/imu.c  **** {
 218              		.loc 1 95 0
 219              		.cfi_startproc
 220              		@ args = 0, pretend = 0, frame = 8
 221              		@ frame_needed = 0, uses_anonymous_args = 0
 222 0000 00B5     		push	{lr}
 223              		.cfi_def_cfa_offset 4
 224              		.cfi_offset 14, -4
 225 0002 83B0     		sub	sp, sp, #12
 226              		.cfi_def_cfa_offset 16
  96:..\src/imu.c  **** 	uint8 data[2];
  97:..\src/imu.c  **** 	i2c0_read(IMU_ADDR, IMU_GYRO_YOUT_H, data, 2);
 227              		.loc 1 97 0
 228 0004 6820     		movs	r0, #104
 229 0006 4521     		movs	r1, #69
 230 0008 01AA     		add	r2, sp, #4
 231 000a 0223     		movs	r3, #2
 232 000c FFF7FEFF 		bl	i2c0_read
 233              	.LVL5:
  98:..\src/imu.c  **** 	return (int16)((uint16) data[0] << 8) | (data[1]);
 234              		.loc 1 98 0
 235 0010 9DF80400 		ldrb	r0, [sp, #4]	@ zero_extendqisi2
 236 0014 9DF80530 		ldrb	r3, [sp, #5]	@ zero_extendqisi2
 237 0018 43EA0020 		orr	r0, r3, r0, lsl #8
  99:..\src/imu.c  **** }
 238              		.loc 1 99 0
 239 001c 00B2     		sxth	r0, r0
 240 001e 03B0     		add	sp, sp, #12
 241              		.cfi_def_cfa_offset 4
 242              		@ sp needed
 243 0020 5DF804FB 		ldr	pc, [sp], #4
ARM GAS  C:\Users\Alex\AppData\Local\Temp\ccsdIxNf.s 			page 7


 244              		.cfi_endproc
 245              	.LFE69:
 246              		.size	get_gyro_y, .-get_gyro_y
 247              		.section	.text.get_gyro_z,"ax",%progbits
 248              		.align	2
 249              		.global	get_gyro_z
 250              		.thumb
 251              		.thumb_func
 252              		.type	get_gyro_z, %function
 253              	get_gyro_z:
 254              	.LFB70:
 100:..\src/imu.c  **** 
 101:..\src/imu.c  **** // Get gyro Z
 102:..\src/imu.c  **** int16 get_gyro_z(void)
 103:..\src/imu.c  **** {
 255              		.loc 1 103 0
 256              		.cfi_startproc
 257              		@ args = 0, pretend = 0, frame = 8
 258              		@ frame_needed = 0, uses_anonymous_args = 0
 259 0000 00B5     		push	{lr}
 260              		.cfi_def_cfa_offset 4
 261              		.cfi_offset 14, -4
 262 0002 83B0     		sub	sp, sp, #12
 263              		.cfi_def_cfa_offset 16
 104:..\src/imu.c  **** 	uint8 data[2];
 105:..\src/imu.c  **** 	i2c0_read(IMU_ADDR, IMU_GYRO_ZOUT_H, data, 2);
 264              		.loc 1 105 0
 265 0004 6820     		movs	r0, #104
 266 0006 4721     		movs	r1, #71
 267 0008 01AA     		add	r2, sp, #4
 268 000a 0223     		movs	r3, #2
 269 000c FFF7FEFF 		bl	i2c0_read
 270              	.LVL6:
 106:..\src/imu.c  **** 	return (int16)((uint16) data[0] << 8) | (data[1]);
 271              		.loc 1 106 0
 272 0010 9DF80400 		ldrb	r0, [sp, #4]	@ zero_extendqisi2
 273 0014 9DF80530 		ldrb	r3, [sp, #5]	@ zero_extendqisi2
 274 0018 43EA0020 		orr	r0, r3, r0, lsl #8
 107:..\src/imu.c  **** }
 275              		.loc 1 107 0
 276 001c 00B2     		sxth	r0, r0
 277 001e 03B0     		add	sp, sp, #12
 278              		.cfi_def_cfa_offset 4
 279              		@ sp needed
 280 0020 5DF804FB 		ldr	pc, [sp], #4
 281              		.cfi_endproc
 282              	.LFE70:
 283              		.size	get_gyro_z, .-get_gyro_z
 284              		.section	.text.get_gyro_xyz,"ax",%progbits
 285              		.align	2
 286              		.global	get_gyro_xyz
 287              		.thumb
 288              		.thumb_func
 289              		.type	get_gyro_xyz, %function
 290              	get_gyro_xyz:
 291              	.LFB71:
 108:..\src/imu.c  **** 
ARM GAS  C:\Users\Alex\AppData\Local\Temp\ccsdIxNf.s 			page 8


 109:..\src/imu.c  **** //Puts all the gyroscope values in the structure:
 110:..\src/imu.c  **** void get_gyro_xyz(void)
 111:..\src/imu.c  **** {
 292              		.loc 1 111 0
 293              		.cfi_startproc
 294              		@ args = 0, pretend = 0, frame = 8
 295              		@ frame_needed = 0, uses_anonymous_args = 0
 296 0000 00B5     		push	{lr}
 297              		.cfi_def_cfa_offset 4
 298              		.cfi_offset 14, -4
 299 0002 83B0     		sub	sp, sp, #12
 300              		.cfi_def_cfa_offset 16
 112:..\src/imu.c  **** 	uint8 tmp_data[7] = {0,0,0,0,0,0,0};
 301              		.loc 1 112 0
 302 0004 0023     		movs	r3, #0
 303 0006 8DF80030 		strb	r3, [sp]
 304 000a 8DF80130 		strb	r3, [sp, #1]
 305 000e 8DF80230 		strb	r3, [sp, #2]
 306 0012 8DF80330 		strb	r3, [sp, #3]
 307 0016 8DF80430 		strb	r3, [sp, #4]
 308 001a 8DF80530 		strb	r3, [sp, #5]
 309 001e 8DF80630 		strb	r3, [sp, #6]
 113:..\src/imu.c  **** 	
 114:..\src/imu.c  **** 	//According to the documentation it's X_H, X_L, Y_H, ...
 115:..\src/imu.c  **** 	i2c0_read(IMU_ADDR, IMU_GYRO_XOUT_H, tmp_data, 6);
 310              		.loc 1 115 0
 311 0022 6820     		movs	r0, #104
 312 0024 4321     		movs	r1, #67
 313 0026 6A46     		mov	r2, sp
 314 0028 0623     		movs	r3, #6
 315 002a FFF7FEFF 		bl	i2c0_read
 316              	.LVL7:
 116:..\src/imu.c  **** 	//Note: reading 6 bytes causes a bad reading on Z ([6] always 0).	
 117:..\src/imu.c  **** }
 317              		.loc 1 117 0
 318 002e 03B0     		add	sp, sp, #12
 319              		.cfi_def_cfa_offset 4
 320              		@ sp needed
 321 0030 5DF804FB 		ldr	pc, [sp], #4
 322              		.cfi_endproc
 323              	.LFE71:
 324              		.size	get_gyro_xyz, .-get_gyro_xyz
 325              		.section	.text.imu_write,"ax",%progbits
 326              		.align	2
 327              		.global	imu_write
 328              		.thumb
 329              		.thumb_func
 330              		.type	imu_write, %function
 331              	imu_write:
 332              	.LFB73:
 118:..\src/imu.c  **** 
 119:..\src/imu.c  **** // Reset the IMU to default settings
 120:..\src/imu.c  **** void reset_imu(void) 
 121:..\src/imu.c  **** {
 122:..\src/imu.c  **** 	uint8 config = D_DEVICE_RESET;
 123:..\src/imu.c  **** 	imu_write(IMU_PWR_MGMT_1, &config, 1);
 124:..\src/imu.c  **** }
ARM GAS  C:\Users\Alex\AppData\Local\Temp\ccsdIxNf.s 			page 9


 125:..\src/imu.c  **** 
 126:..\src/imu.c  **** //// LOW LEVEL FUNCTIONS /////
 127:..\src/imu.c  **** 
 128:..\src/imu.c  **** //write data to an internal register of the IMU.
 129:..\src/imu.c  **** // you would use this function if you wanted to set configuration values
 130:..\src/imu.c  **** // for a particular feature of the IMU.
 131:..\src/imu.c  **** // uint8_t internal_reg_addr: internal register address of the IMU
 132:..\src/imu.c  **** // uint8_t* pData: pointer to the data we want to send to that address
 133:..\src/imu.c  **** // uint16_t Size: amount of bytes of data pointed to by pData
 134:..\src/imu.c  **** 
 135:..\src/imu.c  **** //ToDo: might wanna move this to the new i2c.c/h files
 136:..\src/imu.c  **** int imu_write(uint8 internal_reg_addr, uint8* pData, uint16 length) 
 137:..\src/imu.c  **** {
 333              		.loc 1 137 0
 334              		.cfi_startproc
 335              		@ args = 0, pretend = 0, frame = 0
 336              		@ frame_needed = 0, uses_anonymous_args = 0
 337              	.LVL8:
 338 0000 38B5     		push	{r3, r4, r5, lr}
 339              		.cfi_def_cfa_offset 16
 340              		.cfi_offset 3, -16
 341              		.cfi_offset 4, -12
 342              		.cfi_offset 5, -8
 343              		.cfi_offset 14, -4
 344 0002 1446     		mov	r4, r2
 345              	.LVL9:
 138:..\src/imu.c  **** 	int i = 0;
 139:..\src/imu.c  **** 	uint8_t stat = 0;
 140:..\src/imu.c  **** 	
 141:..\src/imu.c  **** 	i2c_tmp_buf[0] = internal_reg_addr;
 346              		.loc 1 141 0
 347 0004 0F4B     		ldr	r3, .L24
 348 0006 1870     		strb	r0, [r3]
 349              	.LVL10:
 142:..\src/imu.c  **** 	for(i = 1; i < length + 1; i++)
 350              		.loc 1 142 0
 351 0008 0123     		movs	r3, #1
 352 000a 05E0     		b	.L18
 353              	.LVL11:
 354              	.L19:
 143:..\src/imu.c  **** 	{
 144:..\src/imu.c  **** 		i2c_tmp_buf[i] = pData[i-1];
 355              		.loc 1 144 0 discriminator 3
 356 000c CA18     		adds	r2, r1, r3
 357 000e 12F8010C 		ldrb	r0, [r2, #-1]	@ zero_extendqisi2
 358 0012 0C4A     		ldr	r2, .L24
 359 0014 D054     		strb	r0, [r2, r3]
 142:..\src/imu.c  **** 	for(i = 1; i < length + 1; i++)
 360              		.loc 1 142 0 discriminator 3
 361 0016 0133     		adds	r3, r3, #1
 362              	.LVL12:
 363              	.L18:
 142:..\src/imu.c  **** 	for(i = 1; i < length + 1; i++)
 364              		.loc 1 142 0 is_stmt 0 discriminator 1
 365 0018 621C     		adds	r2, r4, #1
 366 001a 9A42     		cmp	r2, r3
 367 001c F6DC     		bgt	.L19
ARM GAS  C:\Users\Alex\AppData\Local\Temp\ccsdIxNf.s 			page 10


 368 001e 0025     		movs	r5, #0
 369 0020 0BE0     		b	.L20
 370              	.LVL13:
 371              	.L22:
 145:..\src/imu.c  **** 	}
 146:..\src/imu.c  **** 	
 147:..\src/imu.c  **** 	//Try to write it up to 5 times
 148:..\src/imu.c  **** 	for(i = 0; i < 5; i++)
 149:..\src/imu.c  **** 	{
 150:..\src/imu.c  **** 		stat = I2C_0_MasterWriteBuf(IMU_ADDR, (uint8 *) i2c_tmp_buf, length + 1, I2C_0_MODE_COMPLETE_XFER
 372              		.loc 1 150 0 is_stmt 1
 373 0022 621C     		adds	r2, r4, #1
 374 0024 6820     		movs	r0, #104
 375 0026 0749     		ldr	r1, .L24
 376 0028 D2B2     		uxtb	r2, r2
 377 002a 0023     		movs	r3, #0
 378 002c FFF7FEFF 		bl	I2C_0_MasterWriteBuf
 379              	.LVL14:
 151:..\src/imu.c  **** 		
 152:..\src/imu.c  **** 		if(stat == I2C_0_MSTR_NO_ERROR)
 380              		.loc 1 152 0
 381 0030 28B1     		cbz	r0, .L21
 153:..\src/imu.c  **** 		{
 154:..\src/imu.c  **** 			break;
 155:..\src/imu.c  **** 		}
 156:..\src/imu.c  **** 		/*
 157:..\src/imu.c  **** 		else
 158:..\src/imu.c  **** 		{
 159:..\src/imu.c  **** 			//Release bus:
 160:..\src/imu.c  ****              I2C_0_BUS_RELEASE;
 161:..\src/imu.c  **** 		}
 162:..\src/imu.c  **** 		*/
 163:..\src/imu.c  **** 		
 164:..\src/imu.c  **** 		CyDelay(10);
 382              		.loc 1 164 0 discriminator 2
 383 0032 0A20     		movs	r0, #10
 384              	.LVL15:
 385 0034 FFF7FEFF 		bl	CyDelay
 386              	.LVL16:
 148:..\src/imu.c  **** 	{
 387              		.loc 1 148 0 discriminator 2
 388 0038 0135     		adds	r5, r5, #1
 389              	.LVL17:
 390              	.L20:
 148:..\src/imu.c  **** 	{
 391              		.loc 1 148 0 is_stmt 0 discriminator 1
 392 003a 042D     		cmp	r5, #4
 393 003c F1DD     		ble	.L22
 394              	.L21:
 165:..\src/imu.c  **** 	}
 166:..\src/imu.c  **** 
 167:..\src/imu.c  **** 	return 0;
 168:..\src/imu.c  **** }
 395              		.loc 1 168 0 is_stmt 1
 396 003e 0020     		movs	r0, #0
 397 0040 38BD     		pop	{r3, r4, r5, pc}
 398              	.LVL18:
ARM GAS  C:\Users\Alex\AppData\Local\Temp\ccsdIxNf.s 			page 11


 399              	.L25:
 400 0042 00BF     		.align	2
 401              	.L24:
 402 0044 00000000 		.word	i2c_tmp_buf
 403              		.cfi_endproc
 404              	.LFE73:
 405              		.size	imu_write, .-imu_write
 406              		.section	.text.reset_imu,"ax",%progbits
 407              		.align	2
 408              		.global	reset_imu
 409              		.thumb
 410              		.thumb_func
 411              		.type	reset_imu, %function
 412              	reset_imu:
 413              	.LFB72:
 121:..\src/imu.c  **** 	uint8 config = D_DEVICE_RESET;
 414              		.loc 1 121 0
 415              		.cfi_startproc
 416              		@ args = 0, pretend = 0, frame = 8
 417              		@ frame_needed = 0, uses_anonymous_args = 0
 418 0000 00B5     		push	{lr}
 419              		.cfi_def_cfa_offset 4
 420              		.cfi_offset 14, -4
 421 0002 83B0     		sub	sp, sp, #12
 422              		.cfi_def_cfa_offset 16
 122:..\src/imu.c  **** 	imu_write(IMU_PWR_MGMT_1, &config, 1);
 423              		.loc 1 122 0
 424 0004 02A9     		add	r1, sp, #8
 425 0006 8023     		movs	r3, #128
 426 0008 01F8013D 		strb	r3, [r1, #-1]!
 123:..\src/imu.c  **** }
 427              		.loc 1 123 0
 428 000c 6B20     		movs	r0, #107
 429 000e 0122     		movs	r2, #1
 430 0010 FFF7FEFF 		bl	imu_write
 431              	.LVL19:
 124:..\src/imu.c  **** 
 432              		.loc 1 124 0
 433 0014 03B0     		add	sp, sp, #12
 434              		.cfi_def_cfa_offset 4
 435              		@ sp needed
 436 0016 5DF804FB 		ldr	pc, [sp], #4
 437              		.cfi_endproc
 438              	.LFE72:
 439              		.size	reset_imu, .-reset_imu
 440 001a 00BF     		.section	.text.init_imu,"ax",%progbits
 441              		.align	2
 442              		.global	init_imu
 443              		.thumb
 444              		.thumb_func
 445              		.type	init_imu, %function
 446              	init_imu:
 447              	.LFB63:
  37:..\src/imu.c  **** 	//Reset the IMU
 448              		.loc 1 37 0
 449              		.cfi_startproc
 450              		@ args = 0, pretend = 0, frame = 8
ARM GAS  C:\Users\Alex\AppData\Local\Temp\ccsdIxNf.s 			page 12


 451              		@ frame_needed = 0, uses_anonymous_args = 0
 452 0000 00B5     		push	{lr}
 453              		.cfi_def_cfa_offset 4
 454              		.cfi_offset 14, -4
 455 0002 83B0     		sub	sp, sp, #12
 456              		.cfi_def_cfa_offset 16
  39:..\src/imu.c  **** 	//while(I2C_0_MasterStatus() != I2C_0_MSTAT_WR_CMPLT);
 457              		.loc 1 39 0
 458 0004 FFF7FEFF 		bl	reset_imu
 459              	.LVL20:
  41:..\src/imu.c  **** 	//ToDo: add a timeout
 460              		.loc 1 41 0
 461 0008 1920     		movs	r0, #25
 462 000a FFF7FEFF 		bl	CyDelay
 463              	.LVL21:
  45:..\src/imu.c  **** 	
 464              		.loc 1 45 0
 465 000e 054B     		ldr	r3, .L30
 466 0010 1868     		ldr	r0, [r3]	@ unaligned
 467 0012 0190     		str	r0, [sp, #4]	@ unaligned
  48:..\src/imu.c  **** 	//while(I2C_0_MasterStatus() != I2C_0_MSTAT_WR_CMPLT);
 468              		.loc 1 48 0
 469 0014 1A20     		movs	r0, #26
 470 0016 01A9     		add	r1, sp, #4
 471 0018 0422     		movs	r2, #4
 472 001a FFF7FEFF 		bl	imu_write
 473              	.LVL22:
  51:..\src/imu.c  **** 
 474              		.loc 1 51 0
 475 001e 03B0     		add	sp, sp, #12
 476              		.cfi_def_cfa_offset 4
 477              		@ sp needed
 478 0020 5DF804FB 		ldr	pc, [sp], #4
 479              	.L31:
 480              		.align	2
 481              	.L30:
 482 0024 00000000 		.word	.LANCHOR0
 483              		.cfi_endproc
 484              	.LFE63:
 485              		.size	init_imu, .-init_imu
 486              		.section	.text.imu_test_code_blocking,"ax",%progbits
 487              		.align	2
 488              		.global	imu_test_code_blocking
 489              		.thumb
 490              		.thumb_func
 491              		.type	imu_test_code_blocking, %function
 492              	imu_test_code_blocking:
 493              	.LFB74:
 169:..\src/imu.c  **** 
 170:..\src/imu.c  **** //****************************************************************************
 171:..\src/imu.c  **** // Private Function(s)
 172:..\src/imu.c  **** //****************************************************************************
 173:..\src/imu.c  **** 
 174:..\src/imu.c  **** //****************************************************************************
 175:..\src/imu.c  **** // Test Function(s) - Use with care!
 176:..\src/imu.c  **** //****************************************************************************
 177:..\src/imu.c  **** 
ARM GAS  C:\Users\Alex\AppData\Local\Temp\ccsdIxNf.s 			page 13


 178:..\src/imu.c  **** //Copy of the test code used in main.c to test the hardware:
 179:..\src/imu.c  **** void imu_test_code_blocking(void)
 180:..\src/imu.c  **** {
 494              		.loc 1 180 0
 495              		.cfi_startproc
 496              		@ args = 0, pretend = 0, frame = 0
 497              		@ frame_needed = 0, uses_anonymous_args = 0
 498 0000 10B5     		push	{r4, lr}
 499              		.cfi_def_cfa_offset 8
 500              		.cfi_offset 4, -8
 501              		.cfi_offset 14, -4
 502              	.LVL23:
 181:..\src/imu.c  **** 	//IMU test code
 182:..\src/imu.c  **** 	
 183:..\src/imu.c  **** 	uint8 ledg_state = 0;
 503              		.loc 1 183 0
 504 0002 0024     		movs	r4, #0
 505              	.LVL24:
 506              	.L33:
 184:..\src/imu.c  **** 	//int16 imu_accel_x = 0;
 185:..\src/imu.c  **** 
 186:..\src/imu.c  **** 	/*
 187:..\src/imu.c  **** 	//Single channel test:
 188:..\src/imu.c  **** 	while(1)
 189:..\src/imu.c  **** 	{
 190:..\src/imu.c  **** 		imu_accel_x = get_accel_x();
 191:..\src/imu.c  **** 		send_usb_int16(imu_accel_x);
 192:..\src/imu.c  **** 		
 193:..\src/imu.c  **** 		ledg_state ^= 1;
 194:..\src/imu.c  **** 		LED_G_Write(ledg_state);
 195:..\src/imu.c  **** 		
 196:..\src/imu.c  **** 		CyDelay(75);		
 197:..\src/imu.c  **** 	}
 198:..\src/imu.c  **** 	*/
 199:..\src/imu.c  **** 	
 200:..\src/imu.c  **** 	// 3 channels test (only one displayed)
 201:..\src/imu.c  **** 	while(1)
 202:..\src/imu.c  **** 	{
 203:..\src/imu.c  **** 		get_accel_xyz();
 507              		.loc 1 203 0 discriminator 1
 508 0004 FFF7FEFF 		bl	get_accel_xyz
 509              	.LVL25:
 204:..\src/imu.c  **** 		//get_gyro_xyz();
 205:..\src/imu.c  **** 		#ifdef USE_USB
 206:..\src/imu.c  **** 		send_usb_int16(imu.gyro.z);
 510              		.loc 1 206 0 discriminator 1
 511 0008 064B     		ldr	r3, .L35
 512 000a B3F90A00 		ldrsh	r0, [r3, #10]
 513 000e FFF7FEFF 		bl	send_usb_int16
 514              	.LVL26:
 207:..\src/imu.c  **** 		#endif	//USE_USB
 208:..\src/imu.c  **** 		
 209:..\src/imu.c  **** 		ledg_state ^= 1;
 515              		.loc 1 209 0 discriminator 1
 516 0012 84F00104 		eor	r4, r4, #1
 517              	.LVL27:
 210:..\src/imu.c  **** 		LED_G_Write(ledg_state);
ARM GAS  C:\Users\Alex\AppData\Local\Temp\ccsdIxNf.s 			page 14


 518              		.loc 1 210 0 discriminator 1
 519 0016 2046     		mov	r0, r4
 520 0018 FFF7FEFF 		bl	LED_G_Write
 521              	.LVL28:
 211:..\src/imu.c  **** 		
 212:..\src/imu.c  **** 		CyDelay(75);		
 522              		.loc 1 212 0 discriminator 1
 523 001c 4B20     		movs	r0, #75
 524 001e FFF7FEFF 		bl	CyDelay
 525              	.LVL29:
 213:..\src/imu.c  **** 	}
 526              		.loc 1 213 0 discriminator 1
 527 0022 EFE7     		b	.L33
 528              	.L36:
 529              		.align	2
 530              	.L35:
 531 0024 00000000 		.word	imu
 532              		.cfi_endproc
 533              	.LFE74:
 534              		.size	imu_test_code_blocking, .-imu_test_code_blocking
 535              		.comm	imu,16,4
 536              		.comm	i2c_tmp_buf,100,4
 537              		.section	.rodata
 538              		.align	2
 539              		.set	.LANCHOR0,. + 0
 540              	.LC0:
 541 0000 00       		.byte	0
 542 0001 10       		.byte	16
 543 0002 08       		.byte	8
 544 0003 00       		.byte	0
 545              		.text
 546              	.Letext0:
 547              		.file 2 "c:\\program files (x86)\\cypress\\psoc creator\\3.3\\psoc creator\\import\\gnu\\arm\\4.9.
 548              		.file 3 "c:\\program files (x86)\\cypress\\psoc creator\\3.3\\psoc creator\\import\\gnu\\arm\\4.9.
 549              		.file 4 "Generated_Source\\PSoC5/cytypes.h"
 550              		.file 5 "..\\inc/imu.h"
 551              		.file 6 "Generated_Source\\PSoC5/core_cm3.h"
 552              		.file 7 "..\\inc/i2c.h"
 553              		.file 8 "Generated_Source\\PSoC5/I2C_0.h"
 554              		.file 9 "Generated_Source\\PSoC5/CyLib.h"
 555              		.file 10 "..\\inc/usb.h"
 556              		.file 11 "Generated_Source\\PSoC5/LED_G.h"
 557              		.section	.debug_info,"",%progbits
 558              	.Ldebug_info0:
 559 0000 18060000 		.4byte	0x618
 560 0004 0400     		.2byte	0x4
 561 0006 00000000 		.4byte	.Ldebug_abbrev0
 562 000a 04       		.byte	0x4
 563 000b 01       		.uleb128 0x1
 564 000c C4010000 		.4byte	.LASF53
 565 0010 01       		.byte	0x1
 566 0011 30010000 		.4byte	.LASF54
 567 0015 37000000 		.4byte	.LASF55
 568 0019 00000000 		.4byte	.Ldebug_ranges0+0
 569 001d 00000000 		.4byte	0
 570 0021 00000000 		.4byte	.Ldebug_line0
 571 0025 02       		.uleb128 0x2
ARM GAS  C:\Users\Alex\AppData\Local\Temp\ccsdIxNf.s 			page 15


 572 0026 01       		.byte	0x1
 573 0027 06       		.byte	0x6
 574 0028 4C010000 		.4byte	.LASF0
 575 002c 03       		.uleb128 0x3
 576 002d F5000000 		.4byte	.LASF4
 577 0031 02       		.byte	0x2
 578 0032 1D       		.byte	0x1d
 579 0033 37000000 		.4byte	0x37
 580 0037 02       		.uleb128 0x2
 581 0038 01       		.byte	0x1
 582 0039 08       		.byte	0x8
 583 003a 11010000 		.4byte	.LASF1
 584 003e 02       		.uleb128 0x2
 585 003f 02       		.byte	0x2
 586 0040 05       		.byte	0x5
 587 0041 06000000 		.4byte	.LASF2
 588 0045 02       		.uleb128 0x2
 589 0046 02       		.byte	0x2
 590 0047 07       		.byte	0x7
 591 0048 97010000 		.4byte	.LASF3
 592 004c 03       		.uleb128 0x3
 593 004d A8020000 		.4byte	.LASF5
 594 0051 02       		.byte	0x2
 595 0052 3F       		.byte	0x3f
 596 0053 57000000 		.4byte	0x57
 597 0057 02       		.uleb128 0x2
 598 0058 04       		.byte	0x4
 599 0059 05       		.byte	0x5
 600 005a E6000000 		.4byte	.LASF6
 601 005e 03       		.uleb128 0x3
 602 005f 2C000000 		.4byte	.LASF7
 603 0063 02       		.byte	0x2
 604 0064 41       		.byte	0x41
 605 0065 69000000 		.4byte	0x69
 606 0069 02       		.uleb128 0x2
 607 006a 04       		.byte	0x4
 608 006b 07       		.byte	0x7
 609 006c 85010000 		.4byte	.LASF8
 610 0070 02       		.uleb128 0x2
 611 0071 08       		.byte	0x8
 612 0072 05       		.byte	0x5
 613 0073 1E000000 		.4byte	.LASF9
 614 0077 02       		.uleb128 0x2
 615 0078 08       		.byte	0x8
 616 0079 07       		.byte	0x7
 617 007a 58010000 		.4byte	.LASF10
 618 007e 04       		.uleb128 0x4
 619 007f 04       		.byte	0x4
 620 0080 05       		.byte	0x5
 621 0081 696E7400 		.ascii	"int\000"
 622 0085 02       		.uleb128 0x2
 623 0086 04       		.byte	0x4
 624 0087 07       		.byte	0x7
 625 0088 78010000 		.4byte	.LASF11
 626 008c 03       		.uleb128 0x3
 627 008d 78000000 		.4byte	.LASF12
 628 0091 03       		.byte	0x3
ARM GAS  C:\Users\Alex\AppData\Local\Temp\ccsdIxNf.s 			page 16


 629 0092 15       		.byte	0x15
 630 0093 2C000000 		.4byte	0x2c
 631 0097 03       		.uleb128 0x3
 632 0098 58020000 		.4byte	.LASF13
 633 009c 03       		.byte	0x3
 634 009d 2C       		.byte	0x2c
 635 009e 4C000000 		.4byte	0x4c
 636 00a2 03       		.uleb128 0x3
 637 00a3 6F010000 		.4byte	.LASF14
 638 00a7 03       		.byte	0x3
 639 00a8 2D       		.byte	0x2d
 640 00a9 5E000000 		.4byte	0x5e
 641 00ad 03       		.uleb128 0x3
 642 00ae 86000000 		.4byte	.LASF15
 643 00b2 04       		.byte	0x4
 644 00b3 C2       		.byte	0xc2
 645 00b4 37000000 		.4byte	0x37
 646 00b8 03       		.uleb128 0x3
 647 00b9 71000000 		.4byte	.LASF16
 648 00bd 04       		.byte	0x4
 649 00be C3       		.byte	0xc3
 650 00bf 45000000 		.4byte	0x45
 651 00c3 03       		.uleb128 0x3
 652 00c4 85020000 		.4byte	.LASF17
 653 00c8 04       		.byte	0x4
 654 00c9 C4       		.byte	0xc4
 655 00ca 69000000 		.4byte	0x69
 656 00ce 03       		.uleb128 0x3
 657 00cf 80000000 		.4byte	.LASF18
 658 00d3 04       		.byte	0x4
 659 00d4 C6       		.byte	0xc6
 660 00d5 3E000000 		.4byte	0x3e
 661 00d9 02       		.uleb128 0x2
 662 00da 04       		.byte	0x4
 663 00db 04       		.byte	0x4
 664 00dc D6000000 		.4byte	.LASF19
 665 00e0 02       		.uleb128 0x2
 666 00e1 08       		.byte	0x8
 667 00e2 04       		.byte	0x4
 668 00e3 98020000 		.4byte	.LASF20
 669 00e7 02       		.uleb128 0x2
 670 00e8 01       		.byte	0x1
 671 00e9 08       		.byte	0x8
 672 00ea BF010000 		.4byte	.LASF21
 673 00ee 02       		.uleb128 0x2
 674 00ef 04       		.byte	0x4
 675 00f0 07       		.byte	0x7
 676 00f1 10000000 		.4byte	.LASF22
 677 00f5 02       		.uleb128 0x2
 678 00f6 08       		.byte	0x8
 679 00f7 04       		.byte	0x4
 680 00f8 1F010000 		.4byte	.LASF23
 681 00fc 05       		.uleb128 0x5
 682 00fd 78797A00 		.ascii	"xyz\000"
 683 0101 06       		.byte	0x6
 684 0102 05       		.byte	0x5
 685 0103 95       		.byte	0x95
ARM GAS  C:\Users\Alex\AppData\Local\Temp\ccsdIxNf.s 			page 17


 686 0104 27010000 		.4byte	0x127
 687 0108 06       		.uleb128 0x6
 688 0109 7800     		.ascii	"x\000"
 689 010b 05       		.byte	0x5
 690 010c 97       		.byte	0x97
 691 010d CE000000 		.4byte	0xce
 692 0111 00       		.byte	0
 693 0112 06       		.uleb128 0x6
 694 0113 7900     		.ascii	"y\000"
 695 0115 05       		.byte	0x5
 696 0116 98       		.byte	0x98
 697 0117 CE000000 		.4byte	0xce
 698 011b 02       		.byte	0x2
 699 011c 06       		.uleb128 0x6
 700 011d 7A00     		.ascii	"z\000"
 701 011f 05       		.byte	0x5
 702 0120 99       		.byte	0x99
 703 0121 CE000000 		.4byte	0xce
 704 0125 04       		.byte	0x4
 705 0126 00       		.byte	0
 706 0127 07       		.uleb128 0x7
 707 0128 EF000000 		.4byte	.LASF24
 708 012c 10       		.byte	0x10
 709 012d 05       		.byte	0x5
 710 012e 9D       		.byte	0x9d
 711 012f 58010000 		.4byte	0x158
 712 0133 08       		.uleb128 0x8
 713 0134 52020000 		.4byte	.LASF25
 714 0138 05       		.byte	0x5
 715 0139 9F       		.byte	0x9f
 716 013a FC000000 		.4byte	0xfc
 717 013e 00       		.byte	0
 718 013f 08       		.uleb128 0x8
 719 0140 19000000 		.4byte	.LASF26
 720 0144 05       		.byte	0x5
 721 0145 A0       		.byte	0xa0
 722 0146 FC000000 		.4byte	0xfc
 723 014a 06       		.byte	0x6
 724 014b 08       		.uleb128 0x8
 725 014c C8000000 		.4byte	.LASF27
 726 0150 05       		.byte	0x5
 727 0151 A1       		.byte	0xa1
 728 0152 A2000000 		.4byte	0xa2
 729 0156 0C       		.byte	0xc
 730 0157 00       		.byte	0
 731 0158 09       		.uleb128 0x9
 732 0159 8C000000 		.4byte	.LASF28
 733 015d 01       		.byte	0x1
 734 015e 36       		.byte	0x36
 735 015f CE000000 		.4byte	0xce
 736 0163 00000000 		.4byte	.LFB64
 737 0167 2E000000 		.4byte	.LFE64-.LFB64
 738 016b 01       		.uleb128 0x1
 739 016c 9C       		.byte	0x9c
 740 016d A1010000 		.4byte	0x1a1
 741 0171 0A       		.uleb128 0xa
 742 0172 80020000 		.4byte	.LASF30
ARM GAS  C:\Users\Alex\AppData\Local\Temp\ccsdIxNf.s 			page 18


 743 0176 01       		.byte	0x1
 744 0177 38       		.byte	0x38
 745 0178 A1010000 		.4byte	0x1a1
 746 017c 02       		.uleb128 0x2
 747 017d 91       		.byte	0x91
 748 017e 74       		.sleb128 -12
 749 017f 0B       		.uleb128 0xb
 750 0180 1A000000 		.4byte	.LVL0
 751 0184 A4050000 		.4byte	0x5a4
 752 0188 0C       		.uleb128 0xc
 753 0189 01       		.uleb128 0x1
 754 018a 53       		.byte	0x53
 755 018b 01       		.uleb128 0x1
 756 018c 32       		.byte	0x32
 757 018d 0C       		.uleb128 0xc
 758 018e 01       		.uleb128 0x1
 759 018f 52       		.byte	0x52
 760 0190 02       		.uleb128 0x2
 761 0191 91       		.byte	0x91
 762 0192 74       		.sleb128 -12
 763 0193 0C       		.uleb128 0xc
 764 0194 01       		.uleb128 0x1
 765 0195 51       		.byte	0x51
 766 0196 02       		.uleb128 0x2
 767 0197 08       		.byte	0x8
 768 0198 3B       		.byte	0x3b
 769 0199 0C       		.uleb128 0xc
 770 019a 01       		.uleb128 0x1
 771 019b 50       		.byte	0x50
 772 019c 02       		.uleb128 0x2
 773 019d 08       		.byte	0x8
 774 019e 68       		.byte	0x68
 775 019f 00       		.byte	0
 776 01a0 00       		.byte	0
 777 01a1 0D       		.uleb128 0xd
 778 01a2 AD000000 		.4byte	0xad
 779 01a6 B1010000 		.4byte	0x1b1
 780 01aa 0E       		.uleb128 0xe
 781 01ab EE000000 		.4byte	0xee
 782 01af 01       		.byte	0x1
 783 01b0 00       		.byte	0
 784 01b1 09       		.uleb128 0x9
 785 01b2 65000000 		.4byte	.LASF29
 786 01b6 01       		.byte	0x1
 787 01b7 3D       		.byte	0x3d
 788 01b8 CE000000 		.4byte	0xce
 789 01bc 00000000 		.4byte	.LFB65
 790 01c0 24000000 		.4byte	.LFE65-.LFB65
 791 01c4 01       		.uleb128 0x1
 792 01c5 9C       		.byte	0x9c
 793 01c6 FA010000 		.4byte	0x1fa
 794 01ca 0A       		.uleb128 0xa
 795 01cb 80020000 		.4byte	.LASF30
 796 01cf 01       		.byte	0x1
 797 01d0 3F       		.byte	0x3f
 798 01d1 A1010000 		.4byte	0x1a1
 799 01d5 02       		.uleb128 0x2
ARM GAS  C:\Users\Alex\AppData\Local\Temp\ccsdIxNf.s 			page 19


 800 01d6 91       		.byte	0x91
 801 01d7 74       		.sleb128 -12
 802 01d8 0B       		.uleb128 0xb
 803 01d9 10000000 		.4byte	.LVL1
 804 01dd A4050000 		.4byte	0x5a4
 805 01e1 0C       		.uleb128 0xc
 806 01e2 01       		.uleb128 0x1
 807 01e3 53       		.byte	0x53
 808 01e4 01       		.uleb128 0x1
 809 01e5 32       		.byte	0x32
 810 01e6 0C       		.uleb128 0xc
 811 01e7 01       		.uleb128 0x1
 812 01e8 52       		.byte	0x52
 813 01e9 02       		.uleb128 0x2
 814 01ea 91       		.byte	0x91
 815 01eb 74       		.sleb128 -12
 816 01ec 0C       		.uleb128 0xc
 817 01ed 01       		.uleb128 0x1
 818 01ee 51       		.byte	0x51
 819 01ef 02       		.uleb128 0x2
 820 01f0 08       		.byte	0x8
 821 01f1 3D       		.byte	0x3d
 822 01f2 0C       		.uleb128 0xc
 823 01f3 01       		.uleb128 0x1
 824 01f4 50       		.byte	0x50
 825 01f5 02       		.uleb128 0x2
 826 01f6 08       		.byte	0x8
 827 01f7 68       		.byte	0x68
 828 01f8 00       		.byte	0
 829 01f9 00       		.byte	0
 830 01fa 09       		.uleb128 0x9
 831 01fb A5000000 		.4byte	.LASF31
 832 01ff 01       		.byte	0x1
 833 0200 45       		.byte	0x45
 834 0201 CE000000 		.4byte	0xce
 835 0205 00000000 		.4byte	.LFB66
 836 0209 24000000 		.4byte	.LFE66-.LFB66
 837 020d 01       		.uleb128 0x1
 838 020e 9C       		.byte	0x9c
 839 020f 43020000 		.4byte	0x243
 840 0213 0A       		.uleb128 0xa
 841 0214 80020000 		.4byte	.LASF30
 842 0218 01       		.byte	0x1
 843 0219 47       		.byte	0x47
 844 021a A1010000 		.4byte	0x1a1
 845 021e 02       		.uleb128 0x2
 846 021f 91       		.byte	0x91
 847 0220 74       		.sleb128 -12
 848 0221 0B       		.uleb128 0xb
 849 0222 10000000 		.4byte	.LVL2
 850 0226 A4050000 		.4byte	0x5a4
 851 022a 0C       		.uleb128 0xc
 852 022b 01       		.uleb128 0x1
 853 022c 53       		.byte	0x53
 854 022d 01       		.uleb128 0x1
 855 022e 32       		.byte	0x32
 856 022f 0C       		.uleb128 0xc
ARM GAS  C:\Users\Alex\AppData\Local\Temp\ccsdIxNf.s 			page 20


 857 0230 01       		.uleb128 0x1
 858 0231 52       		.byte	0x52
 859 0232 02       		.uleb128 0x2
 860 0233 91       		.byte	0x91
 861 0234 74       		.sleb128 -12
 862 0235 0C       		.uleb128 0xc
 863 0236 01       		.uleb128 0x1
 864 0237 51       		.byte	0x51
 865 0238 02       		.uleb128 0x2
 866 0239 08       		.byte	0x8
 867 023a 3F       		.byte	0x3f
 868 023b 0C       		.uleb128 0xc
 869 023c 01       		.uleb128 0x1
 870 023d 50       		.byte	0x50
 871 023e 02       		.uleb128 0x2
 872 023f 08       		.byte	0x8
 873 0240 68       		.byte	0x68
 874 0241 00       		.byte	0
 875 0242 00       		.byte	0
 876 0243 0F       		.uleb128 0xf
 877 0244 FC020000 		.4byte	.LASF36
 878 0248 01       		.byte	0x1
 879 0249 4D       		.byte	0x4d
 880 024a 00000000 		.4byte	.LFB67
 881 024e 22000000 		.4byte	.LFE67-.LFB67
 882 0252 01       		.uleb128 0x1
 883 0253 9C       		.byte	0x9c
 884 0254 88020000 		.4byte	0x288
 885 0258 0A       		.uleb128 0xa
 886 0259 9F020000 		.4byte	.LASF32
 887 025d 01       		.byte	0x1
 888 025e 4F       		.byte	0x4f
 889 025f 88020000 		.4byte	0x288
 890 0263 02       		.uleb128 0x2
 891 0264 91       		.byte	0x91
 892 0265 70       		.sleb128 -16
 893 0266 0B       		.uleb128 0xb
 894 0267 1C000000 		.4byte	.LVL3
 895 026b A4050000 		.4byte	0x5a4
 896 026f 0C       		.uleb128 0xc
 897 0270 01       		.uleb128 0x1
 898 0271 53       		.byte	0x53
 899 0272 01       		.uleb128 0x1
 900 0273 37       		.byte	0x37
 901 0274 0C       		.uleb128 0xc
 902 0275 01       		.uleb128 0x1
 903 0276 52       		.byte	0x52
 904 0277 02       		.uleb128 0x2
 905 0278 7D       		.byte	0x7d
 906 0279 00       		.sleb128 0
 907 027a 0C       		.uleb128 0xc
 908 027b 01       		.uleb128 0x1
 909 027c 51       		.byte	0x51
 910 027d 02       		.uleb128 0x2
 911 027e 08       		.byte	0x8
 912 027f 3B       		.byte	0x3b
 913 0280 0C       		.uleb128 0xc
ARM GAS  C:\Users\Alex\AppData\Local\Temp\ccsdIxNf.s 			page 21


 914 0281 01       		.uleb128 0x1
 915 0282 50       		.byte	0x50
 916 0283 02       		.uleb128 0x2
 917 0284 08       		.byte	0x8
 918 0285 68       		.byte	0x68
 919 0286 00       		.byte	0
 920 0287 00       		.byte	0
 921 0288 0D       		.uleb128 0xd
 922 0289 AD000000 		.4byte	0xad
 923 028d 98020000 		.4byte	0x298
 924 0291 0E       		.uleb128 0xe
 925 0292 EE000000 		.4byte	0xee
 926 0296 06       		.byte	0x6
 927 0297 00       		.byte	0
 928 0298 09       		.uleb128 0x9
 929 0299 BD020000 		.4byte	.LASF33
 930 029d 01       		.byte	0x1
 931 029e 56       		.byte	0x56
 932 029f CE000000 		.4byte	0xce
 933 02a3 00000000 		.4byte	.LFB68
 934 02a7 24000000 		.4byte	.LFE68-.LFB68
 935 02ab 01       		.uleb128 0x1
 936 02ac 9C       		.byte	0x9c
 937 02ad E1020000 		.4byte	0x2e1
 938 02b1 0A       		.uleb128 0xa
 939 02b2 80020000 		.4byte	.LASF30
 940 02b6 01       		.byte	0x1
 941 02b7 58       		.byte	0x58
 942 02b8 A1010000 		.4byte	0x1a1
 943 02bc 02       		.uleb128 0x2
 944 02bd 91       		.byte	0x91
 945 02be 74       		.sleb128 -12
 946 02bf 0B       		.uleb128 0xb
 947 02c0 10000000 		.4byte	.LVL4
 948 02c4 A4050000 		.4byte	0x5a4
 949 02c8 0C       		.uleb128 0xc
 950 02c9 01       		.uleb128 0x1
 951 02ca 53       		.byte	0x53
 952 02cb 01       		.uleb128 0x1
 953 02cc 32       		.byte	0x32
 954 02cd 0C       		.uleb128 0xc
 955 02ce 01       		.uleb128 0x1
 956 02cf 52       		.byte	0x52
 957 02d0 02       		.uleb128 0x2
 958 02d1 91       		.byte	0x91
 959 02d2 74       		.sleb128 -12
 960 02d3 0C       		.uleb128 0xc
 961 02d4 01       		.uleb128 0x1
 962 02d5 51       		.byte	0x51
 963 02d6 02       		.uleb128 0x2
 964 02d7 08       		.byte	0x8
 965 02d8 43       		.byte	0x43
 966 02d9 0C       		.uleb128 0xc
 967 02da 01       		.uleb128 0x1
 968 02db 50       		.byte	0x50
 969 02dc 02       		.uleb128 0x2
 970 02dd 08       		.byte	0x8
ARM GAS  C:\Users\Alex\AppData\Local\Temp\ccsdIxNf.s 			page 22


 971 02de 68       		.byte	0x68
 972 02df 00       		.byte	0
 973 02e0 00       		.byte	0
 974 02e1 09       		.uleb128 0x9
 975 02e2 C8020000 		.4byte	.LASF34
 976 02e6 01       		.byte	0x1
 977 02e7 5E       		.byte	0x5e
 978 02e8 CE000000 		.4byte	0xce
 979 02ec 00000000 		.4byte	.LFB69
 980 02f0 24000000 		.4byte	.LFE69-.LFB69
 981 02f4 01       		.uleb128 0x1
 982 02f5 9C       		.byte	0x9c
 983 02f6 2A030000 		.4byte	0x32a
 984 02fa 0A       		.uleb128 0xa
 985 02fb 80020000 		.4byte	.LASF30
 986 02ff 01       		.byte	0x1
 987 0300 60       		.byte	0x60
 988 0301 A1010000 		.4byte	0x1a1
 989 0305 02       		.uleb128 0x2
 990 0306 91       		.byte	0x91
 991 0307 74       		.sleb128 -12
 992 0308 0B       		.uleb128 0xb
 993 0309 10000000 		.4byte	.LVL5
 994 030d A4050000 		.4byte	0x5a4
 995 0311 0C       		.uleb128 0xc
 996 0312 01       		.uleb128 0x1
 997 0313 53       		.byte	0x53
 998 0314 01       		.uleb128 0x1
 999 0315 32       		.byte	0x32
 1000 0316 0C       		.uleb128 0xc
 1001 0317 01       		.uleb128 0x1
 1002 0318 52       		.byte	0x52
 1003 0319 02       		.uleb128 0x2
 1004 031a 91       		.byte	0x91
 1005 031b 74       		.sleb128 -12
 1006 031c 0C       		.uleb128 0xc
 1007 031d 01       		.uleb128 0x1
 1008 031e 51       		.byte	0x51
 1009 031f 02       		.uleb128 0x2
 1010 0320 08       		.byte	0x8
 1011 0321 45       		.byte	0x45
 1012 0322 0C       		.uleb128 0xc
 1013 0323 01       		.uleb128 0x1
 1014 0324 50       		.byte	0x50
 1015 0325 02       		.uleb128 0x2
 1016 0326 08       		.byte	0x8
 1017 0327 68       		.byte	0x68
 1018 0328 00       		.byte	0
 1019 0329 00       		.byte	0
 1020 032a 09       		.uleb128 0x9
 1021 032b D3020000 		.4byte	.LASF35
 1022 032f 01       		.byte	0x1
 1023 0330 66       		.byte	0x66
 1024 0331 CE000000 		.4byte	0xce
 1025 0335 00000000 		.4byte	.LFB70
 1026 0339 24000000 		.4byte	.LFE70-.LFB70
 1027 033d 01       		.uleb128 0x1
ARM GAS  C:\Users\Alex\AppData\Local\Temp\ccsdIxNf.s 			page 23


 1028 033e 9C       		.byte	0x9c
 1029 033f 73030000 		.4byte	0x373
 1030 0343 0A       		.uleb128 0xa
 1031 0344 80020000 		.4byte	.LASF30
 1032 0348 01       		.byte	0x1
 1033 0349 68       		.byte	0x68
 1034 034a A1010000 		.4byte	0x1a1
 1035 034e 02       		.uleb128 0x2
 1036 034f 91       		.byte	0x91
 1037 0350 74       		.sleb128 -12
 1038 0351 0B       		.uleb128 0xb
 1039 0352 10000000 		.4byte	.LVL6
 1040 0356 A4050000 		.4byte	0x5a4
 1041 035a 0C       		.uleb128 0xc
 1042 035b 01       		.uleb128 0x1
 1043 035c 53       		.byte	0x53
 1044 035d 01       		.uleb128 0x1
 1045 035e 32       		.byte	0x32
 1046 035f 0C       		.uleb128 0xc
 1047 0360 01       		.uleb128 0x1
 1048 0361 52       		.byte	0x52
 1049 0362 02       		.uleb128 0x2
 1050 0363 91       		.byte	0x91
 1051 0364 74       		.sleb128 -12
 1052 0365 0C       		.uleb128 0xc
 1053 0366 01       		.uleb128 0x1
 1054 0367 51       		.byte	0x51
 1055 0368 02       		.uleb128 0x2
 1056 0369 08       		.byte	0x8
 1057 036a 47       		.byte	0x47
 1058 036b 0C       		.uleb128 0xc
 1059 036c 01       		.uleb128 0x1
 1060 036d 50       		.byte	0x50
 1061 036e 02       		.uleb128 0x2
 1062 036f 08       		.byte	0x8
 1063 0370 68       		.byte	0x68
 1064 0371 00       		.byte	0
 1065 0372 00       		.byte	0
 1066 0373 0F       		.uleb128 0xf
 1067 0374 98000000 		.4byte	.LASF37
 1068 0378 01       		.byte	0x1
 1069 0379 6E       		.byte	0x6e
 1070 037a 00000000 		.4byte	.LFB71
 1071 037e 34000000 		.4byte	.LFE71-.LFB71
 1072 0382 01       		.uleb128 0x1
 1073 0383 9C       		.byte	0x9c
 1074 0384 B8030000 		.4byte	0x3b8
 1075 0388 0A       		.uleb128 0xa
 1076 0389 9F020000 		.4byte	.LASF32
 1077 038d 01       		.byte	0x1
 1078 038e 70       		.byte	0x70
 1079 038f 88020000 		.4byte	0x288
 1080 0393 02       		.uleb128 0x2
 1081 0394 91       		.byte	0x91
 1082 0395 70       		.sleb128 -16
 1083 0396 0B       		.uleb128 0xb
 1084 0397 2E000000 		.4byte	.LVL7
ARM GAS  C:\Users\Alex\AppData\Local\Temp\ccsdIxNf.s 			page 24


 1085 039b A4050000 		.4byte	0x5a4
 1086 039f 0C       		.uleb128 0xc
 1087 03a0 01       		.uleb128 0x1
 1088 03a1 53       		.byte	0x53
 1089 03a2 01       		.uleb128 0x1
 1090 03a3 36       		.byte	0x36
 1091 03a4 0C       		.uleb128 0xc
 1092 03a5 01       		.uleb128 0x1
 1093 03a6 52       		.byte	0x52
 1094 03a7 02       		.uleb128 0x2
 1095 03a8 7D       		.byte	0x7d
 1096 03a9 00       		.sleb128 0
 1097 03aa 0C       		.uleb128 0xc
 1098 03ab 01       		.uleb128 0x1
 1099 03ac 51       		.byte	0x51
 1100 03ad 02       		.uleb128 0x2
 1101 03ae 08       		.byte	0x8
 1102 03af 43       		.byte	0x43
 1103 03b0 0C       		.uleb128 0xc
 1104 03b1 01       		.uleb128 0x1
 1105 03b2 50       		.byte	0x50
 1106 03b3 02       		.uleb128 0x2
 1107 03b4 08       		.byte	0x8
 1108 03b5 68       		.byte	0x68
 1109 03b6 00       		.byte	0
 1110 03b7 00       		.byte	0
 1111 03b8 09       		.uleb128 0x9
 1112 03b9 6A020000 		.4byte	.LASF38
 1113 03bd 01       		.byte	0x1
 1114 03be 88       		.byte	0x88
 1115 03bf 7E000000 		.4byte	0x7e
 1116 03c3 00000000 		.4byte	.LFB73
 1117 03c7 48000000 		.4byte	.LFE73-.LFB73
 1118 03cb 01       		.uleb128 0x1
 1119 03cc 9C       		.byte	0x9c
 1120 03cd 52040000 		.4byte	0x452
 1121 03d1 10       		.uleb128 0x10
 1122 03d2 FF000000 		.4byte	.LASF39
 1123 03d6 01       		.byte	0x1
 1124 03d7 88       		.byte	0x88
 1125 03d8 AD000000 		.4byte	0xad
 1126 03dc 00000000 		.4byte	.LLST0
 1127 03e0 10       		.uleb128 0x10
 1128 03e1 00000000 		.4byte	.LASF40
 1129 03e5 01       		.byte	0x1
 1130 03e6 88       		.byte	0x88
 1131 03e7 52040000 		.4byte	0x452
 1132 03eb 21000000 		.4byte	.LLST1
 1133 03ef 10       		.uleb128 0x10
 1134 03f0 CF000000 		.4byte	.LASF41
 1135 03f4 01       		.byte	0x1
 1136 03f5 88       		.byte	0x88
 1137 03f6 B8000000 		.4byte	0xb8
 1138 03fa 42000000 		.4byte	.LLST2
 1139 03fe 11       		.uleb128 0x11
 1140 03ff 6900     		.ascii	"i\000"
 1141 0401 01       		.byte	0x1
ARM GAS  C:\Users\Alex\AppData\Local\Temp\ccsdIxNf.s 			page 25


 1142 0402 8A       		.byte	0x8a
 1143 0403 7E000000 		.4byte	0x7e
 1144 0407 63000000 		.4byte	.LLST3
 1145 040b 12       		.uleb128 0x12
 1146 040c 2B010000 		.4byte	.LASF42
 1147 0410 01       		.byte	0x1
 1148 0411 8B       		.byte	0x8b
 1149 0412 8C000000 		.4byte	0x8c
 1150 0416 99000000 		.4byte	.LLST4
 1151 041a 13       		.uleb128 0x13
 1152 041b 30000000 		.4byte	.LVL14
 1153 041f C8050000 		.4byte	0x5c8
 1154 0423 42040000 		.4byte	0x442
 1155 0427 0C       		.uleb128 0xc
 1156 0428 01       		.uleb128 0x1
 1157 0429 53       		.byte	0x53
 1158 042a 01       		.uleb128 0x1
 1159 042b 30       		.byte	0x30
 1160 042c 0C       		.uleb128 0xc
 1161 042d 01       		.uleb128 0x1
 1162 042e 52       		.byte	0x52
 1163 042f 02       		.uleb128 0x2
 1164 0430 74       		.byte	0x74
 1165 0431 01       		.sleb128 1
 1166 0432 0C       		.uleb128 0xc
 1167 0433 01       		.uleb128 0x1
 1168 0434 51       		.byte	0x51
 1169 0435 05       		.uleb128 0x5
 1170 0436 03       		.byte	0x3
 1171 0437 00000000 		.4byte	i2c_tmp_buf
 1172 043b 0C       		.uleb128 0xc
 1173 043c 01       		.uleb128 0x1
 1174 043d 50       		.byte	0x50
 1175 043e 02       		.uleb128 0x2
 1176 043f 08       		.byte	0x8
 1177 0440 68       		.byte	0x68
 1178 0441 00       		.byte	0
 1179 0442 0B       		.uleb128 0xb
 1180 0443 38000000 		.4byte	.LVL16
 1181 0447 EC050000 		.4byte	0x5ec
 1182 044b 0C       		.uleb128 0xc
 1183 044c 01       		.uleb128 0x1
 1184 044d 50       		.byte	0x50
 1185 044e 01       		.uleb128 0x1
 1186 044f 3A       		.byte	0x3a
 1187 0450 00       		.byte	0
 1188 0451 00       		.byte	0
 1189 0452 14       		.uleb128 0x14
 1190 0453 04       		.byte	0x4
 1191 0454 AD000000 		.4byte	0xad
 1192 0458 0F       		.uleb128 0xf
 1193 0459 DC000000 		.4byte	.LASF43
 1194 045d 01       		.byte	0x1
 1195 045e 78       		.byte	0x78
 1196 045f 00000000 		.4byte	.LFB72
 1197 0463 1A000000 		.4byte	.LFE72-.LFB72
 1198 0467 01       		.uleb128 0x1
ARM GAS  C:\Users\Alex\AppData\Local\Temp\ccsdIxNf.s 			page 26


 1199 0468 9C       		.byte	0x9c
 1200 0469 97040000 		.4byte	0x497
 1201 046d 0A       		.uleb128 0xa
 1202 046e C8000000 		.4byte	.LASF27
 1203 0472 01       		.byte	0x1
 1204 0473 7A       		.byte	0x7a
 1205 0474 AD000000 		.4byte	0xad
 1206 0478 02       		.uleb128 0x2
 1207 0479 91       		.byte	0x91
 1208 047a 77       		.sleb128 -9
 1209 047b 0B       		.uleb128 0xb
 1210 047c 14000000 		.4byte	.LVL19
 1211 0480 B8030000 		.4byte	0x3b8
 1212 0484 0C       		.uleb128 0xc
 1213 0485 01       		.uleb128 0x1
 1214 0486 52       		.byte	0x52
 1215 0487 01       		.uleb128 0x1
 1216 0488 31       		.byte	0x31
 1217 0489 0C       		.uleb128 0xc
 1218 048a 01       		.uleb128 0x1
 1219 048b 51       		.byte	0x51
 1220 048c 02       		.uleb128 0x2
 1221 048d 91       		.byte	0x91
 1222 048e 77       		.sleb128 -9
 1223 048f 0C       		.uleb128 0xc
 1224 0490 01       		.uleb128 0x1
 1225 0491 50       		.byte	0x50
 1226 0492 02       		.uleb128 0x2
 1227 0493 08       		.byte	0x8
 1228 0494 6B       		.byte	0x6b
 1229 0495 00       		.byte	0
 1230 0496 00       		.byte	0
 1231 0497 0F       		.uleb128 0xf
 1232 0498 EB020000 		.4byte	.LASF44
 1233 049c 01       		.byte	0x1
 1234 049d 24       		.byte	0x24
 1235 049e 00000000 		.4byte	.LFB63
 1236 04a2 28000000 		.4byte	.LFE63-.LFB63
 1237 04a6 01       		.uleb128 0x1
 1238 04a7 9C       		.byte	0x9c
 1239 04a8 F1040000 		.4byte	0x4f1
 1240 04ac 0A       		.uleb128 0xa
 1241 04ad C8000000 		.4byte	.LASF27
 1242 04b1 01       		.byte	0x1
 1243 04b2 2D       		.byte	0x2d
 1244 04b3 F1040000 		.4byte	0x4f1
 1245 04b7 02       		.uleb128 0x2
 1246 04b8 91       		.byte	0x91
 1247 04b9 74       		.sleb128 -12
 1248 04ba 15       		.uleb128 0x15
 1249 04bb 08000000 		.4byte	.LVL20
 1250 04bf 58040000 		.4byte	0x458
 1251 04c3 13       		.uleb128 0x13
 1252 04c4 0E000000 		.4byte	.LVL21
 1253 04c8 EC050000 		.4byte	0x5ec
 1254 04cc D6040000 		.4byte	0x4d6
 1255 04d0 0C       		.uleb128 0xc
ARM GAS  C:\Users\Alex\AppData\Local\Temp\ccsdIxNf.s 			page 27


 1256 04d1 01       		.uleb128 0x1
 1257 04d2 50       		.byte	0x50
 1258 04d3 01       		.uleb128 0x1
 1259 04d4 49       		.byte	0x49
 1260 04d5 00       		.byte	0
 1261 04d6 0B       		.uleb128 0xb
 1262 04d7 1E000000 		.4byte	.LVL22
 1263 04db B8030000 		.4byte	0x3b8
 1264 04df 0C       		.uleb128 0xc
 1265 04e0 01       		.uleb128 0x1
 1266 04e1 52       		.byte	0x52
 1267 04e2 01       		.uleb128 0x1
 1268 04e3 34       		.byte	0x34
 1269 04e4 0C       		.uleb128 0xc
 1270 04e5 01       		.uleb128 0x1
 1271 04e6 51       		.byte	0x51
 1272 04e7 02       		.uleb128 0x2
 1273 04e8 91       		.byte	0x91
 1274 04e9 74       		.sleb128 -12
 1275 04ea 0C       		.uleb128 0xc
 1276 04eb 01       		.uleb128 0x1
 1277 04ec 50       		.byte	0x50
 1278 04ed 01       		.uleb128 0x1
 1279 04ee 4A       		.byte	0x4a
 1280 04ef 00       		.byte	0
 1281 04f0 00       		.byte	0
 1282 04f1 0D       		.uleb128 0xd
 1283 04f2 8C000000 		.4byte	0x8c
 1284 04f6 01050000 		.4byte	0x501
 1285 04fa 0E       		.uleb128 0xe
 1286 04fb EE000000 		.4byte	0xee
 1287 04ff 03       		.byte	0x3
 1288 0500 00       		.byte	0
 1289 0501 0F       		.uleb128 0xf
 1290 0502 B1000000 		.4byte	.LASF45
 1291 0506 01       		.byte	0x1
 1292 0507 B3       		.byte	0xb3
 1293 0508 00000000 		.4byte	.LFB74
 1294 050c 28000000 		.4byte	.LFE74-.LFB74
 1295 0510 01       		.uleb128 0x1
 1296 0511 9C       		.byte	0x9c
 1297 0512 5C050000 		.4byte	0x55c
 1298 0516 12       		.uleb128 0x12
 1299 0517 B2020000 		.4byte	.LASF46
 1300 051b 01       		.byte	0x1
 1301 051c B7       		.byte	0xb7
 1302 051d AD000000 		.4byte	0xad
 1303 0521 B8000000 		.4byte	.LLST5
 1304 0525 15       		.uleb128 0x15
 1305 0526 08000000 		.4byte	.LVL25
 1306 052a 43020000 		.4byte	0x243
 1307 052e 15       		.uleb128 0x15
 1308 052f 12000000 		.4byte	.LVL26
 1309 0533 FD050000 		.4byte	0x5fd
 1310 0537 13       		.uleb128 0x13
 1311 0538 1C000000 		.4byte	.LVL28
 1312 053c 0E060000 		.4byte	0x60e
ARM GAS  C:\Users\Alex\AppData\Local\Temp\ccsdIxNf.s 			page 28


 1313 0540 4B050000 		.4byte	0x54b
 1314 0544 0C       		.uleb128 0xc
 1315 0545 01       		.uleb128 0x1
 1316 0546 50       		.byte	0x50
 1317 0547 02       		.uleb128 0x2
 1318 0548 74       		.byte	0x74
 1319 0549 00       		.sleb128 0
 1320 054a 00       		.byte	0
 1321 054b 0B       		.uleb128 0xb
 1322 054c 22000000 		.4byte	.LVL29
 1323 0550 EC050000 		.4byte	0x5ec
 1324 0554 0C       		.uleb128 0xc
 1325 0555 01       		.uleb128 0x1
 1326 0556 50       		.byte	0x50
 1327 0557 02       		.uleb128 0x2
 1328 0558 08       		.byte	0x8
 1329 0559 4B       		.byte	0x4b
 1330 055a 00       		.byte	0
 1331 055b 00       		.byte	0
 1332 055c 16       		.uleb128 0x16
 1333 055d DE020000 		.4byte	.LASF47
 1334 0561 06       		.byte	0x6
 1335 0562 2A06     		.2byte	0x62a
 1336 0564 68050000 		.4byte	0x568
 1337 0568 17       		.uleb128 0x17
 1338 0569 97000000 		.4byte	0x97
 1339 056d 18       		.uleb128 0x18
 1340 056e 696D7500 		.ascii	"imu\000"
 1341 0572 01       		.byte	0x1
 1342 0573 17       		.byte	0x17
 1343 0574 27010000 		.4byte	0x127
 1344 0578 05       		.uleb128 0x5
 1345 0579 03       		.byte	0x3
 1346 057a 00000000 		.4byte	imu
 1347 057e 0D       		.uleb128 0xd
 1348 057f AD000000 		.4byte	0xad
 1349 0583 8E050000 		.4byte	0x58e
 1350 0587 0E       		.uleb128 0xe
 1351 0588 EE000000 		.4byte	0xee
 1352 058c 63       		.byte	0x63
 1353 058d 00       		.byte	0
 1354 058e 19       		.uleb128 0x19
 1355 058f 74020000 		.4byte	.LASF48
 1356 0593 01       		.byte	0x1
 1357 0594 15       		.byte	0x15
 1358 0595 9F050000 		.4byte	0x59f
 1359 0599 05       		.uleb128 0x5
 1360 059a 03       		.byte	0x3
 1361 059b 00000000 		.4byte	i2c_tmp_buf
 1362 059f 17       		.uleb128 0x17
 1363 05a0 7E050000 		.4byte	0x57e
 1364 05a4 1A       		.uleb128 0x1a
 1365 05a5 60020000 		.4byte	.LASF49
 1366 05a9 07       		.byte	0x7
 1367 05aa 21       		.byte	0x21
 1368 05ab 7E000000 		.4byte	0x7e
 1369 05af C8050000 		.4byte	0x5c8
ARM GAS  C:\Users\Alex\AppData\Local\Temp\ccsdIxNf.s 			page 29


 1370 05b3 1B       		.uleb128 0x1b
 1371 05b4 AD000000 		.4byte	0xad
 1372 05b8 1B       		.uleb128 0x1b
 1373 05b9 AD000000 		.4byte	0xad
 1374 05bd 1B       		.uleb128 0x1b
 1375 05be 52040000 		.4byte	0x452
 1376 05c2 1B       		.uleb128 0x1b
 1377 05c3 B8000000 		.4byte	0xb8
 1378 05c7 00       		.byte	0
 1379 05c8 1A       		.uleb128 0x1a
 1380 05c9 AA010000 		.4byte	.LASF50
 1381 05cd 08       		.byte	0x8
 1382 05ce A7       		.byte	0xa7
 1383 05cf AD000000 		.4byte	0xad
 1384 05d3 EC050000 		.4byte	0x5ec
 1385 05d7 1B       		.uleb128 0x1b
 1386 05d8 AD000000 		.4byte	0xad
 1387 05dc 1B       		.uleb128 0x1b
 1388 05dd 52040000 		.4byte	0x452
 1389 05e1 1B       		.uleb128 0x1b
 1390 05e2 AD000000 		.4byte	0xad
 1391 05e6 1B       		.uleb128 0x1b
 1392 05e7 AD000000 		.4byte	0xad
 1393 05eb 00       		.byte	0
 1394 05ec 1C       		.uleb128 0x1c
 1395 05ed F4020000 		.4byte	.LASF51
 1396 05f1 09       		.byte	0x9
 1397 05f2 77       		.byte	0x77
 1398 05f3 FD050000 		.4byte	0x5fd
 1399 05f7 1B       		.uleb128 0x1b
 1400 05f8 C3000000 		.4byte	0xc3
 1401 05fc 00       		.byte	0
 1402 05fd 1C       		.uleb128 0x1c
 1403 05fe 3D010000 		.4byte	.LASF52
 1404 0602 0A       		.byte	0xa
 1405 0603 1A       		.byte	0x1a
 1406 0604 0E060000 		.4byte	0x60e
 1407 0608 1B       		.uleb128 0x1b
 1408 0609 CE000000 		.4byte	0xce
 1409 060d 00       		.byte	0
 1410 060e 1D       		.uleb128 0x1d
 1411 060f 8C020000 		.4byte	.LASF56
 1412 0613 0B       		.byte	0xb
 1413 0614 28       		.byte	0x28
 1414 0615 1B       		.uleb128 0x1b
 1415 0616 AD000000 		.4byte	0xad
 1416 061a 00       		.byte	0
 1417 061b 00       		.byte	0
 1418              		.section	.debug_abbrev,"",%progbits
 1419              	.Ldebug_abbrev0:
 1420 0000 01       		.uleb128 0x1
 1421 0001 11       		.uleb128 0x11
 1422 0002 01       		.byte	0x1
 1423 0003 25       		.uleb128 0x25
 1424 0004 0E       		.uleb128 0xe
 1425 0005 13       		.uleb128 0x13
 1426 0006 0B       		.uleb128 0xb
ARM GAS  C:\Users\Alex\AppData\Local\Temp\ccsdIxNf.s 			page 30


 1427 0007 03       		.uleb128 0x3
 1428 0008 0E       		.uleb128 0xe
 1429 0009 1B       		.uleb128 0x1b
 1430 000a 0E       		.uleb128 0xe
 1431 000b 55       		.uleb128 0x55
 1432 000c 17       		.uleb128 0x17
 1433 000d 11       		.uleb128 0x11
 1434 000e 01       		.uleb128 0x1
 1435 000f 10       		.uleb128 0x10
 1436 0010 17       		.uleb128 0x17
 1437 0011 00       		.byte	0
 1438 0012 00       		.byte	0
 1439 0013 02       		.uleb128 0x2
 1440 0014 24       		.uleb128 0x24
 1441 0015 00       		.byte	0
 1442 0016 0B       		.uleb128 0xb
 1443 0017 0B       		.uleb128 0xb
 1444 0018 3E       		.uleb128 0x3e
 1445 0019 0B       		.uleb128 0xb
 1446 001a 03       		.uleb128 0x3
 1447 001b 0E       		.uleb128 0xe
 1448 001c 00       		.byte	0
 1449 001d 00       		.byte	0
 1450 001e 03       		.uleb128 0x3
 1451 001f 16       		.uleb128 0x16
 1452 0020 00       		.byte	0
 1453 0021 03       		.uleb128 0x3
 1454 0022 0E       		.uleb128 0xe
 1455 0023 3A       		.uleb128 0x3a
 1456 0024 0B       		.uleb128 0xb
 1457 0025 3B       		.uleb128 0x3b
 1458 0026 0B       		.uleb128 0xb
 1459 0027 49       		.uleb128 0x49
 1460 0028 13       		.uleb128 0x13
 1461 0029 00       		.byte	0
 1462 002a 00       		.byte	0
 1463 002b 04       		.uleb128 0x4
 1464 002c 24       		.uleb128 0x24
 1465 002d 00       		.byte	0
 1466 002e 0B       		.uleb128 0xb
 1467 002f 0B       		.uleb128 0xb
 1468 0030 3E       		.uleb128 0x3e
 1469 0031 0B       		.uleb128 0xb
 1470 0032 03       		.uleb128 0x3
 1471 0033 08       		.uleb128 0x8
 1472 0034 00       		.byte	0
 1473 0035 00       		.byte	0
 1474 0036 05       		.uleb128 0x5
 1475 0037 13       		.uleb128 0x13
 1476 0038 01       		.byte	0x1
 1477 0039 03       		.uleb128 0x3
 1478 003a 08       		.uleb128 0x8
 1479 003b 0B       		.uleb128 0xb
 1480 003c 0B       		.uleb128 0xb
 1481 003d 3A       		.uleb128 0x3a
 1482 003e 0B       		.uleb128 0xb
 1483 003f 3B       		.uleb128 0x3b
ARM GAS  C:\Users\Alex\AppData\Local\Temp\ccsdIxNf.s 			page 31


 1484 0040 0B       		.uleb128 0xb
 1485 0041 01       		.uleb128 0x1
 1486 0042 13       		.uleb128 0x13
 1487 0043 00       		.byte	0
 1488 0044 00       		.byte	0
 1489 0045 06       		.uleb128 0x6
 1490 0046 0D       		.uleb128 0xd
 1491 0047 00       		.byte	0
 1492 0048 03       		.uleb128 0x3
 1493 0049 08       		.uleb128 0x8
 1494 004a 3A       		.uleb128 0x3a
 1495 004b 0B       		.uleb128 0xb
 1496 004c 3B       		.uleb128 0x3b
 1497 004d 0B       		.uleb128 0xb
 1498 004e 49       		.uleb128 0x49
 1499 004f 13       		.uleb128 0x13
 1500 0050 38       		.uleb128 0x38
 1501 0051 0B       		.uleb128 0xb
 1502 0052 00       		.byte	0
 1503 0053 00       		.byte	0
 1504 0054 07       		.uleb128 0x7
 1505 0055 13       		.uleb128 0x13
 1506 0056 01       		.byte	0x1
 1507 0057 03       		.uleb128 0x3
 1508 0058 0E       		.uleb128 0xe
 1509 0059 0B       		.uleb128 0xb
 1510 005a 0B       		.uleb128 0xb
 1511 005b 3A       		.uleb128 0x3a
 1512 005c 0B       		.uleb128 0xb
 1513 005d 3B       		.uleb128 0x3b
 1514 005e 0B       		.uleb128 0xb
 1515 005f 01       		.uleb128 0x1
 1516 0060 13       		.uleb128 0x13
 1517 0061 00       		.byte	0
 1518 0062 00       		.byte	0
 1519 0063 08       		.uleb128 0x8
 1520 0064 0D       		.uleb128 0xd
 1521 0065 00       		.byte	0
 1522 0066 03       		.uleb128 0x3
 1523 0067 0E       		.uleb128 0xe
 1524 0068 3A       		.uleb128 0x3a
 1525 0069 0B       		.uleb128 0xb
 1526 006a 3B       		.uleb128 0x3b
 1527 006b 0B       		.uleb128 0xb
 1528 006c 49       		.uleb128 0x49
 1529 006d 13       		.uleb128 0x13
 1530 006e 38       		.uleb128 0x38
 1531 006f 0B       		.uleb128 0xb
 1532 0070 00       		.byte	0
 1533 0071 00       		.byte	0
 1534 0072 09       		.uleb128 0x9
 1535 0073 2E       		.uleb128 0x2e
 1536 0074 01       		.byte	0x1
 1537 0075 3F       		.uleb128 0x3f
 1538 0076 19       		.uleb128 0x19
 1539 0077 03       		.uleb128 0x3
 1540 0078 0E       		.uleb128 0xe
ARM GAS  C:\Users\Alex\AppData\Local\Temp\ccsdIxNf.s 			page 32


 1541 0079 3A       		.uleb128 0x3a
 1542 007a 0B       		.uleb128 0xb
 1543 007b 3B       		.uleb128 0x3b
 1544 007c 0B       		.uleb128 0xb
 1545 007d 27       		.uleb128 0x27
 1546 007e 19       		.uleb128 0x19
 1547 007f 49       		.uleb128 0x49
 1548 0080 13       		.uleb128 0x13
 1549 0081 11       		.uleb128 0x11
 1550 0082 01       		.uleb128 0x1
 1551 0083 12       		.uleb128 0x12
 1552 0084 06       		.uleb128 0x6
 1553 0085 40       		.uleb128 0x40
 1554 0086 18       		.uleb128 0x18
 1555 0087 9742     		.uleb128 0x2117
 1556 0089 19       		.uleb128 0x19
 1557 008a 01       		.uleb128 0x1
 1558 008b 13       		.uleb128 0x13
 1559 008c 00       		.byte	0
 1560 008d 00       		.byte	0
 1561 008e 0A       		.uleb128 0xa
 1562 008f 34       		.uleb128 0x34
 1563 0090 00       		.byte	0
 1564 0091 03       		.uleb128 0x3
 1565 0092 0E       		.uleb128 0xe
 1566 0093 3A       		.uleb128 0x3a
 1567 0094 0B       		.uleb128 0xb
 1568 0095 3B       		.uleb128 0x3b
 1569 0096 0B       		.uleb128 0xb
 1570 0097 49       		.uleb128 0x49
 1571 0098 13       		.uleb128 0x13
 1572 0099 02       		.uleb128 0x2
 1573 009a 18       		.uleb128 0x18
 1574 009b 00       		.byte	0
 1575 009c 00       		.byte	0
 1576 009d 0B       		.uleb128 0xb
 1577 009e 898201   		.uleb128 0x4109
 1578 00a1 01       		.byte	0x1
 1579 00a2 11       		.uleb128 0x11
 1580 00a3 01       		.uleb128 0x1
 1581 00a4 31       		.uleb128 0x31
 1582 00a5 13       		.uleb128 0x13
 1583 00a6 00       		.byte	0
 1584 00a7 00       		.byte	0
 1585 00a8 0C       		.uleb128 0xc
 1586 00a9 8A8201   		.uleb128 0x410a
 1587 00ac 00       		.byte	0
 1588 00ad 02       		.uleb128 0x2
 1589 00ae 18       		.uleb128 0x18
 1590 00af 9142     		.uleb128 0x2111
 1591 00b1 18       		.uleb128 0x18
 1592 00b2 00       		.byte	0
 1593 00b3 00       		.byte	0
 1594 00b4 0D       		.uleb128 0xd
 1595 00b5 01       		.uleb128 0x1
 1596 00b6 01       		.byte	0x1
 1597 00b7 49       		.uleb128 0x49
ARM GAS  C:\Users\Alex\AppData\Local\Temp\ccsdIxNf.s 			page 33


 1598 00b8 13       		.uleb128 0x13
 1599 00b9 01       		.uleb128 0x1
 1600 00ba 13       		.uleb128 0x13
 1601 00bb 00       		.byte	0
 1602 00bc 00       		.byte	0
 1603 00bd 0E       		.uleb128 0xe
 1604 00be 21       		.uleb128 0x21
 1605 00bf 00       		.byte	0
 1606 00c0 49       		.uleb128 0x49
 1607 00c1 13       		.uleb128 0x13
 1608 00c2 2F       		.uleb128 0x2f
 1609 00c3 0B       		.uleb128 0xb
 1610 00c4 00       		.byte	0
 1611 00c5 00       		.byte	0
 1612 00c6 0F       		.uleb128 0xf
 1613 00c7 2E       		.uleb128 0x2e
 1614 00c8 01       		.byte	0x1
 1615 00c9 3F       		.uleb128 0x3f
 1616 00ca 19       		.uleb128 0x19
 1617 00cb 03       		.uleb128 0x3
 1618 00cc 0E       		.uleb128 0xe
 1619 00cd 3A       		.uleb128 0x3a
 1620 00ce 0B       		.uleb128 0xb
 1621 00cf 3B       		.uleb128 0x3b
 1622 00d0 0B       		.uleb128 0xb
 1623 00d1 27       		.uleb128 0x27
 1624 00d2 19       		.uleb128 0x19
 1625 00d3 11       		.uleb128 0x11
 1626 00d4 01       		.uleb128 0x1
 1627 00d5 12       		.uleb128 0x12
 1628 00d6 06       		.uleb128 0x6
 1629 00d7 40       		.uleb128 0x40
 1630 00d8 18       		.uleb128 0x18
 1631 00d9 9742     		.uleb128 0x2117
 1632 00db 19       		.uleb128 0x19
 1633 00dc 01       		.uleb128 0x1
 1634 00dd 13       		.uleb128 0x13
 1635 00de 00       		.byte	0
 1636 00df 00       		.byte	0
 1637 00e0 10       		.uleb128 0x10
 1638 00e1 05       		.uleb128 0x5
 1639 00e2 00       		.byte	0
 1640 00e3 03       		.uleb128 0x3
 1641 00e4 0E       		.uleb128 0xe
 1642 00e5 3A       		.uleb128 0x3a
 1643 00e6 0B       		.uleb128 0xb
 1644 00e7 3B       		.uleb128 0x3b
 1645 00e8 0B       		.uleb128 0xb
 1646 00e9 49       		.uleb128 0x49
 1647 00ea 13       		.uleb128 0x13
 1648 00eb 02       		.uleb128 0x2
 1649 00ec 17       		.uleb128 0x17
 1650 00ed 00       		.byte	0
 1651 00ee 00       		.byte	0
 1652 00ef 11       		.uleb128 0x11
 1653 00f0 34       		.uleb128 0x34
 1654 00f1 00       		.byte	0
ARM GAS  C:\Users\Alex\AppData\Local\Temp\ccsdIxNf.s 			page 34


 1655 00f2 03       		.uleb128 0x3
 1656 00f3 08       		.uleb128 0x8
 1657 00f4 3A       		.uleb128 0x3a
 1658 00f5 0B       		.uleb128 0xb
 1659 00f6 3B       		.uleb128 0x3b
 1660 00f7 0B       		.uleb128 0xb
 1661 00f8 49       		.uleb128 0x49
 1662 00f9 13       		.uleb128 0x13
 1663 00fa 02       		.uleb128 0x2
 1664 00fb 17       		.uleb128 0x17
 1665 00fc 00       		.byte	0
 1666 00fd 00       		.byte	0
 1667 00fe 12       		.uleb128 0x12
 1668 00ff 34       		.uleb128 0x34
 1669 0100 00       		.byte	0
 1670 0101 03       		.uleb128 0x3
 1671 0102 0E       		.uleb128 0xe
 1672 0103 3A       		.uleb128 0x3a
 1673 0104 0B       		.uleb128 0xb
 1674 0105 3B       		.uleb128 0x3b
 1675 0106 0B       		.uleb128 0xb
 1676 0107 49       		.uleb128 0x49
 1677 0108 13       		.uleb128 0x13
 1678 0109 02       		.uleb128 0x2
 1679 010a 17       		.uleb128 0x17
 1680 010b 00       		.byte	0
 1681 010c 00       		.byte	0
 1682 010d 13       		.uleb128 0x13
 1683 010e 898201   		.uleb128 0x4109
 1684 0111 01       		.byte	0x1
 1685 0112 11       		.uleb128 0x11
 1686 0113 01       		.uleb128 0x1
 1687 0114 31       		.uleb128 0x31
 1688 0115 13       		.uleb128 0x13
 1689 0116 01       		.uleb128 0x1
 1690 0117 13       		.uleb128 0x13
 1691 0118 00       		.byte	0
 1692 0119 00       		.byte	0
 1693 011a 14       		.uleb128 0x14
 1694 011b 0F       		.uleb128 0xf
 1695 011c 00       		.byte	0
 1696 011d 0B       		.uleb128 0xb
 1697 011e 0B       		.uleb128 0xb
 1698 011f 49       		.uleb128 0x49
 1699 0120 13       		.uleb128 0x13
 1700 0121 00       		.byte	0
 1701 0122 00       		.byte	0
 1702 0123 15       		.uleb128 0x15
 1703 0124 898201   		.uleb128 0x4109
 1704 0127 00       		.byte	0
 1705 0128 11       		.uleb128 0x11
 1706 0129 01       		.uleb128 0x1
 1707 012a 31       		.uleb128 0x31
 1708 012b 13       		.uleb128 0x13
 1709 012c 00       		.byte	0
 1710 012d 00       		.byte	0
 1711 012e 16       		.uleb128 0x16
ARM GAS  C:\Users\Alex\AppData\Local\Temp\ccsdIxNf.s 			page 35


 1712 012f 34       		.uleb128 0x34
 1713 0130 00       		.byte	0
 1714 0131 03       		.uleb128 0x3
 1715 0132 0E       		.uleb128 0xe
 1716 0133 3A       		.uleb128 0x3a
 1717 0134 0B       		.uleb128 0xb
 1718 0135 3B       		.uleb128 0x3b
 1719 0136 05       		.uleb128 0x5
 1720 0137 49       		.uleb128 0x49
 1721 0138 13       		.uleb128 0x13
 1722 0139 3F       		.uleb128 0x3f
 1723 013a 19       		.uleb128 0x19
 1724 013b 3C       		.uleb128 0x3c
 1725 013c 19       		.uleb128 0x19
 1726 013d 00       		.byte	0
 1727 013e 00       		.byte	0
 1728 013f 17       		.uleb128 0x17
 1729 0140 35       		.uleb128 0x35
 1730 0141 00       		.byte	0
 1731 0142 49       		.uleb128 0x49
 1732 0143 13       		.uleb128 0x13
 1733 0144 00       		.byte	0
 1734 0145 00       		.byte	0
 1735 0146 18       		.uleb128 0x18
 1736 0147 34       		.uleb128 0x34
 1737 0148 00       		.byte	0
 1738 0149 03       		.uleb128 0x3
 1739 014a 08       		.uleb128 0x8
 1740 014b 3A       		.uleb128 0x3a
 1741 014c 0B       		.uleb128 0xb
 1742 014d 3B       		.uleb128 0x3b
 1743 014e 0B       		.uleb128 0xb
 1744 014f 49       		.uleb128 0x49
 1745 0150 13       		.uleb128 0x13
 1746 0151 3F       		.uleb128 0x3f
 1747 0152 19       		.uleb128 0x19
 1748 0153 02       		.uleb128 0x2
 1749 0154 18       		.uleb128 0x18
 1750 0155 00       		.byte	0
 1751 0156 00       		.byte	0
 1752 0157 19       		.uleb128 0x19
 1753 0158 34       		.uleb128 0x34
 1754 0159 00       		.byte	0
 1755 015a 03       		.uleb128 0x3
 1756 015b 0E       		.uleb128 0xe
 1757 015c 3A       		.uleb128 0x3a
 1758 015d 0B       		.uleb128 0xb
 1759 015e 3B       		.uleb128 0x3b
 1760 015f 0B       		.uleb128 0xb
 1761 0160 49       		.uleb128 0x49
 1762 0161 13       		.uleb128 0x13
 1763 0162 3F       		.uleb128 0x3f
 1764 0163 19       		.uleb128 0x19
 1765 0164 02       		.uleb128 0x2
 1766 0165 18       		.uleb128 0x18
 1767 0166 00       		.byte	0
 1768 0167 00       		.byte	0
ARM GAS  C:\Users\Alex\AppData\Local\Temp\ccsdIxNf.s 			page 36


 1769 0168 1A       		.uleb128 0x1a
 1770 0169 2E       		.uleb128 0x2e
 1771 016a 01       		.byte	0x1
 1772 016b 3F       		.uleb128 0x3f
 1773 016c 19       		.uleb128 0x19
 1774 016d 03       		.uleb128 0x3
 1775 016e 0E       		.uleb128 0xe
 1776 016f 3A       		.uleb128 0x3a
 1777 0170 0B       		.uleb128 0xb
 1778 0171 3B       		.uleb128 0x3b
 1779 0172 0B       		.uleb128 0xb
 1780 0173 27       		.uleb128 0x27
 1781 0174 19       		.uleb128 0x19
 1782 0175 49       		.uleb128 0x49
 1783 0176 13       		.uleb128 0x13
 1784 0177 3C       		.uleb128 0x3c
 1785 0178 19       		.uleb128 0x19
 1786 0179 01       		.uleb128 0x1
 1787 017a 13       		.uleb128 0x13
 1788 017b 00       		.byte	0
 1789 017c 00       		.byte	0
 1790 017d 1B       		.uleb128 0x1b
 1791 017e 05       		.uleb128 0x5
 1792 017f 00       		.byte	0
 1793 0180 49       		.uleb128 0x49
 1794 0181 13       		.uleb128 0x13
 1795 0182 00       		.byte	0
 1796 0183 00       		.byte	0
 1797 0184 1C       		.uleb128 0x1c
 1798 0185 2E       		.uleb128 0x2e
 1799 0186 01       		.byte	0x1
 1800 0187 3F       		.uleb128 0x3f
 1801 0188 19       		.uleb128 0x19
 1802 0189 03       		.uleb128 0x3
 1803 018a 0E       		.uleb128 0xe
 1804 018b 3A       		.uleb128 0x3a
 1805 018c 0B       		.uleb128 0xb
 1806 018d 3B       		.uleb128 0x3b
 1807 018e 0B       		.uleb128 0xb
 1808 018f 27       		.uleb128 0x27
 1809 0190 19       		.uleb128 0x19
 1810 0191 3C       		.uleb128 0x3c
 1811 0192 19       		.uleb128 0x19
 1812 0193 01       		.uleb128 0x1
 1813 0194 13       		.uleb128 0x13
 1814 0195 00       		.byte	0
 1815 0196 00       		.byte	0
 1816 0197 1D       		.uleb128 0x1d
 1817 0198 2E       		.uleb128 0x2e
 1818 0199 01       		.byte	0x1
 1819 019a 3F       		.uleb128 0x3f
 1820 019b 19       		.uleb128 0x19
 1821 019c 03       		.uleb128 0x3
 1822 019d 0E       		.uleb128 0xe
 1823 019e 3A       		.uleb128 0x3a
 1824 019f 0B       		.uleb128 0xb
 1825 01a0 3B       		.uleb128 0x3b
ARM GAS  C:\Users\Alex\AppData\Local\Temp\ccsdIxNf.s 			page 37


 1826 01a1 0B       		.uleb128 0xb
 1827 01a2 27       		.uleb128 0x27
 1828 01a3 19       		.uleb128 0x19
 1829 01a4 3C       		.uleb128 0x3c
 1830 01a5 19       		.uleb128 0x19
 1831 01a6 00       		.byte	0
 1832 01a7 00       		.byte	0
 1833 01a8 00       		.byte	0
 1834              		.section	.debug_loc,"",%progbits
 1835              	.Ldebug_loc0:
 1836              	.LLST0:
 1837 0000 00000000 		.4byte	.LVL8
 1838 0004 0C000000 		.4byte	.LVL11
 1839 0008 0100     		.2byte	0x1
 1840 000a 50       		.byte	0x50
 1841 000b 0C000000 		.4byte	.LVL11
 1842 000f 48000000 		.4byte	.LFE73
 1843 0013 0400     		.2byte	0x4
 1844 0015 F3       		.byte	0xf3
 1845 0016 01       		.uleb128 0x1
 1846 0017 50       		.byte	0x50
 1847 0018 9F       		.byte	0x9f
 1848 0019 00000000 		.4byte	0
 1849 001d 00000000 		.4byte	0
 1850              	.LLST1:
 1851 0021 00000000 		.4byte	.LVL8
 1852 0025 22000000 		.4byte	.LVL13
 1853 0029 0100     		.2byte	0x1
 1854 002b 51       		.byte	0x51
 1855 002c 22000000 		.4byte	.LVL13
 1856 0030 48000000 		.4byte	.LFE73
 1857 0034 0400     		.2byte	0x4
 1858 0036 F3       		.byte	0xf3
 1859 0037 01       		.uleb128 0x1
 1860 0038 51       		.byte	0x51
 1861 0039 9F       		.byte	0x9f
 1862 003a 00000000 		.4byte	0
 1863 003e 00000000 		.4byte	0
 1864              	.LLST2:
 1865 0042 00000000 		.4byte	.LVL8
 1866 0046 0C000000 		.4byte	.LVL11
 1867 004a 0100     		.2byte	0x1
 1868 004c 52       		.byte	0x52
 1869 004d 0C000000 		.4byte	.LVL11
 1870 0051 48000000 		.4byte	.LFE73
 1871 0055 0400     		.2byte	0x4
 1872 0057 F3       		.byte	0xf3
 1873 0058 01       		.uleb128 0x1
 1874 0059 52       		.byte	0x52
 1875 005a 9F       		.byte	0x9f
 1876 005b 00000000 		.4byte	0
 1877 005f 00000000 		.4byte	0
 1878              	.LLST3:
 1879 0063 04000000 		.4byte	.LVL9
 1880 0067 08000000 		.4byte	.LVL10
 1881 006b 0200     		.2byte	0x2
 1882 006d 30       		.byte	0x30
ARM GAS  C:\Users\Alex\AppData\Local\Temp\ccsdIxNf.s 			page 38


 1883 006e 9F       		.byte	0x9f
 1884 006f 08000000 		.4byte	.LVL10
 1885 0073 0C000000 		.4byte	.LVL11
 1886 0077 0200     		.2byte	0x2
 1887 0079 31       		.byte	0x31
 1888 007a 9F       		.byte	0x9f
 1889 007b 0C000000 		.4byte	.LVL11
 1890 007f 22000000 		.4byte	.LVL13
 1891 0083 0100     		.2byte	0x1
 1892 0085 53       		.byte	0x53
 1893 0086 22000000 		.4byte	.LVL13
 1894 008a 42000000 		.4byte	.LVL18
 1895 008e 0100     		.2byte	0x1
 1896 0090 55       		.byte	0x55
 1897 0091 00000000 		.4byte	0
 1898 0095 00000000 		.4byte	0
 1899              	.LLST4:
 1900 0099 04000000 		.4byte	.LVL9
 1901 009d 22000000 		.4byte	.LVL13
 1902 00a1 0200     		.2byte	0x2
 1903 00a3 30       		.byte	0x30
 1904 00a4 9F       		.byte	0x9f
 1905 00a5 30000000 		.4byte	.LVL14
 1906 00a9 34000000 		.4byte	.LVL15
 1907 00ad 0100     		.2byte	0x1
 1908 00af 50       		.byte	0x50
 1909 00b0 00000000 		.4byte	0
 1910 00b4 00000000 		.4byte	0
 1911              	.LLST5:
 1912 00b8 02000000 		.4byte	.LVL23
 1913 00bc 04000000 		.4byte	.LVL24
 1914 00c0 0200     		.2byte	0x2
 1915 00c2 30       		.byte	0x30
 1916 00c3 9F       		.byte	0x9f
 1917 00c4 04000000 		.4byte	.LVL24
 1918 00c8 28000000 		.4byte	.LFE74
 1919 00cc 0100     		.2byte	0x1
 1920 00ce 54       		.byte	0x54
 1921 00cf 00000000 		.4byte	0
 1922 00d3 00000000 		.4byte	0
 1923              		.section	.debug_aranges,"",%progbits
 1924 0000 74000000 		.4byte	0x74
 1925 0004 0200     		.2byte	0x2
 1926 0006 00000000 		.4byte	.Ldebug_info0
 1927 000a 04       		.byte	0x4
 1928 000b 00       		.byte	0
 1929 000c 0000     		.2byte	0
 1930 000e 0000     		.2byte	0
 1931 0010 00000000 		.4byte	.LFB64
 1932 0014 2E000000 		.4byte	.LFE64-.LFB64
 1933 0018 00000000 		.4byte	.LFB65
 1934 001c 24000000 		.4byte	.LFE65-.LFB65
 1935 0020 00000000 		.4byte	.LFB66
 1936 0024 24000000 		.4byte	.LFE66-.LFB66
 1937 0028 00000000 		.4byte	.LFB67
 1938 002c 22000000 		.4byte	.LFE67-.LFB67
 1939 0030 00000000 		.4byte	.LFB68
ARM GAS  C:\Users\Alex\AppData\Local\Temp\ccsdIxNf.s 			page 39


 1940 0034 24000000 		.4byte	.LFE68-.LFB68
 1941 0038 00000000 		.4byte	.LFB69
 1942 003c 24000000 		.4byte	.LFE69-.LFB69
 1943 0040 00000000 		.4byte	.LFB70
 1944 0044 24000000 		.4byte	.LFE70-.LFB70
 1945 0048 00000000 		.4byte	.LFB71
 1946 004c 34000000 		.4byte	.LFE71-.LFB71
 1947 0050 00000000 		.4byte	.LFB73
 1948 0054 48000000 		.4byte	.LFE73-.LFB73
 1949 0058 00000000 		.4byte	.LFB72
 1950 005c 1A000000 		.4byte	.LFE72-.LFB72
 1951 0060 00000000 		.4byte	.LFB63
 1952 0064 28000000 		.4byte	.LFE63-.LFB63
 1953 0068 00000000 		.4byte	.LFB74
 1954 006c 28000000 		.4byte	.LFE74-.LFB74
 1955 0070 00000000 		.4byte	0
 1956 0074 00000000 		.4byte	0
 1957              		.section	.debug_ranges,"",%progbits
 1958              	.Ldebug_ranges0:
 1959 0000 00000000 		.4byte	.LFB64
 1960 0004 2E000000 		.4byte	.LFE64
 1961 0008 00000000 		.4byte	.LFB65
 1962 000c 24000000 		.4byte	.LFE65
 1963 0010 00000000 		.4byte	.LFB66
 1964 0014 24000000 		.4byte	.LFE66
 1965 0018 00000000 		.4byte	.LFB67
 1966 001c 22000000 		.4byte	.LFE67
 1967 0020 00000000 		.4byte	.LFB68
 1968 0024 24000000 		.4byte	.LFE68
 1969 0028 00000000 		.4byte	.LFB69
 1970 002c 24000000 		.4byte	.LFE69
 1971 0030 00000000 		.4byte	.LFB70
 1972 0034 24000000 		.4byte	.LFE70
 1973 0038 00000000 		.4byte	.LFB71
 1974 003c 34000000 		.4byte	.LFE71
 1975 0040 00000000 		.4byte	.LFB73
 1976 0044 48000000 		.4byte	.LFE73
 1977 0048 00000000 		.4byte	.LFB72
 1978 004c 1A000000 		.4byte	.LFE72
 1979 0050 00000000 		.4byte	.LFB63
 1980 0054 28000000 		.4byte	.LFE63
 1981 0058 00000000 		.4byte	.LFB74
 1982 005c 28000000 		.4byte	.LFE74
 1983 0060 00000000 		.4byte	0
 1984 0064 00000000 		.4byte	0
 1985              		.section	.debug_line,"",%progbits
 1986              	.Ldebug_line0:
 1987 0000 C2020000 		.section	.debug_str,"MS",%progbits,1
 1987      02009001 
 1987      00000201 
 1987      FB0E0D00 
 1987      01010101 
 1988              	.LASF40:
 1989 0000 70446174 		.ascii	"pData\000"
 1989      6100
 1990              	.LASF2:
 1991 0006 73686F72 		.ascii	"short int\000"
ARM GAS  C:\Users\Alex\AppData\Local\Temp\ccsdIxNf.s 			page 40


 1991      7420696E 
 1991      7400
 1992              	.LASF22:
 1993 0010 73697A65 		.ascii	"sizetype\000"
 1993      74797065 
 1993      00
 1994              	.LASF26:
 1995 0019 6779726F 		.ascii	"gyro\000"
 1995      00
 1996              	.LASF9:
 1997 001e 6C6F6E67 		.ascii	"long long int\000"
 1997      206C6F6E 
 1997      6720696E 
 1997      7400
 1998              	.LASF7:
 1999 002c 5F5F7569 		.ascii	"__uint32_t\000"
 1999      6E743332 
 1999      5F7400
 2000              	.LASF55:
 2001 0037 433A5C46 		.ascii	"C:\\FlexSEA_alx87grd\\execute\\execute_1_0.cydsn\000"
 2001      6C657853 
 2001      45415F61 
 2001      6C783837 
 2001      6772645C 
 2002              	.LASF29:
 2003 0065 6765745F 		.ascii	"get_accel_y\000"
 2003      61636365 
 2003      6C5F7900 
 2004              	.LASF16:
 2005 0071 75696E74 		.ascii	"uint16\000"
 2005      313600
 2006              	.LASF12:
 2007 0078 75696E74 		.ascii	"uint8_t\000"
 2007      385F7400 
 2008              	.LASF18:
 2009 0080 696E7431 		.ascii	"int16\000"
 2009      3600
 2010              	.LASF15:
 2011 0086 75696E74 		.ascii	"uint8\000"
 2011      3800
 2012              	.LASF28:
 2013 008c 6765745F 		.ascii	"get_accel_x\000"
 2013      61636365 
 2013      6C5F7800 
 2014              	.LASF37:
 2015 0098 6765745F 		.ascii	"get_gyro_xyz\000"
 2015      6779726F 
 2015      5F78797A 
 2015      00
 2016              	.LASF31:
 2017 00a5 6765745F 		.ascii	"get_accel_z\000"
 2017      61636365 
 2017      6C5F7A00 
 2018              	.LASF45:
 2019 00b1 696D755F 		.ascii	"imu_test_code_blocking\000"
 2019      74657374 
 2019      5F636F64 
ARM GAS  C:\Users\Alex\AppData\Local\Temp\ccsdIxNf.s 			page 41


 2019      655F626C 
 2019      6F636B69 
 2020              	.LASF27:
 2021 00c8 636F6E66 		.ascii	"config\000"
 2021      696700
 2022              	.LASF41:
 2023 00cf 6C656E67 		.ascii	"length\000"
 2023      746800
 2024              	.LASF19:
 2025 00d6 666C6F61 		.ascii	"float\000"
 2025      7400
 2026              	.LASF43:
 2027 00dc 72657365 		.ascii	"reset_imu\000"
 2027      745F696D 
 2027      7500
 2028              	.LASF6:
 2029 00e6 6C6F6E67 		.ascii	"long int\000"
 2029      20696E74 
 2029      00
 2030              	.LASF24:
 2031 00ef 696D755F 		.ascii	"imu_s\000"
 2031      7300
 2032              	.LASF4:
 2033 00f5 5F5F7569 		.ascii	"__uint8_t\000"
 2033      6E74385F 
 2033      7400
 2034              	.LASF39:
 2035 00ff 696E7465 		.ascii	"internal_reg_addr\000"
 2035      726E616C 
 2035      5F726567 
 2035      5F616464 
 2035      7200
 2036              	.LASF1:
 2037 0111 756E7369 		.ascii	"unsigned char\000"
 2037      676E6564 
 2037      20636861 
 2037      7200
 2038              	.LASF23:
 2039 011f 6C6F6E67 		.ascii	"long double\000"
 2039      20646F75 
 2039      626C6500 
 2040              	.LASF42:
 2041 012b 73746174 		.ascii	"stat\000"
 2041      00
 2042              	.LASF54:
 2043 0130 2E2E5C73 		.ascii	"..\\src\\imu.c\000"
 2043      72635C69 
 2043      6D752E63 
 2043      00
 2044              	.LASF52:
 2045 013d 73656E64 		.ascii	"send_usb_int16\000"
 2045      5F757362 
 2045      5F696E74 
 2045      313600
 2046              	.LASF0:
 2047 014c 7369676E 		.ascii	"signed char\000"
 2047      65642063 
ARM GAS  C:\Users\Alex\AppData\Local\Temp\ccsdIxNf.s 			page 42


 2047      68617200 
 2048              	.LASF10:
 2049 0158 6C6F6E67 		.ascii	"long long unsigned int\000"
 2049      206C6F6E 
 2049      6720756E 
 2049      7369676E 
 2049      65642069 
 2050              	.LASF14:
 2051 016f 75696E74 		.ascii	"uint32_t\000"
 2051      33325F74 
 2051      00
 2052              	.LASF11:
 2053 0178 756E7369 		.ascii	"unsigned int\000"
 2053      676E6564 
 2053      20696E74 
 2053      00
 2054              	.LASF8:
 2055 0185 6C6F6E67 		.ascii	"long unsigned int\000"
 2055      20756E73 
 2055      69676E65 
 2055      6420696E 
 2055      7400
 2056              	.LASF3:
 2057 0197 73686F72 		.ascii	"short unsigned int\000"
 2057      7420756E 
 2057      7369676E 
 2057      65642069 
 2057      6E7400
 2058              	.LASF50:
 2059 01aa 4932435F 		.ascii	"I2C_0_MasterWriteBuf\000"
 2059      305F4D61 
 2059      73746572 
 2059      57726974 
 2059      65427566 
 2060              	.LASF21:
 2061 01bf 63686172 		.ascii	"char\000"
 2061      00
 2062              	.LASF53:
 2063 01c4 474E5520 		.ascii	"GNU C 4.9.3 20150303 (release) [ARM/embedded-4_9-br"
 2063      4320342E 
 2063      392E3320 
 2063      32303135 
 2063      30333033 
 2064 01f7 616E6368 		.ascii	"anch revision 221220] -mcpu=cortex-m3 -mthumb -g -O"
 2064      20726576 
 2064      6973696F 
 2064      6E203232 
 2064      31323230 
 2065 022a 67202D66 		.ascii	"g -ffunction-sections -ffat-lto-objects\000"
 2065      66756E63 
 2065      74696F6E 
 2065      2D736563 
 2065      74696F6E 
 2066              	.LASF25:
 2067 0252 61636365 		.ascii	"accel\000"
 2067      6C00
 2068              	.LASF13:
ARM GAS  C:\Users\Alex\AppData\Local\Temp\ccsdIxNf.s 			page 43


 2069 0258 696E7433 		.ascii	"int32_t\000"
 2069      325F7400 
 2070              	.LASF49:
 2071 0260 69326330 		.ascii	"i2c0_read\000"
 2071      5F726561 
 2071      6400
 2072              	.LASF38:
 2073 026a 696D755F 		.ascii	"imu_write\000"
 2073      77726974 
 2073      6500
 2074              	.LASF48:
 2075 0274 6932635F 		.ascii	"i2c_tmp_buf\000"
 2075      746D705F 
 2075      62756600 
 2076              	.LASF30:
 2077 0280 64617461 		.ascii	"data\000"
 2077      00
 2078              	.LASF17:
 2079 0285 75696E74 		.ascii	"uint32\000"
 2079      333200
 2080              	.LASF56:
 2081 028c 4C45445F 		.ascii	"LED_G_Write\000"
 2081      475F5772 
 2081      69746500 
 2082              	.LASF20:
 2083 0298 646F7562 		.ascii	"double\000"
 2083      6C6500
 2084              	.LASF32:
 2085 029f 746D705F 		.ascii	"tmp_data\000"
 2085      64617461 
 2085      00
 2086              	.LASF5:
 2087 02a8 5F5F696E 		.ascii	"__int32_t\000"
 2087      7433325F 
 2087      7400
 2088              	.LASF46:
 2089 02b2 6C656467 		.ascii	"ledg_state\000"
 2089      5F737461 
 2089      746500
 2090              	.LASF33:
 2091 02bd 6765745F 		.ascii	"get_gyro_x\000"
 2091      6779726F 
 2091      5F7800
 2092              	.LASF34:
 2093 02c8 6765745F 		.ascii	"get_gyro_y\000"
 2093      6779726F 
 2093      5F7900
 2094              	.LASF35:
 2095 02d3 6765745F 		.ascii	"get_gyro_z\000"
 2095      6779726F 
 2095      5F7A00
 2096              	.LASF47:
 2097 02de 49544D5F 		.ascii	"ITM_RxBuffer\000"
 2097      52784275 
 2097      66666572 
 2097      00
 2098              	.LASF44:
ARM GAS  C:\Users\Alex\AppData\Local\Temp\ccsdIxNf.s 			page 44


 2099 02eb 696E6974 		.ascii	"init_imu\000"
 2099      5F696D75 
 2099      00
 2100              	.LASF51:
 2101 02f4 43794465 		.ascii	"CyDelay\000"
 2101      6C617900 
 2102              	.LASF36:
 2103 02fc 6765745F 		.ascii	"get_accel_xyz\000"
 2103      61636365 
 2103      6C5F7879 
 2103      7A00
 2104              		.ident	"GCC: (GNU Tools for ARM Embedded Processors) 4.9.3 20150303 (release) [ARM/embedded-4_9-br
