ARM GAS  C:\Users\Alex\AppData\Local\Temp\ccClTJ7l.s 			page 1


   1              		.syntax unified
   2              		.cpu cortex-m3
   3              		.fpu softvfp
   4              		.eabi_attribute 20, 1
   5              		.eabi_attribute 21, 1
   6              		.eabi_attribute 23, 3
   7              		.eabi_attribute 24, 1
   8              		.eabi_attribute 25, 1
   9              		.eabi_attribute 26, 1
  10              		.eabi_attribute 30, 1
  11              		.eabi_attribute 34, 1
  12              		.eabi_attribute 18, 4
  13              		.thumb
  14              		.file	"isr_t2.c"
  15              		.text
  16              	.Ltext0:
  17              		.cfi_sections	.debug_frame
  18              		.section	.text.isr_t2_Interrupt,"ax",%progbits
  19              		.align	2
  20              		.global	isr_t2_Interrupt
  21              		.thumb
  22              		.thumb_func
  23              		.type	isr_t2_Interrupt, %function
  24              	isr_t2_Interrupt:
  25              	.LFB3:
  26              		.file 1 ".\\Generated_Source\\PSoC5\\isr_t2.c"
   1:.\Generated_Source\PSoC5/isr_t2.c **** /*******************************************************************************
   2:.\Generated_Source\PSoC5/isr_t2.c **** * File Name: isr_t2.c  
   3:.\Generated_Source\PSoC5/isr_t2.c **** * Version 1.70
   4:.\Generated_Source\PSoC5/isr_t2.c **** *
   5:.\Generated_Source\PSoC5/isr_t2.c **** *  Description:
   6:.\Generated_Source\PSoC5/isr_t2.c **** *   API for controlling the state of an interrupt.
   7:.\Generated_Source\PSoC5/isr_t2.c **** *
   8:.\Generated_Source\PSoC5/isr_t2.c **** *
   9:.\Generated_Source\PSoC5/isr_t2.c **** *  Note:
  10:.\Generated_Source\PSoC5/isr_t2.c **** *
  11:.\Generated_Source\PSoC5/isr_t2.c **** ********************************************************************************
  12:.\Generated_Source\PSoC5/isr_t2.c **** * Copyright 2008-2015, Cypress Semiconductor Corporation.  All rights reserved.
  13:.\Generated_Source\PSoC5/isr_t2.c **** * You may use this file only in accordance with the license, terms, conditions, 
  14:.\Generated_Source\PSoC5/isr_t2.c **** * disclaimers, and limitations in the end user license agreement accompanying 
  15:.\Generated_Source\PSoC5/isr_t2.c **** * the software package with which this file was provided.
  16:.\Generated_Source\PSoC5/isr_t2.c **** *******************************************************************************/
  17:.\Generated_Source\PSoC5/isr_t2.c **** 
  18:.\Generated_Source\PSoC5/isr_t2.c **** 
  19:.\Generated_Source\PSoC5/isr_t2.c **** #include <cydevice_trm.h>
  20:.\Generated_Source\PSoC5/isr_t2.c **** #include <CyLib.h>
  21:.\Generated_Source\PSoC5/isr_t2.c **** #include <isr_t2.h>
  22:.\Generated_Source\PSoC5/isr_t2.c **** #include "cyapicallbacks.h"
  23:.\Generated_Source\PSoC5/isr_t2.c **** 
  24:.\Generated_Source\PSoC5/isr_t2.c **** #if !defined(isr_t2__REMOVED) /* Check for removal by optimization */
  25:.\Generated_Source\PSoC5/isr_t2.c **** 
  26:.\Generated_Source\PSoC5/isr_t2.c **** /*******************************************************************************
  27:.\Generated_Source\PSoC5/isr_t2.c **** *  Place your includes, defines and code here 
  28:.\Generated_Source\PSoC5/isr_t2.c **** ********************************************************************************/
  29:.\Generated_Source\PSoC5/isr_t2.c **** /* `#START isr_t2_intc` */
  30:.\Generated_Source\PSoC5/isr_t2.c **** 
  31:.\Generated_Source\PSoC5/isr_t2.c **** /* `#END` */
ARM GAS  C:\Users\Alex\AppData\Local\Temp\ccClTJ7l.s 			page 2


  32:.\Generated_Source\PSoC5/isr_t2.c **** 
  33:.\Generated_Source\PSoC5/isr_t2.c **** #ifndef CYINT_IRQ_BASE
  34:.\Generated_Source\PSoC5/isr_t2.c **** #define CYINT_IRQ_BASE      16
  35:.\Generated_Source\PSoC5/isr_t2.c **** #endif /* CYINT_IRQ_BASE */
  36:.\Generated_Source\PSoC5/isr_t2.c **** #ifndef CYINT_VECT_TABLE
  37:.\Generated_Source\PSoC5/isr_t2.c **** #define CYINT_VECT_TABLE    ((cyisraddress **) CYREG_NVIC_VECT_OFFSET)
  38:.\Generated_Source\PSoC5/isr_t2.c **** #endif /* CYINT_VECT_TABLE */
  39:.\Generated_Source\PSoC5/isr_t2.c **** 
  40:.\Generated_Source\PSoC5/isr_t2.c **** /* Declared in startup, used to set unused interrupts to. */
  41:.\Generated_Source\PSoC5/isr_t2.c **** CY_ISR_PROTO(IntDefaultHandler);
  42:.\Generated_Source\PSoC5/isr_t2.c **** 
  43:.\Generated_Source\PSoC5/isr_t2.c **** 
  44:.\Generated_Source\PSoC5/isr_t2.c **** /*******************************************************************************
  45:.\Generated_Source\PSoC5/isr_t2.c **** * Function Name: isr_t2_Start
  46:.\Generated_Source\PSoC5/isr_t2.c **** ********************************************************************************
  47:.\Generated_Source\PSoC5/isr_t2.c **** *
  48:.\Generated_Source\PSoC5/isr_t2.c **** * Summary:
  49:.\Generated_Source\PSoC5/isr_t2.c **** *  Set up the interrupt and enable it. This function disables the interrupt, 
  50:.\Generated_Source\PSoC5/isr_t2.c **** *  sets the default interrupt vector, sets the priority from the value in the
  51:.\Generated_Source\PSoC5/isr_t2.c **** *  Design Wide Resources Interrupt Editor, then enables the interrupt to the 
  52:.\Generated_Source\PSoC5/isr_t2.c **** *  interrupt controller.
  53:.\Generated_Source\PSoC5/isr_t2.c **** *
  54:.\Generated_Source\PSoC5/isr_t2.c **** * Parameters:  
  55:.\Generated_Source\PSoC5/isr_t2.c **** *   None
  56:.\Generated_Source\PSoC5/isr_t2.c **** *
  57:.\Generated_Source\PSoC5/isr_t2.c **** * Return:
  58:.\Generated_Source\PSoC5/isr_t2.c **** *   None
  59:.\Generated_Source\PSoC5/isr_t2.c **** *
  60:.\Generated_Source\PSoC5/isr_t2.c **** *******************************************************************************/
  61:.\Generated_Source\PSoC5/isr_t2.c **** void isr_t2_Start(void)
  62:.\Generated_Source\PSoC5/isr_t2.c **** {
  63:.\Generated_Source\PSoC5/isr_t2.c ****     /* For all we know the interrupt is active. */
  64:.\Generated_Source\PSoC5/isr_t2.c ****     isr_t2_Disable();
  65:.\Generated_Source\PSoC5/isr_t2.c **** 
  66:.\Generated_Source\PSoC5/isr_t2.c ****     /* Set the ISR to point to the isr_t2 Interrupt. */
  67:.\Generated_Source\PSoC5/isr_t2.c ****     isr_t2_SetVector(&isr_t2_Interrupt);
  68:.\Generated_Source\PSoC5/isr_t2.c **** 
  69:.\Generated_Source\PSoC5/isr_t2.c ****     /* Set the priority. */
  70:.\Generated_Source\PSoC5/isr_t2.c ****     isr_t2_SetPriority((uint8)isr_t2_INTC_PRIOR_NUMBER);
  71:.\Generated_Source\PSoC5/isr_t2.c **** 
  72:.\Generated_Source\PSoC5/isr_t2.c ****     /* Enable it. */
  73:.\Generated_Source\PSoC5/isr_t2.c ****     isr_t2_Enable();
  74:.\Generated_Source\PSoC5/isr_t2.c **** }
  75:.\Generated_Source\PSoC5/isr_t2.c **** 
  76:.\Generated_Source\PSoC5/isr_t2.c **** 
  77:.\Generated_Source\PSoC5/isr_t2.c **** /*******************************************************************************
  78:.\Generated_Source\PSoC5/isr_t2.c **** * Function Name: isr_t2_StartEx
  79:.\Generated_Source\PSoC5/isr_t2.c **** ********************************************************************************
  80:.\Generated_Source\PSoC5/isr_t2.c **** *
  81:.\Generated_Source\PSoC5/isr_t2.c **** * Summary:
  82:.\Generated_Source\PSoC5/isr_t2.c **** *  Sets up the interrupt and enables it. This function disables the interrupt,
  83:.\Generated_Source\PSoC5/isr_t2.c **** *  sets the interrupt vector based on the address passed in, sets the priority 
  84:.\Generated_Source\PSoC5/isr_t2.c **** *  from the value in the Design Wide Resources Interrupt Editor, then enables 
  85:.\Generated_Source\PSoC5/isr_t2.c **** *  the interrupt to the interrupt controller.
  86:.\Generated_Source\PSoC5/isr_t2.c **** *  
  87:.\Generated_Source\PSoC5/isr_t2.c **** *  When defining ISR functions, the CY_ISR and CY_ISR_PROTO macros should be 
  88:.\Generated_Source\PSoC5/isr_t2.c **** *  used to provide consistent definition across compilers:
ARM GAS  C:\Users\Alex\AppData\Local\Temp\ccClTJ7l.s 			page 3


  89:.\Generated_Source\PSoC5/isr_t2.c **** *  
  90:.\Generated_Source\PSoC5/isr_t2.c **** *  Function definition example:
  91:.\Generated_Source\PSoC5/isr_t2.c **** *   CY_ISR(MyISR)
  92:.\Generated_Source\PSoC5/isr_t2.c **** *   {
  93:.\Generated_Source\PSoC5/isr_t2.c **** *   }
  94:.\Generated_Source\PSoC5/isr_t2.c **** *   Function prototype example:
  95:.\Generated_Source\PSoC5/isr_t2.c **** *   CY_ISR_PROTO(MyISR);
  96:.\Generated_Source\PSoC5/isr_t2.c **** *
  97:.\Generated_Source\PSoC5/isr_t2.c **** * Parameters:  
  98:.\Generated_Source\PSoC5/isr_t2.c **** *   address: Address of the ISR to set in the interrupt vector table.
  99:.\Generated_Source\PSoC5/isr_t2.c **** *
 100:.\Generated_Source\PSoC5/isr_t2.c **** * Return:
 101:.\Generated_Source\PSoC5/isr_t2.c **** *   None
 102:.\Generated_Source\PSoC5/isr_t2.c **** *
 103:.\Generated_Source\PSoC5/isr_t2.c **** *******************************************************************************/
 104:.\Generated_Source\PSoC5/isr_t2.c **** void isr_t2_StartEx(cyisraddress address)
 105:.\Generated_Source\PSoC5/isr_t2.c **** {
 106:.\Generated_Source\PSoC5/isr_t2.c ****     /* For all we know the interrupt is active. */
 107:.\Generated_Source\PSoC5/isr_t2.c ****     isr_t2_Disable();
 108:.\Generated_Source\PSoC5/isr_t2.c **** 
 109:.\Generated_Source\PSoC5/isr_t2.c ****     /* Set the ISR to point to the isr_t2 Interrupt. */
 110:.\Generated_Source\PSoC5/isr_t2.c ****     isr_t2_SetVector(address);
 111:.\Generated_Source\PSoC5/isr_t2.c **** 
 112:.\Generated_Source\PSoC5/isr_t2.c ****     /* Set the priority. */
 113:.\Generated_Source\PSoC5/isr_t2.c ****     isr_t2_SetPriority((uint8)isr_t2_INTC_PRIOR_NUMBER);
 114:.\Generated_Source\PSoC5/isr_t2.c **** 
 115:.\Generated_Source\PSoC5/isr_t2.c ****     /* Enable it. */
 116:.\Generated_Source\PSoC5/isr_t2.c ****     isr_t2_Enable();
 117:.\Generated_Source\PSoC5/isr_t2.c **** }
 118:.\Generated_Source\PSoC5/isr_t2.c **** 
 119:.\Generated_Source\PSoC5/isr_t2.c **** 
 120:.\Generated_Source\PSoC5/isr_t2.c **** /*******************************************************************************
 121:.\Generated_Source\PSoC5/isr_t2.c **** * Function Name: isr_t2_Stop
 122:.\Generated_Source\PSoC5/isr_t2.c **** ********************************************************************************
 123:.\Generated_Source\PSoC5/isr_t2.c **** *
 124:.\Generated_Source\PSoC5/isr_t2.c **** * Summary:
 125:.\Generated_Source\PSoC5/isr_t2.c **** *   Disables and removes the interrupt.
 126:.\Generated_Source\PSoC5/isr_t2.c **** *
 127:.\Generated_Source\PSoC5/isr_t2.c **** * Parameters:  
 128:.\Generated_Source\PSoC5/isr_t2.c **** *   None
 129:.\Generated_Source\PSoC5/isr_t2.c **** *
 130:.\Generated_Source\PSoC5/isr_t2.c **** * Return:
 131:.\Generated_Source\PSoC5/isr_t2.c **** *   None
 132:.\Generated_Source\PSoC5/isr_t2.c **** *
 133:.\Generated_Source\PSoC5/isr_t2.c **** *******************************************************************************/
 134:.\Generated_Source\PSoC5/isr_t2.c **** void isr_t2_Stop(void)
 135:.\Generated_Source\PSoC5/isr_t2.c **** {
 136:.\Generated_Source\PSoC5/isr_t2.c ****     /* Disable this interrupt. */
 137:.\Generated_Source\PSoC5/isr_t2.c ****     isr_t2_Disable();
 138:.\Generated_Source\PSoC5/isr_t2.c **** 
 139:.\Generated_Source\PSoC5/isr_t2.c ****     /* Set the ISR to point to the passive one. */
 140:.\Generated_Source\PSoC5/isr_t2.c ****     isr_t2_SetVector(&IntDefaultHandler);
 141:.\Generated_Source\PSoC5/isr_t2.c **** }
 142:.\Generated_Source\PSoC5/isr_t2.c **** 
 143:.\Generated_Source\PSoC5/isr_t2.c **** 
 144:.\Generated_Source\PSoC5/isr_t2.c **** /*******************************************************************************
 145:.\Generated_Source\PSoC5/isr_t2.c **** * Function Name: isr_t2_Interrupt
ARM GAS  C:\Users\Alex\AppData\Local\Temp\ccClTJ7l.s 			page 4


 146:.\Generated_Source\PSoC5/isr_t2.c **** ********************************************************************************
 147:.\Generated_Source\PSoC5/isr_t2.c **** *
 148:.\Generated_Source\PSoC5/isr_t2.c **** * Summary:
 149:.\Generated_Source\PSoC5/isr_t2.c **** *   The default Interrupt Service Routine for isr_t2.
 150:.\Generated_Source\PSoC5/isr_t2.c **** *
 151:.\Generated_Source\PSoC5/isr_t2.c **** *   Add custom code between the coments to keep the next version of this file
 152:.\Generated_Source\PSoC5/isr_t2.c **** *   from over writting your code.
 153:.\Generated_Source\PSoC5/isr_t2.c **** *
 154:.\Generated_Source\PSoC5/isr_t2.c **** * Parameters:  
 155:.\Generated_Source\PSoC5/isr_t2.c **** *
 156:.\Generated_Source\PSoC5/isr_t2.c **** * Return:
 157:.\Generated_Source\PSoC5/isr_t2.c **** *   None
 158:.\Generated_Source\PSoC5/isr_t2.c **** *
 159:.\Generated_Source\PSoC5/isr_t2.c **** *******************************************************************************/
 160:.\Generated_Source\PSoC5/isr_t2.c **** CY_ISR(isr_t2_Interrupt)
 161:.\Generated_Source\PSoC5/isr_t2.c **** {
  27              		.loc 1 161 0
  28              		.cfi_startproc
  29              		@ args = 0, pretend = 0, frame = 0
  30              		@ frame_needed = 0, uses_anonymous_args = 0
  31 0000 08B5     		push	{r3, lr}
  32              		.cfi_def_cfa_offset 8
  33              		.cfi_offset 3, -8
  34              		.cfi_offset 14, -4
 162:.\Generated_Source\PSoC5/isr_t2.c ****     #ifdef isr_t2_INTERRUPT_INTERRUPT_CALLBACK
 163:.\Generated_Source\PSoC5/isr_t2.c ****         isr_t2_Interrupt_InterruptCallback();
  35              		.loc 1 163 0
  36 0002 FFF7FEFF 		bl	isr_t2_Interrupt_InterruptCallback
  37              	.LVL0:
  38 0006 08BD     		pop	{r3, pc}
  39              		.cfi_endproc
  40              	.LFE3:
  41              		.size	isr_t2_Interrupt, .-isr_t2_Interrupt
  42              		.section	.text.isr_t2_SetVector,"ax",%progbits
  43              		.align	2
  44              		.global	isr_t2_SetVector
  45              		.thumb
  46              		.thumb_func
  47              		.type	isr_t2_SetVector, %function
  48              	isr_t2_SetVector:
  49              	.LFB4:
 164:.\Generated_Source\PSoC5/isr_t2.c ****     #endif /* isr_t2_INTERRUPT_INTERRUPT_CALLBACK */ 
 165:.\Generated_Source\PSoC5/isr_t2.c **** 
 166:.\Generated_Source\PSoC5/isr_t2.c ****     /*  Place your Interrupt code here. */
 167:.\Generated_Source\PSoC5/isr_t2.c ****     /* `#START isr_t2_Interrupt` */
 168:.\Generated_Source\PSoC5/isr_t2.c **** 
 169:.\Generated_Source\PSoC5/isr_t2.c ****     /* `#END` */
 170:.\Generated_Source\PSoC5/isr_t2.c **** }
 171:.\Generated_Source\PSoC5/isr_t2.c **** 
 172:.\Generated_Source\PSoC5/isr_t2.c **** 
 173:.\Generated_Source\PSoC5/isr_t2.c **** /*******************************************************************************
 174:.\Generated_Source\PSoC5/isr_t2.c **** * Function Name: isr_t2_SetVector
 175:.\Generated_Source\PSoC5/isr_t2.c **** ********************************************************************************
 176:.\Generated_Source\PSoC5/isr_t2.c **** *
 177:.\Generated_Source\PSoC5/isr_t2.c **** * Summary:
 178:.\Generated_Source\PSoC5/isr_t2.c **** *   Change the ISR vector for the Interrupt. Note calling isr_t2_Start
 179:.\Generated_Source\PSoC5/isr_t2.c **** *   will override any effect this method would have had. To set the vector 
ARM GAS  C:\Users\Alex\AppData\Local\Temp\ccClTJ7l.s 			page 5


 180:.\Generated_Source\PSoC5/isr_t2.c **** *   before the component has been started use isr_t2_StartEx instead.
 181:.\Generated_Source\PSoC5/isr_t2.c **** * 
 182:.\Generated_Source\PSoC5/isr_t2.c **** *   When defining ISR functions, the CY_ISR and CY_ISR_PROTO macros should be 
 183:.\Generated_Source\PSoC5/isr_t2.c **** *   used to provide consistent definition across compilers:
 184:.\Generated_Source\PSoC5/isr_t2.c **** *
 185:.\Generated_Source\PSoC5/isr_t2.c **** *   Function definition example:
 186:.\Generated_Source\PSoC5/isr_t2.c **** *   CY_ISR(MyISR)
 187:.\Generated_Source\PSoC5/isr_t2.c **** *   {
 188:.\Generated_Source\PSoC5/isr_t2.c **** *   }
 189:.\Generated_Source\PSoC5/isr_t2.c **** *
 190:.\Generated_Source\PSoC5/isr_t2.c **** *   Function prototype example:
 191:.\Generated_Source\PSoC5/isr_t2.c **** *     CY_ISR_PROTO(MyISR);
 192:.\Generated_Source\PSoC5/isr_t2.c **** *
 193:.\Generated_Source\PSoC5/isr_t2.c **** * Parameters:
 194:.\Generated_Source\PSoC5/isr_t2.c **** *   address: Address of the ISR to set in the interrupt vector table.
 195:.\Generated_Source\PSoC5/isr_t2.c **** *
 196:.\Generated_Source\PSoC5/isr_t2.c **** * Return:
 197:.\Generated_Source\PSoC5/isr_t2.c **** *   None
 198:.\Generated_Source\PSoC5/isr_t2.c **** *
 199:.\Generated_Source\PSoC5/isr_t2.c **** *******************************************************************************/
 200:.\Generated_Source\PSoC5/isr_t2.c **** void isr_t2_SetVector(cyisraddress address)
 201:.\Generated_Source\PSoC5/isr_t2.c **** {
  50              		.loc 1 201 0
  51              		.cfi_startproc
  52              		@ args = 0, pretend = 0, frame = 0
  53              		@ frame_needed = 0, uses_anonymous_args = 0
  54              		@ link register save eliminated.
  55              	.LVL1:
 202:.\Generated_Source\PSoC5/isr_t2.c ****     cyisraddress * ramVectorTable;
 203:.\Generated_Source\PSoC5/isr_t2.c **** 
 204:.\Generated_Source\PSoC5/isr_t2.c ****     ramVectorTable = (cyisraddress *) *CYINT_VECT_TABLE;
  56              		.loc 1 204 0
  57 0000 024B     		ldr	r3, .L4
  58 0002 1B68     		ldr	r3, [r3]
  59              	.LVL2:
 205:.\Generated_Source\PSoC5/isr_t2.c **** 
 206:.\Generated_Source\PSoC5/isr_t2.c ****     ramVectorTable[CYINT_IRQ_BASE + (uint32)isr_t2__INTC_NUMBER] = address;
  60              		.loc 1 206 0
  61 0004 C3F88C00 		str	r0, [r3, #140]
  62 0008 7047     		bx	lr
  63              	.L5:
  64 000a 00BF     		.align	2
  65              	.L4:
  66 000c 08ED00E0 		.word	-536810232
  67              		.cfi_endproc
  68              	.LFE4:
  69              		.size	isr_t2_SetVector, .-isr_t2_SetVector
  70              		.section	.text.isr_t2_GetVector,"ax",%progbits
  71              		.align	2
  72              		.global	isr_t2_GetVector
  73              		.thumb
  74              		.thumb_func
  75              		.type	isr_t2_GetVector, %function
  76              	isr_t2_GetVector:
  77              	.LFB5:
 207:.\Generated_Source\PSoC5/isr_t2.c **** }
 208:.\Generated_Source\PSoC5/isr_t2.c **** 
ARM GAS  C:\Users\Alex\AppData\Local\Temp\ccClTJ7l.s 			page 6


 209:.\Generated_Source\PSoC5/isr_t2.c **** 
 210:.\Generated_Source\PSoC5/isr_t2.c **** /*******************************************************************************
 211:.\Generated_Source\PSoC5/isr_t2.c **** * Function Name: isr_t2_GetVector
 212:.\Generated_Source\PSoC5/isr_t2.c **** ********************************************************************************
 213:.\Generated_Source\PSoC5/isr_t2.c **** *
 214:.\Generated_Source\PSoC5/isr_t2.c **** * Summary:
 215:.\Generated_Source\PSoC5/isr_t2.c **** *   Gets the "address" of the current ISR vector for the Interrupt.
 216:.\Generated_Source\PSoC5/isr_t2.c **** *
 217:.\Generated_Source\PSoC5/isr_t2.c **** * Parameters:
 218:.\Generated_Source\PSoC5/isr_t2.c **** *   None
 219:.\Generated_Source\PSoC5/isr_t2.c **** *
 220:.\Generated_Source\PSoC5/isr_t2.c **** * Return:
 221:.\Generated_Source\PSoC5/isr_t2.c **** *   Address of the ISR in the interrupt vector table.
 222:.\Generated_Source\PSoC5/isr_t2.c **** *
 223:.\Generated_Source\PSoC5/isr_t2.c **** *******************************************************************************/
 224:.\Generated_Source\PSoC5/isr_t2.c **** cyisraddress isr_t2_GetVector(void)
 225:.\Generated_Source\PSoC5/isr_t2.c **** {
  78              		.loc 1 225 0
  79              		.cfi_startproc
  80              		@ args = 0, pretend = 0, frame = 0
  81              		@ frame_needed = 0, uses_anonymous_args = 0
  82              		@ link register save eliminated.
 226:.\Generated_Source\PSoC5/isr_t2.c ****     cyisraddress * ramVectorTable;
 227:.\Generated_Source\PSoC5/isr_t2.c **** 
 228:.\Generated_Source\PSoC5/isr_t2.c ****     ramVectorTable = (cyisraddress *) *CYINT_VECT_TABLE;
  83              		.loc 1 228 0
  84 0000 024B     		ldr	r3, .L7
  85 0002 1B68     		ldr	r3, [r3]
  86              	.LVL3:
 229:.\Generated_Source\PSoC5/isr_t2.c **** 
 230:.\Generated_Source\PSoC5/isr_t2.c ****     return ramVectorTable[CYINT_IRQ_BASE + (uint32)isr_t2__INTC_NUMBER];
 231:.\Generated_Source\PSoC5/isr_t2.c **** }
  87              		.loc 1 231 0
  88 0004 D3F88C00 		ldr	r0, [r3, #140]
  89 0008 7047     		bx	lr
  90              	.L8:
  91 000a 00BF     		.align	2
  92              	.L7:
  93 000c 08ED00E0 		.word	-536810232
  94              		.cfi_endproc
  95              	.LFE5:
  96              		.size	isr_t2_GetVector, .-isr_t2_GetVector
  97              		.section	.text.isr_t2_SetPriority,"ax",%progbits
  98              		.align	2
  99              		.global	isr_t2_SetPriority
 100              		.thumb
 101              		.thumb_func
 102              		.type	isr_t2_SetPriority, %function
 103              	isr_t2_SetPriority:
 104              	.LFB6:
 232:.\Generated_Source\PSoC5/isr_t2.c **** 
 233:.\Generated_Source\PSoC5/isr_t2.c **** 
 234:.\Generated_Source\PSoC5/isr_t2.c **** /*******************************************************************************
 235:.\Generated_Source\PSoC5/isr_t2.c **** * Function Name: isr_t2_SetPriority
 236:.\Generated_Source\PSoC5/isr_t2.c **** ********************************************************************************
 237:.\Generated_Source\PSoC5/isr_t2.c **** *
 238:.\Generated_Source\PSoC5/isr_t2.c **** * Summary:
ARM GAS  C:\Users\Alex\AppData\Local\Temp\ccClTJ7l.s 			page 7


 239:.\Generated_Source\PSoC5/isr_t2.c **** *   Sets the Priority of the Interrupt. 
 240:.\Generated_Source\PSoC5/isr_t2.c **** *
 241:.\Generated_Source\PSoC5/isr_t2.c **** *   Note calling isr_t2_Start or isr_t2_StartEx will 
 242:.\Generated_Source\PSoC5/isr_t2.c **** *   override any effect this API would have had. This API should only be called
 243:.\Generated_Source\PSoC5/isr_t2.c **** *   after isr_t2_Start or isr_t2_StartEx has been called. 
 244:.\Generated_Source\PSoC5/isr_t2.c **** *   To set the initial priority for the component, use the Design-Wide Resources
 245:.\Generated_Source\PSoC5/isr_t2.c **** *   Interrupt Editor.
 246:.\Generated_Source\PSoC5/isr_t2.c **** *
 247:.\Generated_Source\PSoC5/isr_t2.c **** *   Note This API has no effect on Non-maskable interrupt NMI).
 248:.\Generated_Source\PSoC5/isr_t2.c **** *
 249:.\Generated_Source\PSoC5/isr_t2.c **** * Parameters:
 250:.\Generated_Source\PSoC5/isr_t2.c **** *   priority: Priority of the interrupt, 0 being the highest priority
 251:.\Generated_Source\PSoC5/isr_t2.c **** *             PSoC 3 and PSoC 5LP: Priority is from 0 to 7.
 252:.\Generated_Source\PSoC5/isr_t2.c **** *             PSoC 4: Priority is from 0 to 3.
 253:.\Generated_Source\PSoC5/isr_t2.c **** *
 254:.\Generated_Source\PSoC5/isr_t2.c **** * Return:
 255:.\Generated_Source\PSoC5/isr_t2.c **** *   None
 256:.\Generated_Source\PSoC5/isr_t2.c **** *
 257:.\Generated_Source\PSoC5/isr_t2.c **** *******************************************************************************/
 258:.\Generated_Source\PSoC5/isr_t2.c **** void isr_t2_SetPriority(uint8 priority)
 259:.\Generated_Source\PSoC5/isr_t2.c **** {
 105              		.loc 1 259 0
 106              		.cfi_startproc
 107              		@ args = 0, pretend = 0, frame = 0
 108              		@ frame_needed = 0, uses_anonymous_args = 0
 109              		@ link register save eliminated.
 110              	.LVL4:
 260:.\Generated_Source\PSoC5/isr_t2.c ****     *isr_t2_INTC_PRIOR = priority << 5;
 111              		.loc 1 260 0
 112 0000 4001     		lsls	r0, r0, #5
 113              	.LVL5:
 114 0002 C0B2     		uxtb	r0, r0
 115 0004 014B     		ldr	r3, .L10
 116 0006 1870     		strb	r0, [r3]
 117 0008 7047     		bx	lr
 118              	.L11:
 119 000a 00BF     		.align	2
 120              	.L10:
 121 000c 13E400E0 		.word	-536812525
 122              		.cfi_endproc
 123              	.LFE6:
 124              		.size	isr_t2_SetPriority, .-isr_t2_SetPriority
 125              		.section	.text.isr_t2_GetPriority,"ax",%progbits
 126              		.align	2
 127              		.global	isr_t2_GetPriority
 128              		.thumb
 129              		.thumb_func
 130              		.type	isr_t2_GetPriority, %function
 131              	isr_t2_GetPriority:
 132              	.LFB7:
 261:.\Generated_Source\PSoC5/isr_t2.c **** }
 262:.\Generated_Source\PSoC5/isr_t2.c **** 
 263:.\Generated_Source\PSoC5/isr_t2.c **** 
 264:.\Generated_Source\PSoC5/isr_t2.c **** /*******************************************************************************
 265:.\Generated_Source\PSoC5/isr_t2.c **** * Function Name: isr_t2_GetPriority
 266:.\Generated_Source\PSoC5/isr_t2.c **** ********************************************************************************
 267:.\Generated_Source\PSoC5/isr_t2.c **** *
ARM GAS  C:\Users\Alex\AppData\Local\Temp\ccClTJ7l.s 			page 8


 268:.\Generated_Source\PSoC5/isr_t2.c **** * Summary:
 269:.\Generated_Source\PSoC5/isr_t2.c **** *   Gets the Priority of the Interrupt.
 270:.\Generated_Source\PSoC5/isr_t2.c **** *
 271:.\Generated_Source\PSoC5/isr_t2.c **** * Parameters:
 272:.\Generated_Source\PSoC5/isr_t2.c **** *   None
 273:.\Generated_Source\PSoC5/isr_t2.c **** *
 274:.\Generated_Source\PSoC5/isr_t2.c **** * Return:
 275:.\Generated_Source\PSoC5/isr_t2.c **** *   Priority of the interrupt, 0 being the highest priority
 276:.\Generated_Source\PSoC5/isr_t2.c **** *    PSoC 3 and PSoC 5LP: Priority is from 0 to 7.
 277:.\Generated_Source\PSoC5/isr_t2.c **** *    PSoC 4: Priority is from 0 to 3.
 278:.\Generated_Source\PSoC5/isr_t2.c **** *
 279:.\Generated_Source\PSoC5/isr_t2.c **** *******************************************************************************/
 280:.\Generated_Source\PSoC5/isr_t2.c **** uint8 isr_t2_GetPriority(void)
 281:.\Generated_Source\PSoC5/isr_t2.c **** {
 133              		.loc 1 281 0
 134              		.cfi_startproc
 135              		@ args = 0, pretend = 0, frame = 0
 136              		@ frame_needed = 0, uses_anonymous_args = 0
 137              		@ link register save eliminated.
 282:.\Generated_Source\PSoC5/isr_t2.c ****     uint8 priority;
 283:.\Generated_Source\PSoC5/isr_t2.c **** 
 284:.\Generated_Source\PSoC5/isr_t2.c **** 
 285:.\Generated_Source\PSoC5/isr_t2.c ****     priority = *isr_t2_INTC_PRIOR >> 5;
 138              		.loc 1 285 0
 139 0000 014B     		ldr	r3, .L13
 140 0002 1878     		ldrb	r0, [r3]	@ zero_extendqisi2
 141              	.LVL6:
 286:.\Generated_Source\PSoC5/isr_t2.c **** 
 287:.\Generated_Source\PSoC5/isr_t2.c ****     return priority;
 288:.\Generated_Source\PSoC5/isr_t2.c **** }
 142              		.loc 1 288 0
 143 0004 4009     		lsrs	r0, r0, #5
 144              	.LVL7:
 145 0006 7047     		bx	lr
 146              	.L14:
 147              		.align	2
 148              	.L13:
 149 0008 13E400E0 		.word	-536812525
 150              		.cfi_endproc
 151              	.LFE7:
 152              		.size	isr_t2_GetPriority, .-isr_t2_GetPriority
 153              		.section	.text.isr_t2_Enable,"ax",%progbits
 154              		.align	2
 155              		.global	isr_t2_Enable
 156              		.thumb
 157              		.thumb_func
 158              		.type	isr_t2_Enable, %function
 159              	isr_t2_Enable:
 160              	.LFB8:
 289:.\Generated_Source\PSoC5/isr_t2.c **** 
 290:.\Generated_Source\PSoC5/isr_t2.c **** 
 291:.\Generated_Source\PSoC5/isr_t2.c **** /*******************************************************************************
 292:.\Generated_Source\PSoC5/isr_t2.c **** * Function Name: isr_t2_Enable
 293:.\Generated_Source\PSoC5/isr_t2.c **** ********************************************************************************
 294:.\Generated_Source\PSoC5/isr_t2.c **** *
 295:.\Generated_Source\PSoC5/isr_t2.c **** * Summary:
 296:.\Generated_Source\PSoC5/isr_t2.c **** *   Enables the interrupt to the interrupt controller. Do not call this function
ARM GAS  C:\Users\Alex\AppData\Local\Temp\ccClTJ7l.s 			page 9


 297:.\Generated_Source\PSoC5/isr_t2.c **** *   unless ISR_Start() has been called or the functionality of the ISR_Start() 
 298:.\Generated_Source\PSoC5/isr_t2.c **** *   function, which sets the vector and the priority, has been called.
 299:.\Generated_Source\PSoC5/isr_t2.c **** *
 300:.\Generated_Source\PSoC5/isr_t2.c **** * Parameters:
 301:.\Generated_Source\PSoC5/isr_t2.c **** *   None
 302:.\Generated_Source\PSoC5/isr_t2.c **** *
 303:.\Generated_Source\PSoC5/isr_t2.c **** * Return:
 304:.\Generated_Source\PSoC5/isr_t2.c **** *   None
 305:.\Generated_Source\PSoC5/isr_t2.c **** *
 306:.\Generated_Source\PSoC5/isr_t2.c **** *******************************************************************************/
 307:.\Generated_Source\PSoC5/isr_t2.c **** void isr_t2_Enable(void)
 308:.\Generated_Source\PSoC5/isr_t2.c **** {
 161              		.loc 1 308 0
 162              		.cfi_startproc
 163              		@ args = 0, pretend = 0, frame = 0
 164              		@ frame_needed = 0, uses_anonymous_args = 0
 165              		@ link register save eliminated.
 309:.\Generated_Source\PSoC5/isr_t2.c ****     /* Enable the general interrupt. */
 310:.\Generated_Source\PSoC5/isr_t2.c ****     *isr_t2_INTC_SET_EN = isr_t2__INTC_MASK;
 166              		.loc 1 310 0
 167 0000 4FF40022 		mov	r2, #524288
 168 0004 014B     		ldr	r3, .L16
 169 0006 1A60     		str	r2, [r3]
 170 0008 7047     		bx	lr
 171              	.L17:
 172 000a 00BF     		.align	2
 173              	.L16:
 174 000c 00E100E0 		.word	-536813312
 175              		.cfi_endproc
 176              	.LFE8:
 177              		.size	isr_t2_Enable, .-isr_t2_Enable
 178              		.section	.text.isr_t2_GetState,"ax",%progbits
 179              		.align	2
 180              		.global	isr_t2_GetState
 181              		.thumb
 182              		.thumb_func
 183              		.type	isr_t2_GetState, %function
 184              	isr_t2_GetState:
 185              	.LFB9:
 311:.\Generated_Source\PSoC5/isr_t2.c **** }
 312:.\Generated_Source\PSoC5/isr_t2.c **** 
 313:.\Generated_Source\PSoC5/isr_t2.c **** 
 314:.\Generated_Source\PSoC5/isr_t2.c **** /*******************************************************************************
 315:.\Generated_Source\PSoC5/isr_t2.c **** * Function Name: isr_t2_GetState
 316:.\Generated_Source\PSoC5/isr_t2.c **** ********************************************************************************
 317:.\Generated_Source\PSoC5/isr_t2.c **** *
 318:.\Generated_Source\PSoC5/isr_t2.c **** * Summary:
 319:.\Generated_Source\PSoC5/isr_t2.c **** *   Gets the state (enabled, disabled) of the Interrupt.
 320:.\Generated_Source\PSoC5/isr_t2.c **** *
 321:.\Generated_Source\PSoC5/isr_t2.c **** * Parameters:
 322:.\Generated_Source\PSoC5/isr_t2.c **** *   None
 323:.\Generated_Source\PSoC5/isr_t2.c **** *
 324:.\Generated_Source\PSoC5/isr_t2.c **** * Return:
 325:.\Generated_Source\PSoC5/isr_t2.c **** *   1 if enabled, 0 if disabled.
 326:.\Generated_Source\PSoC5/isr_t2.c **** *
 327:.\Generated_Source\PSoC5/isr_t2.c **** *******************************************************************************/
 328:.\Generated_Source\PSoC5/isr_t2.c **** uint8 isr_t2_GetState(void)
ARM GAS  C:\Users\Alex\AppData\Local\Temp\ccClTJ7l.s 			page 10


 329:.\Generated_Source\PSoC5/isr_t2.c **** {
 186              		.loc 1 329 0
 187              		.cfi_startproc
 188              		@ args = 0, pretend = 0, frame = 0
 189              		@ frame_needed = 0, uses_anonymous_args = 0
 190              		@ link register save eliminated.
 330:.\Generated_Source\PSoC5/isr_t2.c ****     /* Get the state of the general interrupt. */
 331:.\Generated_Source\PSoC5/isr_t2.c ****     return ((*isr_t2_INTC_SET_EN & (uint32)isr_t2__INTC_MASK) != 0u) ? 1u:0u;
 191              		.loc 1 331 0
 192 0000 044B     		ldr	r3, .L21
 193 0002 1B68     		ldr	r3, [r3]
 194 0004 13F4002F 		tst	r3, #524288
 195 0008 01D0     		beq	.L20
 196 000a 0120     		movs	r0, #1
 197 000c 7047     		bx	lr
 198              	.L20:
 199 000e 0020     		movs	r0, #0
 332:.\Generated_Source\PSoC5/isr_t2.c **** }
 200              		.loc 1 332 0
 201 0010 7047     		bx	lr
 202              	.L22:
 203 0012 00BF     		.align	2
 204              	.L21:
 205 0014 00E100E0 		.word	-536813312
 206              		.cfi_endproc
 207              	.LFE9:
 208              		.size	isr_t2_GetState, .-isr_t2_GetState
 209              		.section	.text.isr_t2_Disable,"ax",%progbits
 210              		.align	2
 211              		.global	isr_t2_Disable
 212              		.thumb
 213              		.thumb_func
 214              		.type	isr_t2_Disable, %function
 215              	isr_t2_Disable:
 216              	.LFB10:
 333:.\Generated_Source\PSoC5/isr_t2.c **** 
 334:.\Generated_Source\PSoC5/isr_t2.c **** 
 335:.\Generated_Source\PSoC5/isr_t2.c **** /*******************************************************************************
 336:.\Generated_Source\PSoC5/isr_t2.c **** * Function Name: isr_t2_Disable
 337:.\Generated_Source\PSoC5/isr_t2.c **** ********************************************************************************
 338:.\Generated_Source\PSoC5/isr_t2.c **** *
 339:.\Generated_Source\PSoC5/isr_t2.c **** * Summary:
 340:.\Generated_Source\PSoC5/isr_t2.c **** *   Disables the Interrupt in the interrupt controller.
 341:.\Generated_Source\PSoC5/isr_t2.c **** *
 342:.\Generated_Source\PSoC5/isr_t2.c **** * Parameters:
 343:.\Generated_Source\PSoC5/isr_t2.c **** *   None
 344:.\Generated_Source\PSoC5/isr_t2.c **** *
 345:.\Generated_Source\PSoC5/isr_t2.c **** * Return:
 346:.\Generated_Source\PSoC5/isr_t2.c **** *   None
 347:.\Generated_Source\PSoC5/isr_t2.c **** *
 348:.\Generated_Source\PSoC5/isr_t2.c **** *******************************************************************************/
 349:.\Generated_Source\PSoC5/isr_t2.c **** void isr_t2_Disable(void)
 350:.\Generated_Source\PSoC5/isr_t2.c **** {
 217              		.loc 1 350 0
 218              		.cfi_startproc
 219              		@ args = 0, pretend = 0, frame = 0
 220              		@ frame_needed = 0, uses_anonymous_args = 0
ARM GAS  C:\Users\Alex\AppData\Local\Temp\ccClTJ7l.s 			page 11


 221              		@ link register save eliminated.
 351:.\Generated_Source\PSoC5/isr_t2.c ****     /* Disable the general interrupt. */
 352:.\Generated_Source\PSoC5/isr_t2.c ****     *isr_t2_INTC_CLR_EN = isr_t2__INTC_MASK;
 222              		.loc 1 352 0
 223 0000 4FF40022 		mov	r2, #524288
 224 0004 014B     		ldr	r3, .L24
 225 0006 1A60     		str	r2, [r3]
 226 0008 7047     		bx	lr
 227              	.L25:
 228 000a 00BF     		.align	2
 229              	.L24:
 230 000c 80E100E0 		.word	-536813184
 231              		.cfi_endproc
 232              	.LFE10:
 233              		.size	isr_t2_Disable, .-isr_t2_Disable
 234              		.section	.text.isr_t2_Start,"ax",%progbits
 235              		.align	2
 236              		.global	isr_t2_Start
 237              		.thumb
 238              		.thumb_func
 239              		.type	isr_t2_Start, %function
 240              	isr_t2_Start:
 241              	.LFB0:
  62:.\Generated_Source\PSoC5/isr_t2.c ****     /* For all we know the interrupt is active. */
 242              		.loc 1 62 0
 243              		.cfi_startproc
 244              		@ args = 0, pretend = 0, frame = 0
 245              		@ frame_needed = 0, uses_anonymous_args = 0
 246 0000 08B5     		push	{r3, lr}
 247              		.cfi_def_cfa_offset 8
 248              		.cfi_offset 3, -8
 249              		.cfi_offset 14, -4
  64:.\Generated_Source\PSoC5/isr_t2.c **** 
 250              		.loc 1 64 0
 251 0002 FFF7FEFF 		bl	isr_t2_Disable
 252              	.LVL8:
  67:.\Generated_Source\PSoC5/isr_t2.c **** 
 253              		.loc 1 67 0
 254 0006 0448     		ldr	r0, .L28
 255 0008 FFF7FEFF 		bl	isr_t2_SetVector
 256              	.LVL9:
  70:.\Generated_Source\PSoC5/isr_t2.c **** 
 257              		.loc 1 70 0
 258 000c 0720     		movs	r0, #7
 259 000e FFF7FEFF 		bl	isr_t2_SetPriority
 260              	.LVL10:
  73:.\Generated_Source\PSoC5/isr_t2.c **** }
 261              		.loc 1 73 0
 262 0012 FFF7FEFF 		bl	isr_t2_Enable
 263              	.LVL11:
 264 0016 08BD     		pop	{r3, pc}
 265              	.L29:
 266              		.align	2
 267              	.L28:
 268 0018 00000000 		.word	isr_t2_Interrupt
 269              		.cfi_endproc
 270              	.LFE0:
ARM GAS  C:\Users\Alex\AppData\Local\Temp\ccClTJ7l.s 			page 12


 271              		.size	isr_t2_Start, .-isr_t2_Start
 272              		.section	.text.isr_t2_StartEx,"ax",%progbits
 273              		.align	2
 274              		.global	isr_t2_StartEx
 275              		.thumb
 276              		.thumb_func
 277              		.type	isr_t2_StartEx, %function
 278              	isr_t2_StartEx:
 279              	.LFB1:
 105:.\Generated_Source\PSoC5/isr_t2.c ****     /* For all we know the interrupt is active. */
 280              		.loc 1 105 0
 281              		.cfi_startproc
 282              		@ args = 0, pretend = 0, frame = 0
 283              		@ frame_needed = 0, uses_anonymous_args = 0
 284              	.LVL12:
 285 0000 10B5     		push	{r4, lr}
 286              		.cfi_def_cfa_offset 8
 287              		.cfi_offset 4, -8
 288              		.cfi_offset 14, -4
 289 0002 0446     		mov	r4, r0
 107:.\Generated_Source\PSoC5/isr_t2.c **** 
 290              		.loc 1 107 0
 291 0004 FFF7FEFF 		bl	isr_t2_Disable
 292              	.LVL13:
 110:.\Generated_Source\PSoC5/isr_t2.c **** 
 293              		.loc 1 110 0
 294 0008 2046     		mov	r0, r4
 295 000a FFF7FEFF 		bl	isr_t2_SetVector
 296              	.LVL14:
 113:.\Generated_Source\PSoC5/isr_t2.c **** 
 297              		.loc 1 113 0
 298 000e 0720     		movs	r0, #7
 299 0010 FFF7FEFF 		bl	isr_t2_SetPriority
 300              	.LVL15:
 116:.\Generated_Source\PSoC5/isr_t2.c **** }
 301              		.loc 1 116 0
 302 0014 FFF7FEFF 		bl	isr_t2_Enable
 303              	.LVL16:
 304 0018 10BD     		pop	{r4, pc}
 305              		.cfi_endproc
 306              	.LFE1:
 307              		.size	isr_t2_StartEx, .-isr_t2_StartEx
 308 001a 00BF     		.section	.text.isr_t2_Stop,"ax",%progbits
 309              		.align	2
 310              		.global	isr_t2_Stop
 311              		.thumb
 312              		.thumb_func
 313              		.type	isr_t2_Stop, %function
 314              	isr_t2_Stop:
 315              	.LFB2:
 135:.\Generated_Source\PSoC5/isr_t2.c ****     /* Disable this interrupt. */
 316              		.loc 1 135 0
 317              		.cfi_startproc
 318              		@ args = 0, pretend = 0, frame = 0
 319              		@ frame_needed = 0, uses_anonymous_args = 0
 320 0000 08B5     		push	{r3, lr}
 321              		.cfi_def_cfa_offset 8
ARM GAS  C:\Users\Alex\AppData\Local\Temp\ccClTJ7l.s 			page 13


 322              		.cfi_offset 3, -8
 323              		.cfi_offset 14, -4
 137:.\Generated_Source\PSoC5/isr_t2.c **** 
 324              		.loc 1 137 0
 325 0002 FFF7FEFF 		bl	isr_t2_Disable
 326              	.LVL17:
 140:.\Generated_Source\PSoC5/isr_t2.c **** }
 327              		.loc 1 140 0
 328 0006 0248     		ldr	r0, .L34
 329 0008 FFF7FEFF 		bl	isr_t2_SetVector
 330              	.LVL18:
 331 000c 08BD     		pop	{r3, pc}
 332              	.L35:
 333 000e 00BF     		.align	2
 334              	.L34:
 335 0010 00000000 		.word	IntDefaultHandler
 336              		.cfi_endproc
 337              	.LFE2:
 338              		.size	isr_t2_Stop, .-isr_t2_Stop
 339              		.section	.text.isr_t2_SetPending,"ax",%progbits
 340              		.align	2
 341              		.global	isr_t2_SetPending
 342              		.thumb
 343              		.thumb_func
 344              		.type	isr_t2_SetPending, %function
 345              	isr_t2_SetPending:
 346              	.LFB11:
 353:.\Generated_Source\PSoC5/isr_t2.c **** }
 354:.\Generated_Source\PSoC5/isr_t2.c **** 
 355:.\Generated_Source\PSoC5/isr_t2.c **** 
 356:.\Generated_Source\PSoC5/isr_t2.c **** /*******************************************************************************
 357:.\Generated_Source\PSoC5/isr_t2.c **** * Function Name: isr_t2_SetPending
 358:.\Generated_Source\PSoC5/isr_t2.c **** ********************************************************************************
 359:.\Generated_Source\PSoC5/isr_t2.c **** *
 360:.\Generated_Source\PSoC5/isr_t2.c **** * Summary:
 361:.\Generated_Source\PSoC5/isr_t2.c **** *   Causes the Interrupt to enter the pending state, a software method of
 362:.\Generated_Source\PSoC5/isr_t2.c **** *   generating the interrupt.
 363:.\Generated_Source\PSoC5/isr_t2.c **** *
 364:.\Generated_Source\PSoC5/isr_t2.c **** * Parameters:
 365:.\Generated_Source\PSoC5/isr_t2.c **** *   None
 366:.\Generated_Source\PSoC5/isr_t2.c **** *
 367:.\Generated_Source\PSoC5/isr_t2.c **** * Return:
 368:.\Generated_Source\PSoC5/isr_t2.c **** *   None
 369:.\Generated_Source\PSoC5/isr_t2.c **** *
 370:.\Generated_Source\PSoC5/isr_t2.c **** * Side Effects:
 371:.\Generated_Source\PSoC5/isr_t2.c **** *   If interrupts are enabled and the interrupt is set up properly, the ISR is
 372:.\Generated_Source\PSoC5/isr_t2.c **** *   entered (depending on the priority of this interrupt and other pending 
 373:.\Generated_Source\PSoC5/isr_t2.c **** *   interrupts).
 374:.\Generated_Source\PSoC5/isr_t2.c **** *
 375:.\Generated_Source\PSoC5/isr_t2.c **** *******************************************************************************/
 376:.\Generated_Source\PSoC5/isr_t2.c **** void isr_t2_SetPending(void)
 377:.\Generated_Source\PSoC5/isr_t2.c **** {
 347              		.loc 1 377 0
 348              		.cfi_startproc
 349              		@ args = 0, pretend = 0, frame = 0
 350              		@ frame_needed = 0, uses_anonymous_args = 0
 351              		@ link register save eliminated.
ARM GAS  C:\Users\Alex\AppData\Local\Temp\ccClTJ7l.s 			page 14


 378:.\Generated_Source\PSoC5/isr_t2.c ****     *isr_t2_INTC_SET_PD = isr_t2__INTC_MASK;
 352              		.loc 1 378 0
 353 0000 4FF40022 		mov	r2, #524288
 354 0004 014B     		ldr	r3, .L37
 355 0006 1A60     		str	r2, [r3]
 356 0008 7047     		bx	lr
 357              	.L38:
 358 000a 00BF     		.align	2
 359              	.L37:
 360 000c 00E200E0 		.word	-536813056
 361              		.cfi_endproc
 362              	.LFE11:
 363              		.size	isr_t2_SetPending, .-isr_t2_SetPending
 364              		.section	.text.isr_t2_ClearPending,"ax",%progbits
 365              		.align	2
 366              		.global	isr_t2_ClearPending
 367              		.thumb
 368              		.thumb_func
 369              		.type	isr_t2_ClearPending, %function
 370              	isr_t2_ClearPending:
 371              	.LFB12:
 379:.\Generated_Source\PSoC5/isr_t2.c **** }
 380:.\Generated_Source\PSoC5/isr_t2.c **** 
 381:.\Generated_Source\PSoC5/isr_t2.c **** 
 382:.\Generated_Source\PSoC5/isr_t2.c **** /*******************************************************************************
 383:.\Generated_Source\PSoC5/isr_t2.c **** * Function Name: isr_t2_ClearPending
 384:.\Generated_Source\PSoC5/isr_t2.c **** ********************************************************************************
 385:.\Generated_Source\PSoC5/isr_t2.c **** *
 386:.\Generated_Source\PSoC5/isr_t2.c **** * Summary:
 387:.\Generated_Source\PSoC5/isr_t2.c **** *   Clears a pending interrupt in the interrupt controller.
 388:.\Generated_Source\PSoC5/isr_t2.c **** *
 389:.\Generated_Source\PSoC5/isr_t2.c **** *   Note Some interrupt sources are clear-on-read and require the block 
 390:.\Generated_Source\PSoC5/isr_t2.c **** *   interrupt/status register to be read/cleared with the appropriate block API 
 391:.\Generated_Source\PSoC5/isr_t2.c **** *   (GPIO, UART, and so on). Otherwise the ISR will continue to remain in 
 392:.\Generated_Source\PSoC5/isr_t2.c **** *   pending state even though the interrupt itself is cleared using this API.
 393:.\Generated_Source\PSoC5/isr_t2.c **** *
 394:.\Generated_Source\PSoC5/isr_t2.c **** * Parameters:
 395:.\Generated_Source\PSoC5/isr_t2.c **** *   None
 396:.\Generated_Source\PSoC5/isr_t2.c **** *
 397:.\Generated_Source\PSoC5/isr_t2.c **** * Return:
 398:.\Generated_Source\PSoC5/isr_t2.c **** *   None
 399:.\Generated_Source\PSoC5/isr_t2.c **** *
 400:.\Generated_Source\PSoC5/isr_t2.c **** *******************************************************************************/
 401:.\Generated_Source\PSoC5/isr_t2.c **** void isr_t2_ClearPending(void)
 402:.\Generated_Source\PSoC5/isr_t2.c **** {
 372              		.loc 1 402 0
 373              		.cfi_startproc
 374              		@ args = 0, pretend = 0, frame = 0
 375              		@ frame_needed = 0, uses_anonymous_args = 0
 376              		@ link register save eliminated.
 403:.\Generated_Source\PSoC5/isr_t2.c ****     *isr_t2_INTC_CLR_PD = isr_t2__INTC_MASK;
 377              		.loc 1 403 0
 378 0000 4FF40022 		mov	r2, #524288
 379 0004 014B     		ldr	r3, .L40
 380 0006 1A60     		str	r2, [r3]
 381 0008 7047     		bx	lr
 382              	.L41:
ARM GAS  C:\Users\Alex\AppData\Local\Temp\ccClTJ7l.s 			page 15


 383 000a 00BF     		.align	2
 384              	.L40:
 385 000c 80E200E0 		.word	-536812928
 386              		.cfi_endproc
 387              	.LFE12:
 388              		.size	isr_t2_ClearPending, .-isr_t2_ClearPending
 389              		.text
 390              	.Letext0:
 391              		.file 2 "Generated_Source\\PSoC5/cytypes.h"
 392              		.file 3 "./cyapicallbacks.h"
 393              		.section	.debug_info,"",%progbits
 394              	.Ldebug_info0:
 395 0000 DC020000 		.4byte	0x2dc
 396 0004 0400     		.2byte	0x4
 397 0006 00000000 		.4byte	.Ldebug_abbrev0
 398 000a 04       		.byte	0x4
 399 000b 01       		.uleb128 0x1
 400 000c 21010000 		.4byte	.LASF33
 401 0010 01       		.byte	0x1
 402 0011 6F020000 		.4byte	.LASF34
 403 0015 06000000 		.4byte	.LASF35
 404 0019 00000000 		.4byte	.Ldebug_ranges0+0
 405 001d 00000000 		.4byte	0
 406 0021 00000000 		.4byte	.Ldebug_line0
 407 0025 02       		.uleb128 0x2
 408 0026 04       		.byte	0x4
 409 0027 05       		.byte	0x5
 410 0028 696E7400 		.ascii	"int\000"
 411 002c 03       		.uleb128 0x3
 412 002d 04       		.byte	0x4
 413 002e 07       		.byte	0x7
 414 002f C0010000 		.4byte	.LASF0
 415 0033 03       		.uleb128 0x3
 416 0034 01       		.byte	0x1
 417 0035 06       		.byte	0x6
 418 0036 AD020000 		.4byte	.LASF1
 419 003a 03       		.uleb128 0x3
 420 003b 01       		.byte	0x1
 421 003c 08       		.byte	0x8
 422 003d 9E000000 		.4byte	.LASF2
 423 0041 03       		.uleb128 0x3
 424 0042 02       		.byte	0x2
 425 0043 05       		.byte	0x5
 426 0044 55020000 		.4byte	.LASF3
 427 0048 03       		.uleb128 0x3
 428 0049 02       		.byte	0x2
 429 004a 07       		.byte	0x7
 430 004b 34000000 		.4byte	.LASF4
 431 004f 03       		.uleb128 0x3
 432 0050 04       		.byte	0x4
 433 0051 05       		.byte	0x5
 434 0052 A4020000 		.4byte	.LASF5
 435 0056 03       		.uleb128 0x3
 436 0057 04       		.byte	0x4
 437 0058 07       		.byte	0x7
 438 0059 B1000000 		.4byte	.LASF6
 439 005d 03       		.uleb128 0x3
ARM GAS  C:\Users\Alex\AppData\Local\Temp\ccClTJ7l.s 			page 16


 440 005e 08       		.byte	0x8
 441 005f 05       		.byte	0x5
 442 0060 33020000 		.4byte	.LASF7
 443 0064 03       		.uleb128 0x3
 444 0065 08       		.byte	0x8
 445 0066 07       		.byte	0x7
 446 0067 E8010000 		.4byte	.LASF8
 447 006b 03       		.uleb128 0x3
 448 006c 04       		.byte	0x4
 449 006d 07       		.byte	0x7
 450 006e 2A020000 		.4byte	.LASF9
 451 0072 04       		.uleb128 0x4
 452 0073 04       		.byte	0x4
 453 0074 78000000 		.4byte	0x78
 454 0078 05       		.uleb128 0x5
 455 0079 03       		.uleb128 0x3
 456 007a 01       		.byte	0x1
 457 007b 08       		.byte	0x8
 458 007c 41020000 		.4byte	.LASF10
 459 0080 06       		.uleb128 0x6
 460 0081 C3000000 		.4byte	.LASF11
 461 0085 02       		.byte	0x2
 462 0086 C2       		.byte	0xc2
 463 0087 3A000000 		.4byte	0x3a
 464 008b 06       		.uleb128 0x6
 465 008c 1A010000 		.4byte	.LASF12
 466 0090 02       		.byte	0x2
 467 0091 C4       		.byte	0xc4
 468 0092 56000000 		.4byte	0x56
 469 0096 03       		.uleb128 0x3
 470 0097 04       		.byte	0x4
 471 0098 04       		.byte	0x4
 472 0099 98000000 		.4byte	.LASF13
 473 009d 03       		.uleb128 0x3
 474 009e 08       		.byte	0x8
 475 009f 04       		.byte	0x4
 476 00a0 F5000000 		.4byte	.LASF14
 477 00a4 07       		.uleb128 0x7
 478 00a5 AC000000 		.4byte	.LASF15
 479 00a9 02       		.byte	0x2
 480 00aa 6C01     		.2byte	0x16c
 481 00ac B0000000 		.4byte	0xb0
 482 00b0 08       		.uleb128 0x8
 483 00b1 80000000 		.4byte	0x80
 484 00b5 07       		.uleb128 0x7
 485 00b6 00000000 		.4byte	.LASF16
 486 00ba 02       		.byte	0x2
 487 00bb 6E01     		.2byte	0x16e
 488 00bd C1000000 		.4byte	0xc1
 489 00c1 08       		.uleb128 0x8
 490 00c2 8B000000 		.4byte	0x8b
 491 00c6 07       		.uleb128 0x7
 492 00c7 11020000 		.4byte	.LASF17
 493 00cb 02       		.byte	0x2
 494 00cc 7E01     		.2byte	0x17e
 495 00ce 72000000 		.4byte	0x72
 496 00d2 09       		.uleb128 0x9
ARM GAS  C:\Users\Alex\AppData\Local\Temp\ccClTJ7l.s 			page 17


 497 00d3 AF010000 		.4byte	.LASF18
 498 00d7 01       		.byte	0x1
 499 00d8 A0       		.byte	0xa0
 500 00d9 00000000 		.4byte	.LFB3
 501 00dd 08000000 		.4byte	.LFE3-.LFB3
 502 00e1 01       		.uleb128 0x1
 503 00e2 9C       		.byte	0x9c
 504 00e3 F1000000 		.4byte	0xf1
 505 00e7 0A       		.uleb128 0xa
 506 00e8 06000000 		.4byte	.LVL0
 507 00ec D6020000 		.4byte	0x2d6
 508 00f0 00       		.byte	0
 509 00f1 09       		.uleb128 0x9
 510 00f2 47000000 		.4byte	.LASF19
 511 00f6 01       		.byte	0x1
 512 00f7 C8       		.byte	0xc8
 513 00f8 00000000 		.4byte	.LFB4
 514 00fc 10000000 		.4byte	.LFE4-.LFB4
 515 0100 01       		.uleb128 0x1
 516 0101 9C       		.byte	0x9c
 517 0102 21010000 		.4byte	0x121
 518 0106 0B       		.uleb128 0xb
 519 0107 E0010000 		.4byte	.LASF22
 520 010b 01       		.byte	0x1
 521 010c C8       		.byte	0xc8
 522 010d C6000000 		.4byte	0xc6
 523 0111 01       		.uleb128 0x1
 524 0112 50       		.byte	0x50
 525 0113 0C       		.uleb128 0xc
 526 0114 46020000 		.4byte	.LASF20
 527 0118 01       		.byte	0x1
 528 0119 CA       		.byte	0xca
 529 011a 21010000 		.4byte	0x121
 530 011e 01       		.uleb128 0x1
 531 011f 53       		.byte	0x53
 532 0120 00       		.byte	0
 533 0121 04       		.uleb128 0x4
 534 0122 04       		.byte	0x4
 535 0123 C6000000 		.4byte	0xc6
 536 0127 0D       		.uleb128 0xd
 537 0128 09010000 		.4byte	.LASF24
 538 012c 01       		.byte	0x1
 539 012d E0       		.byte	0xe0
 540 012e C6000000 		.4byte	0xc6
 541 0132 00000000 		.4byte	.LFB5
 542 0136 10000000 		.4byte	.LFE5-.LFB5
 543 013a 01       		.uleb128 0x1
 544 013b 9C       		.byte	0x9c
 545 013c 4E010000 		.4byte	0x14e
 546 0140 0C       		.uleb128 0xc
 547 0141 46020000 		.4byte	.LASF20
 548 0145 01       		.byte	0x1
 549 0146 E2       		.byte	0xe2
 550 0147 21010000 		.4byte	0x121
 551 014b 01       		.uleb128 0x1
 552 014c 53       		.byte	0x53
 553 014d 00       		.byte	0
ARM GAS  C:\Users\Alex\AppData\Local\Temp\ccClTJ7l.s 			page 18


 554 014e 0E       		.uleb128 0xe
 555 014f 91020000 		.4byte	.LASF21
 556 0153 01       		.byte	0x1
 557 0154 0201     		.2byte	0x102
 558 0156 00000000 		.4byte	.LFB6
 559 015a 10000000 		.4byte	.LFE6-.LFB6
 560 015e 01       		.uleb128 0x1
 561 015f 9C       		.byte	0x9c
 562 0160 75010000 		.4byte	0x175
 563 0164 0F       		.uleb128 0xf
 564 0165 EC000000 		.4byte	.LASF23
 565 0169 01       		.byte	0x1
 566 016a 0201     		.2byte	0x102
 567 016c 80000000 		.4byte	0x80
 568 0170 00000000 		.4byte	.LLST0
 569 0174 00       		.byte	0
 570 0175 10       		.uleb128 0x10
 571 0176 CD010000 		.4byte	.LASF25
 572 017a 01       		.byte	0x1
 573 017b 1801     		.2byte	0x118
 574 017d 80000000 		.4byte	0x80
 575 0181 00000000 		.4byte	.LFB7
 576 0185 0C000000 		.4byte	.LFE7-.LFB7
 577 0189 01       		.uleb128 0x1
 578 018a 9C       		.byte	0x9c
 579 018b A0010000 		.4byte	0x1a0
 580 018f 11       		.uleb128 0x11
 581 0190 EC000000 		.4byte	.LASF23
 582 0194 01       		.byte	0x1
 583 0195 1A01     		.2byte	0x11a
 584 0197 80000000 		.4byte	0x80
 585 019b 21000000 		.4byte	.LLST1
 586 019f 00       		.byte	0
 587 01a0 12       		.uleb128 0x12
 588 01a1 7B000000 		.4byte	.LASF26
 589 01a5 01       		.byte	0x1
 590 01a6 3301     		.2byte	0x133
 591 01a8 00000000 		.4byte	.LFB8
 592 01ac 10000000 		.4byte	.LFE8-.LFB8
 593 01b0 01       		.uleb128 0x1
 594 01b1 9C       		.byte	0x9c
 595 01b2 13       		.uleb128 0x13
 596 01b3 5F020000 		.4byte	.LASF36
 597 01b7 01       		.byte	0x1
 598 01b8 4801     		.2byte	0x148
 599 01ba 80000000 		.4byte	0x80
 600 01be 00000000 		.4byte	.LFB9
 601 01c2 18000000 		.4byte	.LFE9-.LFB9
 602 01c6 01       		.uleb128 0x1
 603 01c7 9C       		.byte	0x9c
 604 01c8 12       		.uleb128 0x12
 605 01c9 DD000000 		.4byte	.LASF27
 606 01cd 01       		.byte	0x1
 607 01ce 5D01     		.2byte	0x15d
 608 01d0 00000000 		.4byte	.LFB10
 609 01d4 10000000 		.4byte	.LFE10-.LFB10
 610 01d8 01       		.uleb128 0x1
ARM GAS  C:\Users\Alex\AppData\Local\Temp\ccClTJ7l.s 			page 19


 611 01d9 9C       		.byte	0x9c
 612 01da 09       		.uleb128 0x9
 613 01db FC000000 		.4byte	.LASF28
 614 01df 01       		.byte	0x1
 615 01e0 3D       		.byte	0x3d
 616 01e1 00000000 		.4byte	.LFB0
 617 01e5 1C000000 		.4byte	.LFE0-.LFB0
 618 01e9 01       		.uleb128 0x1
 619 01ea 9C       		.byte	0x9c
 620 01eb 2C020000 		.4byte	0x22c
 621 01ef 0A       		.uleb128 0xa
 622 01f0 06000000 		.4byte	.LVL8
 623 01f4 C8010000 		.4byte	0x1c8
 624 01f8 14       		.uleb128 0x14
 625 01f9 0C000000 		.4byte	.LVL9
 626 01fd F1000000 		.4byte	0xf1
 627 0201 0F020000 		.4byte	0x20f
 628 0205 15       		.uleb128 0x15
 629 0206 01       		.uleb128 0x1
 630 0207 50       		.byte	0x50
 631 0208 05       		.uleb128 0x5
 632 0209 03       		.byte	0x3
 633 020a 00000000 		.4byte	isr_t2_Interrupt
 634 020e 00       		.byte	0
 635 020f 14       		.uleb128 0x14
 636 0210 12000000 		.4byte	.LVL10
 637 0214 4E010000 		.4byte	0x14e
 638 0218 22020000 		.4byte	0x222
 639 021c 15       		.uleb128 0x15
 640 021d 01       		.uleb128 0x1
 641 021e 50       		.byte	0x50
 642 021f 01       		.uleb128 0x1
 643 0220 37       		.byte	0x37
 644 0221 00       		.byte	0
 645 0222 0A       		.uleb128 0xa
 646 0223 16000000 		.4byte	.LVL11
 647 0227 A0010000 		.4byte	0x1a0
 648 022b 00       		.byte	0
 649 022c 09       		.uleb128 0x9
 650 022d 89000000 		.4byte	.LASF29
 651 0231 01       		.byte	0x1
 652 0232 68       		.byte	0x68
 653 0233 00000000 		.4byte	.LFB1
 654 0237 1A000000 		.4byte	.LFE1-.LFB1
 655 023b 01       		.uleb128 0x1
 656 023c 9C       		.byte	0x9c
 657 023d 8A020000 		.4byte	0x28a
 658 0241 16       		.uleb128 0x16
 659 0242 E0010000 		.4byte	.LASF22
 660 0246 01       		.byte	0x1
 661 0247 68       		.byte	0x68
 662 0248 C6000000 		.4byte	0xc6
 663 024c 38000000 		.4byte	.LLST2
 664 0250 0A       		.uleb128 0xa
 665 0251 08000000 		.4byte	.LVL13
 666 0255 C8010000 		.4byte	0x1c8
 667 0259 14       		.uleb128 0x14
ARM GAS  C:\Users\Alex\AppData\Local\Temp\ccClTJ7l.s 			page 20


 668 025a 0E000000 		.4byte	.LVL14
 669 025e F1000000 		.4byte	0xf1
 670 0262 6D020000 		.4byte	0x26d
 671 0266 15       		.uleb128 0x15
 672 0267 01       		.uleb128 0x1
 673 0268 50       		.byte	0x50
 674 0269 02       		.uleb128 0x2
 675 026a 74       		.byte	0x74
 676 026b 00       		.sleb128 0
 677 026c 00       		.byte	0
 678 026d 14       		.uleb128 0x14
 679 026e 14000000 		.4byte	.LVL15
 680 0272 4E010000 		.4byte	0x14e
 681 0276 80020000 		.4byte	0x280
 682 027a 15       		.uleb128 0x15
 683 027b 01       		.uleb128 0x1
 684 027c 50       		.byte	0x50
 685 027d 01       		.uleb128 0x1
 686 027e 37       		.byte	0x37
 687 027f 00       		.byte	0
 688 0280 0A       		.uleb128 0xa
 689 0281 18000000 		.4byte	.LVL16
 690 0285 A0010000 		.4byte	0x1a0
 691 0289 00       		.byte	0
 692 028a 09       		.uleb128 0x9
 693 028b 1E020000 		.4byte	.LASF30
 694 028f 01       		.byte	0x1
 695 0290 86       		.byte	0x86
 696 0291 00000000 		.4byte	.LFB2
 697 0295 14000000 		.4byte	.LFE2-.LFB2
 698 0299 01       		.uleb128 0x1
 699 029a 9C       		.byte	0x9c
 700 029b B2020000 		.4byte	0x2b2
 701 029f 0A       		.uleb128 0xa
 702 02a0 06000000 		.4byte	.LVL17
 703 02a4 C8010000 		.4byte	0x1c8
 704 02a8 0A       		.uleb128 0xa
 705 02a9 0C000000 		.4byte	.LVL18
 706 02ad F1000000 		.4byte	0xf1
 707 02b1 00       		.byte	0
 708 02b2 12       		.uleb128 0x12
 709 02b3 FF010000 		.4byte	.LASF31
 710 02b7 01       		.byte	0x1
 711 02b8 7801     		.2byte	0x178
 712 02ba 00000000 		.4byte	.LFB11
 713 02be 10000000 		.4byte	.LFE11-.LFB11
 714 02c2 01       		.uleb128 0x1
 715 02c3 9C       		.byte	0x9c
 716 02c4 12       		.uleb128 0x12
 717 02c5 C9000000 		.4byte	.LASF32
 718 02c9 01       		.byte	0x1
 719 02ca 9101     		.2byte	0x191
 720 02cc 00000000 		.4byte	.LFB12
 721 02d0 10000000 		.4byte	.LFE12-.LFB12
 722 02d4 01       		.uleb128 0x1
 723 02d5 9C       		.byte	0x9c
 724 02d6 17       		.uleb128 0x17
ARM GAS  C:\Users\Alex\AppData\Local\Temp\ccClTJ7l.s 			page 21


 725 02d7 58000000 		.4byte	.LASF37
 726 02db 03       		.byte	0x3
 727 02dc 1E       		.byte	0x1e
 728 02dd 18       		.uleb128 0x18
 729 02de 00       		.byte	0
 730 02df 00       		.byte	0
 731              		.section	.debug_abbrev,"",%progbits
 732              	.Ldebug_abbrev0:
 733 0000 01       		.uleb128 0x1
 734 0001 11       		.uleb128 0x11
 735 0002 01       		.byte	0x1
 736 0003 25       		.uleb128 0x25
 737 0004 0E       		.uleb128 0xe
 738 0005 13       		.uleb128 0x13
 739 0006 0B       		.uleb128 0xb
 740 0007 03       		.uleb128 0x3
 741 0008 0E       		.uleb128 0xe
 742 0009 1B       		.uleb128 0x1b
 743 000a 0E       		.uleb128 0xe
 744 000b 55       		.uleb128 0x55
 745 000c 17       		.uleb128 0x17
 746 000d 11       		.uleb128 0x11
 747 000e 01       		.uleb128 0x1
 748 000f 10       		.uleb128 0x10
 749 0010 17       		.uleb128 0x17
 750 0011 00       		.byte	0
 751 0012 00       		.byte	0
 752 0013 02       		.uleb128 0x2
 753 0014 24       		.uleb128 0x24
 754 0015 00       		.byte	0
 755 0016 0B       		.uleb128 0xb
 756 0017 0B       		.uleb128 0xb
 757 0018 3E       		.uleb128 0x3e
 758 0019 0B       		.uleb128 0xb
 759 001a 03       		.uleb128 0x3
 760 001b 08       		.uleb128 0x8
 761 001c 00       		.byte	0
 762 001d 00       		.byte	0
 763 001e 03       		.uleb128 0x3
 764 001f 24       		.uleb128 0x24
 765 0020 00       		.byte	0
 766 0021 0B       		.uleb128 0xb
 767 0022 0B       		.uleb128 0xb
 768 0023 3E       		.uleb128 0x3e
 769 0024 0B       		.uleb128 0xb
 770 0025 03       		.uleb128 0x3
 771 0026 0E       		.uleb128 0xe
 772 0027 00       		.byte	0
 773 0028 00       		.byte	0
 774 0029 04       		.uleb128 0x4
 775 002a 0F       		.uleb128 0xf
 776 002b 00       		.byte	0
 777 002c 0B       		.uleb128 0xb
 778 002d 0B       		.uleb128 0xb
 779 002e 49       		.uleb128 0x49
 780 002f 13       		.uleb128 0x13
 781 0030 00       		.byte	0
ARM GAS  C:\Users\Alex\AppData\Local\Temp\ccClTJ7l.s 			page 22


 782 0031 00       		.byte	0
 783 0032 05       		.uleb128 0x5
 784 0033 15       		.uleb128 0x15
 785 0034 00       		.byte	0
 786 0035 27       		.uleb128 0x27
 787 0036 19       		.uleb128 0x19
 788 0037 00       		.byte	0
 789 0038 00       		.byte	0
 790 0039 06       		.uleb128 0x6
 791 003a 16       		.uleb128 0x16
 792 003b 00       		.byte	0
 793 003c 03       		.uleb128 0x3
 794 003d 0E       		.uleb128 0xe
 795 003e 3A       		.uleb128 0x3a
 796 003f 0B       		.uleb128 0xb
 797 0040 3B       		.uleb128 0x3b
 798 0041 0B       		.uleb128 0xb
 799 0042 49       		.uleb128 0x49
 800 0043 13       		.uleb128 0x13
 801 0044 00       		.byte	0
 802 0045 00       		.byte	0
 803 0046 07       		.uleb128 0x7
 804 0047 16       		.uleb128 0x16
 805 0048 00       		.byte	0
 806 0049 03       		.uleb128 0x3
 807 004a 0E       		.uleb128 0xe
 808 004b 3A       		.uleb128 0x3a
 809 004c 0B       		.uleb128 0xb
 810 004d 3B       		.uleb128 0x3b
 811 004e 05       		.uleb128 0x5
 812 004f 49       		.uleb128 0x49
 813 0050 13       		.uleb128 0x13
 814 0051 00       		.byte	0
 815 0052 00       		.byte	0
 816 0053 08       		.uleb128 0x8
 817 0054 35       		.uleb128 0x35
 818 0055 00       		.byte	0
 819 0056 49       		.uleb128 0x49
 820 0057 13       		.uleb128 0x13
 821 0058 00       		.byte	0
 822 0059 00       		.byte	0
 823 005a 09       		.uleb128 0x9
 824 005b 2E       		.uleb128 0x2e
 825 005c 01       		.byte	0x1
 826 005d 3F       		.uleb128 0x3f
 827 005e 19       		.uleb128 0x19
 828 005f 03       		.uleb128 0x3
 829 0060 0E       		.uleb128 0xe
 830 0061 3A       		.uleb128 0x3a
 831 0062 0B       		.uleb128 0xb
 832 0063 3B       		.uleb128 0x3b
 833 0064 0B       		.uleb128 0xb
 834 0065 27       		.uleb128 0x27
 835 0066 19       		.uleb128 0x19
 836 0067 11       		.uleb128 0x11
 837 0068 01       		.uleb128 0x1
 838 0069 12       		.uleb128 0x12
ARM GAS  C:\Users\Alex\AppData\Local\Temp\ccClTJ7l.s 			page 23


 839 006a 06       		.uleb128 0x6
 840 006b 40       		.uleb128 0x40
 841 006c 18       		.uleb128 0x18
 842 006d 9742     		.uleb128 0x2117
 843 006f 19       		.uleb128 0x19
 844 0070 01       		.uleb128 0x1
 845 0071 13       		.uleb128 0x13
 846 0072 00       		.byte	0
 847 0073 00       		.byte	0
 848 0074 0A       		.uleb128 0xa
 849 0075 898201   		.uleb128 0x4109
 850 0078 00       		.byte	0
 851 0079 11       		.uleb128 0x11
 852 007a 01       		.uleb128 0x1
 853 007b 31       		.uleb128 0x31
 854 007c 13       		.uleb128 0x13
 855 007d 00       		.byte	0
 856 007e 00       		.byte	0
 857 007f 0B       		.uleb128 0xb
 858 0080 05       		.uleb128 0x5
 859 0081 00       		.byte	0
 860 0082 03       		.uleb128 0x3
 861 0083 0E       		.uleb128 0xe
 862 0084 3A       		.uleb128 0x3a
 863 0085 0B       		.uleb128 0xb
 864 0086 3B       		.uleb128 0x3b
 865 0087 0B       		.uleb128 0xb
 866 0088 49       		.uleb128 0x49
 867 0089 13       		.uleb128 0x13
 868 008a 02       		.uleb128 0x2
 869 008b 18       		.uleb128 0x18
 870 008c 00       		.byte	0
 871 008d 00       		.byte	0
 872 008e 0C       		.uleb128 0xc
 873 008f 34       		.uleb128 0x34
 874 0090 00       		.byte	0
 875 0091 03       		.uleb128 0x3
 876 0092 0E       		.uleb128 0xe
 877 0093 3A       		.uleb128 0x3a
 878 0094 0B       		.uleb128 0xb
 879 0095 3B       		.uleb128 0x3b
 880 0096 0B       		.uleb128 0xb
 881 0097 49       		.uleb128 0x49
 882 0098 13       		.uleb128 0x13
 883 0099 02       		.uleb128 0x2
 884 009a 18       		.uleb128 0x18
 885 009b 00       		.byte	0
 886 009c 00       		.byte	0
 887 009d 0D       		.uleb128 0xd
 888 009e 2E       		.uleb128 0x2e
 889 009f 01       		.byte	0x1
 890 00a0 3F       		.uleb128 0x3f
 891 00a1 19       		.uleb128 0x19
 892 00a2 03       		.uleb128 0x3
 893 00a3 0E       		.uleb128 0xe
 894 00a4 3A       		.uleb128 0x3a
 895 00a5 0B       		.uleb128 0xb
ARM GAS  C:\Users\Alex\AppData\Local\Temp\ccClTJ7l.s 			page 24


 896 00a6 3B       		.uleb128 0x3b
 897 00a7 0B       		.uleb128 0xb
 898 00a8 27       		.uleb128 0x27
 899 00a9 19       		.uleb128 0x19
 900 00aa 49       		.uleb128 0x49
 901 00ab 13       		.uleb128 0x13
 902 00ac 11       		.uleb128 0x11
 903 00ad 01       		.uleb128 0x1
 904 00ae 12       		.uleb128 0x12
 905 00af 06       		.uleb128 0x6
 906 00b0 40       		.uleb128 0x40
 907 00b1 18       		.uleb128 0x18
 908 00b2 9742     		.uleb128 0x2117
 909 00b4 19       		.uleb128 0x19
 910 00b5 01       		.uleb128 0x1
 911 00b6 13       		.uleb128 0x13
 912 00b7 00       		.byte	0
 913 00b8 00       		.byte	0
 914 00b9 0E       		.uleb128 0xe
 915 00ba 2E       		.uleb128 0x2e
 916 00bb 01       		.byte	0x1
 917 00bc 3F       		.uleb128 0x3f
 918 00bd 19       		.uleb128 0x19
 919 00be 03       		.uleb128 0x3
 920 00bf 0E       		.uleb128 0xe
 921 00c0 3A       		.uleb128 0x3a
 922 00c1 0B       		.uleb128 0xb
 923 00c2 3B       		.uleb128 0x3b
 924 00c3 05       		.uleb128 0x5
 925 00c4 27       		.uleb128 0x27
 926 00c5 19       		.uleb128 0x19
 927 00c6 11       		.uleb128 0x11
 928 00c7 01       		.uleb128 0x1
 929 00c8 12       		.uleb128 0x12
 930 00c9 06       		.uleb128 0x6
 931 00ca 40       		.uleb128 0x40
 932 00cb 18       		.uleb128 0x18
 933 00cc 9742     		.uleb128 0x2117
 934 00ce 19       		.uleb128 0x19
 935 00cf 01       		.uleb128 0x1
 936 00d0 13       		.uleb128 0x13
 937 00d1 00       		.byte	0
 938 00d2 00       		.byte	0
 939 00d3 0F       		.uleb128 0xf
 940 00d4 05       		.uleb128 0x5
 941 00d5 00       		.byte	0
 942 00d6 03       		.uleb128 0x3
 943 00d7 0E       		.uleb128 0xe
 944 00d8 3A       		.uleb128 0x3a
 945 00d9 0B       		.uleb128 0xb
 946 00da 3B       		.uleb128 0x3b
 947 00db 05       		.uleb128 0x5
 948 00dc 49       		.uleb128 0x49
 949 00dd 13       		.uleb128 0x13
 950 00de 02       		.uleb128 0x2
 951 00df 17       		.uleb128 0x17
 952 00e0 00       		.byte	0
ARM GAS  C:\Users\Alex\AppData\Local\Temp\ccClTJ7l.s 			page 25


 953 00e1 00       		.byte	0
 954 00e2 10       		.uleb128 0x10
 955 00e3 2E       		.uleb128 0x2e
 956 00e4 01       		.byte	0x1
 957 00e5 3F       		.uleb128 0x3f
 958 00e6 19       		.uleb128 0x19
 959 00e7 03       		.uleb128 0x3
 960 00e8 0E       		.uleb128 0xe
 961 00e9 3A       		.uleb128 0x3a
 962 00ea 0B       		.uleb128 0xb
 963 00eb 3B       		.uleb128 0x3b
 964 00ec 05       		.uleb128 0x5
 965 00ed 27       		.uleb128 0x27
 966 00ee 19       		.uleb128 0x19
 967 00ef 49       		.uleb128 0x49
 968 00f0 13       		.uleb128 0x13
 969 00f1 11       		.uleb128 0x11
 970 00f2 01       		.uleb128 0x1
 971 00f3 12       		.uleb128 0x12
 972 00f4 06       		.uleb128 0x6
 973 00f5 40       		.uleb128 0x40
 974 00f6 18       		.uleb128 0x18
 975 00f7 9742     		.uleb128 0x2117
 976 00f9 19       		.uleb128 0x19
 977 00fa 01       		.uleb128 0x1
 978 00fb 13       		.uleb128 0x13
 979 00fc 00       		.byte	0
 980 00fd 00       		.byte	0
 981 00fe 11       		.uleb128 0x11
 982 00ff 34       		.uleb128 0x34
 983 0100 00       		.byte	0
 984 0101 03       		.uleb128 0x3
 985 0102 0E       		.uleb128 0xe
 986 0103 3A       		.uleb128 0x3a
 987 0104 0B       		.uleb128 0xb
 988 0105 3B       		.uleb128 0x3b
 989 0106 05       		.uleb128 0x5
 990 0107 49       		.uleb128 0x49
 991 0108 13       		.uleb128 0x13
 992 0109 02       		.uleb128 0x2
 993 010a 17       		.uleb128 0x17
 994 010b 00       		.byte	0
 995 010c 00       		.byte	0
 996 010d 12       		.uleb128 0x12
 997 010e 2E       		.uleb128 0x2e
 998 010f 00       		.byte	0
 999 0110 3F       		.uleb128 0x3f
 1000 0111 19       		.uleb128 0x19
 1001 0112 03       		.uleb128 0x3
 1002 0113 0E       		.uleb128 0xe
 1003 0114 3A       		.uleb128 0x3a
 1004 0115 0B       		.uleb128 0xb
 1005 0116 3B       		.uleb128 0x3b
 1006 0117 05       		.uleb128 0x5
 1007 0118 27       		.uleb128 0x27
 1008 0119 19       		.uleb128 0x19
 1009 011a 11       		.uleb128 0x11
ARM GAS  C:\Users\Alex\AppData\Local\Temp\ccClTJ7l.s 			page 26


 1010 011b 01       		.uleb128 0x1
 1011 011c 12       		.uleb128 0x12
 1012 011d 06       		.uleb128 0x6
 1013 011e 40       		.uleb128 0x40
 1014 011f 18       		.uleb128 0x18
 1015 0120 9742     		.uleb128 0x2117
 1016 0122 19       		.uleb128 0x19
 1017 0123 00       		.byte	0
 1018 0124 00       		.byte	0
 1019 0125 13       		.uleb128 0x13
 1020 0126 2E       		.uleb128 0x2e
 1021 0127 00       		.byte	0
 1022 0128 3F       		.uleb128 0x3f
 1023 0129 19       		.uleb128 0x19
 1024 012a 03       		.uleb128 0x3
 1025 012b 0E       		.uleb128 0xe
 1026 012c 3A       		.uleb128 0x3a
 1027 012d 0B       		.uleb128 0xb
 1028 012e 3B       		.uleb128 0x3b
 1029 012f 05       		.uleb128 0x5
 1030 0130 27       		.uleb128 0x27
 1031 0131 19       		.uleb128 0x19
 1032 0132 49       		.uleb128 0x49
 1033 0133 13       		.uleb128 0x13
 1034 0134 11       		.uleb128 0x11
 1035 0135 01       		.uleb128 0x1
 1036 0136 12       		.uleb128 0x12
 1037 0137 06       		.uleb128 0x6
 1038 0138 40       		.uleb128 0x40
 1039 0139 18       		.uleb128 0x18
 1040 013a 9742     		.uleb128 0x2117
 1041 013c 19       		.uleb128 0x19
 1042 013d 00       		.byte	0
 1043 013e 00       		.byte	0
 1044 013f 14       		.uleb128 0x14
 1045 0140 898201   		.uleb128 0x4109
 1046 0143 01       		.byte	0x1
 1047 0144 11       		.uleb128 0x11
 1048 0145 01       		.uleb128 0x1
 1049 0146 31       		.uleb128 0x31
 1050 0147 13       		.uleb128 0x13
 1051 0148 01       		.uleb128 0x1
 1052 0149 13       		.uleb128 0x13
 1053 014a 00       		.byte	0
 1054 014b 00       		.byte	0
 1055 014c 15       		.uleb128 0x15
 1056 014d 8A8201   		.uleb128 0x410a
 1057 0150 00       		.byte	0
 1058 0151 02       		.uleb128 0x2
 1059 0152 18       		.uleb128 0x18
 1060 0153 9142     		.uleb128 0x2111
 1061 0155 18       		.uleb128 0x18
 1062 0156 00       		.byte	0
 1063 0157 00       		.byte	0
 1064 0158 16       		.uleb128 0x16
 1065 0159 05       		.uleb128 0x5
 1066 015a 00       		.byte	0
ARM GAS  C:\Users\Alex\AppData\Local\Temp\ccClTJ7l.s 			page 27


 1067 015b 03       		.uleb128 0x3
 1068 015c 0E       		.uleb128 0xe
 1069 015d 3A       		.uleb128 0x3a
 1070 015e 0B       		.uleb128 0xb
 1071 015f 3B       		.uleb128 0x3b
 1072 0160 0B       		.uleb128 0xb
 1073 0161 49       		.uleb128 0x49
 1074 0162 13       		.uleb128 0x13
 1075 0163 02       		.uleb128 0x2
 1076 0164 17       		.uleb128 0x17
 1077 0165 00       		.byte	0
 1078 0166 00       		.byte	0
 1079 0167 17       		.uleb128 0x17
 1080 0168 2E       		.uleb128 0x2e
 1081 0169 01       		.byte	0x1
 1082 016a 3F       		.uleb128 0x3f
 1083 016b 19       		.uleb128 0x19
 1084 016c 03       		.uleb128 0x3
 1085 016d 0E       		.uleb128 0xe
 1086 016e 3A       		.uleb128 0x3a
 1087 016f 0B       		.uleb128 0xb
 1088 0170 3B       		.uleb128 0x3b
 1089 0171 0B       		.uleb128 0xb
 1090 0172 3C       		.uleb128 0x3c
 1091 0173 19       		.uleb128 0x19
 1092 0174 00       		.byte	0
 1093 0175 00       		.byte	0
 1094 0176 18       		.uleb128 0x18
 1095 0177 18       		.uleb128 0x18
 1096 0178 00       		.byte	0
 1097 0179 00       		.byte	0
 1098 017a 00       		.byte	0
 1099 017b 00       		.byte	0
 1100              		.section	.debug_loc,"",%progbits
 1101              	.Ldebug_loc0:
 1102              	.LLST0:
 1103 0000 00000000 		.4byte	.LVL4
 1104 0004 02000000 		.4byte	.LVL5
 1105 0008 0100     		.2byte	0x1
 1106 000a 50       		.byte	0x50
 1107 000b 02000000 		.4byte	.LVL5
 1108 000f 10000000 		.4byte	.LFE6
 1109 0013 0400     		.2byte	0x4
 1110 0015 F3       		.byte	0xf3
 1111 0016 01       		.uleb128 0x1
 1112 0017 50       		.byte	0x50
 1113 0018 9F       		.byte	0x9f
 1114 0019 00000000 		.4byte	0
 1115 001d 00000000 		.4byte	0
 1116              	.LLST1:
 1117 0021 04000000 		.4byte	.LVL6
 1118 0025 06000000 		.4byte	.LVL7
 1119 0029 0500     		.2byte	0x5
 1120 002b 70       		.byte	0x70
 1121 002c 00       		.sleb128 0
 1122 002d 35       		.byte	0x35
 1123 002e 25       		.byte	0x25
ARM GAS  C:\Users\Alex\AppData\Local\Temp\ccClTJ7l.s 			page 28


 1124 002f 9F       		.byte	0x9f
 1125 0030 00000000 		.4byte	0
 1126 0034 00000000 		.4byte	0
 1127              	.LLST2:
 1128 0038 00000000 		.4byte	.LVL12
 1129 003c 07000000 		.4byte	.LVL13-1
 1130 0040 0100     		.2byte	0x1
 1131 0042 50       		.byte	0x50
 1132 0043 07000000 		.4byte	.LVL13-1
 1133 0047 1A000000 		.4byte	.LFE1
 1134 004b 0100     		.2byte	0x1
 1135 004d 54       		.byte	0x54
 1136 004e 00000000 		.4byte	0
 1137 0052 00000000 		.4byte	0
 1138              		.section	.debug_aranges,"",%progbits
 1139 0000 7C000000 		.4byte	0x7c
 1140 0004 0200     		.2byte	0x2
 1141 0006 00000000 		.4byte	.Ldebug_info0
 1142 000a 04       		.byte	0x4
 1143 000b 00       		.byte	0
 1144 000c 0000     		.2byte	0
 1145 000e 0000     		.2byte	0
 1146 0010 00000000 		.4byte	.LFB3
 1147 0014 08000000 		.4byte	.LFE3-.LFB3
 1148 0018 00000000 		.4byte	.LFB4
 1149 001c 10000000 		.4byte	.LFE4-.LFB4
 1150 0020 00000000 		.4byte	.LFB5
 1151 0024 10000000 		.4byte	.LFE5-.LFB5
 1152 0028 00000000 		.4byte	.LFB6
 1153 002c 10000000 		.4byte	.LFE6-.LFB6
 1154 0030 00000000 		.4byte	.LFB7
 1155 0034 0C000000 		.4byte	.LFE7-.LFB7
 1156 0038 00000000 		.4byte	.LFB8
 1157 003c 10000000 		.4byte	.LFE8-.LFB8
 1158 0040 00000000 		.4byte	.LFB9
 1159 0044 18000000 		.4byte	.LFE9-.LFB9
 1160 0048 00000000 		.4byte	.LFB10
 1161 004c 10000000 		.4byte	.LFE10-.LFB10
 1162 0050 00000000 		.4byte	.LFB0
 1163 0054 1C000000 		.4byte	.LFE0-.LFB0
 1164 0058 00000000 		.4byte	.LFB1
 1165 005c 1A000000 		.4byte	.LFE1-.LFB1
 1166 0060 00000000 		.4byte	.LFB2
 1167 0064 14000000 		.4byte	.LFE2-.LFB2
 1168 0068 00000000 		.4byte	.LFB11
 1169 006c 10000000 		.4byte	.LFE11-.LFB11
 1170 0070 00000000 		.4byte	.LFB12
 1171 0074 10000000 		.4byte	.LFE12-.LFB12
 1172 0078 00000000 		.4byte	0
 1173 007c 00000000 		.4byte	0
 1174              		.section	.debug_ranges,"",%progbits
 1175              	.Ldebug_ranges0:
 1176 0000 00000000 		.4byte	.LFB3
 1177 0004 08000000 		.4byte	.LFE3
 1178 0008 00000000 		.4byte	.LFB4
 1179 000c 10000000 		.4byte	.LFE4
 1180 0010 00000000 		.4byte	.LFB5
ARM GAS  C:\Users\Alex\AppData\Local\Temp\ccClTJ7l.s 			page 29


 1181 0014 10000000 		.4byte	.LFE5
 1182 0018 00000000 		.4byte	.LFB6
 1183 001c 10000000 		.4byte	.LFE6
 1184 0020 00000000 		.4byte	.LFB7
 1185 0024 0C000000 		.4byte	.LFE7
 1186 0028 00000000 		.4byte	.LFB8
 1187 002c 10000000 		.4byte	.LFE8
 1188 0030 00000000 		.4byte	.LFB9
 1189 0034 18000000 		.4byte	.LFE9
 1190 0038 00000000 		.4byte	.LFB10
 1191 003c 10000000 		.4byte	.LFE10
 1192 0040 00000000 		.4byte	.LFB0
 1193 0044 1C000000 		.4byte	.LFE0
 1194 0048 00000000 		.4byte	.LFB1
 1195 004c 1A000000 		.4byte	.LFE1
 1196 0050 00000000 		.4byte	.LFB2
 1197 0054 14000000 		.4byte	.LFE2
 1198 0058 00000000 		.4byte	.LFB11
 1199 005c 10000000 		.4byte	.LFE11
 1200 0060 00000000 		.4byte	.LFB12
 1201 0064 10000000 		.4byte	.LFE12
 1202 0068 00000000 		.4byte	0
 1203 006c 00000000 		.4byte	0
 1204              		.section	.debug_line,"",%progbits
 1205              	.Ldebug_line0:
 1206 0000 5F010000 		.section	.debug_str,"MS",%progbits,1
 1206      02007200 
 1206      00000201 
 1206      FB0E0D00 
 1206      01010101 
 1207              	.LASF16:
 1208 0000 72656733 		.ascii	"reg32\000"
 1208      3200
 1209              	.LASF35:
 1210 0006 433A5C46 		.ascii	"C:\\FlexSEA_alx87grd\\execute\\execute_1_0.cydsn\000"
 1210      6C657853 
 1210      45415F61 
 1210      6C783837 
 1210      6772645C 
 1211              	.LASF4:
 1212 0034 73686F72 		.ascii	"short unsigned int\000"
 1212      7420756E 
 1212      7369676E 
 1212      65642069 
 1212      6E7400
 1213              	.LASF19:
 1214 0047 6973725F 		.ascii	"isr_t2_SetVector\000"
 1214      74325F53 
 1214      65745665 
 1214      63746F72 
 1214      00
 1215              	.LASF37:
 1216 0058 6973725F 		.ascii	"isr_t2_Interrupt_InterruptCallback\000"
 1216      74325F49 
 1216      6E746572 
 1216      72757074 
 1216      5F496E74 
ARM GAS  C:\Users\Alex\AppData\Local\Temp\ccClTJ7l.s 			page 30


 1217              	.LASF26:
 1218 007b 6973725F 		.ascii	"isr_t2_Enable\000"
 1218      74325F45 
 1218      6E61626C 
 1218      6500
 1219              	.LASF29:
 1220 0089 6973725F 		.ascii	"isr_t2_StartEx\000"
 1220      74325F53 
 1220      74617274 
 1220      457800
 1221              	.LASF13:
 1222 0098 666C6F61 		.ascii	"float\000"
 1222      7400
 1223              	.LASF2:
 1224 009e 756E7369 		.ascii	"unsigned char\000"
 1224      676E6564 
 1224      20636861 
 1224      7200
 1225              	.LASF15:
 1226 00ac 72656738 		.ascii	"reg8\000"
 1226      00
 1227              	.LASF6:
 1228 00b1 6C6F6E67 		.ascii	"long unsigned int\000"
 1228      20756E73 
 1228      69676E65 
 1228      6420696E 
 1228      7400
 1229              	.LASF11:
 1230 00c3 75696E74 		.ascii	"uint8\000"
 1230      3800
 1231              	.LASF32:
 1232 00c9 6973725F 		.ascii	"isr_t2_ClearPending\000"
 1232      74325F43 
 1232      6C656172 
 1232      50656E64 
 1232      696E6700 
 1233              	.LASF27:
 1234 00dd 6973725F 		.ascii	"isr_t2_Disable\000"
 1234      74325F44 
 1234      69736162 
 1234      6C6500
 1235              	.LASF23:
 1236 00ec 7072696F 		.ascii	"priority\000"
 1236      72697479 
 1236      00
 1237              	.LASF14:
 1238 00f5 646F7562 		.ascii	"double\000"
 1238      6C6500
 1239              	.LASF28:
 1240 00fc 6973725F 		.ascii	"isr_t2_Start\000"
 1240      74325F53 
 1240      74617274 
 1240      00
 1241              	.LASF24:
 1242 0109 6973725F 		.ascii	"isr_t2_GetVector\000"
 1242      74325F47 
 1242      65745665 
ARM GAS  C:\Users\Alex\AppData\Local\Temp\ccClTJ7l.s 			page 31


 1242      63746F72 
 1242      00
 1243              	.LASF12:
 1244 011a 75696E74 		.ascii	"uint32\000"
 1244      333200
 1245              	.LASF33:
 1246 0121 474E5520 		.ascii	"GNU C 4.9.3 20150303 (release) [ARM/embedded-4_9-br"
 1246      4320342E 
 1246      392E3320 
 1246      32303135 
 1246      30333033 
 1247 0154 616E6368 		.ascii	"anch revision 221220] -mcpu=cortex-m3 -mthumb -g -O"
 1247      20726576 
 1247      6973696F 
 1247      6E203232 
 1247      31323230 
 1248 0187 67202D66 		.ascii	"g -ffunction-sections -ffat-lto-objects\000"
 1248      66756E63 
 1248      74696F6E 
 1248      2D736563 
 1248      74696F6E 
 1249              	.LASF18:
 1250 01af 6973725F 		.ascii	"isr_t2_Interrupt\000"
 1250      74325F49 
 1250      6E746572 
 1250      72757074 
 1250      00
 1251              	.LASF0:
 1252 01c0 756E7369 		.ascii	"unsigned int\000"
 1252      676E6564 
 1252      20696E74 
 1252      00
 1253              	.LASF25:
 1254 01cd 6973725F 		.ascii	"isr_t2_GetPriority\000"
 1254      74325F47 
 1254      65745072 
 1254      696F7269 
 1254      747900
 1255              	.LASF22:
 1256 01e0 61646472 		.ascii	"address\000"
 1256      65737300 
 1257              	.LASF8:
 1258 01e8 6C6F6E67 		.ascii	"long long unsigned int\000"
 1258      206C6F6E 
 1258      6720756E 
 1258      7369676E 
 1258      65642069 
 1259              	.LASF31:
 1260 01ff 6973725F 		.ascii	"isr_t2_SetPending\000"
 1260      74325F53 
 1260      65745065 
 1260      6E64696E 
 1260      6700
 1261              	.LASF17:
 1262 0211 63796973 		.ascii	"cyisraddress\000"
 1262      72616464 
 1262      72657373 
ARM GAS  C:\Users\Alex\AppData\Local\Temp\ccClTJ7l.s 			page 32


 1262      00
 1263              	.LASF30:
 1264 021e 6973725F 		.ascii	"isr_t2_Stop\000"
 1264      74325F53 
 1264      746F7000 
 1265              	.LASF9:
 1266 022a 73697A65 		.ascii	"sizetype\000"
 1266      74797065 
 1266      00
 1267              	.LASF7:
 1268 0233 6C6F6E67 		.ascii	"long long int\000"
 1268      206C6F6E 
 1268      6720696E 
 1268      7400
 1269              	.LASF10:
 1270 0241 63686172 		.ascii	"char\000"
 1270      00
 1271              	.LASF20:
 1272 0246 72616D56 		.ascii	"ramVectorTable\000"
 1272      6563746F 
 1272      72546162 
 1272      6C6500
 1273              	.LASF3:
 1274 0255 73686F72 		.ascii	"short int\000"
 1274      7420696E 
 1274      7400
 1275              	.LASF36:
 1276 025f 6973725F 		.ascii	"isr_t2_GetState\000"
 1276      74325F47 
 1276      65745374 
 1276      61746500 
 1277              	.LASF34:
 1278 026f 2E5C4765 		.ascii	".\\Generated_Source\\PSoC5\\isr_t2.c\000"
 1278      6E657261 
 1278      7465645F 
 1278      536F7572 
 1278      63655C50 
 1279              	.LASF21:
 1280 0291 6973725F 		.ascii	"isr_t2_SetPriority\000"
 1280      74325F53 
 1280      65745072 
 1280      696F7269 
 1280      747900
 1281              	.LASF5:
 1282 02a4 6C6F6E67 		.ascii	"long int\000"
 1282      20696E74 
 1282      00
 1283              	.LASF1:
 1284 02ad 7369676E 		.ascii	"signed char\000"
 1284      65642063 
 1284      68617200 
 1285              		.ident	"GCC: (GNU Tools for ARM Embedded Processors) 4.9.3 20150303 (release) [ARM/embedded-4_9-br
