ARM GAS  C:\Users\Alex\AppData\Local\Temp\ccvUiX1u.s 			page 1


   1              		.syntax unified
   2              		.cpu cortex-m3
   3              		.fpu softvfp
   4              		.eabi_attribute 20, 1
   5              		.eabi_attribute 21, 1
   6              		.eabi_attribute 23, 3
   7              		.eabi_attribute 24, 1
   8              		.eabi_attribute 25, 1
   9              		.eabi_attribute 26, 1
  10              		.eabi_attribute 30, 1
  11              		.eabi_attribute 34, 1
  12              		.eabi_attribute 18, 4
  13              		.thumb
  14              		.file	"main.c"
  15              		.text
  16              	.Ltext0:
  17              		.cfi_sections	.debug_frame
  18              		.global _printf_float
  19              		.thumb
  20              		.section	.text.main,"ax",%progbits
  21              		.align	2
  22              		.global	main
  23              		.thumb
  24              		.thumb_func
  25              		.type	main, %function
  26              	main:
  27              	.LFB63:
  28              		.file 1 "..\\src\\main.c"
   1:..\src/main.c **** //****************************************************************************
   2:..\src/main.c **** // MIT Media Lab - Biomechatronics
   3:..\src/main.c **** // Jean-Francois (Jeff) Duval
   4:..\src/main.c **** // jfduval@media.mit.edu
   5:..\src/main.c **** // 06/2016
   6:..\src/main.c **** //****************************************************************************
   7:..\src/main.c **** // main: FlexSEA-Execute
   8:..\src/main.c **** //****************************************************************************
   9:..\src/main.c **** 
  10:..\src/main.c **** // FlexSEA: Flexible & Scalable Electronics Architecture
  11:..\src/main.c **** 
  12:..\src/main.c **** //****************************************************************************
  13:..\src/main.c **** // Include(s)
  14:..\src/main.c **** //****************************************************************************
  15:..\src/main.c **** 
  16:..\src/main.c **** #include "main.h"
  17:..\src/main.c **** #include "cyapicallbacks.h"
  18:..\src/main.c **** 
  19:..\src/main.c **** //****************************************************************************
  20:..\src/main.c **** // Variable(s)
  21:..\src/main.c **** //****************************************************************************
  22:..\src/main.c **** 
  23:..\src/main.c **** //****************************************************************************
  24:..\src/main.c **** // Function(s)
  25:..\src/main.c **** //****************************************************************************
  26:..\src/main.c **** 
  27:..\src/main.c **** int main(void)
  28:..\src/main.c **** {
  29              		.loc 1 28 0
ARM GAS  C:\Users\Alex\AppData\Local\Temp\ccvUiX1u.s 			page 2


  30              		.cfi_startproc
  31              		@ Volatile: function does not return.
  32              		@ args = 0, pretend = 0, frame = 0
  33              		@ frame_needed = 0, uses_anonymous_args = 0
  34 0000 08B5     		push	{r3, lr}
  35              		.cfi_def_cfa_offset 8
  36              		.cfi_offset 3, -8
  37              		.cfi_offset 14, -4
  29:..\src/main.c **** 	//Power on delay with LEDs
  30:..\src/main.c **** 	power_on();	     
  38              		.loc 1 30 0
  39 0002 FFF7FEFF 		bl	power_on
  40              	.LVL0:
  31:..\src/main.c **** 
  32:..\src/main.c **** 	//Initialize all the peripherals
  33:..\src/main.c **** 	init_peripherals();
  41              		.loc 1 33 0
  42 0006 FFF7FEFF 		bl	init_peripherals
  43              	.LVL1:
  34:..\src/main.c **** 
  35:..\src/main.c **** 	//Test code, use with care. Normal code might NOT run when enabled!
  36:..\src/main.c **** 	//test_code_blocking();
  37:..\src/main.c **** 	//test_code_non_blocking();
  38:..\src/main.c **** 	
  39:..\src/main.c **** 	//Project specific initialization code
  40:..\src/main.c **** 	init_user();
  44              		.loc 1 40 0
  45 000a FFF7FEFF 		bl	init_user
  46              	.LVL2:
  47              	.L2:
  41:..\src/main.c **** 
  42:..\src/main.c **** 	//Main loop
  43:..\src/main.c **** 	while(1)
  44:..\src/main.c **** 	{
  45:..\src/main.c **** 		if(t1_new_value == 1)
  48              		.loc 1 45 0
  49 000e 1B4B     		ldr	r3, .L18
  50 0010 1B78     		ldrb	r3, [r3]	@ zero_extendqisi2
  51 0012 DBB2     		uxtb	r3, r3
  52 0014 012B     		cmp	r3, #1
  53 0016 2ED1     		bne	.L3
  46:..\src/main.c **** 		{
  47:..\src/main.c **** 			//If the time share slot changed we run the timing FSM. Refer to
  48:..\src/main.c **** 			//timing.xlsx for more details. 't1_new_value' updates at 10kHz,
  49:..\src/main.c **** 			//each slot at 1kHz.
  50:..\src/main.c **** 			
  51:..\src/main.c **** 			t1_new_value = 0;
  54              		.loc 1 51 0
  55 0018 0022     		movs	r2, #0
  56 001a 184B     		ldr	r3, .L18
  57 001c 1A70     		strb	r2, [r3]
  52:..\src/main.c **** 			
  53:..\src/main.c **** 			//Timing FSM:
  54:..\src/main.c **** 			switch(t1_time_share)
  58              		.loc 1 54 0
  59 001e 184B     		ldr	r3, .L18+4
  60 0020 1B78     		ldrb	r3, [r3]	@ zero_extendqisi2
ARM GAS  C:\Users\Alex\AppData\Local\Temp\ccvUiX1u.s 			page 3


  61 0022 DBB2     		uxtb	r3, r3
  62 0024 092B     		cmp	r3, #9
  63 0026 23D8     		bhi	.L4
  64 0028 DFE803F0 		tbb	[pc, r3]
  65              	.L6:
  66 002c 05       		.byte	(.L5-.L6)/2
  67 002d 08       		.byte	(.L7-.L6)/2
  68 002e 0B       		.byte	(.L8-.L6)/2
  69 002f 0E       		.byte	(.L9-.L6)/2
  70 0030 11       		.byte	(.L10-.L6)/2
  71 0031 14       		.byte	(.L11-.L6)/2
  72 0032 17       		.byte	(.L12-.L6)/2
  73 0033 1A       		.byte	(.L13-.L6)/2
  74 0034 1D       		.byte	(.L14-.L6)/2
  75 0035 20       		.byte	(.L15-.L6)/2
  76              		.p2align 1
  77              	.L5:
  55:..\src/main.c **** 			{
  56:..\src/main.c **** 				case 0:
  57:..\src/main.c **** 					main_fsm_case_0();					
  78              		.loc 1 57 0
  79 0036 FFF7FEFF 		bl	main_fsm_case_0
  80              	.LVL3:
  58:..\src/main.c **** 					break;				
  81              		.loc 1 58 0
  82 003a 19E0     		b	.L4
  83              	.L7:
  59:..\src/main.c **** 				case 1:
  60:..\src/main.c **** 					main_fsm_case_1();					
  84              		.loc 1 60 0
  85 003c FFF7FEFF 		bl	main_fsm_case_1
  86              	.LVL4:
  61:..\src/main.c **** 					break;				
  87              		.loc 1 61 0
  88 0040 16E0     		b	.L4
  89              	.L8:
  62:..\src/main.c **** 				case 2:
  63:..\src/main.c **** 					main_fsm_case_2();
  90              		.loc 1 63 0
  91 0042 FFF7FEFF 		bl	main_fsm_case_2
  92              	.LVL5:
  64:..\src/main.c **** 					break;
  93              		.loc 1 64 0
  94 0046 13E0     		b	.L4
  95              	.L9:
  65:..\src/main.c **** 				case 3:				
  66:..\src/main.c **** 					main_fsm_case_3();					
  96              		.loc 1 66 0
  97 0048 FFF7FEFF 		bl	main_fsm_case_3
  98              	.LVL6:
  67:..\src/main.c **** 					break;					
  99              		.loc 1 67 0
 100 004c 10E0     		b	.L4
 101              	.L10:
  68:..\src/main.c **** 				case 4:
  69:..\src/main.c **** 					main_fsm_case_4();				
 102              		.loc 1 69 0
ARM GAS  C:\Users\Alex\AppData\Local\Temp\ccvUiX1u.s 			page 4


 103 004e FFF7FEFF 		bl	main_fsm_case_4
 104              	.LVL7:
  70:..\src/main.c **** 					break;				
 105              		.loc 1 70 0
 106 0052 0DE0     		b	.L4
 107              	.L11:
  71:..\src/main.c **** 				case 5:
  72:..\src/main.c **** 					main_fsm_case_5();			
 108              		.loc 1 72 0
 109 0054 FFF7FEFF 		bl	main_fsm_case_5
 110              	.LVL8:
  73:..\src/main.c **** 					break;					
 111              		.loc 1 73 0
 112 0058 0AE0     		b	.L4
 113              	.L12:
  74:..\src/main.c **** 				case 6:
  75:..\src/main.c **** 					main_fsm_case_6();						
 114              		.loc 1 75 0
 115 005a FFF7FEFF 		bl	main_fsm_case_6
 116              	.LVL9:
  76:..\src/main.c **** 					break;				
 117              		.loc 1 76 0
 118 005e 07E0     		b	.L4
 119              	.L13:
  77:..\src/main.c **** 				case 7:					
  78:..\src/main.c **** 					main_fsm_case_7();	
 120              		.loc 1 78 0
 121 0060 FFF7FEFF 		bl	main_fsm_case_7
 122              	.LVL10:
  79:..\src/main.c **** 					break;				
 123              		.loc 1 79 0
 124 0064 04E0     		b	.L4
 125              	.L14:
  80:..\src/main.c **** 				case 8:
  81:..\src/main.c **** 					main_fsm_case_8();					
 126              		.loc 1 81 0
 127 0066 FFF7FEFF 		bl	main_fsm_case_8
 128              	.LVL11:
  82:..\src/main.c **** 					break;
 129              		.loc 1 82 0
 130 006a 01E0     		b	.L4
 131              	.L15:
  83:..\src/main.c **** 				case 9:
  84:..\src/main.c **** 					main_fsm_case_9();	
 132              		.loc 1 84 0
 133 006c FFF7FEFF 		bl	main_fsm_case_9
 134              	.LVL12:
 135              	.L4:
  85:..\src/main.c **** 					break;				
  86:..\src/main.c **** 				default:
  87:..\src/main.c **** 					break;
  88:..\src/main.c **** 			}
  89:..\src/main.c **** 			
  90:..\src/main.c **** 			//The code below is executed every 100us, after the previous slot. 
  91:..\src/main.c **** 			//Keep it short!					
  92:..\src/main.c **** 			main_fsm_10kHz();			
 136              		.loc 1 92 0
ARM GAS  C:\Users\Alex\AppData\Local\Temp\ccvUiX1u.s 			page 5


 137 0070 FFF7FEFF 		bl	main_fsm_10kHz
 138              	.LVL13:
 139 0074 CBE7     		b	.L2
 140              	.L3:
  93:..\src/main.c **** 		}
  94:..\src/main.c **** 		else
  95:..\src/main.c **** 		{
  96:..\src/main.c **** 			//Asynchronous code goes here.
  97:..\src/main.c **** 			main_fsm_asynchronous();			
 141              		.loc 1 97 0
 142 0076 FFF7FEFF 		bl	main_fsm_asynchronous
 143              	.LVL14:
 144 007a C8E7     		b	.L2
 145              	.L19:
 146              		.align	2
 147              	.L18:
 148 007c 00000000 		.word	t1_new_value
 149 0080 00000000 		.word	t1_time_share
 150              		.cfi_endproc
 151              	.LFE63:
 152              		.size	main, .-main
 153              		.text
 154              	.Letext0:
 155              		.file 2 "c:\\program files (x86)\\cypress\\psoc creator\\3.3\\psoc creator\\import\\gnu\\arm\\4.9.
 156              		.file 3 "c:\\program files (x86)\\cypress\\psoc creator\\3.3\\psoc creator\\import\\gnu\\arm\\4.9.
 157              		.file 4 "Generated_Source\\PSoC5/cytypes.h"
 158              		.file 5 "Generated_Source\\PSoC5/core_cm3.h"
 159              		.file 6 "..\\inc/misc.h"
 160              		.file 7 "..\\inc/ui.h"
 161              		.file 8 "..\\inc/peripherals.h"
 162              		.file 9 "..\\inc/user.h"
 163              		.file 10 "..\\inc/main_fsm.h"
 164              		.section	.debug_info,"",%progbits
 165              	.Ldebug_info0:
 166 0000 E2010000 		.4byte	0x1e2
 167 0004 0400     		.2byte	0x4
 168 0006 00000000 		.4byte	.Ldebug_abbrev0
 169 000a 04       		.byte	0x4
 170 000b 01       		.uleb128 0x1
 171 000c EF000000 		.4byte	.LASF35
 172 0010 01       		.byte	0x1
 173 0011 65020000 		.4byte	.LASF36
 174 0015 0E000000 		.4byte	.LASF37
 175 0019 00000000 		.4byte	.Ldebug_ranges0+0
 176 001d 00000000 		.4byte	0
 177 0021 00000000 		.4byte	.Ldebug_line0
 178 0025 02       		.uleb128 0x2
 179 0026 01       		.byte	0x1
 180 0027 06       		.byte	0x6
 181 0028 73020000 		.4byte	.LASF0
 182 002c 02       		.uleb128 0x2
 183 002d 01       		.byte	0x1
 184 002e 08       		.byte	0x8
 185 002f 79000000 		.4byte	.LASF1
 186 0033 02       		.uleb128 0x2
 187 0034 02       		.byte	0x2
 188 0035 05       		.byte	0x5
ARM GAS  C:\Users\Alex\AppData\Local\Temp\ccvUiX1u.s 			page 6


 189 0036 3F020000 		.4byte	.LASF2
 190 003a 02       		.uleb128 0x2
 191 003b 02       		.byte	0x2
 192 003c 07       		.byte	0x7
 193 003d A9000000 		.4byte	.LASF3
 194 0041 03       		.uleb128 0x3
 195 0042 3C000000 		.4byte	.LASF9
 196 0046 02       		.byte	0x2
 197 0047 3F       		.byte	0x3f
 198 0048 4C000000 		.4byte	0x4c
 199 004c 02       		.uleb128 0x2
 200 004d 04       		.byte	0x4
 201 004e 05       		.byte	0x5
 202 004f 4F020000 		.4byte	.LASF4
 203 0053 02       		.uleb128 0x2
 204 0054 04       		.byte	0x4
 205 0055 07       		.byte	0x7
 206 0056 97000000 		.4byte	.LASF5
 207 005a 02       		.uleb128 0x2
 208 005b 08       		.byte	0x8
 209 005c 05       		.byte	0x5
 210 005d 00000000 		.4byte	.LASF6
 211 0061 02       		.uleb128 0x2
 212 0062 08       		.byte	0x8
 213 0063 07       		.byte	0x7
 214 0064 8A010000 		.4byte	.LASF7
 215 0068 04       		.uleb128 0x4
 216 0069 04       		.byte	0x4
 217 006a 05       		.byte	0x5
 218 006b 696E7400 		.ascii	"int\000"
 219 006f 02       		.uleb128 0x2
 220 0070 04       		.byte	0x4
 221 0071 07       		.byte	0x7
 222 0072 7D010000 		.4byte	.LASF8
 223 0076 03       		.uleb128 0x3
 224 0077 55000000 		.4byte	.LASF10
 225 007b 03       		.byte	0x3
 226 007c 2C       		.byte	0x2c
 227 007d 41000000 		.4byte	0x41
 228 0081 03       		.uleb128 0x3
 229 0082 49020000 		.4byte	.LASF11
 230 0086 04       		.byte	0x4
 231 0087 C2       		.byte	0xc2
 232 0088 2C000000 		.4byte	0x2c
 233 008c 02       		.uleb128 0x2
 234 008d 04       		.byte	0x4
 235 008e 04       		.byte	0x4
 236 008f 73000000 		.4byte	.LASF12
 237 0093 02       		.uleb128 0x2
 238 0094 08       		.byte	0x8
 239 0095 04       		.byte	0x4
 240 0096 D7000000 		.4byte	.LASF13
 241 009a 02       		.uleb128 0x2
 242 009b 01       		.byte	0x1
 243 009c 08       		.byte	0x8
 244 009d 21020000 		.4byte	.LASF14
 245 00a1 05       		.uleb128 0x5
ARM GAS  C:\Users\Alex\AppData\Local\Temp\ccvUiX1u.s 			page 7


 246 00a2 81000000 		.4byte	0x81
 247 00a6 02       		.uleb128 0x2
 248 00a7 04       		.byte	0x4
 249 00a8 07       		.byte	0x7
 250 00a9 36020000 		.4byte	.LASF15
 251 00ad 02       		.uleb128 0x2
 252 00ae 08       		.byte	0x8
 253 00af 04       		.byte	0x4
 254 00b0 DE000000 		.4byte	.LASF16
 255 00b4 06       		.uleb128 0x6
 256 00b5 EA000000 		.4byte	.LASF38
 257 00b9 01       		.byte	0x1
 258 00ba 1B       		.byte	0x1b
 259 00bb 68000000 		.4byte	0x68
 260 00bf 00000000 		.4byte	.LFB63
 261 00c3 84000000 		.4byte	.LFE63-.LFB63
 262 00c7 01       		.uleb128 0x1
 263 00c8 9C       		.byte	0x9c
 264 00c9 55010000 		.4byte	0x155
 265 00cd 07       		.uleb128 0x7
 266 00ce 06000000 		.4byte	.LVL0
 267 00d2 7C010000 		.4byte	0x17c
 268 00d6 07       		.uleb128 0x7
 269 00d7 0A000000 		.4byte	.LVL1
 270 00db 83010000 		.4byte	0x183
 271 00df 07       		.uleb128 0x7
 272 00e0 0E000000 		.4byte	.LVL2
 273 00e4 8A010000 		.4byte	0x18a
 274 00e8 07       		.uleb128 0x7
 275 00e9 3A000000 		.4byte	.LVL3
 276 00ed 91010000 		.4byte	0x191
 277 00f1 07       		.uleb128 0x7
 278 00f2 40000000 		.4byte	.LVL4
 279 00f6 98010000 		.4byte	0x198
 280 00fa 07       		.uleb128 0x7
 281 00fb 46000000 		.4byte	.LVL5
 282 00ff 9F010000 		.4byte	0x19f
 283 0103 07       		.uleb128 0x7
 284 0104 4C000000 		.4byte	.LVL6
 285 0108 A6010000 		.4byte	0x1a6
 286 010c 07       		.uleb128 0x7
 287 010d 52000000 		.4byte	.LVL7
 288 0111 AD010000 		.4byte	0x1ad
 289 0115 07       		.uleb128 0x7
 290 0116 58000000 		.4byte	.LVL8
 291 011a B4010000 		.4byte	0x1b4
 292 011e 07       		.uleb128 0x7
 293 011f 5E000000 		.4byte	.LVL9
 294 0123 BB010000 		.4byte	0x1bb
 295 0127 07       		.uleb128 0x7
 296 0128 64000000 		.4byte	.LVL10
 297 012c C2010000 		.4byte	0x1c2
 298 0130 07       		.uleb128 0x7
 299 0131 6A000000 		.4byte	.LVL11
 300 0135 C9010000 		.4byte	0x1c9
 301 0139 07       		.uleb128 0x7
 302 013a 70000000 		.4byte	.LVL12
ARM GAS  C:\Users\Alex\AppData\Local\Temp\ccvUiX1u.s 			page 8


 303 013e D0010000 		.4byte	0x1d0
 304 0142 07       		.uleb128 0x7
 305 0143 74000000 		.4byte	.LVL13
 306 0147 D7010000 		.4byte	0x1d7
 307 014b 07       		.uleb128 0x7
 308 014c 7A000000 		.4byte	.LVL14
 309 0150 DE010000 		.4byte	0x1de
 310 0154 00       		.byte	0
 311 0155 08       		.uleb128 0x8
 312 0156 BC000000 		.4byte	.LASF17
 313 015a 05       		.byte	0x5
 314 015b 2A06     		.2byte	0x62a
 315 015d 61010000 		.4byte	0x161
 316 0161 05       		.uleb128 0x5
 317 0162 76000000 		.4byte	0x76
 318 0166 09       		.uleb128 0x9
 319 0167 C9000000 		.4byte	.LASF18
 320 016b 06       		.byte	0x6
 321 016c 18       		.byte	0x18
 322 016d A1000000 		.4byte	0xa1
 323 0171 09       		.uleb128 0x9
 324 0172 58020000 		.4byte	.LASF19
 325 0176 06       		.byte	0x6
 326 0177 18       		.byte	0x18
 327 0178 A1000000 		.4byte	0xa1
 328 017c 0A       		.uleb128 0xa
 329 017d 7F020000 		.4byte	.LASF20
 330 0181 07       		.byte	0x7
 331 0182 23       		.byte	0x23
 332 0183 0A       		.uleb128 0xa
 333 0184 92020000 		.4byte	.LASF21
 334 0188 08       		.byte	0x8
 335 0189 17       		.byte	0x17
 336 018a 0A       		.uleb128 0xa
 337 018b 88020000 		.4byte	.LASF22
 338 018f 09       		.byte	0x9
 339 0190 21       		.byte	0x21
 340 0191 0A       		.uleb128 0xa
 341 0192 A1010000 		.4byte	.LASF23
 342 0196 0A       		.byte	0xa
 343 0197 1E       		.byte	0x1e
 344 0198 0A       		.uleb128 0xa
 345 0199 B1010000 		.4byte	.LASF24
 346 019d 0A       		.byte	0xa
 347 019e 1F       		.byte	0x1f
 348 019f 0A       		.uleb128 0xa
 349 01a0 C1010000 		.4byte	.LASF25
 350 01a4 0A       		.byte	0xa
 351 01a5 20       		.byte	0x20
 352 01a6 0A       		.uleb128 0xa
 353 01a7 D1010000 		.4byte	.LASF26
 354 01ab 0A       		.byte	0xa
 355 01ac 21       		.byte	0x21
 356 01ad 0A       		.uleb128 0xa
 357 01ae E1010000 		.4byte	.LASF27
 358 01b2 0A       		.byte	0xa
 359 01b3 22       		.byte	0x22
ARM GAS  C:\Users\Alex\AppData\Local\Temp\ccvUiX1u.s 			page 9


 360 01b4 0A       		.uleb128 0xa
 361 01b5 F1010000 		.4byte	.LASF28
 362 01b9 0A       		.byte	0xa
 363 01ba 23       		.byte	0x23
 364 01bb 0A       		.uleb128 0xa
 365 01bc 01020000 		.4byte	.LASF29
 366 01c0 0A       		.byte	0xa
 367 01c1 24       		.byte	0x24
 368 01c2 0A       		.uleb128 0xa
 369 01c3 11020000 		.4byte	.LASF30
 370 01c7 0A       		.byte	0xa
 371 01c8 25       		.byte	0x25
 372 01c9 0A       		.uleb128 0xa
 373 01ca 87000000 		.4byte	.LASF31
 374 01ce 0A       		.byte	0xa
 375 01cf 26       		.byte	0x26
 376 01d0 0A       		.uleb128 0xa
 377 01d1 26020000 		.4byte	.LASF32
 378 01d5 0A       		.byte	0xa
 379 01d6 27       		.byte	0x27
 380 01d7 0A       		.uleb128 0xa
 381 01d8 46000000 		.4byte	.LASF33
 382 01dc 0A       		.byte	0xa
 383 01dd 29       		.byte	0x29
 384 01de 0A       		.uleb128 0xa
 385 01df 5D000000 		.4byte	.LASF34
 386 01e3 0A       		.byte	0xa
 387 01e4 2A       		.byte	0x2a
 388 01e5 00       		.byte	0
 389              		.section	.debug_abbrev,"",%progbits
 390              	.Ldebug_abbrev0:
 391 0000 01       		.uleb128 0x1
 392 0001 11       		.uleb128 0x11
 393 0002 01       		.byte	0x1
 394 0003 25       		.uleb128 0x25
 395 0004 0E       		.uleb128 0xe
 396 0005 13       		.uleb128 0x13
 397 0006 0B       		.uleb128 0xb
 398 0007 03       		.uleb128 0x3
 399 0008 0E       		.uleb128 0xe
 400 0009 1B       		.uleb128 0x1b
 401 000a 0E       		.uleb128 0xe
 402 000b 55       		.uleb128 0x55
 403 000c 17       		.uleb128 0x17
 404 000d 11       		.uleb128 0x11
 405 000e 01       		.uleb128 0x1
 406 000f 10       		.uleb128 0x10
 407 0010 17       		.uleb128 0x17
 408 0011 00       		.byte	0
 409 0012 00       		.byte	0
 410 0013 02       		.uleb128 0x2
 411 0014 24       		.uleb128 0x24
 412 0015 00       		.byte	0
 413 0016 0B       		.uleb128 0xb
 414 0017 0B       		.uleb128 0xb
 415 0018 3E       		.uleb128 0x3e
 416 0019 0B       		.uleb128 0xb
ARM GAS  C:\Users\Alex\AppData\Local\Temp\ccvUiX1u.s 			page 10


 417 001a 03       		.uleb128 0x3
 418 001b 0E       		.uleb128 0xe
 419 001c 00       		.byte	0
 420 001d 00       		.byte	0
 421 001e 03       		.uleb128 0x3
 422 001f 16       		.uleb128 0x16
 423 0020 00       		.byte	0
 424 0021 03       		.uleb128 0x3
 425 0022 0E       		.uleb128 0xe
 426 0023 3A       		.uleb128 0x3a
 427 0024 0B       		.uleb128 0xb
 428 0025 3B       		.uleb128 0x3b
 429 0026 0B       		.uleb128 0xb
 430 0027 49       		.uleb128 0x49
 431 0028 13       		.uleb128 0x13
 432 0029 00       		.byte	0
 433 002a 00       		.byte	0
 434 002b 04       		.uleb128 0x4
 435 002c 24       		.uleb128 0x24
 436 002d 00       		.byte	0
 437 002e 0B       		.uleb128 0xb
 438 002f 0B       		.uleb128 0xb
 439 0030 3E       		.uleb128 0x3e
 440 0031 0B       		.uleb128 0xb
 441 0032 03       		.uleb128 0x3
 442 0033 08       		.uleb128 0x8
 443 0034 00       		.byte	0
 444 0035 00       		.byte	0
 445 0036 05       		.uleb128 0x5
 446 0037 35       		.uleb128 0x35
 447 0038 00       		.byte	0
 448 0039 49       		.uleb128 0x49
 449 003a 13       		.uleb128 0x13
 450 003b 00       		.byte	0
 451 003c 00       		.byte	0
 452 003d 06       		.uleb128 0x6
 453 003e 2E       		.uleb128 0x2e
 454 003f 01       		.byte	0x1
 455 0040 3F       		.uleb128 0x3f
 456 0041 19       		.uleb128 0x19
 457 0042 03       		.uleb128 0x3
 458 0043 0E       		.uleb128 0xe
 459 0044 3A       		.uleb128 0x3a
 460 0045 0B       		.uleb128 0xb
 461 0046 3B       		.uleb128 0x3b
 462 0047 0B       		.uleb128 0xb
 463 0048 27       		.uleb128 0x27
 464 0049 19       		.uleb128 0x19
 465 004a 49       		.uleb128 0x49
 466 004b 13       		.uleb128 0x13
 467 004c 11       		.uleb128 0x11
 468 004d 01       		.uleb128 0x1
 469 004e 12       		.uleb128 0x12
 470 004f 06       		.uleb128 0x6
 471 0050 40       		.uleb128 0x40
 472 0051 18       		.uleb128 0x18
 473 0052 9742     		.uleb128 0x2117
ARM GAS  C:\Users\Alex\AppData\Local\Temp\ccvUiX1u.s 			page 11


 474 0054 19       		.uleb128 0x19
 475 0055 01       		.uleb128 0x1
 476 0056 13       		.uleb128 0x13
 477 0057 00       		.byte	0
 478 0058 00       		.byte	0
 479 0059 07       		.uleb128 0x7
 480 005a 898201   		.uleb128 0x4109
 481 005d 00       		.byte	0
 482 005e 11       		.uleb128 0x11
 483 005f 01       		.uleb128 0x1
 484 0060 31       		.uleb128 0x31
 485 0061 13       		.uleb128 0x13
 486 0062 00       		.byte	0
 487 0063 00       		.byte	0
 488 0064 08       		.uleb128 0x8
 489 0065 34       		.uleb128 0x34
 490 0066 00       		.byte	0
 491 0067 03       		.uleb128 0x3
 492 0068 0E       		.uleb128 0xe
 493 0069 3A       		.uleb128 0x3a
 494 006a 0B       		.uleb128 0xb
 495 006b 3B       		.uleb128 0x3b
 496 006c 05       		.uleb128 0x5
 497 006d 49       		.uleb128 0x49
 498 006e 13       		.uleb128 0x13
 499 006f 3F       		.uleb128 0x3f
 500 0070 19       		.uleb128 0x19
 501 0071 3C       		.uleb128 0x3c
 502 0072 19       		.uleb128 0x19
 503 0073 00       		.byte	0
 504 0074 00       		.byte	0
 505 0075 09       		.uleb128 0x9
 506 0076 34       		.uleb128 0x34
 507 0077 00       		.byte	0
 508 0078 03       		.uleb128 0x3
 509 0079 0E       		.uleb128 0xe
 510 007a 3A       		.uleb128 0x3a
 511 007b 0B       		.uleb128 0xb
 512 007c 3B       		.uleb128 0x3b
 513 007d 0B       		.uleb128 0xb
 514 007e 49       		.uleb128 0x49
 515 007f 13       		.uleb128 0x13
 516 0080 3F       		.uleb128 0x3f
 517 0081 19       		.uleb128 0x19
 518 0082 3C       		.uleb128 0x3c
 519 0083 19       		.uleb128 0x19
 520 0084 00       		.byte	0
 521 0085 00       		.byte	0
 522 0086 0A       		.uleb128 0xa
 523 0087 2E       		.uleb128 0x2e
 524 0088 00       		.byte	0
 525 0089 3F       		.uleb128 0x3f
 526 008a 19       		.uleb128 0x19
 527 008b 03       		.uleb128 0x3
 528 008c 0E       		.uleb128 0xe
 529 008d 3A       		.uleb128 0x3a
 530 008e 0B       		.uleb128 0xb
ARM GAS  C:\Users\Alex\AppData\Local\Temp\ccvUiX1u.s 			page 12


 531 008f 3B       		.uleb128 0x3b
 532 0090 0B       		.uleb128 0xb
 533 0091 27       		.uleb128 0x27
 534 0092 19       		.uleb128 0x19
 535 0093 3C       		.uleb128 0x3c
 536 0094 19       		.uleb128 0x19
 537 0095 00       		.byte	0
 538 0096 00       		.byte	0
 539 0097 00       		.byte	0
 540              		.section	.debug_aranges,"",%progbits
 541 0000 1C000000 		.4byte	0x1c
 542 0004 0200     		.2byte	0x2
 543 0006 00000000 		.4byte	.Ldebug_info0
 544 000a 04       		.byte	0x4
 545 000b 00       		.byte	0
 546 000c 0000     		.2byte	0
 547 000e 0000     		.2byte	0
 548 0010 00000000 		.4byte	.LFB63
 549 0014 84000000 		.4byte	.LFE63-.LFB63
 550 0018 00000000 		.4byte	0
 551 001c 00000000 		.4byte	0
 552              		.section	.debug_ranges,"",%progbits
 553              	.Ldebug_ranges0:
 554 0000 00000000 		.4byte	.LFB63
 555 0004 84000000 		.4byte	.LFE63
 556 0008 00000000 		.4byte	0
 557 000c 00000000 		.4byte	0
 558              		.section	.debug_line,"",%progbits
 559              	.Ldebug_line0:
 560 0000 C0010000 		.section	.debug_str,"MS",%progbits,1
 560      02009001 
 560      00000201 
 560      FB0E0D00 
 560      01010101 
 561              	.LASF6:
 562 0000 6C6F6E67 		.ascii	"long long int\000"
 562      206C6F6E 
 562      6720696E 
 562      7400
 563              	.LASF37:
 564 000e 433A5C46 		.ascii	"C:\\FlexSEA_alx87grd\\execute\\execute_1_0.cydsn\000"
 564      6C657853 
 564      45415F61 
 564      6C783837 
 564      6772645C 
 565              	.LASF9:
 566 003c 5F5F696E 		.ascii	"__int32_t\000"
 566      7433325F 
 566      7400
 567              	.LASF33:
 568 0046 6D61696E 		.ascii	"main_fsm_10kHz\000"
 568      5F66736D 
 568      5F31306B 
 568      487A00
 569              	.LASF10:
 570 0055 696E7433 		.ascii	"int32_t\000"
 570      325F7400 
ARM GAS  C:\Users\Alex\AppData\Local\Temp\ccvUiX1u.s 			page 13


 571              	.LASF34:
 572 005d 6D61696E 		.ascii	"main_fsm_asynchronous\000"
 572      5F66736D 
 572      5F617379 
 572      6E636872 
 572      6F6E6F75 
 573              	.LASF12:
 574 0073 666C6F61 		.ascii	"float\000"
 574      7400
 575              	.LASF1:
 576 0079 756E7369 		.ascii	"unsigned char\000"
 576      676E6564 
 576      20636861 
 576      7200
 577              	.LASF31:
 578 0087 6D61696E 		.ascii	"main_fsm_case_8\000"
 578      5F66736D 
 578      5F636173 
 578      655F3800 
 579              	.LASF5:
 580 0097 6C6F6E67 		.ascii	"long unsigned int\000"
 580      20756E73 
 580      69676E65 
 580      6420696E 
 580      7400
 581              	.LASF3:
 582 00a9 73686F72 		.ascii	"short unsigned int\000"
 582      7420756E 
 582      7369676E 
 582      65642069 
 582      6E7400
 583              	.LASF17:
 584 00bc 49544D5F 		.ascii	"ITM_RxBuffer\000"
 584      52784275 
 584      66666572 
 584      00
 585              	.LASF18:
 586 00c9 74315F74 		.ascii	"t1_time_share\000"
 586      696D655F 
 586      73686172 
 586      6500
 587              	.LASF13:
 588 00d7 646F7562 		.ascii	"double\000"
 588      6C6500
 589              	.LASF16:
 590 00de 6C6F6E67 		.ascii	"long double\000"
 590      20646F75 
 590      626C6500 
 591              	.LASF38:
 592 00ea 6D61696E 		.ascii	"main\000"
 592      00
 593              	.LASF35:
 594 00ef 474E5520 		.ascii	"GNU C 4.9.3 20150303 (release) [ARM/embedded-4_9-br"
 594      4320342E 
 594      392E3320 
 594      32303135 
 594      30333033 
ARM GAS  C:\Users\Alex\AppData\Local\Temp\ccvUiX1u.s 			page 14


 595 0122 616E6368 		.ascii	"anch revision 221220] -mcpu=cortex-m3 -mthumb -g -O"
 595      20726576 
 595      6973696F 
 595      6E203232 
 595      31323230 
 596 0155 67202D66 		.ascii	"g -ffunction-sections -ffat-lto-objects\000"
 596      66756E63 
 596      74696F6E 
 596      2D736563 
 596      74696F6E 
 597              	.LASF8:
 598 017d 756E7369 		.ascii	"unsigned int\000"
 598      676E6564 
 598      20696E74 
 598      00
 599              	.LASF7:
 600 018a 6C6F6E67 		.ascii	"long long unsigned int\000"
 600      206C6F6E 
 600      6720756E 
 600      7369676E 
 600      65642069 
 601              	.LASF23:
 602 01a1 6D61696E 		.ascii	"main_fsm_case_0\000"
 602      5F66736D 
 602      5F636173 
 602      655F3000 
 603              	.LASF24:
 604 01b1 6D61696E 		.ascii	"main_fsm_case_1\000"
 604      5F66736D 
 604      5F636173 
 604      655F3100 
 605              	.LASF25:
 606 01c1 6D61696E 		.ascii	"main_fsm_case_2\000"
 606      5F66736D 
 606      5F636173 
 606      655F3200 
 607              	.LASF26:
 608 01d1 6D61696E 		.ascii	"main_fsm_case_3\000"
 608      5F66736D 
 608      5F636173 
 608      655F3300 
 609              	.LASF27:
 610 01e1 6D61696E 		.ascii	"main_fsm_case_4\000"
 610      5F66736D 
 610      5F636173 
 610      655F3400 
 611              	.LASF28:
 612 01f1 6D61696E 		.ascii	"main_fsm_case_5\000"
 612      5F66736D 
 612      5F636173 
 612      655F3500 
 613              	.LASF29:
 614 0201 6D61696E 		.ascii	"main_fsm_case_6\000"
 614      5F66736D 
 614      5F636173 
 614      655F3600 
 615              	.LASF30:
ARM GAS  C:\Users\Alex\AppData\Local\Temp\ccvUiX1u.s 			page 15


 616 0211 6D61696E 		.ascii	"main_fsm_case_7\000"
 616      5F66736D 
 616      5F636173 
 616      655F3700 
 617              	.LASF14:
 618 0221 63686172 		.ascii	"char\000"
 618      00
 619              	.LASF32:
 620 0226 6D61696E 		.ascii	"main_fsm_case_9\000"
 620      5F66736D 
 620      5F636173 
 620      655F3900 
 621              	.LASF15:
 622 0236 73697A65 		.ascii	"sizetype\000"
 622      74797065 
 622      00
 623              	.LASF2:
 624 023f 73686F72 		.ascii	"short int\000"
 624      7420696E 
 624      7400
 625              	.LASF11:
 626 0249 75696E74 		.ascii	"uint8\000"
 626      3800
 627              	.LASF4:
 628 024f 6C6F6E67 		.ascii	"long int\000"
 628      20696E74 
 628      00
 629              	.LASF19:
 630 0258 74315F6E 		.ascii	"t1_new_value\000"
 630      65775F76 
 630      616C7565 
 630      00
 631              	.LASF36:
 632 0265 2E2E5C73 		.ascii	"..\\src\\main.c\000"
 632      72635C6D 
 632      61696E2E 
 632      6300
 633              	.LASF0:
 634 0273 7369676E 		.ascii	"signed char\000"
 634      65642063 
 634      68617200 
 635              	.LASF20:
 636 027f 706F7765 		.ascii	"power_on\000"
 636      725F6F6E 
 636      00
 637              	.LASF22:
 638 0288 696E6974 		.ascii	"init_user\000"
 638      5F757365 
 638      7200
 639              	.LASF21:
 640 0292 696E6974 		.ascii	"init_peripherals\000"
 640      5F706572 
 640      69706865 
 640      72616C73 
 640      00
 641              		.ident	"GCC: (GNU Tools for ARM Embedded Processors) 4.9.3 20150303 (release) [ARM/embedded-4_9-br
