ARM GAS  C:\Users\Alex\AppData\Local\Temp\ccwpQGLZ.s 			page 1


   1              		.syntax unified
   2              		.cpu cortex-m3
   3              		.fpu softvfp
   4              		.eabi_attribute 20, 1
   5              		.eabi_attribute 21, 1
   6              		.eabi_attribute 23, 3
   7              		.eabi_attribute 24, 1
   8              		.eabi_attribute 25, 1
   9              		.eabi_attribute 26, 1
  10              		.eabi_attribute 30, 1
  11              		.eabi_attribute 34, 1
  12              		.eabi_attribute 18, 4
  13              		.thumb
  14              		.file	"QuadDec_1_INT.c"
  15              		.text
  16              	.Ltext0:
  17              		.cfi_sections	.debug_frame
  18              		.section	.text.QuadDec_1_ISR,"ax",%progbits
  19              		.align	2
  20              		.global	QuadDec_1_ISR
  21              		.thumb
  22              		.thumb_func
  23              		.type	QuadDec_1_ISR, %function
  24              	QuadDec_1_ISR:
  25              	.LFB0:
  26              		.file 1 ".\\Generated_Source\\PSoC5\\QuadDec_1_INT.c"
   1:.\Generated_Source\PSoC5/QuadDec_1_INT.c **** /*******************************************************************************
   2:.\Generated_Source\PSoC5/QuadDec_1_INT.c **** * File Name: QuadDec_1_INT.c
   3:.\Generated_Source\PSoC5/QuadDec_1_INT.c **** * Version 3.0
   4:.\Generated_Source\PSoC5/QuadDec_1_INT.c **** *
   5:.\Generated_Source\PSoC5/QuadDec_1_INT.c **** * Description:
   6:.\Generated_Source\PSoC5/QuadDec_1_INT.c **** *  This file contains the Interrupt Service Routine (ISR) for the Quadrature
   7:.\Generated_Source\PSoC5/QuadDec_1_INT.c **** *  Decoder component.
   8:.\Generated_Source\PSoC5/QuadDec_1_INT.c **** *
   9:.\Generated_Source\PSoC5/QuadDec_1_INT.c **** * Note:
  10:.\Generated_Source\PSoC5/QuadDec_1_INT.c **** *  None.
  11:.\Generated_Source\PSoC5/QuadDec_1_INT.c **** *
  12:.\Generated_Source\PSoC5/QuadDec_1_INT.c **** ********************************************************************************
  13:.\Generated_Source\PSoC5/QuadDec_1_INT.c **** * Copyright 2008-2014, Cypress Semiconductor Corporation.  All rights reserved.
  14:.\Generated_Source\PSoC5/QuadDec_1_INT.c **** * You may use this file only in accordance with the license, terms, conditions, 
  15:.\Generated_Source\PSoC5/QuadDec_1_INT.c **** * disclaimers, and limitations in the end user license agreement accompanying
  16:.\Generated_Source\PSoC5/QuadDec_1_INT.c **** * the software package with which this file was provided.
  17:.\Generated_Source\PSoC5/QuadDec_1_INT.c **** *******************************************************************************/
  18:.\Generated_Source\PSoC5/QuadDec_1_INT.c **** 
  19:.\Generated_Source\PSoC5/QuadDec_1_INT.c **** #include "QuadDec_1.h"
  20:.\Generated_Source\PSoC5/QuadDec_1_INT.c **** #include "QuadDec_1_PVT.h"
  21:.\Generated_Source\PSoC5/QuadDec_1_INT.c **** #include "cyapicallbacks.h"
  22:.\Generated_Source\PSoC5/QuadDec_1_INT.c **** 
  23:.\Generated_Source\PSoC5/QuadDec_1_INT.c **** volatile int32 QuadDec_1_count32SoftPart = 0;
  24:.\Generated_Source\PSoC5/QuadDec_1_INT.c **** 
  25:.\Generated_Source\PSoC5/QuadDec_1_INT.c **** 
  26:.\Generated_Source\PSoC5/QuadDec_1_INT.c **** /*******************************************************************************
  27:.\Generated_Source\PSoC5/QuadDec_1_INT.c **** * FUNCTION NAME: void QuadDec_1_ISR
  28:.\Generated_Source\PSoC5/QuadDec_1_INT.c **** ********************************************************************************
  29:.\Generated_Source\PSoC5/QuadDec_1_INT.c **** *
  30:.\Generated_Source\PSoC5/QuadDec_1_INT.c **** * Summary:
  31:.\Generated_Source\PSoC5/QuadDec_1_INT.c **** *  Interrupt Service Routine for Quadrature Decoder Component.
ARM GAS  C:\Users\Alex\AppData\Local\Temp\ccwpQGLZ.s 			page 2


  32:.\Generated_Source\PSoC5/QuadDec_1_INT.c **** *
  33:.\Generated_Source\PSoC5/QuadDec_1_INT.c **** * Parameters:
  34:.\Generated_Source\PSoC5/QuadDec_1_INT.c **** *  None.
  35:.\Generated_Source\PSoC5/QuadDec_1_INT.c **** *
  36:.\Generated_Source\PSoC5/QuadDec_1_INT.c **** * Return:
  37:.\Generated_Source\PSoC5/QuadDec_1_INT.c **** *  None.
  38:.\Generated_Source\PSoC5/QuadDec_1_INT.c **** *
  39:.\Generated_Source\PSoC5/QuadDec_1_INT.c **** * Global variables:
  40:.\Generated_Source\PSoC5/QuadDec_1_INT.c **** *  QuadDec_1_count32SoftPart - modified to update hi 16 bit for current
  41:.\Generated_Source\PSoC5/QuadDec_1_INT.c **** *  value of the 32-bit counter, when Counter size equal 32-bit.
  42:.\Generated_Source\PSoC5/QuadDec_1_INT.c **** *  QuadDec_1_swStatus - modified with the updated values of STATUS
  43:.\Generated_Source\PSoC5/QuadDec_1_INT.c **** *  register.
  44:.\Generated_Source\PSoC5/QuadDec_1_INT.c **** *
  45:.\Generated_Source\PSoC5/QuadDec_1_INT.c **** *******************************************************************************/
  46:.\Generated_Source\PSoC5/QuadDec_1_INT.c **** CY_ISR( QuadDec_1_ISR )
  47:.\Generated_Source\PSoC5/QuadDec_1_INT.c **** {
  27              		.loc 1 47 0
  28              		.cfi_startproc
  29              		@ args = 0, pretend = 0, frame = 0
  30              		@ frame_needed = 0, uses_anonymous_args = 0
  31              		@ link register save eliminated.
  48:.\Generated_Source\PSoC5/QuadDec_1_INT.c ****    uint8 QuadDec_1_swStatus;
  49:.\Generated_Source\PSoC5/QuadDec_1_INT.c **** 
  50:.\Generated_Source\PSoC5/QuadDec_1_INT.c ****    QuadDec_1_swStatus = QuadDec_1_STATUS_REG;
  32              		.loc 1 50 0
  33 0000 0D4B     		ldr	r3, .L5
  34 0002 1B78     		ldrb	r3, [r3]	@ zero_extendqisi2
  35 0004 DBB2     		uxtb	r3, r3
  36              	.LVL0:
  51:.\Generated_Source\PSoC5/QuadDec_1_INT.c **** 
  52:.\Generated_Source\PSoC5/QuadDec_1_INT.c ****     #ifdef QuadDec_1_ISR_ENTRY_CALLBACK
  53:.\Generated_Source\PSoC5/QuadDec_1_INT.c ****         QuadDec_1_ISR_EntryCallback();
  54:.\Generated_Source\PSoC5/QuadDec_1_INT.c ****     #endif /* QuadDec_1_ISR_ENTRY_CALLBACK */
  55:.\Generated_Source\PSoC5/QuadDec_1_INT.c **** 
  56:.\Generated_Source\PSoC5/QuadDec_1_INT.c ****     /* User code required at start of ISR */
  57:.\Generated_Source\PSoC5/QuadDec_1_INT.c ****     /* `#START QuadDec_1_ISR_START` */
  58:.\Generated_Source\PSoC5/QuadDec_1_INT.c **** 
  59:.\Generated_Source\PSoC5/QuadDec_1_INT.c ****     /* `#END` */
  60:.\Generated_Source\PSoC5/QuadDec_1_INT.c **** 
  61:.\Generated_Source\PSoC5/QuadDec_1_INT.c ****     if (0u != (QuadDec_1_swStatus & QuadDec_1_COUNTER_OVERFLOW))
  37              		.loc 1 61 0
  38 0006 13F0010F 		tst	r3, #1
  39 000a 06D0     		beq	.L2
  62:.\Generated_Source\PSoC5/QuadDec_1_INT.c ****     {
  63:.\Generated_Source\PSoC5/QuadDec_1_INT.c ****         QuadDec_1_count32SoftPart += (int32) QuadDec_1_COUNTER_MAX_VALUE;
  40              		.loc 1 63 0
  41 000c 0B49     		ldr	r1, .L5+4
  42 000e 0A68     		ldr	r2, [r1]
  43 0010 02F5FF42 		add	r2, r2, #32640
  44 0014 7F32     		adds	r2, r2, #127
  45 0016 0A60     		str	r2, [r1]
  46 0018 07E0     		b	.L3
  47              	.L2:
  64:.\Generated_Source\PSoC5/QuadDec_1_INT.c ****     }
  65:.\Generated_Source\PSoC5/QuadDec_1_INT.c ****     else if (0u != (QuadDec_1_swStatus & QuadDec_1_COUNTER_UNDERFLOW))
  48              		.loc 1 65 0
  49 001a 13F0020F 		tst	r3, #2
ARM GAS  C:\Users\Alex\AppData\Local\Temp\ccwpQGLZ.s 			page 3


  50 001e 04D0     		beq	.L3
  66:.\Generated_Source\PSoC5/QuadDec_1_INT.c ****     {
  67:.\Generated_Source\PSoC5/QuadDec_1_INT.c ****         QuadDec_1_count32SoftPart -= (int32) QuadDec_1_COUNTER_INIT_VALUE;
  51              		.loc 1 67 0
  52 0020 0649     		ldr	r1, .L5+4
  53 0022 0A68     		ldr	r2, [r1]
  54 0024 A2F50042 		sub	r2, r2, #32768
  55 0028 0A60     		str	r2, [r1]
  56              	.L3:
  68:.\Generated_Source\PSoC5/QuadDec_1_INT.c ****     }
  69:.\Generated_Source\PSoC5/QuadDec_1_INT.c ****     else
  70:.\Generated_Source\PSoC5/QuadDec_1_INT.c ****     {
  71:.\Generated_Source\PSoC5/QuadDec_1_INT.c ****         /* Nothing to do here */
  72:.\Generated_Source\PSoC5/QuadDec_1_INT.c ****     }
  73:.\Generated_Source\PSoC5/QuadDec_1_INT.c ****     
  74:.\Generated_Source\PSoC5/QuadDec_1_INT.c ****     if (0u != (QuadDec_1_swStatus & QuadDec_1_COUNTER_RESET))
  57              		.loc 1 74 0
  58 002a 13F0040F 		tst	r3, #4
  59 002e 02D0     		beq	.L1
  75:.\Generated_Source\PSoC5/QuadDec_1_INT.c ****     {
  76:.\Generated_Source\PSoC5/QuadDec_1_INT.c ****         QuadDec_1_count32SoftPart = 0;
  60              		.loc 1 76 0
  61 0030 0022     		movs	r2, #0
  62 0032 024B     		ldr	r3, .L5+4
  63              	.LVL1:
  64 0034 1A60     		str	r2, [r3]
  65              	.L1:
  66 0036 7047     		bx	lr
  67              	.L6:
  68              		.align	2
  69              	.L5:
  70 0038 64640040 		.word	1073767524
  71 003c 00000000 		.word	.LANCHOR0
  72              		.cfi_endproc
  73              	.LFE0:
  74              		.size	QuadDec_1_ISR, .-QuadDec_1_ISR
  75              		.global	QuadDec_1_count32SoftPart
  76              		.bss
  77              		.align	2
  78              		.set	.LANCHOR0,. + 0
  79              		.type	QuadDec_1_count32SoftPart, %object
  80              		.size	QuadDec_1_count32SoftPart, 4
  81              	QuadDec_1_count32SoftPart:
  82 0000 00000000 		.space	4
  83              		.text
  84              	.Letext0:
  85              		.file 2 ".\\Generated_Source\\PSoC5\\cytypes.h"
  86              		.section	.debug_info,"",%progbits
  87              	.Ldebug_info0:
  88 0000 E6000000 		.4byte	0xe6
  89 0004 0400     		.2byte	0x4
  90 0006 00000000 		.4byte	.Ldebug_abbrev0
  91 000a 04       		.byte	0x4
  92 000b 01       		.uleb128 0x1
  93 000c 85000000 		.4byte	.LASF16
  94 0010 01       		.byte	0x1
  95 0011 2F010000 		.4byte	.LASF17
ARM GAS  C:\Users\Alex\AppData\Local\Temp\ccwpQGLZ.s 			page 4


  96 0015 7E010000 		.4byte	.LASF18
  97 0019 00000000 		.4byte	.Ldebug_ranges0+0
  98 001d 00000000 		.4byte	0
  99 0021 00000000 		.4byte	.Ldebug_line0
 100 0025 02       		.uleb128 0x2
 101 0026 04       		.byte	0x4
 102 0027 05       		.byte	0x5
 103 0028 696E7400 		.ascii	"int\000"
 104 002c 03       		.uleb128 0x3
 105 002d 04       		.byte	0x4
 106 002e 07       		.byte	0x7
 107 002f 0E000000 		.4byte	.LASF0
 108 0033 03       		.uleb128 0x3
 109 0034 01       		.byte	0x1
 110 0035 06       		.byte	0x6
 111 0036 72010000 		.4byte	.LASF1
 112 003a 03       		.uleb128 0x3
 113 003b 01       		.byte	0x1
 114 003c 08       		.byte	0x8
 115 003d 13010000 		.4byte	.LASF2
 116 0041 03       		.uleb128 0x3
 117 0042 02       		.byte	0x2
 118 0043 05       		.byte	0x5
 119 0044 B2010000 		.4byte	.LASF3
 120 0048 03       		.uleb128 0x3
 121 0049 02       		.byte	0x2
 122 004a 07       		.byte	0x7
 123 004b 5F010000 		.4byte	.LASF4
 124 004f 03       		.uleb128 0x3
 125 0050 04       		.byte	0x4
 126 0051 05       		.byte	0x5
 127 0052 26010000 		.4byte	.LASF5
 128 0056 03       		.uleb128 0x3
 129 0057 04       		.byte	0x4
 130 0058 07       		.byte	0x7
 131 0059 4E000000 		.4byte	.LASF6
 132 005d 03       		.uleb128 0x3
 133 005e 08       		.byte	0x8
 134 005f 05       		.byte	0x5
 135 0060 00000000 		.4byte	.LASF7
 136 0064 03       		.uleb128 0x3
 137 0065 08       		.byte	0x8
 138 0066 07       		.byte	0x7
 139 0067 60000000 		.4byte	.LASF8
 140 006b 03       		.uleb128 0x3
 141 006c 04       		.byte	0x4
 142 006d 07       		.byte	0x7
 143 006e C1010000 		.4byte	.LASF9
 144 0072 03       		.uleb128 0x3
 145 0073 01       		.byte	0x1
 146 0074 08       		.byte	0x8
 147 0075 21010000 		.4byte	.LASF10
 148 0079 04       		.uleb128 0x4
 149 007a 48000000 		.4byte	.LASF11
 150 007e 02       		.byte	0x2
 151 007f C2       		.byte	0xc2
 152 0080 3A000000 		.4byte	0x3a
ARM GAS  C:\Users\Alex\AppData\Local\Temp\ccwpQGLZ.s 			page 5


 153 0084 04       		.uleb128 0x4
 154 0085 CA010000 		.4byte	.LASF12
 155 0089 02       		.byte	0x2
 156 008a C7       		.byte	0xc7
 157 008b 4F000000 		.4byte	0x4f
 158 008f 03       		.uleb128 0x3
 159 0090 04       		.byte	0x4
 160 0091 04       		.byte	0x4
 161 0092 AC010000 		.4byte	.LASF13
 162 0096 03       		.uleb128 0x3
 163 0097 08       		.byte	0x8
 164 0098 04       		.byte	0x4
 165 0099 58010000 		.4byte	.LASF14
 166 009d 05       		.uleb128 0x5
 167 009e BC010000 		.4byte	.LASF15
 168 00a2 02       		.byte	0x2
 169 00a3 6C01     		.2byte	0x16c
 170 00a5 A9000000 		.4byte	0xa9
 171 00a9 06       		.uleb128 0x6
 172 00aa 79000000 		.4byte	0x79
 173 00ae 07       		.uleb128 0x7
 174 00af 77000000 		.4byte	.LASF19
 175 00b3 01       		.byte	0x1
 176 00b4 2E       		.byte	0x2e
 177 00b5 00000000 		.4byte	.LFB0
 178 00b9 40000000 		.4byte	.LFE0-.LFB0
 179 00bd 01       		.uleb128 0x1
 180 00be 9C       		.byte	0x9c
 181 00bf D3000000 		.4byte	0xd3
 182 00c3 08       		.uleb128 0x8
 183 00c4 1B000000 		.4byte	.LASF20
 184 00c8 01       		.byte	0x1
 185 00c9 30       		.byte	0x30
 186 00ca 79000000 		.4byte	0x79
 187 00ce 00000000 		.4byte	.LLST0
 188 00d2 00       		.byte	0
 189 00d3 09       		.uleb128 0x9
 190 00d4 2E000000 		.4byte	.LASF21
 191 00d8 01       		.byte	0x1
 192 00d9 17       		.byte	0x17
 193 00da E4000000 		.4byte	0xe4
 194 00de 05       		.uleb128 0x5
 195 00df 03       		.byte	0x3
 196 00e0 00000000 		.4byte	QuadDec_1_count32SoftPart
 197 00e4 06       		.uleb128 0x6
 198 00e5 84000000 		.4byte	0x84
 199 00e9 00       		.byte	0
 200              		.section	.debug_abbrev,"",%progbits
 201              	.Ldebug_abbrev0:
 202 0000 01       		.uleb128 0x1
 203 0001 11       		.uleb128 0x11
 204 0002 01       		.byte	0x1
 205 0003 25       		.uleb128 0x25
 206 0004 0E       		.uleb128 0xe
 207 0005 13       		.uleb128 0x13
 208 0006 0B       		.uleb128 0xb
 209 0007 03       		.uleb128 0x3
ARM GAS  C:\Users\Alex\AppData\Local\Temp\ccwpQGLZ.s 			page 6


 210 0008 0E       		.uleb128 0xe
 211 0009 1B       		.uleb128 0x1b
 212 000a 0E       		.uleb128 0xe
 213 000b 55       		.uleb128 0x55
 214 000c 17       		.uleb128 0x17
 215 000d 11       		.uleb128 0x11
 216 000e 01       		.uleb128 0x1
 217 000f 10       		.uleb128 0x10
 218 0010 17       		.uleb128 0x17
 219 0011 00       		.byte	0
 220 0012 00       		.byte	0
 221 0013 02       		.uleb128 0x2
 222 0014 24       		.uleb128 0x24
 223 0015 00       		.byte	0
 224 0016 0B       		.uleb128 0xb
 225 0017 0B       		.uleb128 0xb
 226 0018 3E       		.uleb128 0x3e
 227 0019 0B       		.uleb128 0xb
 228 001a 03       		.uleb128 0x3
 229 001b 08       		.uleb128 0x8
 230 001c 00       		.byte	0
 231 001d 00       		.byte	0
 232 001e 03       		.uleb128 0x3
 233 001f 24       		.uleb128 0x24
 234 0020 00       		.byte	0
 235 0021 0B       		.uleb128 0xb
 236 0022 0B       		.uleb128 0xb
 237 0023 3E       		.uleb128 0x3e
 238 0024 0B       		.uleb128 0xb
 239 0025 03       		.uleb128 0x3
 240 0026 0E       		.uleb128 0xe
 241 0027 00       		.byte	0
 242 0028 00       		.byte	0
 243 0029 04       		.uleb128 0x4
 244 002a 16       		.uleb128 0x16
 245 002b 00       		.byte	0
 246 002c 03       		.uleb128 0x3
 247 002d 0E       		.uleb128 0xe
 248 002e 3A       		.uleb128 0x3a
 249 002f 0B       		.uleb128 0xb
 250 0030 3B       		.uleb128 0x3b
 251 0031 0B       		.uleb128 0xb
 252 0032 49       		.uleb128 0x49
 253 0033 13       		.uleb128 0x13
 254 0034 00       		.byte	0
 255 0035 00       		.byte	0
 256 0036 05       		.uleb128 0x5
 257 0037 16       		.uleb128 0x16
 258 0038 00       		.byte	0
 259 0039 03       		.uleb128 0x3
 260 003a 0E       		.uleb128 0xe
 261 003b 3A       		.uleb128 0x3a
 262 003c 0B       		.uleb128 0xb
 263 003d 3B       		.uleb128 0x3b
 264 003e 05       		.uleb128 0x5
 265 003f 49       		.uleb128 0x49
 266 0040 13       		.uleb128 0x13
ARM GAS  C:\Users\Alex\AppData\Local\Temp\ccwpQGLZ.s 			page 7


 267 0041 00       		.byte	0
 268 0042 00       		.byte	0
 269 0043 06       		.uleb128 0x6
 270 0044 35       		.uleb128 0x35
 271 0045 00       		.byte	0
 272 0046 49       		.uleb128 0x49
 273 0047 13       		.uleb128 0x13
 274 0048 00       		.byte	0
 275 0049 00       		.byte	0
 276 004a 07       		.uleb128 0x7
 277 004b 2E       		.uleb128 0x2e
 278 004c 01       		.byte	0x1
 279 004d 3F       		.uleb128 0x3f
 280 004e 19       		.uleb128 0x19
 281 004f 03       		.uleb128 0x3
 282 0050 0E       		.uleb128 0xe
 283 0051 3A       		.uleb128 0x3a
 284 0052 0B       		.uleb128 0xb
 285 0053 3B       		.uleb128 0x3b
 286 0054 0B       		.uleb128 0xb
 287 0055 27       		.uleb128 0x27
 288 0056 19       		.uleb128 0x19
 289 0057 11       		.uleb128 0x11
 290 0058 01       		.uleb128 0x1
 291 0059 12       		.uleb128 0x12
 292 005a 06       		.uleb128 0x6
 293 005b 40       		.uleb128 0x40
 294 005c 18       		.uleb128 0x18
 295 005d 9742     		.uleb128 0x2117
 296 005f 19       		.uleb128 0x19
 297 0060 01       		.uleb128 0x1
 298 0061 13       		.uleb128 0x13
 299 0062 00       		.byte	0
 300 0063 00       		.byte	0
 301 0064 08       		.uleb128 0x8
 302 0065 34       		.uleb128 0x34
 303 0066 00       		.byte	0
 304 0067 03       		.uleb128 0x3
 305 0068 0E       		.uleb128 0xe
 306 0069 3A       		.uleb128 0x3a
 307 006a 0B       		.uleb128 0xb
 308 006b 3B       		.uleb128 0x3b
 309 006c 0B       		.uleb128 0xb
 310 006d 49       		.uleb128 0x49
 311 006e 13       		.uleb128 0x13
 312 006f 02       		.uleb128 0x2
 313 0070 17       		.uleb128 0x17
 314 0071 00       		.byte	0
 315 0072 00       		.byte	0
 316 0073 09       		.uleb128 0x9
 317 0074 34       		.uleb128 0x34
 318 0075 00       		.byte	0
 319 0076 03       		.uleb128 0x3
 320 0077 0E       		.uleb128 0xe
 321 0078 3A       		.uleb128 0x3a
 322 0079 0B       		.uleb128 0xb
 323 007a 3B       		.uleb128 0x3b
ARM GAS  C:\Users\Alex\AppData\Local\Temp\ccwpQGLZ.s 			page 8


 324 007b 0B       		.uleb128 0xb
 325 007c 49       		.uleb128 0x49
 326 007d 13       		.uleb128 0x13
 327 007e 3F       		.uleb128 0x3f
 328 007f 19       		.uleb128 0x19
 329 0080 02       		.uleb128 0x2
 330 0081 18       		.uleb128 0x18
 331 0082 00       		.byte	0
 332 0083 00       		.byte	0
 333 0084 00       		.byte	0
 334              		.section	.debug_loc,"",%progbits
 335              	.Ldebug_loc0:
 336              	.LLST0:
 337 0000 06000000 		.4byte	.LVL0
 338 0004 34000000 		.4byte	.LVL1
 339 0008 0100     		.2byte	0x1
 340 000a 53       		.byte	0x53
 341 000b 00000000 		.4byte	0
 342 000f 00000000 		.4byte	0
 343              		.section	.debug_aranges,"",%progbits
 344 0000 1C000000 		.4byte	0x1c
 345 0004 0200     		.2byte	0x2
 346 0006 00000000 		.4byte	.Ldebug_info0
 347 000a 04       		.byte	0x4
 348 000b 00       		.byte	0
 349 000c 0000     		.2byte	0
 350 000e 0000     		.2byte	0
 351 0010 00000000 		.4byte	.LFB0
 352 0014 40000000 		.4byte	.LFE0-.LFB0
 353 0018 00000000 		.4byte	0
 354 001c 00000000 		.4byte	0
 355              		.section	.debug_ranges,"",%progbits
 356              	.Ldebug_ranges0:
 357 0000 00000000 		.4byte	.LFB0
 358 0004 40000000 		.4byte	.LFE0
 359 0008 00000000 		.4byte	0
 360 000c 00000000 		.4byte	0
 361              		.section	.debug_line,"",%progbits
 362              	.Ldebug_line0:
 363 0000 6A000000 		.section	.debug_str,"MS",%progbits,1
 363      02004C00 
 363      00000201 
 363      FB0E0D00 
 363      01010101 
 364              	.LASF7:
 365 0000 6C6F6E67 		.ascii	"long long int\000"
 365      206C6F6E 
 365      6720696E 
 365      7400
 366              	.LASF0:
 367 000e 756E7369 		.ascii	"unsigned int\000"
 367      676E6564 
 367      20696E74 
 367      00
 368              	.LASF20:
 369 001b 51756164 		.ascii	"QuadDec_1_swStatus\000"
 369      4465635F 
ARM GAS  C:\Users\Alex\AppData\Local\Temp\ccwpQGLZ.s 			page 9


 369      315F7377 
 369      53746174 
 369      757300
 370              	.LASF21:
 371 002e 51756164 		.ascii	"QuadDec_1_count32SoftPart\000"
 371      4465635F 
 371      315F636F 
 371      756E7433 
 371      32536F66 
 372              	.LASF11:
 373 0048 75696E74 		.ascii	"uint8\000"
 373      3800
 374              	.LASF6:
 375 004e 6C6F6E67 		.ascii	"long unsigned int\000"
 375      20756E73 
 375      69676E65 
 375      6420696E 
 375      7400
 376              	.LASF8:
 377 0060 6C6F6E67 		.ascii	"long long unsigned int\000"
 377      206C6F6E 
 377      6720756E 
 377      7369676E 
 377      65642069 
 378              	.LASF19:
 379 0077 51756164 		.ascii	"QuadDec_1_ISR\000"
 379      4465635F 
 379      315F4953 
 379      5200
 380              	.LASF16:
 381 0085 474E5520 		.ascii	"GNU C 4.9.3 20150303 (release) [ARM/embedded-4_9-br"
 381      4320342E 
 381      392E3320 
 381      32303135 
 381      30333033 
 382 00b8 616E6368 		.ascii	"anch revision 221220] -mcpu=cortex-m3 -mthumb -g -O"
 382      20726576 
 382      6973696F 
 382      6E203232 
 382      31323230 
 383 00eb 67202D66 		.ascii	"g -ffunction-sections -ffat-lto-objects\000"
 383      66756E63 
 383      74696F6E 
 383      2D736563 
 383      74696F6E 
 384              	.LASF2:
 385 0113 756E7369 		.ascii	"unsigned char\000"
 385      676E6564 
 385      20636861 
 385      7200
 386              	.LASF10:
 387 0121 63686172 		.ascii	"char\000"
 387      00
 388              	.LASF5:
 389 0126 6C6F6E67 		.ascii	"long int\000"
 389      20696E74 
 389      00
ARM GAS  C:\Users\Alex\AppData\Local\Temp\ccwpQGLZ.s 			page 10


 390              	.LASF17:
 391 012f 2E5C4765 		.ascii	".\\Generated_Source\\PSoC5\\QuadDec_1_INT.c\000"
 391      6E657261 
 391      7465645F 
 391      536F7572 
 391      63655C50 
 392              	.LASF14:
 393 0158 646F7562 		.ascii	"double\000"
 393      6C6500
 394              	.LASF4:
 395 015f 73686F72 		.ascii	"short unsigned int\000"
 395      7420756E 
 395      7369676E 
 395      65642069 
 395      6E7400
 396              	.LASF1:
 397 0172 7369676E 		.ascii	"signed char\000"
 397      65642063 
 397      68617200 
 398              	.LASF18:
 399 017e 433A5C46 		.ascii	"C:\\FlexSEA_alx87grd\\execute\\execute_1_0.cydsn\000"
 399      6C657853 
 399      45415F61 
 399      6C783837 
 399      6772645C 
 400              	.LASF13:
 401 01ac 666C6F61 		.ascii	"float\000"
 401      7400
 402              	.LASF3:
 403 01b2 73686F72 		.ascii	"short int\000"
 403      7420696E 
 403      7400
 404              	.LASF15:
 405 01bc 72656738 		.ascii	"reg8\000"
 405      00
 406              	.LASF9:
 407 01c1 73697A65 		.ascii	"sizetype\000"
 407      74797065 
 407      00
 408              	.LASF12:
 409 01ca 696E7433 		.ascii	"int32\000"
 409      3200
 410              		.ident	"GCC: (GNU Tools for ARM Embedded Processors) 4.9.3 20150303 (release) [ARM/embedded-4_9-br
