ARM GAS  C:\Users\Alex\AppData\Local\Temp\cc9MLGeA.s 			page 1


   1              		.syntax unified
   2              		.cpu cortex-m3
   3              		.fpu softvfp
   4              		.eabi_attribute 20, 1
   5              		.eabi_attribute 21, 1
   6              		.eabi_attribute 23, 3
   7              		.eabi_attribute 24, 1
   8              		.eabi_attribute 25, 1
   9              		.eabi_attribute 26, 1
  10              		.eabi_attribute 30, 1
  11              		.eabi_attribute 34, 1
  12              		.eabi_attribute 18, 4
  13              		.thumb
  14              		.file	"Timer_2.c"
  15              		.text
  16              	.Ltext0:
  17              		.cfi_sections	.debug_frame
  18              		.section	.text.Timer_2_Enable,"ax",%progbits
  19              		.align	2
  20              		.global	Timer_2_Enable
  21              		.thumb
  22              		.thumb_func
  23              		.type	Timer_2_Enable, %function
  24              	Timer_2_Enable:
  25              	.LFB1:
  26              		.file 1 ".\\Generated_Source\\PSoC5\\Timer_2.c"
   1:.\Generated_Source\PSoC5/Timer_2.c **** /*******************************************************************************
   2:.\Generated_Source\PSoC5/Timer_2.c **** * File Name: Timer_2.c
   3:.\Generated_Source\PSoC5/Timer_2.c **** * Version 2.70
   4:.\Generated_Source\PSoC5/Timer_2.c **** *
   5:.\Generated_Source\PSoC5/Timer_2.c **** * Description:
   6:.\Generated_Source\PSoC5/Timer_2.c **** *  The Timer component consists of a 8, 16, 24 or 32-bit timer with
   7:.\Generated_Source\PSoC5/Timer_2.c **** *  a selectable period between 2 and 2^Width - 1.  The timer may free run
   8:.\Generated_Source\PSoC5/Timer_2.c **** *  or be used as a capture timer as well.  The capture can be initiated
   9:.\Generated_Source\PSoC5/Timer_2.c **** *  by a positive or negative edge signal as well as via software.
  10:.\Generated_Source\PSoC5/Timer_2.c **** *  A trigger input can be programmed to enable the timer on rising edge
  11:.\Generated_Source\PSoC5/Timer_2.c **** *  falling edge, either edge or continous run.
  12:.\Generated_Source\PSoC5/Timer_2.c **** *  Interrupts may be generated due to a terminal count condition
  13:.\Generated_Source\PSoC5/Timer_2.c **** *  or a capture event.
  14:.\Generated_Source\PSoC5/Timer_2.c **** *
  15:.\Generated_Source\PSoC5/Timer_2.c **** * Note:
  16:.\Generated_Source\PSoC5/Timer_2.c **** *
  17:.\Generated_Source\PSoC5/Timer_2.c **** ********************************************************************************
  18:.\Generated_Source\PSoC5/Timer_2.c **** * Copyright 2008-2014, Cypress Semiconductor Corporation.  All rights reserved.
  19:.\Generated_Source\PSoC5/Timer_2.c **** * You may use this file only in accordance with the license, terms, conditions,
  20:.\Generated_Source\PSoC5/Timer_2.c **** * disclaimers, and limitations in the end user license agreement accompanying
  21:.\Generated_Source\PSoC5/Timer_2.c **** * the software package with which this file was provided.
  22:.\Generated_Source\PSoC5/Timer_2.c **** ********************************************************************************/
  23:.\Generated_Source\PSoC5/Timer_2.c **** 
  24:.\Generated_Source\PSoC5/Timer_2.c **** #include "Timer_2.h"
  25:.\Generated_Source\PSoC5/Timer_2.c **** 
  26:.\Generated_Source\PSoC5/Timer_2.c **** uint8 Timer_2_initVar = 0u;
  27:.\Generated_Source\PSoC5/Timer_2.c **** 
  28:.\Generated_Source\PSoC5/Timer_2.c **** 
  29:.\Generated_Source\PSoC5/Timer_2.c **** /*******************************************************************************
  30:.\Generated_Source\PSoC5/Timer_2.c **** * Function Name: Timer_2_Init
  31:.\Generated_Source\PSoC5/Timer_2.c **** ********************************************************************************
ARM GAS  C:\Users\Alex\AppData\Local\Temp\cc9MLGeA.s 			page 2


  32:.\Generated_Source\PSoC5/Timer_2.c **** *
  33:.\Generated_Source\PSoC5/Timer_2.c **** * Summary:
  34:.\Generated_Source\PSoC5/Timer_2.c **** *  Initialize to the schematic state
  35:.\Generated_Source\PSoC5/Timer_2.c **** *
  36:.\Generated_Source\PSoC5/Timer_2.c **** * Parameters:
  37:.\Generated_Source\PSoC5/Timer_2.c **** *  void
  38:.\Generated_Source\PSoC5/Timer_2.c **** *
  39:.\Generated_Source\PSoC5/Timer_2.c **** * Return:
  40:.\Generated_Source\PSoC5/Timer_2.c **** *  void
  41:.\Generated_Source\PSoC5/Timer_2.c **** *
  42:.\Generated_Source\PSoC5/Timer_2.c **** *******************************************************************************/
  43:.\Generated_Source\PSoC5/Timer_2.c **** void Timer_2_Init(void) 
  44:.\Generated_Source\PSoC5/Timer_2.c **** {
  45:.\Generated_Source\PSoC5/Timer_2.c ****     #if(!Timer_2_UsingFixedFunction)
  46:.\Generated_Source\PSoC5/Timer_2.c ****             /* Interrupt State Backup for Critical Region*/
  47:.\Generated_Source\PSoC5/Timer_2.c ****             uint8 Timer_2_interruptState;
  48:.\Generated_Source\PSoC5/Timer_2.c ****     #endif /* Interrupt state back up for Fixed Function only */
  49:.\Generated_Source\PSoC5/Timer_2.c **** 
  50:.\Generated_Source\PSoC5/Timer_2.c ****     #if (Timer_2_UsingFixedFunction)
  51:.\Generated_Source\PSoC5/Timer_2.c ****         /* Clear all bits but the enable bit (if it's already set) for Timer operation */
  52:.\Generated_Source\PSoC5/Timer_2.c ****         Timer_2_CONTROL &= Timer_2_CTRL_ENABLE;
  53:.\Generated_Source\PSoC5/Timer_2.c **** 
  54:.\Generated_Source\PSoC5/Timer_2.c ****         /* Clear the mode bits for continuous run mode */
  55:.\Generated_Source\PSoC5/Timer_2.c ****         #if (CY_PSOC5A)
  56:.\Generated_Source\PSoC5/Timer_2.c ****             Timer_2_CONTROL2 &= ((uint8)(~Timer_2_CTRL_MODE_MASK));
  57:.\Generated_Source\PSoC5/Timer_2.c ****         #endif /* Clear bits in CONTROL2 only in PSOC5A */
  58:.\Generated_Source\PSoC5/Timer_2.c **** 
  59:.\Generated_Source\PSoC5/Timer_2.c ****         #if (CY_PSOC3 || CY_PSOC5LP)
  60:.\Generated_Source\PSoC5/Timer_2.c ****             Timer_2_CONTROL3 &= ((uint8)(~Timer_2_CTRL_MODE_MASK));
  61:.\Generated_Source\PSoC5/Timer_2.c ****         #endif /* CONTROL3 register exists only in PSoC3 OR PSoC5LP */
  62:.\Generated_Source\PSoC5/Timer_2.c **** 
  63:.\Generated_Source\PSoC5/Timer_2.c ****         /* Check if One Shot mode is enabled i.e. RunMode !=0*/
  64:.\Generated_Source\PSoC5/Timer_2.c ****         #if (Timer_2_RunModeUsed != 0x0u)
  65:.\Generated_Source\PSoC5/Timer_2.c ****             /* Set 3rd bit of Control register to enable one shot mode */
  66:.\Generated_Source\PSoC5/Timer_2.c ****             Timer_2_CONTROL |= 0x04u;
  67:.\Generated_Source\PSoC5/Timer_2.c ****         #endif /* One Shot enabled only when RunModeUsed is not Continuous*/
  68:.\Generated_Source\PSoC5/Timer_2.c **** 
  69:.\Generated_Source\PSoC5/Timer_2.c ****         #if (Timer_2_RunModeUsed == 2)
  70:.\Generated_Source\PSoC5/Timer_2.c ****             #if (CY_PSOC5A)
  71:.\Generated_Source\PSoC5/Timer_2.c ****                 /* Set last 2 bits of control2 register if one shot(halt on
  72:.\Generated_Source\PSoC5/Timer_2.c ****                 interrupt) is enabled*/
  73:.\Generated_Source\PSoC5/Timer_2.c ****                 Timer_2_CONTROL2 |= 0x03u;
  74:.\Generated_Source\PSoC5/Timer_2.c ****             #endif /* Set One-Shot Halt on Interrupt bit in CONTROL2 for PSoC5A */
  75:.\Generated_Source\PSoC5/Timer_2.c **** 
  76:.\Generated_Source\PSoC5/Timer_2.c ****             #if (CY_PSOC3 || CY_PSOC5LP)
  77:.\Generated_Source\PSoC5/Timer_2.c ****                 /* Set last 2 bits of control3 register if one shot(halt on
  78:.\Generated_Source\PSoC5/Timer_2.c ****                 interrupt) is enabled*/
  79:.\Generated_Source\PSoC5/Timer_2.c ****                 Timer_2_CONTROL3 |= 0x03u;
  80:.\Generated_Source\PSoC5/Timer_2.c ****             #endif /* Set One-Shot Halt on Interrupt bit in CONTROL3 for PSoC3 or PSoC5LP */
  81:.\Generated_Source\PSoC5/Timer_2.c **** 
  82:.\Generated_Source\PSoC5/Timer_2.c ****         #endif /* Remove section if One Shot Halt on Interrupt is not enabled */
  83:.\Generated_Source\PSoC5/Timer_2.c **** 
  84:.\Generated_Source\PSoC5/Timer_2.c ****         #if (Timer_2_UsingHWEnable != 0)
  85:.\Generated_Source\PSoC5/Timer_2.c ****             #if (CY_PSOC5A)
  86:.\Generated_Source\PSoC5/Timer_2.c ****                 /* Set the default Run Mode of the Timer to Continuous */
  87:.\Generated_Source\PSoC5/Timer_2.c ****                 Timer_2_CONTROL2 |= Timer_2_CTRL_MODE_PULSEWIDTH;
  88:.\Generated_Source\PSoC5/Timer_2.c ****             #endif /* Set Continuous Run Mode in CONTROL2 for PSoC5A */
ARM GAS  C:\Users\Alex\AppData\Local\Temp\cc9MLGeA.s 			page 3


  89:.\Generated_Source\PSoC5/Timer_2.c **** 
  90:.\Generated_Source\PSoC5/Timer_2.c ****             #if (CY_PSOC3 || CY_PSOC5LP)
  91:.\Generated_Source\PSoC5/Timer_2.c ****                 /* Clear and Set ROD and COD bits of CFG2 register */
  92:.\Generated_Source\PSoC5/Timer_2.c ****                 Timer_2_CONTROL3 &= ((uint8)(~Timer_2_CTRL_RCOD_MASK));
  93:.\Generated_Source\PSoC5/Timer_2.c ****                 Timer_2_CONTROL3 |= Timer_2_CTRL_RCOD;
  94:.\Generated_Source\PSoC5/Timer_2.c **** 
  95:.\Generated_Source\PSoC5/Timer_2.c ****                 /* Clear and Enable the HW enable bit in CFG2 register */
  96:.\Generated_Source\PSoC5/Timer_2.c ****                 Timer_2_CONTROL3 &= ((uint8)(~Timer_2_CTRL_ENBL_MASK));
  97:.\Generated_Source\PSoC5/Timer_2.c ****                 Timer_2_CONTROL3 |= Timer_2_CTRL_ENBL;
  98:.\Generated_Source\PSoC5/Timer_2.c **** 
  99:.\Generated_Source\PSoC5/Timer_2.c ****                 /* Set the default Run Mode of the Timer to Continuous */
 100:.\Generated_Source\PSoC5/Timer_2.c ****                 Timer_2_CONTROL3 |= Timer_2_CTRL_MODE_CONTINUOUS;
 101:.\Generated_Source\PSoC5/Timer_2.c ****             #endif /* Set Continuous Run Mode in CONTROL3 for PSoC3ES3 or PSoC5A */
 102:.\Generated_Source\PSoC5/Timer_2.c **** 
 103:.\Generated_Source\PSoC5/Timer_2.c ****         #endif /* Configure Run Mode with hardware enable */
 104:.\Generated_Source\PSoC5/Timer_2.c **** 
 105:.\Generated_Source\PSoC5/Timer_2.c ****         /* Clear and Set SYNCTC and SYNCCMP bits of RT1 register */
 106:.\Generated_Source\PSoC5/Timer_2.c ****         Timer_2_RT1 &= ((uint8)(~Timer_2_RT1_MASK));
 107:.\Generated_Source\PSoC5/Timer_2.c ****         Timer_2_RT1 |= Timer_2_SYNC;
 108:.\Generated_Source\PSoC5/Timer_2.c **** 
 109:.\Generated_Source\PSoC5/Timer_2.c ****         /*Enable DSI Sync all all inputs of the Timer*/
 110:.\Generated_Source\PSoC5/Timer_2.c ****         Timer_2_RT1 &= ((uint8)(~Timer_2_SYNCDSI_MASK));
 111:.\Generated_Source\PSoC5/Timer_2.c ****         Timer_2_RT1 |= Timer_2_SYNCDSI_EN;
 112:.\Generated_Source\PSoC5/Timer_2.c **** 
 113:.\Generated_Source\PSoC5/Timer_2.c ****         /* Set the IRQ to use the status register interrupts */
 114:.\Generated_Source\PSoC5/Timer_2.c ****         Timer_2_CONTROL2 |= Timer_2_CTRL2_IRQ_SEL;
 115:.\Generated_Source\PSoC5/Timer_2.c ****     #endif /* Configuring registers of fixed function implementation */
 116:.\Generated_Source\PSoC5/Timer_2.c **** 
 117:.\Generated_Source\PSoC5/Timer_2.c ****     /* Set Initial values from Configuration */
 118:.\Generated_Source\PSoC5/Timer_2.c ****     Timer_2_WritePeriod(Timer_2_INIT_PERIOD);
 119:.\Generated_Source\PSoC5/Timer_2.c ****     Timer_2_WriteCounter(Timer_2_INIT_PERIOD);
 120:.\Generated_Source\PSoC5/Timer_2.c **** 
 121:.\Generated_Source\PSoC5/Timer_2.c ****     #if (Timer_2_UsingHWCaptureCounter)/* Capture counter is enabled */
 122:.\Generated_Source\PSoC5/Timer_2.c ****         Timer_2_CAPTURE_COUNT_CTRL |= Timer_2_CNTR_ENABLE;
 123:.\Generated_Source\PSoC5/Timer_2.c ****         Timer_2_SetCaptureCount(Timer_2_INIT_CAPTURE_COUNT);
 124:.\Generated_Source\PSoC5/Timer_2.c ****     #endif /* Configure capture counter value */
 125:.\Generated_Source\PSoC5/Timer_2.c **** 
 126:.\Generated_Source\PSoC5/Timer_2.c ****     #if (!Timer_2_UsingFixedFunction)
 127:.\Generated_Source\PSoC5/Timer_2.c ****         #if (Timer_2_SoftwareCaptureMode)
 128:.\Generated_Source\PSoC5/Timer_2.c ****             Timer_2_SetCaptureMode(Timer_2_INIT_CAPTURE_MODE);
 129:.\Generated_Source\PSoC5/Timer_2.c ****         #endif /* Set Capture Mode for UDB implementation if capture mode is software controlled */
 130:.\Generated_Source\PSoC5/Timer_2.c **** 
 131:.\Generated_Source\PSoC5/Timer_2.c ****         #if (Timer_2_SoftwareTriggerMode)
 132:.\Generated_Source\PSoC5/Timer_2.c ****             #if (!Timer_2_UDB_CONTROL_REG_REMOVED)
 133:.\Generated_Source\PSoC5/Timer_2.c ****                 if (0u == (Timer_2_CONTROL & Timer_2__B_TIMER__TM_SOFTWARE))
 134:.\Generated_Source\PSoC5/Timer_2.c ****                 {
 135:.\Generated_Source\PSoC5/Timer_2.c ****                     Timer_2_SetTriggerMode(Timer_2_INIT_TRIGGER_MODE);
 136:.\Generated_Source\PSoC5/Timer_2.c ****                 }
 137:.\Generated_Source\PSoC5/Timer_2.c ****             #endif /* (!Timer_2_UDB_CONTROL_REG_REMOVED) */
 138:.\Generated_Source\PSoC5/Timer_2.c ****         #endif /* Set trigger mode for UDB Implementation if trigger mode is software controlled */
 139:.\Generated_Source\PSoC5/Timer_2.c **** 
 140:.\Generated_Source\PSoC5/Timer_2.c ****         /* CyEnterCriticalRegion and CyExitCriticalRegion are used to mark following region critica
 141:.\Generated_Source\PSoC5/Timer_2.c ****         /* Enter Critical Region*/
 142:.\Generated_Source\PSoC5/Timer_2.c ****         Timer_2_interruptState = CyEnterCriticalSection();
 143:.\Generated_Source\PSoC5/Timer_2.c **** 
 144:.\Generated_Source\PSoC5/Timer_2.c ****         /* Use the interrupt output of the status register for IRQ output */
 145:.\Generated_Source\PSoC5/Timer_2.c ****         Timer_2_STATUS_AUX_CTRL |= Timer_2_STATUS_ACTL_INT_EN_MASK;
ARM GAS  C:\Users\Alex\AppData\Local\Temp\cc9MLGeA.s 			page 4


 146:.\Generated_Source\PSoC5/Timer_2.c **** 
 147:.\Generated_Source\PSoC5/Timer_2.c ****         /* Exit Critical Region*/
 148:.\Generated_Source\PSoC5/Timer_2.c ****         CyExitCriticalSection(Timer_2_interruptState);
 149:.\Generated_Source\PSoC5/Timer_2.c **** 
 150:.\Generated_Source\PSoC5/Timer_2.c ****         #if (Timer_2_EnableTriggerMode)
 151:.\Generated_Source\PSoC5/Timer_2.c ****             Timer_2_EnableTrigger();
 152:.\Generated_Source\PSoC5/Timer_2.c ****         #endif /* Set Trigger enable bit for UDB implementation in the control register*/
 153:.\Generated_Source\PSoC5/Timer_2.c **** 		
 154:.\Generated_Source\PSoC5/Timer_2.c **** 		
 155:.\Generated_Source\PSoC5/Timer_2.c ****         #if (Timer_2_InterruptOnCaptureCount && !Timer_2_UDB_CONTROL_REG_REMOVED)
 156:.\Generated_Source\PSoC5/Timer_2.c ****             Timer_2_SetInterruptCount(Timer_2_INIT_INT_CAPTURE_COUNT);
 157:.\Generated_Source\PSoC5/Timer_2.c ****         #endif /* Set interrupt count in UDB implementation if interrupt count feature is checked.*
 158:.\Generated_Source\PSoC5/Timer_2.c **** 
 159:.\Generated_Source\PSoC5/Timer_2.c ****         Timer_2_ClearFIFO();
 160:.\Generated_Source\PSoC5/Timer_2.c ****     #endif /* Configure additional features of UDB implementation */
 161:.\Generated_Source\PSoC5/Timer_2.c **** 
 162:.\Generated_Source\PSoC5/Timer_2.c ****     Timer_2_SetInterruptMode(Timer_2_INIT_INTERRUPT_MODE);
 163:.\Generated_Source\PSoC5/Timer_2.c **** }
 164:.\Generated_Source\PSoC5/Timer_2.c **** 
 165:.\Generated_Source\PSoC5/Timer_2.c **** 
 166:.\Generated_Source\PSoC5/Timer_2.c **** /*******************************************************************************
 167:.\Generated_Source\PSoC5/Timer_2.c **** * Function Name: Timer_2_Enable
 168:.\Generated_Source\PSoC5/Timer_2.c **** ********************************************************************************
 169:.\Generated_Source\PSoC5/Timer_2.c **** *
 170:.\Generated_Source\PSoC5/Timer_2.c **** * Summary:
 171:.\Generated_Source\PSoC5/Timer_2.c **** *  Enable the Timer
 172:.\Generated_Source\PSoC5/Timer_2.c **** *
 173:.\Generated_Source\PSoC5/Timer_2.c **** * Parameters:
 174:.\Generated_Source\PSoC5/Timer_2.c **** *  void
 175:.\Generated_Source\PSoC5/Timer_2.c **** *
 176:.\Generated_Source\PSoC5/Timer_2.c **** * Return:
 177:.\Generated_Source\PSoC5/Timer_2.c **** *  void
 178:.\Generated_Source\PSoC5/Timer_2.c **** *
 179:.\Generated_Source\PSoC5/Timer_2.c **** *******************************************************************************/
 180:.\Generated_Source\PSoC5/Timer_2.c **** void Timer_2_Enable(void) 
 181:.\Generated_Source\PSoC5/Timer_2.c **** {
  27              		.loc 1 181 0
  28              		.cfi_startproc
  29              		@ args = 0, pretend = 0, frame = 0
  30              		@ frame_needed = 0, uses_anonymous_args = 0
  31              		@ link register save eliminated.
 182:.\Generated_Source\PSoC5/Timer_2.c ****     /* Globally Enable the Fixed Function Block chosen */
 183:.\Generated_Source\PSoC5/Timer_2.c ****     #if (Timer_2_UsingFixedFunction)
 184:.\Generated_Source\PSoC5/Timer_2.c ****         Timer_2_GLOBAL_ENABLE |= Timer_2_BLOCK_EN_MASK;
  32              		.loc 1 184 0
  33 0000 084A     		ldr	r2, .L2
  34 0002 1378     		ldrb	r3, [r2]	@ zero_extendqisi2
  35 0004 43F00403 		orr	r3, r3, #4
  36 0008 1370     		strb	r3, [r2]
 185:.\Generated_Source\PSoC5/Timer_2.c ****         Timer_2_GLOBAL_STBY_ENABLE |= Timer_2_BLOCK_STBY_EN_MASK;
  37              		.loc 1 185 0
  38 000a 1032     		adds	r2, r2, #16
  39 000c 1378     		ldrb	r3, [r2]	@ zero_extendqisi2
  40 000e 43F00403 		orr	r3, r3, #4
  41 0012 1370     		strb	r3, [r2]
 186:.\Generated_Source\PSoC5/Timer_2.c ****     #endif /* Set Enable bit for enabling Fixed function timer*/
 187:.\Generated_Source\PSoC5/Timer_2.c **** 
ARM GAS  C:\Users\Alex\AppData\Local\Temp\cc9MLGeA.s 			page 5


 188:.\Generated_Source\PSoC5/Timer_2.c ****     /* Remove assignment if control register is removed */
 189:.\Generated_Source\PSoC5/Timer_2.c ****     #if (!Timer_2_UDB_CONTROL_REG_REMOVED || Timer_2_UsingFixedFunction)
 190:.\Generated_Source\PSoC5/Timer_2.c ****         Timer_2_CONTROL |= Timer_2_CTRL_ENABLE;
  42              		.loc 1 190 0
  43 0014 02F66532 		addw	r2, r2, #2917
  44 0018 1378     		ldrb	r3, [r2]	@ zero_extendqisi2
  45 001a 43F00103 		orr	r3, r3, #1
  46 001e 1370     		strb	r3, [r2]
  47 0020 7047     		bx	lr
  48              	.L3:
  49 0022 00BF     		.align	2
  50              	.L2:
  51 0024 A3430040 		.word	1073759139
  52              		.cfi_endproc
  53              	.LFE1:
  54              		.size	Timer_2_Enable, .-Timer_2_Enable
  55              		.section	.text.Timer_2_Stop,"ax",%progbits
  56              		.align	2
  57              		.global	Timer_2_Stop
  58              		.thumb
  59              		.thumb_func
  60              		.type	Timer_2_Stop, %function
  61              	Timer_2_Stop:
  62              	.LFB3:
 191:.\Generated_Source\PSoC5/Timer_2.c ****     #endif /* Remove assignment if control register is removed */
 192:.\Generated_Source\PSoC5/Timer_2.c **** }
 193:.\Generated_Source\PSoC5/Timer_2.c **** 
 194:.\Generated_Source\PSoC5/Timer_2.c **** 
 195:.\Generated_Source\PSoC5/Timer_2.c **** /*******************************************************************************
 196:.\Generated_Source\PSoC5/Timer_2.c **** * Function Name: Timer_2_Start
 197:.\Generated_Source\PSoC5/Timer_2.c **** ********************************************************************************
 198:.\Generated_Source\PSoC5/Timer_2.c **** *
 199:.\Generated_Source\PSoC5/Timer_2.c **** * Summary:
 200:.\Generated_Source\PSoC5/Timer_2.c **** *  The start function initializes the timer with the default values, the
 201:.\Generated_Source\PSoC5/Timer_2.c **** *  enables the timerto begin counting.  It does not enable interrupts,
 202:.\Generated_Source\PSoC5/Timer_2.c **** *  the EnableInt command should be called if interrupt generation is required.
 203:.\Generated_Source\PSoC5/Timer_2.c **** *
 204:.\Generated_Source\PSoC5/Timer_2.c **** * Parameters:
 205:.\Generated_Source\PSoC5/Timer_2.c **** *  void
 206:.\Generated_Source\PSoC5/Timer_2.c **** *
 207:.\Generated_Source\PSoC5/Timer_2.c **** * Return:
 208:.\Generated_Source\PSoC5/Timer_2.c **** *  void
 209:.\Generated_Source\PSoC5/Timer_2.c **** *
 210:.\Generated_Source\PSoC5/Timer_2.c **** * Global variables:
 211:.\Generated_Source\PSoC5/Timer_2.c **** *  Timer_2_initVar: Is modified when this function is called for the
 212:.\Generated_Source\PSoC5/Timer_2.c **** *   first time. Is used to ensure that initialization happens only once.
 213:.\Generated_Source\PSoC5/Timer_2.c **** *
 214:.\Generated_Source\PSoC5/Timer_2.c **** *******************************************************************************/
 215:.\Generated_Source\PSoC5/Timer_2.c **** void Timer_2_Start(void) 
 216:.\Generated_Source\PSoC5/Timer_2.c **** {
 217:.\Generated_Source\PSoC5/Timer_2.c ****     if(Timer_2_initVar == 0u)
 218:.\Generated_Source\PSoC5/Timer_2.c ****     {
 219:.\Generated_Source\PSoC5/Timer_2.c ****         Timer_2_Init();
 220:.\Generated_Source\PSoC5/Timer_2.c **** 
 221:.\Generated_Source\PSoC5/Timer_2.c ****         Timer_2_initVar = 1u;   /* Clear this bit for Initialization */
 222:.\Generated_Source\PSoC5/Timer_2.c ****     }
 223:.\Generated_Source\PSoC5/Timer_2.c **** 
ARM GAS  C:\Users\Alex\AppData\Local\Temp\cc9MLGeA.s 			page 6


 224:.\Generated_Source\PSoC5/Timer_2.c ****     /* Enable the Timer */
 225:.\Generated_Source\PSoC5/Timer_2.c ****     Timer_2_Enable();
 226:.\Generated_Source\PSoC5/Timer_2.c **** }
 227:.\Generated_Source\PSoC5/Timer_2.c **** 
 228:.\Generated_Source\PSoC5/Timer_2.c **** 
 229:.\Generated_Source\PSoC5/Timer_2.c **** /*******************************************************************************
 230:.\Generated_Source\PSoC5/Timer_2.c **** * Function Name: Timer_2_Stop
 231:.\Generated_Source\PSoC5/Timer_2.c **** ********************************************************************************
 232:.\Generated_Source\PSoC5/Timer_2.c **** *
 233:.\Generated_Source\PSoC5/Timer_2.c **** * Summary:
 234:.\Generated_Source\PSoC5/Timer_2.c **** *  The stop function halts the timer, but does not change any modes or disable
 235:.\Generated_Source\PSoC5/Timer_2.c **** *  interrupts.
 236:.\Generated_Source\PSoC5/Timer_2.c **** *
 237:.\Generated_Source\PSoC5/Timer_2.c **** * Parameters:
 238:.\Generated_Source\PSoC5/Timer_2.c **** *  void
 239:.\Generated_Source\PSoC5/Timer_2.c **** *
 240:.\Generated_Source\PSoC5/Timer_2.c **** * Return:
 241:.\Generated_Source\PSoC5/Timer_2.c **** *  void
 242:.\Generated_Source\PSoC5/Timer_2.c **** *
 243:.\Generated_Source\PSoC5/Timer_2.c **** * Side Effects: If the Enable mode is set to Hardware only then this function
 244:.\Generated_Source\PSoC5/Timer_2.c **** *               has no effect on the operation of the timer.
 245:.\Generated_Source\PSoC5/Timer_2.c **** *
 246:.\Generated_Source\PSoC5/Timer_2.c **** *******************************************************************************/
 247:.\Generated_Source\PSoC5/Timer_2.c **** void Timer_2_Stop(void) 
 248:.\Generated_Source\PSoC5/Timer_2.c **** {
  63              		.loc 1 248 0
  64              		.cfi_startproc
  65              		@ args = 0, pretend = 0, frame = 0
  66              		@ frame_needed = 0, uses_anonymous_args = 0
  67              		@ link register save eliminated.
 249:.\Generated_Source\PSoC5/Timer_2.c ****     /* Disable Timer */
 250:.\Generated_Source\PSoC5/Timer_2.c ****     #if(!Timer_2_UDB_CONTROL_REG_REMOVED || Timer_2_UsingFixedFunction)
 251:.\Generated_Source\PSoC5/Timer_2.c ****         Timer_2_CONTROL &= ((uint8)(~Timer_2_CTRL_ENABLE));
  68              		.loc 1 251 0
  69 0000 084A     		ldr	r2, .L5
  70 0002 1378     		ldrb	r3, [r2]	@ zero_extendqisi2
  71 0004 03F0FE03 		and	r3, r3, #254
  72 0008 1370     		strb	r3, [r2]
 252:.\Generated_Source\PSoC5/Timer_2.c ****     #endif /* Remove assignment if control register is removed */
 253:.\Generated_Source\PSoC5/Timer_2.c **** 
 254:.\Generated_Source\PSoC5/Timer_2.c ****     /* Globally disable the Fixed Function Block chosen */
 255:.\Generated_Source\PSoC5/Timer_2.c ****     #if (Timer_2_UsingFixedFunction)
 256:.\Generated_Source\PSoC5/Timer_2.c ****         Timer_2_GLOBAL_ENABLE &= ((uint8)(~Timer_2_BLOCK_EN_MASK));
  73              		.loc 1 256 0
  74 000a A2F67532 		subw	r2, r2, #2933
  75 000e 1378     		ldrb	r3, [r2]	@ zero_extendqisi2
  76 0010 03F0FB03 		and	r3, r3, #251
  77 0014 1370     		strb	r3, [r2]
 257:.\Generated_Source\PSoC5/Timer_2.c ****         Timer_2_GLOBAL_STBY_ENABLE &= ((uint8)(~Timer_2_BLOCK_STBY_EN_MASK));
  78              		.loc 1 257 0
  79 0016 1032     		adds	r2, r2, #16
  80 0018 1378     		ldrb	r3, [r2]	@ zero_extendqisi2
  81 001a 03F0FB03 		and	r3, r3, #251
  82 001e 1370     		strb	r3, [r2]
  83 0020 7047     		bx	lr
  84              	.L6:
  85 0022 00BF     		.align	2
ARM GAS  C:\Users\Alex\AppData\Local\Temp\cc9MLGeA.s 			page 7


  86              	.L5:
  87 0024 184F0040 		.word	1073762072
  88              		.cfi_endproc
  89              	.LFE3:
  90              		.size	Timer_2_Stop, .-Timer_2_Stop
  91              		.section	.text.Timer_2_SetInterruptMode,"ax",%progbits
  92              		.align	2
  93              		.global	Timer_2_SetInterruptMode
  94              		.thumb
  95              		.thumb_func
  96              		.type	Timer_2_SetInterruptMode, %function
  97              	Timer_2_SetInterruptMode:
  98              	.LFB4:
 258:.\Generated_Source\PSoC5/Timer_2.c ****     #endif /* Disable global enable for the Timer Fixed function block to stop the Timer*/
 259:.\Generated_Source\PSoC5/Timer_2.c **** }
 260:.\Generated_Source\PSoC5/Timer_2.c **** 
 261:.\Generated_Source\PSoC5/Timer_2.c **** 
 262:.\Generated_Source\PSoC5/Timer_2.c **** /*******************************************************************************
 263:.\Generated_Source\PSoC5/Timer_2.c **** * Function Name: Timer_2_SetInterruptMode
 264:.\Generated_Source\PSoC5/Timer_2.c **** ********************************************************************************
 265:.\Generated_Source\PSoC5/Timer_2.c **** *
 266:.\Generated_Source\PSoC5/Timer_2.c **** * Summary:
 267:.\Generated_Source\PSoC5/Timer_2.c **** *  This function selects which of the interrupt inputs may cause an interrupt.
 268:.\Generated_Source\PSoC5/Timer_2.c **** *  The twosources are caputure and terminal.  One, both or neither may
 269:.\Generated_Source\PSoC5/Timer_2.c **** *  be selected.
 270:.\Generated_Source\PSoC5/Timer_2.c **** *
 271:.\Generated_Source\PSoC5/Timer_2.c **** * Parameters:
 272:.\Generated_Source\PSoC5/Timer_2.c **** *  interruptMode:   This parameter is used to enable interrups on either/or
 273:.\Generated_Source\PSoC5/Timer_2.c **** *                   terminal count or capture.
 274:.\Generated_Source\PSoC5/Timer_2.c **** *
 275:.\Generated_Source\PSoC5/Timer_2.c **** * Return:
 276:.\Generated_Source\PSoC5/Timer_2.c **** *  void
 277:.\Generated_Source\PSoC5/Timer_2.c **** *
 278:.\Generated_Source\PSoC5/Timer_2.c **** *******************************************************************************/
 279:.\Generated_Source\PSoC5/Timer_2.c **** void Timer_2_SetInterruptMode(uint8 interruptMode) 
 280:.\Generated_Source\PSoC5/Timer_2.c **** {
  99              		.loc 1 280 0
 100              		.cfi_startproc
 101              		@ args = 0, pretend = 0, frame = 0
 102              		@ frame_needed = 0, uses_anonymous_args = 0
 103              		@ link register save eliminated.
 104              	.LVL0:
 281:.\Generated_Source\PSoC5/Timer_2.c ****     Timer_2_STATUS_MASK = interruptMode;
 105              		.loc 1 281 0
 106 0000 014B     		ldr	r3, .L8
 107 0002 1870     		strb	r0, [r3]
 108 0004 7047     		bx	lr
 109              	.L9:
 110 0006 00BF     		.align	2
 111              	.L8:
 112 0008 1B4F0040 		.word	1073762075
 113              		.cfi_endproc
 114              	.LFE4:
 115              		.size	Timer_2_SetInterruptMode, .-Timer_2_SetInterruptMode
 116              		.section	.text.Timer_2_SoftwareCapture,"ax",%progbits
 117              		.align	2
 118              		.global	Timer_2_SoftwareCapture
ARM GAS  C:\Users\Alex\AppData\Local\Temp\cc9MLGeA.s 			page 8


 119              		.thumb
 120              		.thumb_func
 121              		.type	Timer_2_SoftwareCapture, %function
 122              	Timer_2_SoftwareCapture:
 123              	.LFB5:
 282:.\Generated_Source\PSoC5/Timer_2.c **** }
 283:.\Generated_Source\PSoC5/Timer_2.c **** 
 284:.\Generated_Source\PSoC5/Timer_2.c **** 
 285:.\Generated_Source\PSoC5/Timer_2.c **** /*******************************************************************************
 286:.\Generated_Source\PSoC5/Timer_2.c **** * Function Name: Timer_2_SoftwareCapture
 287:.\Generated_Source\PSoC5/Timer_2.c **** ********************************************************************************
 288:.\Generated_Source\PSoC5/Timer_2.c **** *
 289:.\Generated_Source\PSoC5/Timer_2.c **** * Summary:
 290:.\Generated_Source\PSoC5/Timer_2.c **** *  This function forces a capture independent of the capture signal.
 291:.\Generated_Source\PSoC5/Timer_2.c **** *
 292:.\Generated_Source\PSoC5/Timer_2.c **** * Parameters:
 293:.\Generated_Source\PSoC5/Timer_2.c **** *  void
 294:.\Generated_Source\PSoC5/Timer_2.c **** *
 295:.\Generated_Source\PSoC5/Timer_2.c **** * Return:
 296:.\Generated_Source\PSoC5/Timer_2.c **** *  void
 297:.\Generated_Source\PSoC5/Timer_2.c **** *
 298:.\Generated_Source\PSoC5/Timer_2.c **** * Side Effects:
 299:.\Generated_Source\PSoC5/Timer_2.c **** *  An existing hardware capture could be overwritten.
 300:.\Generated_Source\PSoC5/Timer_2.c **** *
 301:.\Generated_Source\PSoC5/Timer_2.c **** *******************************************************************************/
 302:.\Generated_Source\PSoC5/Timer_2.c **** void Timer_2_SoftwareCapture(void) 
 303:.\Generated_Source\PSoC5/Timer_2.c **** {
 124              		.loc 1 303 0
 125              		.cfi_startproc
 126              		@ args = 0, pretend = 0, frame = 0
 127              		@ frame_needed = 0, uses_anonymous_args = 0
 128              		@ link register save eliminated.
 304:.\Generated_Source\PSoC5/Timer_2.c ****     /* Generate a software capture by reading the counter register */
 305:.\Generated_Source\PSoC5/Timer_2.c ****     #if(Timer_2_UsingFixedFunction)
 306:.\Generated_Source\PSoC5/Timer_2.c ****         (void)CY_GET_REG16(Timer_2_COUNTER_LSB_PTR);
 129              		.loc 1 306 0
 130 0000 014B     		ldr	r3, .L11
 131 0002 1B88     		ldrh	r3, [r3]
 132 0004 7047     		bx	lr
 133              	.L12:
 134 0006 00BF     		.align	2
 135              	.L11:
 136 0008 1E4F0040 		.word	1073762078
 137              		.cfi_endproc
 138              	.LFE5:
 139              		.size	Timer_2_SoftwareCapture, .-Timer_2_SoftwareCapture
 140              		.section	.text.Timer_2_ReadStatusRegister,"ax",%progbits
 141              		.align	2
 142              		.global	Timer_2_ReadStatusRegister
 143              		.thumb
 144              		.thumb_func
 145              		.type	Timer_2_ReadStatusRegister, %function
 146              	Timer_2_ReadStatusRegister:
 147              	.LFB6:
 307:.\Generated_Source\PSoC5/Timer_2.c ****     #else
 308:.\Generated_Source\PSoC5/Timer_2.c ****         (void)CY_GET_REG8(Timer_2_COUNTER_LSB_PTR_8BIT);
 309:.\Generated_Source\PSoC5/Timer_2.c ****     #endif/* (Timer_2_UsingFixedFunction) */
ARM GAS  C:\Users\Alex\AppData\Local\Temp\cc9MLGeA.s 			page 9


 310:.\Generated_Source\PSoC5/Timer_2.c ****     /* Capture Data is now in the FIFO */
 311:.\Generated_Source\PSoC5/Timer_2.c **** }
 312:.\Generated_Source\PSoC5/Timer_2.c **** 
 313:.\Generated_Source\PSoC5/Timer_2.c **** 
 314:.\Generated_Source\PSoC5/Timer_2.c **** /*******************************************************************************
 315:.\Generated_Source\PSoC5/Timer_2.c **** * Function Name: Timer_2_ReadStatusRegister
 316:.\Generated_Source\PSoC5/Timer_2.c **** ********************************************************************************
 317:.\Generated_Source\PSoC5/Timer_2.c **** *
 318:.\Generated_Source\PSoC5/Timer_2.c **** * Summary:
 319:.\Generated_Source\PSoC5/Timer_2.c **** *  Reads the status register and returns it's state. This function should use
 320:.\Generated_Source\PSoC5/Timer_2.c **** *  defined types for the bit-field information as the bits in this register may
 321:.\Generated_Source\PSoC5/Timer_2.c **** *  be permuteable.
 322:.\Generated_Source\PSoC5/Timer_2.c **** *
 323:.\Generated_Source\PSoC5/Timer_2.c **** * Parameters:
 324:.\Generated_Source\PSoC5/Timer_2.c **** *  void
 325:.\Generated_Source\PSoC5/Timer_2.c **** *
 326:.\Generated_Source\PSoC5/Timer_2.c **** * Return:
 327:.\Generated_Source\PSoC5/Timer_2.c **** *  The contents of the status register
 328:.\Generated_Source\PSoC5/Timer_2.c **** *
 329:.\Generated_Source\PSoC5/Timer_2.c **** * Side Effects:
 330:.\Generated_Source\PSoC5/Timer_2.c **** *  Status register bits may be clear on read.
 331:.\Generated_Source\PSoC5/Timer_2.c **** *
 332:.\Generated_Source\PSoC5/Timer_2.c **** *******************************************************************************/
 333:.\Generated_Source\PSoC5/Timer_2.c **** uint8   Timer_2_ReadStatusRegister(void) 
 334:.\Generated_Source\PSoC5/Timer_2.c **** {
 148              		.loc 1 334 0
 149              		.cfi_startproc
 150              		@ args = 0, pretend = 0, frame = 0
 151              		@ frame_needed = 0, uses_anonymous_args = 0
 152              		@ link register save eliminated.
 335:.\Generated_Source\PSoC5/Timer_2.c ****     return (Timer_2_STATUS);
 153              		.loc 1 335 0
 154 0000 014B     		ldr	r3, .L14
 155 0002 1878     		ldrb	r0, [r3]	@ zero_extendqisi2
 336:.\Generated_Source\PSoC5/Timer_2.c **** }
 156              		.loc 1 336 0
 157 0004 7047     		bx	lr
 158              	.L15:
 159 0006 00BF     		.align	2
 160              	.L14:
 161 0008 1B4F0040 		.word	1073762075
 162              		.cfi_endproc
 163              	.LFE6:
 164              		.size	Timer_2_ReadStatusRegister, .-Timer_2_ReadStatusRegister
 165              		.section	.text.Timer_2_ReadControlRegister,"ax",%progbits
 166              		.align	2
 167              		.global	Timer_2_ReadControlRegister
 168              		.thumb
 169              		.thumb_func
 170              		.type	Timer_2_ReadControlRegister, %function
 171              	Timer_2_ReadControlRegister:
 172              	.LFB7:
 337:.\Generated_Source\PSoC5/Timer_2.c **** 
 338:.\Generated_Source\PSoC5/Timer_2.c **** 
 339:.\Generated_Source\PSoC5/Timer_2.c **** #if (!Timer_2_UDB_CONTROL_REG_REMOVED) /* Remove API if control register is unused */
 340:.\Generated_Source\PSoC5/Timer_2.c **** 
 341:.\Generated_Source\PSoC5/Timer_2.c **** 
ARM GAS  C:\Users\Alex\AppData\Local\Temp\cc9MLGeA.s 			page 10


 342:.\Generated_Source\PSoC5/Timer_2.c **** /*******************************************************************************
 343:.\Generated_Source\PSoC5/Timer_2.c **** * Function Name: Timer_2_ReadControlRegister
 344:.\Generated_Source\PSoC5/Timer_2.c **** ********************************************************************************
 345:.\Generated_Source\PSoC5/Timer_2.c **** *
 346:.\Generated_Source\PSoC5/Timer_2.c **** * Summary:
 347:.\Generated_Source\PSoC5/Timer_2.c **** *  Reads the control register and returns it's value.
 348:.\Generated_Source\PSoC5/Timer_2.c **** *
 349:.\Generated_Source\PSoC5/Timer_2.c **** * Parameters:
 350:.\Generated_Source\PSoC5/Timer_2.c **** *  void
 351:.\Generated_Source\PSoC5/Timer_2.c **** *
 352:.\Generated_Source\PSoC5/Timer_2.c **** * Return:
 353:.\Generated_Source\PSoC5/Timer_2.c **** *  The contents of the control register
 354:.\Generated_Source\PSoC5/Timer_2.c **** *
 355:.\Generated_Source\PSoC5/Timer_2.c **** *******************************************************************************/
 356:.\Generated_Source\PSoC5/Timer_2.c **** uint8 Timer_2_ReadControlRegister(void) 
 357:.\Generated_Source\PSoC5/Timer_2.c **** {
 173              		.loc 1 357 0
 174              		.cfi_startproc
 175              		@ args = 0, pretend = 0, frame = 0
 176              		@ frame_needed = 0, uses_anonymous_args = 0
 177              		@ link register save eliminated.
 358:.\Generated_Source\PSoC5/Timer_2.c ****     #if (!Timer_2_UDB_CONTROL_REG_REMOVED) 
 359:.\Generated_Source\PSoC5/Timer_2.c ****         return ((uint8)Timer_2_CONTROL);
 178              		.loc 1 359 0
 179 0000 014B     		ldr	r3, .L17
 180 0002 1878     		ldrb	r0, [r3]	@ zero_extendqisi2
 360:.\Generated_Source\PSoC5/Timer_2.c ****     #else
 361:.\Generated_Source\PSoC5/Timer_2.c ****         return (0);
 362:.\Generated_Source\PSoC5/Timer_2.c ****     #endif /* (!Timer_2_UDB_CONTROL_REG_REMOVED) */
 363:.\Generated_Source\PSoC5/Timer_2.c **** }
 181              		.loc 1 363 0
 182 0004 7047     		bx	lr
 183              	.L18:
 184 0006 00BF     		.align	2
 185              	.L17:
 186 0008 184F0040 		.word	1073762072
 187              		.cfi_endproc
 188              	.LFE7:
 189              		.size	Timer_2_ReadControlRegister, .-Timer_2_ReadControlRegister
 190              		.section	.text.Timer_2_WriteControlRegister,"ax",%progbits
 191              		.align	2
 192              		.global	Timer_2_WriteControlRegister
 193              		.thumb
 194              		.thumb_func
 195              		.type	Timer_2_WriteControlRegister, %function
 196              	Timer_2_WriteControlRegister:
 197              	.LFB8:
 364:.\Generated_Source\PSoC5/Timer_2.c **** 
 365:.\Generated_Source\PSoC5/Timer_2.c **** 
 366:.\Generated_Source\PSoC5/Timer_2.c **** /*******************************************************************************
 367:.\Generated_Source\PSoC5/Timer_2.c **** * Function Name: Timer_2_WriteControlRegister
 368:.\Generated_Source\PSoC5/Timer_2.c **** ********************************************************************************
 369:.\Generated_Source\PSoC5/Timer_2.c **** *
 370:.\Generated_Source\PSoC5/Timer_2.c **** * Summary:
 371:.\Generated_Source\PSoC5/Timer_2.c **** *  Sets the bit-field of the control register.
 372:.\Generated_Source\PSoC5/Timer_2.c **** *
 373:.\Generated_Source\PSoC5/Timer_2.c **** * Parameters:
ARM GAS  C:\Users\Alex\AppData\Local\Temp\cc9MLGeA.s 			page 11


 374:.\Generated_Source\PSoC5/Timer_2.c **** *  control: The contents of the control register
 375:.\Generated_Source\PSoC5/Timer_2.c **** *
 376:.\Generated_Source\PSoC5/Timer_2.c **** * Return:
 377:.\Generated_Source\PSoC5/Timer_2.c **** *
 378:.\Generated_Source\PSoC5/Timer_2.c **** *******************************************************************************/
 379:.\Generated_Source\PSoC5/Timer_2.c **** void Timer_2_WriteControlRegister(uint8 control) 
 380:.\Generated_Source\PSoC5/Timer_2.c **** {
 198              		.loc 1 380 0
 199              		.cfi_startproc
 200              		@ args = 0, pretend = 0, frame = 0
 201              		@ frame_needed = 0, uses_anonymous_args = 0
 202              		@ link register save eliminated.
 203              	.LVL1:
 381:.\Generated_Source\PSoC5/Timer_2.c ****     #if (!Timer_2_UDB_CONTROL_REG_REMOVED) 
 382:.\Generated_Source\PSoC5/Timer_2.c ****         Timer_2_CONTROL = control;
 204              		.loc 1 382 0
 205 0000 014B     		ldr	r3, .L20
 206 0002 1870     		strb	r0, [r3]
 207 0004 7047     		bx	lr
 208              	.L21:
 209 0006 00BF     		.align	2
 210              	.L20:
 211 0008 184F0040 		.word	1073762072
 212              		.cfi_endproc
 213              	.LFE8:
 214              		.size	Timer_2_WriteControlRegister, .-Timer_2_WriteControlRegister
 215              		.section	.text.Timer_2_ReadPeriod,"ax",%progbits
 216              		.align	2
 217              		.global	Timer_2_ReadPeriod
 218              		.thumb
 219              		.thumb_func
 220              		.type	Timer_2_ReadPeriod, %function
 221              	Timer_2_ReadPeriod:
 222              	.LFB9:
 383:.\Generated_Source\PSoC5/Timer_2.c ****     #else
 384:.\Generated_Source\PSoC5/Timer_2.c ****         control = 0u;
 385:.\Generated_Source\PSoC5/Timer_2.c ****     #endif /* (!Timer_2_UDB_CONTROL_REG_REMOVED) */
 386:.\Generated_Source\PSoC5/Timer_2.c **** }
 387:.\Generated_Source\PSoC5/Timer_2.c **** 
 388:.\Generated_Source\PSoC5/Timer_2.c **** #endif /* Remove API if control register is unused */
 389:.\Generated_Source\PSoC5/Timer_2.c **** 
 390:.\Generated_Source\PSoC5/Timer_2.c **** 
 391:.\Generated_Source\PSoC5/Timer_2.c **** /*******************************************************************************
 392:.\Generated_Source\PSoC5/Timer_2.c **** * Function Name: Timer_2_ReadPeriod
 393:.\Generated_Source\PSoC5/Timer_2.c **** ********************************************************************************
 394:.\Generated_Source\PSoC5/Timer_2.c **** *
 395:.\Generated_Source\PSoC5/Timer_2.c **** * Summary:
 396:.\Generated_Source\PSoC5/Timer_2.c **** *  This function returns the current value of the Period.
 397:.\Generated_Source\PSoC5/Timer_2.c **** *
 398:.\Generated_Source\PSoC5/Timer_2.c **** * Parameters:
 399:.\Generated_Source\PSoC5/Timer_2.c **** *  void
 400:.\Generated_Source\PSoC5/Timer_2.c **** *
 401:.\Generated_Source\PSoC5/Timer_2.c **** * Return:
 402:.\Generated_Source\PSoC5/Timer_2.c **** *  The present value of the counter.
 403:.\Generated_Source\PSoC5/Timer_2.c **** *
 404:.\Generated_Source\PSoC5/Timer_2.c **** *******************************************************************************/
 405:.\Generated_Source\PSoC5/Timer_2.c **** uint16 Timer_2_ReadPeriod(void) 
ARM GAS  C:\Users\Alex\AppData\Local\Temp\cc9MLGeA.s 			page 12


 406:.\Generated_Source\PSoC5/Timer_2.c **** {
 223              		.loc 1 406 0
 224              		.cfi_startproc
 225              		@ args = 0, pretend = 0, frame = 0
 226              		@ frame_needed = 0, uses_anonymous_args = 0
 227              		@ link register save eliminated.
 407:.\Generated_Source\PSoC5/Timer_2.c ****    #if(Timer_2_UsingFixedFunction)
 408:.\Generated_Source\PSoC5/Timer_2.c ****        return ((uint16)CY_GET_REG16(Timer_2_PERIOD_LSB_PTR));
 228              		.loc 1 408 0
 229 0000 014B     		ldr	r3, .L23
 230 0002 1888     		ldrh	r0, [r3]
 409:.\Generated_Source\PSoC5/Timer_2.c ****    #else
 410:.\Generated_Source\PSoC5/Timer_2.c ****        return (CY_GET_REG16(Timer_2_PERIOD_LSB_PTR));
 411:.\Generated_Source\PSoC5/Timer_2.c ****    #endif /* (Timer_2_UsingFixedFunction) */
 412:.\Generated_Source\PSoC5/Timer_2.c **** }
 231              		.loc 1 412 0
 232 0004 80B2     		uxth	r0, r0
 233 0006 7047     		bx	lr
 234              	.L24:
 235              		.align	2
 236              	.L23:
 237 0008 1C4F0040 		.word	1073762076
 238              		.cfi_endproc
 239              	.LFE9:
 240              		.size	Timer_2_ReadPeriod, .-Timer_2_ReadPeriod
 241              		.section	.text.Timer_2_WritePeriod,"ax",%progbits
 242              		.align	2
 243              		.global	Timer_2_WritePeriod
 244              		.thumb
 245              		.thumb_func
 246              		.type	Timer_2_WritePeriod, %function
 247              	Timer_2_WritePeriod:
 248              	.LFB10:
 413:.\Generated_Source\PSoC5/Timer_2.c **** 
 414:.\Generated_Source\PSoC5/Timer_2.c **** 
 415:.\Generated_Source\PSoC5/Timer_2.c **** /*******************************************************************************
 416:.\Generated_Source\PSoC5/Timer_2.c **** * Function Name: Timer_2_WritePeriod
 417:.\Generated_Source\PSoC5/Timer_2.c **** ********************************************************************************
 418:.\Generated_Source\PSoC5/Timer_2.c **** *
 419:.\Generated_Source\PSoC5/Timer_2.c **** * Summary:
 420:.\Generated_Source\PSoC5/Timer_2.c **** *  This function is used to change the period of the counter.  The new period
 421:.\Generated_Source\PSoC5/Timer_2.c **** *  will be loaded the next time terminal count is detected.
 422:.\Generated_Source\PSoC5/Timer_2.c **** *
 423:.\Generated_Source\PSoC5/Timer_2.c **** * Parameters:
 424:.\Generated_Source\PSoC5/Timer_2.c **** *  period: This value may be between 1 and (2^Resolution)-1.  A value of 0 will
 425:.\Generated_Source\PSoC5/Timer_2.c **** *          result in the counter remaining at zero.
 426:.\Generated_Source\PSoC5/Timer_2.c **** *
 427:.\Generated_Source\PSoC5/Timer_2.c **** * Return:
 428:.\Generated_Source\PSoC5/Timer_2.c **** *  void
 429:.\Generated_Source\PSoC5/Timer_2.c **** *
 430:.\Generated_Source\PSoC5/Timer_2.c **** *******************************************************************************/
 431:.\Generated_Source\PSoC5/Timer_2.c **** void Timer_2_WritePeriod(uint16 period) 
 432:.\Generated_Source\PSoC5/Timer_2.c **** {
 249              		.loc 1 432 0
 250              		.cfi_startproc
 251              		@ args = 0, pretend = 0, frame = 0
 252              		@ frame_needed = 0, uses_anonymous_args = 0
ARM GAS  C:\Users\Alex\AppData\Local\Temp\cc9MLGeA.s 			page 13


 253              		@ link register save eliminated.
 254              	.LVL2:
 433:.\Generated_Source\PSoC5/Timer_2.c ****     #if(Timer_2_UsingFixedFunction)
 434:.\Generated_Source\PSoC5/Timer_2.c ****         uint16 period_temp = (uint16)period;
 435:.\Generated_Source\PSoC5/Timer_2.c ****         CY_SET_REG16(Timer_2_PERIOD_LSB_PTR, period_temp);
 255              		.loc 1 435 0
 256 0000 014B     		ldr	r3, .L26
 257 0002 1880     		strh	r0, [r3]	@ movhi
 258 0004 7047     		bx	lr
 259              	.L27:
 260 0006 00BF     		.align	2
 261              	.L26:
 262 0008 1C4F0040 		.word	1073762076
 263              		.cfi_endproc
 264              	.LFE10:
 265              		.size	Timer_2_WritePeriod, .-Timer_2_WritePeriod
 266              		.section	.text.Timer_2_ReadCapture,"ax",%progbits
 267              		.align	2
 268              		.global	Timer_2_ReadCapture
 269              		.thumb
 270              		.thumb_func
 271              		.type	Timer_2_ReadCapture, %function
 272              	Timer_2_ReadCapture:
 273              	.LFB11:
 436:.\Generated_Source\PSoC5/Timer_2.c ****     #else
 437:.\Generated_Source\PSoC5/Timer_2.c ****         CY_SET_REG16(Timer_2_PERIOD_LSB_PTR, period);
 438:.\Generated_Source\PSoC5/Timer_2.c ****     #endif /*Write Period value with appropriate resolution suffix depending on UDB or fixed functi
 439:.\Generated_Source\PSoC5/Timer_2.c **** }
 440:.\Generated_Source\PSoC5/Timer_2.c **** 
 441:.\Generated_Source\PSoC5/Timer_2.c **** 
 442:.\Generated_Source\PSoC5/Timer_2.c **** /*******************************************************************************
 443:.\Generated_Source\PSoC5/Timer_2.c **** * Function Name: Timer_2_ReadCapture
 444:.\Generated_Source\PSoC5/Timer_2.c **** ********************************************************************************
 445:.\Generated_Source\PSoC5/Timer_2.c **** *
 446:.\Generated_Source\PSoC5/Timer_2.c **** * Summary:
 447:.\Generated_Source\PSoC5/Timer_2.c **** *  This function returns the last value captured.
 448:.\Generated_Source\PSoC5/Timer_2.c **** *
 449:.\Generated_Source\PSoC5/Timer_2.c **** * Parameters:
 450:.\Generated_Source\PSoC5/Timer_2.c **** *  void
 451:.\Generated_Source\PSoC5/Timer_2.c **** *
 452:.\Generated_Source\PSoC5/Timer_2.c **** * Return:
 453:.\Generated_Source\PSoC5/Timer_2.c **** *  Present Capture value.
 454:.\Generated_Source\PSoC5/Timer_2.c **** *
 455:.\Generated_Source\PSoC5/Timer_2.c **** *******************************************************************************/
 456:.\Generated_Source\PSoC5/Timer_2.c **** uint16 Timer_2_ReadCapture(void) 
 457:.\Generated_Source\PSoC5/Timer_2.c **** {
 274              		.loc 1 457 0
 275              		.cfi_startproc
 276              		@ args = 0, pretend = 0, frame = 0
 277              		@ frame_needed = 0, uses_anonymous_args = 0
 278              		@ link register save eliminated.
 458:.\Generated_Source\PSoC5/Timer_2.c ****    #if(Timer_2_UsingFixedFunction)
 459:.\Generated_Source\PSoC5/Timer_2.c ****        return ((uint16)CY_GET_REG16(Timer_2_CAPTURE_LSB_PTR));
 279              		.loc 1 459 0
 280 0000 014B     		ldr	r3, .L29
 281 0002 1888     		ldrh	r0, [r3]
 460:.\Generated_Source\PSoC5/Timer_2.c ****    #else
ARM GAS  C:\Users\Alex\AppData\Local\Temp\cc9MLGeA.s 			page 14


 461:.\Generated_Source\PSoC5/Timer_2.c ****        return (CY_GET_REG16(Timer_2_CAPTURE_LSB_PTR));
 462:.\Generated_Source\PSoC5/Timer_2.c ****    #endif /* (Timer_2_UsingFixedFunction) */
 463:.\Generated_Source\PSoC5/Timer_2.c **** }
 282              		.loc 1 463 0
 283 0004 80B2     		uxth	r0, r0
 284 0006 7047     		bx	lr
 285              	.L30:
 286              		.align	2
 287              	.L29:
 288 0008 204F0040 		.word	1073762080
 289              		.cfi_endproc
 290              	.LFE11:
 291              		.size	Timer_2_ReadCapture, .-Timer_2_ReadCapture
 292              		.section	.text.Timer_2_WriteCounter,"ax",%progbits
 293              		.align	2
 294              		.global	Timer_2_WriteCounter
 295              		.thumb
 296              		.thumb_func
 297              		.type	Timer_2_WriteCounter, %function
 298              	Timer_2_WriteCounter:
 299              	.LFB12:
 464:.\Generated_Source\PSoC5/Timer_2.c **** 
 465:.\Generated_Source\PSoC5/Timer_2.c **** 
 466:.\Generated_Source\PSoC5/Timer_2.c **** /*******************************************************************************
 467:.\Generated_Source\PSoC5/Timer_2.c **** * Function Name: Timer_2_WriteCounter
 468:.\Generated_Source\PSoC5/Timer_2.c **** ********************************************************************************
 469:.\Generated_Source\PSoC5/Timer_2.c **** *
 470:.\Generated_Source\PSoC5/Timer_2.c **** * Summary:
 471:.\Generated_Source\PSoC5/Timer_2.c **** *  This funtion is used to set the counter to a specific value
 472:.\Generated_Source\PSoC5/Timer_2.c **** *
 473:.\Generated_Source\PSoC5/Timer_2.c **** * Parameters:
 474:.\Generated_Source\PSoC5/Timer_2.c **** *  counter:  New counter value.
 475:.\Generated_Source\PSoC5/Timer_2.c **** *
 476:.\Generated_Source\PSoC5/Timer_2.c **** * Return:
 477:.\Generated_Source\PSoC5/Timer_2.c **** *  void
 478:.\Generated_Source\PSoC5/Timer_2.c **** *
 479:.\Generated_Source\PSoC5/Timer_2.c **** *******************************************************************************/
 480:.\Generated_Source\PSoC5/Timer_2.c **** void Timer_2_WriteCounter(uint16 counter) 
 481:.\Generated_Source\PSoC5/Timer_2.c **** {
 300              		.loc 1 481 0
 301              		.cfi_startproc
 302              		@ args = 0, pretend = 0, frame = 0
 303              		@ frame_needed = 0, uses_anonymous_args = 0
 304              		@ link register save eliminated.
 305              	.LVL3:
 482:.\Generated_Source\PSoC5/Timer_2.c ****    #if(Timer_2_UsingFixedFunction)
 483:.\Generated_Source\PSoC5/Timer_2.c ****         /* This functionality is removed until a FixedFunction HW update to
 484:.\Generated_Source\PSoC5/Timer_2.c ****          * allow this register to be written
 485:.\Generated_Source\PSoC5/Timer_2.c ****          */
 486:.\Generated_Source\PSoC5/Timer_2.c ****         CY_SET_REG16(Timer_2_COUNTER_LSB_PTR, (uint16)counter);
 306              		.loc 1 486 0
 307 0000 014B     		ldr	r3, .L32
 308 0002 1880     		strh	r0, [r3]	@ movhi
 309 0004 7047     		bx	lr
 310              	.L33:
 311 0006 00BF     		.align	2
 312              	.L32:
ARM GAS  C:\Users\Alex\AppData\Local\Temp\cc9MLGeA.s 			page 15


 313 0008 1E4F0040 		.word	1073762078
 314              		.cfi_endproc
 315              	.LFE12:
 316              		.size	Timer_2_WriteCounter, .-Timer_2_WriteCounter
 317              		.section	.text.Timer_2_Init,"ax",%progbits
 318              		.align	2
 319              		.global	Timer_2_Init
 320              		.thumb
 321              		.thumb_func
 322              		.type	Timer_2_Init, %function
 323              	Timer_2_Init:
 324              	.LFB0:
  44:.\Generated_Source\PSoC5/Timer_2.c ****     #if(!Timer_2_UsingFixedFunction)
 325              		.loc 1 44 0
 326              		.cfi_startproc
 327              		@ args = 0, pretend = 0, frame = 0
 328              		@ frame_needed = 0, uses_anonymous_args = 0
 329 0000 08B5     		push	{r3, lr}
 330              		.cfi_def_cfa_offset 8
 331              		.cfi_offset 3, -8
 332              		.cfi_offset 14, -4
  52:.\Generated_Source\PSoC5/Timer_2.c **** 
 333              		.loc 1 52 0
 334 0002 184B     		ldr	r3, .L36
 335 0004 1A78     		ldrb	r2, [r3]	@ zero_extendqisi2
 336 0006 02F00102 		and	r2, r2, #1
 337 000a 1A70     		strb	r2, [r3]
  60:.\Generated_Source\PSoC5/Timer_2.c ****         #endif /* CONTROL3 register exists only in PSoC3 OR PSoC5LP */
 338              		.loc 1 60 0
 339 000c 1649     		ldr	r1, .L36+4
 340 000e 0A78     		ldrb	r2, [r1]	@ zero_extendqisi2
 341 0010 02F0FC02 		and	r2, r2, #252
 342 0014 0A70     		strb	r2, [r1]
  66:.\Generated_Source\PSoC5/Timer_2.c ****         #endif /* One Shot enabled only when RunModeUsed is not Continuous*/
 343              		.loc 1 66 0
 344 0016 1A78     		ldrb	r2, [r3]	@ zero_extendqisi2
 345 0018 42F00402 		orr	r2, r2, #4
 346 001c 1A70     		strb	r2, [r3]
 106:.\Generated_Source\PSoC5/Timer_2.c ****         Timer_2_RT1 |= Timer_2_SYNC;
 347              		.loc 1 106 0
 348 001e 0B33     		adds	r3, r3, #11
 349 0020 1A78     		ldrb	r2, [r3]	@ zero_extendqisi2
 350 0022 02F0CF02 		and	r2, r2, #207
 351 0026 1A70     		strb	r2, [r3]
 107:.\Generated_Source\PSoC5/Timer_2.c **** 
 352              		.loc 1 107 0
 353 0028 1A78     		ldrb	r2, [r3]	@ zero_extendqisi2
 354 002a 42F03002 		orr	r2, r2, #48
 355 002e 1A70     		strb	r2, [r3]
 110:.\Generated_Source\PSoC5/Timer_2.c ****         Timer_2_RT1 |= Timer_2_SYNCDSI_EN;
 356              		.loc 1 110 0
 357 0030 1A78     		ldrb	r2, [r3]	@ zero_extendqisi2
 358 0032 02F0F002 		and	r2, r2, #240
 359 0036 1A70     		strb	r2, [r3]
 111:.\Generated_Source\PSoC5/Timer_2.c **** 
 360              		.loc 1 111 0
 361 0038 1A78     		ldrb	r2, [r3]	@ zero_extendqisi2
ARM GAS  C:\Users\Alex\AppData\Local\Temp\cc9MLGeA.s 			page 16


 362 003a 42F00F02 		orr	r2, r2, #15
 363 003e 1A70     		strb	r2, [r3]
 114:.\Generated_Source\PSoC5/Timer_2.c ****     #endif /* Configuring registers of fixed function implementation */
 364              		.loc 1 114 0
 365 0040 0A4A     		ldr	r2, .L36+8
 366 0042 1378     		ldrb	r3, [r2]	@ zero_extendqisi2
 367 0044 43F00103 		orr	r3, r3, #1
 368 0048 1370     		strb	r3, [r2]
 118:.\Generated_Source\PSoC5/Timer_2.c ****     Timer_2_WriteCounter(Timer_2_INIT_PERIOD);
 369              		.loc 1 118 0
 370 004a 40F28F10 		movw	r0, #399
 371 004e FFF7FEFF 		bl	Timer_2_WritePeriod
 372              	.LVL4:
 119:.\Generated_Source\PSoC5/Timer_2.c **** 
 373              		.loc 1 119 0
 374 0052 40F28F10 		movw	r0, #399
 375 0056 FFF7FEFF 		bl	Timer_2_WriteCounter
 376              	.LVL5:
 162:.\Generated_Source\PSoC5/Timer_2.c **** }
 377              		.loc 1 162 0
 378 005a 0820     		movs	r0, #8
 379 005c FFF7FEFF 		bl	Timer_2_SetInterruptMode
 380              	.LVL6:
 381 0060 08BD     		pop	{r3, pc}
 382              	.L37:
 383 0062 00BF     		.align	2
 384              	.L36:
 385 0064 184F0040 		.word	1073762072
 386 0068 1A4F0040 		.word	1073762074
 387 006c 194F0040 		.word	1073762073
 388              		.cfi_endproc
 389              	.LFE0:
 390              		.size	Timer_2_Init, .-Timer_2_Init
 391              		.section	.text.Timer_2_Start,"ax",%progbits
 392              		.align	2
 393              		.global	Timer_2_Start
 394              		.thumb
 395              		.thumb_func
 396              		.type	Timer_2_Start, %function
 397              	Timer_2_Start:
 398              	.LFB2:
 216:.\Generated_Source\PSoC5/Timer_2.c ****     if(Timer_2_initVar == 0u)
 399              		.loc 1 216 0
 400              		.cfi_startproc
 401              		@ args = 0, pretend = 0, frame = 0
 402              		@ frame_needed = 0, uses_anonymous_args = 0
 403 0000 08B5     		push	{r3, lr}
 404              		.cfi_def_cfa_offset 8
 405              		.cfi_offset 3, -8
 406              		.cfi_offset 14, -4
 217:.\Generated_Source\PSoC5/Timer_2.c ****     {
 407              		.loc 1 217 0
 408 0002 054B     		ldr	r3, .L41
 409 0004 1B78     		ldrb	r3, [r3]	@ zero_extendqisi2
 410 0006 23B9     		cbnz	r3, .L39
 219:.\Generated_Source\PSoC5/Timer_2.c **** 
 411              		.loc 1 219 0
ARM GAS  C:\Users\Alex\AppData\Local\Temp\cc9MLGeA.s 			page 17


 412 0008 FFF7FEFF 		bl	Timer_2_Init
 413              	.LVL7:
 221:.\Generated_Source\PSoC5/Timer_2.c ****     }
 414              		.loc 1 221 0
 415 000c 0122     		movs	r2, #1
 416 000e 024B     		ldr	r3, .L41
 417 0010 1A70     		strb	r2, [r3]
 418              	.L39:
 225:.\Generated_Source\PSoC5/Timer_2.c **** }
 419              		.loc 1 225 0
 420 0012 FFF7FEFF 		bl	Timer_2_Enable
 421              	.LVL8:
 422 0016 08BD     		pop	{r3, pc}
 423              	.L42:
 424              		.align	2
 425              	.L41:
 426 0018 00000000 		.word	.LANCHOR0
 427              		.cfi_endproc
 428              	.LFE2:
 429              		.size	Timer_2_Start, .-Timer_2_Start
 430              		.section	.text.Timer_2_ReadCounter,"ax",%progbits
 431              		.align	2
 432              		.global	Timer_2_ReadCounter
 433              		.thumb
 434              		.thumb_func
 435              		.type	Timer_2_ReadCounter, %function
 436              	Timer_2_ReadCounter:
 437              	.LFB13:
 487:.\Generated_Source\PSoC5/Timer_2.c ****         
 488:.\Generated_Source\PSoC5/Timer_2.c ****     #else
 489:.\Generated_Source\PSoC5/Timer_2.c ****         CY_SET_REG16(Timer_2_COUNTER_LSB_PTR, counter);
 490:.\Generated_Source\PSoC5/Timer_2.c ****     #endif /* Set Write Counter only for the UDB implementation (Write Counter not available in fix
 491:.\Generated_Source\PSoC5/Timer_2.c **** }
 492:.\Generated_Source\PSoC5/Timer_2.c **** 
 493:.\Generated_Source\PSoC5/Timer_2.c **** 
 494:.\Generated_Source\PSoC5/Timer_2.c **** /*******************************************************************************
 495:.\Generated_Source\PSoC5/Timer_2.c **** * Function Name: Timer_2_ReadCounter
 496:.\Generated_Source\PSoC5/Timer_2.c **** ********************************************************************************
 497:.\Generated_Source\PSoC5/Timer_2.c **** *
 498:.\Generated_Source\PSoC5/Timer_2.c **** * Summary:
 499:.\Generated_Source\PSoC5/Timer_2.c **** *  This function returns the current counter value.
 500:.\Generated_Source\PSoC5/Timer_2.c **** *
 501:.\Generated_Source\PSoC5/Timer_2.c **** * Parameters:
 502:.\Generated_Source\PSoC5/Timer_2.c **** *  void
 503:.\Generated_Source\PSoC5/Timer_2.c **** *
 504:.\Generated_Source\PSoC5/Timer_2.c **** * Return:
 505:.\Generated_Source\PSoC5/Timer_2.c **** *  Present compare value.
 506:.\Generated_Source\PSoC5/Timer_2.c **** *
 507:.\Generated_Source\PSoC5/Timer_2.c **** *******************************************************************************/
 508:.\Generated_Source\PSoC5/Timer_2.c **** uint16 Timer_2_ReadCounter(void) 
 509:.\Generated_Source\PSoC5/Timer_2.c **** {
 438              		.loc 1 509 0
 439              		.cfi_startproc
 440              		@ args = 0, pretend = 0, frame = 0
 441              		@ frame_needed = 0, uses_anonymous_args = 0
 442              		@ link register save eliminated.
 510:.\Generated_Source\PSoC5/Timer_2.c ****     /* Force capture by reading Accumulator */
ARM GAS  C:\Users\Alex\AppData\Local\Temp\cc9MLGeA.s 			page 18


 511:.\Generated_Source\PSoC5/Timer_2.c ****     /* Must first do a software capture to be able to read the counter */
 512:.\Generated_Source\PSoC5/Timer_2.c ****     /* It is up to the user code to make sure there isn't already captured data in the FIFO */
 513:.\Generated_Source\PSoC5/Timer_2.c ****     #if(Timer_2_UsingFixedFunction)
 514:.\Generated_Source\PSoC5/Timer_2.c ****         (void)CY_GET_REG16(Timer_2_COUNTER_LSB_PTR);
 443              		.loc 1 514 0
 444 0000 024B     		ldr	r3, .L44
 445 0002 1B88     		ldrh	r3, [r3]
 515:.\Generated_Source\PSoC5/Timer_2.c ****     #else
 516:.\Generated_Source\PSoC5/Timer_2.c ****         (void)CY_GET_REG8(Timer_2_COUNTER_LSB_PTR_8BIT);
 517:.\Generated_Source\PSoC5/Timer_2.c ****     #endif/* (Timer_2_UsingFixedFunction) */
 518:.\Generated_Source\PSoC5/Timer_2.c **** 
 519:.\Generated_Source\PSoC5/Timer_2.c ****     /* Read the data from the FIFO (or capture register for Fixed Function)*/
 520:.\Generated_Source\PSoC5/Timer_2.c ****     #if(Timer_2_UsingFixedFunction)
 521:.\Generated_Source\PSoC5/Timer_2.c ****         return ((uint16)CY_GET_REG16(Timer_2_CAPTURE_LSB_PTR));
 446              		.loc 1 521 0
 447 0004 024B     		ldr	r3, .L44+4
 448 0006 1888     		ldrh	r0, [r3]
 522:.\Generated_Source\PSoC5/Timer_2.c ****     #else
 523:.\Generated_Source\PSoC5/Timer_2.c ****         return (CY_GET_REG16(Timer_2_CAPTURE_LSB_PTR));
 524:.\Generated_Source\PSoC5/Timer_2.c ****     #endif /* (Timer_2_UsingFixedFunction) */
 525:.\Generated_Source\PSoC5/Timer_2.c **** }
 449              		.loc 1 525 0
 450 0008 80B2     		uxth	r0, r0
 451 000a 7047     		bx	lr
 452              	.L45:
 453              		.align	2
 454              	.L44:
 455 000c 1E4F0040 		.word	1073762078
 456 0010 204F0040 		.word	1073762080
 457              		.cfi_endproc
 458              	.LFE13:
 459              		.size	Timer_2_ReadCounter, .-Timer_2_ReadCounter
 460              		.global	Timer_2_initVar
 461              		.bss
 462              		.set	.LANCHOR0,. + 0
 463              		.type	Timer_2_initVar, %object
 464              		.size	Timer_2_initVar, 1
 465              	Timer_2_initVar:
 466 0000 00       		.space	1
 467              		.text
 468              	.Letext0:
 469              		.file 2 ".\\Generated_Source\\PSoC5\\cytypes.h"
 470              		.section	.debug_info,"",%progbits
 471              	.Ldebug_info0:
 472 0000 88020000 		.4byte	0x288
 473 0004 0400     		.2byte	0x4
 474 0006 00000000 		.4byte	.Ldebug_abbrev0
 475 000a 04       		.byte	0x4
 476 000b 01       		.uleb128 0x1
 477 000c 3B010000 		.4byte	.LASF35
 478 0010 01       		.byte	0x1
 479 0011 78020000 		.4byte	.LASF36
 480 0015 1E000000 		.4byte	.LASF37
 481 0019 00000000 		.4byte	.Ldebug_ranges0+0
 482 001d 00000000 		.4byte	0
 483 0021 00000000 		.4byte	.Ldebug_line0
 484 0025 02       		.uleb128 0x2
ARM GAS  C:\Users\Alex\AppData\Local\Temp\cc9MLGeA.s 			page 19


 485 0026 01       		.byte	0x1
 486 0027 06       		.byte	0x6
 487 0028 C5020000 		.4byte	.LASF0
 488 002c 02       		.uleb128 0x2
 489 002d 01       		.byte	0x1
 490 002e 08       		.byte	0x8
 491 002f E6000000 		.4byte	.LASF1
 492 0033 02       		.uleb128 0x2
 493 0034 02       		.byte	0x2
 494 0035 05       		.byte	0x5
 495 0036 6E020000 		.4byte	.LASF2
 496 003a 02       		.uleb128 0x2
 497 003b 02       		.byte	0x2
 498 003c 07       		.byte	0x7
 499 003d 92000000 		.4byte	.LASF3
 500 0041 02       		.uleb128 0x2
 501 0042 04       		.byte	0x4
 502 0043 05       		.byte	0x5
 503 0044 B7020000 		.4byte	.LASF4
 504 0048 02       		.uleb128 0x2
 505 0049 04       		.byte	0x4
 506 004a 07       		.byte	0x7
 507 004b 0D010000 		.4byte	.LASF5
 508 004f 02       		.uleb128 0x2
 509 0050 08       		.byte	0x8
 510 0051 05       		.byte	0x5
 511 0052 24020000 		.4byte	.LASF6
 512 0056 02       		.uleb128 0x2
 513 0057 08       		.byte	0x8
 514 0058 07       		.byte	0x7
 515 0059 D6010000 		.4byte	.LASF7
 516 005d 03       		.uleb128 0x3
 517 005e 04       		.byte	0x4
 518 005f 05       		.byte	0x5
 519 0060 696E7400 		.ascii	"int\000"
 520 0064 02       		.uleb128 0x2
 521 0065 04       		.byte	0x4
 522 0066 07       		.byte	0x7
 523 0067 C9010000 		.4byte	.LASF8
 524 006b 04       		.uleb128 0x4
 525 006c 1F010000 		.4byte	.LASF9
 526 0070 02       		.byte	0x2
 527 0071 C2       		.byte	0xc2
 528 0072 2C000000 		.4byte	0x2c
 529 0076 04       		.uleb128 0x4
 530 0077 34010000 		.4byte	.LASF10
 531 007b 02       		.byte	0x2
 532 007c C3       		.byte	0xc3
 533 007d 3A000000 		.4byte	0x3a
 534 0081 02       		.uleb128 0x2
 535 0082 04       		.byte	0x4
 536 0083 04       		.byte	0x4
 537 0084 4C000000 		.4byte	.LASF11
 538 0088 02       		.uleb128 0x2
 539 0089 08       		.byte	0x8
 540 008a 04       		.byte	0x4
 541 008b 2D010000 		.4byte	.LASF12
ARM GAS  C:\Users\Alex\AppData\Local\Temp\cc9MLGeA.s 			page 20


 542 008f 02       		.uleb128 0x2
 543 0090 01       		.byte	0x1
 544 0091 08       		.byte	0x8
 545 0092 C0020000 		.4byte	.LASF13
 546 0096 05       		.uleb128 0x5
 547 0097 F4000000 		.4byte	.LASF14
 548 009b 02       		.byte	0x2
 549 009c 6C01     		.2byte	0x16c
 550 009e A2000000 		.4byte	0xa2
 551 00a2 06       		.uleb128 0x6
 552 00a3 6B000000 		.4byte	0x6b
 553 00a7 05       		.uleb128 0x5
 554 00a8 00000000 		.4byte	.LASF15
 555 00ac 02       		.byte	0x2
 556 00ad 6D01     		.2byte	0x16d
 557 00af B3000000 		.4byte	0xb3
 558 00b3 06       		.uleb128 0x6
 559 00b4 76000000 		.4byte	0x76
 560 00b8 02       		.uleb128 0x2
 561 00b9 04       		.byte	0x4
 562 00ba 07       		.byte	0x7
 563 00bb 1B020000 		.4byte	.LASF16
 564 00bf 07       		.uleb128 0x7
 565 00c0 C2000000 		.4byte	.LASF17
 566 00c4 01       		.byte	0x1
 567 00c5 B4       		.byte	0xb4
 568 00c6 00000000 		.4byte	.LFB1
 569 00ca 28000000 		.4byte	.LFE1-.LFB1
 570 00ce 01       		.uleb128 0x1
 571 00cf 9C       		.byte	0x9c
 572 00d0 07       		.uleb128 0x7
 573 00d1 D9000000 		.4byte	.LASF18
 574 00d5 01       		.byte	0x1
 575 00d6 F7       		.byte	0xf7
 576 00d7 00000000 		.4byte	.LFB3
 577 00db 28000000 		.4byte	.LFE3-.LFB3
 578 00df 01       		.uleb128 0x1
 579 00e0 9C       		.byte	0x9c
 580 00e1 08       		.uleb128 0x8
 581 00e2 D1020000 		.4byte	.LASF22
 582 00e6 01       		.byte	0x1
 583 00e7 1701     		.2byte	0x117
 584 00e9 00000000 		.4byte	.LFB4
 585 00ed 0C000000 		.4byte	.LFE4-.LFB4
 586 00f1 01       		.uleb128 0x1
 587 00f2 9C       		.byte	0x9c
 588 00f3 06010000 		.4byte	0x106
 589 00f7 09       		.uleb128 0x9
 590 00f8 32020000 		.4byte	.LASF24
 591 00fc 01       		.byte	0x1
 592 00fd 1701     		.2byte	0x117
 593 00ff 6B000000 		.4byte	0x6b
 594 0103 01       		.uleb128 0x1
 595 0104 50       		.byte	0x50
 596 0105 00       		.byte	0
 597 0106 0A       		.uleb128 0xa
 598 0107 06000000 		.4byte	.LASF19
ARM GAS  C:\Users\Alex\AppData\Local\Temp\cc9MLGeA.s 			page 21


 599 010b 01       		.byte	0x1
 600 010c 2E01     		.2byte	0x12e
 601 010e 00000000 		.4byte	.LFB5
 602 0112 0C000000 		.4byte	.LFE5-.LFB5
 603 0116 01       		.uleb128 0x1
 604 0117 9C       		.byte	0x9c
 605 0118 0B       		.uleb128 0xb
 606 0119 40020000 		.4byte	.LASF20
 607 011d 01       		.byte	0x1
 608 011e 4D01     		.2byte	0x14d
 609 0120 6B000000 		.4byte	0x6b
 610 0124 00000000 		.4byte	.LFB6
 611 0128 0C000000 		.4byte	.LFE6-.LFB6
 612 012c 01       		.uleb128 0x1
 613 012d 9C       		.byte	0x9c
 614 012e 0B       		.uleb128 0xb
 615 012f 9B020000 		.4byte	.LASF21
 616 0133 01       		.byte	0x1
 617 0134 6401     		.2byte	0x164
 618 0136 6B000000 		.4byte	0x6b
 619 013a 00000000 		.4byte	.LFB7
 620 013e 0C000000 		.4byte	.LFE7-.LFB7
 621 0142 01       		.uleb128 0x1
 622 0143 9C       		.byte	0x9c
 623 0144 08       		.uleb128 0x8
 624 0145 A5000000 		.4byte	.LASF23
 625 0149 01       		.byte	0x1
 626 014a 7B01     		.2byte	0x17b
 627 014c 00000000 		.4byte	.LFB8
 628 0150 0C000000 		.4byte	.LFE8-.LFB8
 629 0154 01       		.uleb128 0x1
 630 0155 9C       		.byte	0x9c
 631 0156 69010000 		.4byte	0x169
 632 015a 09       		.uleb128 0x9
 633 015b 25010000 		.4byte	.LASF25
 634 015f 01       		.byte	0x1
 635 0160 7B01     		.2byte	0x17b
 636 0162 6B000000 		.4byte	0x6b
 637 0166 01       		.uleb128 0x1
 638 0167 50       		.byte	0x50
 639 0168 00       		.byte	0
 640 0169 0B       		.uleb128 0xb
 641 016a 5B020000 		.4byte	.LASF26
 642 016e 01       		.byte	0x1
 643 016f 9501     		.2byte	0x195
 644 0171 76000000 		.4byte	0x76
 645 0175 00000000 		.4byte	.LFB9
 646 0179 0C000000 		.4byte	.LFE9-.LFB9
 647 017d 01       		.uleb128 0x1
 648 017e 9C       		.byte	0x9c
 649 017f 08       		.uleb128 0x8
 650 0180 7E000000 		.4byte	.LASF27
 651 0184 01       		.byte	0x1
 652 0185 AF01     		.2byte	0x1af
 653 0187 00000000 		.4byte	.LFB10
 654 018b 0C000000 		.4byte	.LFE10-.LFB10
 655 018f 01       		.uleb128 0x1
ARM GAS  C:\Users\Alex\AppData\Local\Temp\cc9MLGeA.s 			page 22


 656 0190 9C       		.byte	0x9c
 657 0191 B2010000 		.4byte	0x1b2
 658 0195 09       		.uleb128 0x9
 659 0196 77000000 		.4byte	.LASF28
 660 019a 01       		.byte	0x1
 661 019b AF01     		.2byte	0x1af
 662 019d 76000000 		.4byte	0x76
 663 01a1 01       		.uleb128 0x1
 664 01a2 50       		.byte	0x50
 665 01a3 0C       		.uleb128 0xc
 666 01a4 01020000 		.4byte	.LASF38
 667 01a8 01       		.byte	0x1
 668 01a9 B201     		.2byte	0x1b2
 669 01ab 76000000 		.4byte	0x76
 670 01af 01       		.uleb128 0x1
 671 01b0 50       		.byte	0x50
 672 01b1 00       		.byte	0
 673 01b2 0B       		.uleb128 0xb
 674 01b3 F9000000 		.4byte	.LASF29
 675 01b7 01       		.byte	0x1
 676 01b8 C801     		.2byte	0x1c8
 677 01ba 76000000 		.4byte	0x76
 678 01be 00000000 		.4byte	.LFB11
 679 01c2 0C000000 		.4byte	.LFE11-.LFB11
 680 01c6 01       		.uleb128 0x1
 681 01c7 9C       		.byte	0x9c
 682 01c8 08       		.uleb128 0x8
 683 01c9 62000000 		.4byte	.LASF30
 684 01cd 01       		.byte	0x1
 685 01ce E001     		.2byte	0x1e0
 686 01d0 00000000 		.4byte	.LFB12
 687 01d4 0C000000 		.4byte	.LFE12-.LFB12
 688 01d8 01       		.uleb128 0x1
 689 01d9 9C       		.byte	0x9c
 690 01da ED010000 		.4byte	0x1ed
 691 01de 09       		.uleb128 0x9
 692 01df D1000000 		.4byte	.LASF31
 693 01e3 01       		.byte	0x1
 694 01e4 E001     		.2byte	0x1e0
 695 01e6 76000000 		.4byte	0x76
 696 01ea 01       		.uleb128 0x1
 697 01eb 50       		.byte	0x50
 698 01ec 00       		.byte	0
 699 01ed 0D       		.uleb128 0xd
 700 01ee EA020000 		.4byte	.LASF32
 701 01f2 01       		.byte	0x1
 702 01f3 2B       		.byte	0x2b
 703 01f4 00000000 		.4byte	.LFB0
 704 01f8 70000000 		.4byte	.LFE0-.LFB0
 705 01fc 01       		.uleb128 0x1
 706 01fd 9C       		.byte	0x9c
 707 01fe 3C020000 		.4byte	0x23c
 708 0202 0E       		.uleb128 0xe
 709 0203 52000000 		.4byte	.LVL4
 710 0207 7F010000 		.4byte	0x17f
 711 020b 17020000 		.4byte	0x217
 712 020f 0F       		.uleb128 0xf
ARM GAS  C:\Users\Alex\AppData\Local\Temp\cc9MLGeA.s 			page 23


 713 0210 01       		.uleb128 0x1
 714 0211 50       		.byte	0x50
 715 0212 03       		.uleb128 0x3
 716 0213 0A       		.byte	0xa
 717 0214 8F01     		.2byte	0x18f
 718 0216 00       		.byte	0
 719 0217 0E       		.uleb128 0xe
 720 0218 5A000000 		.4byte	.LVL5
 721 021c C8010000 		.4byte	0x1c8
 722 0220 2C020000 		.4byte	0x22c
 723 0224 0F       		.uleb128 0xf
 724 0225 01       		.uleb128 0x1
 725 0226 50       		.byte	0x50
 726 0227 03       		.uleb128 0x3
 727 0228 0A       		.byte	0xa
 728 0229 8F01     		.2byte	0x18f
 729 022b 00       		.byte	0
 730 022c 10       		.uleb128 0x10
 731 022d 60000000 		.4byte	.LVL6
 732 0231 E1000000 		.4byte	0xe1
 733 0235 0F       		.uleb128 0xf
 734 0236 01       		.uleb128 0x1
 735 0237 50       		.byte	0x50
 736 0238 01       		.uleb128 0x1
 737 0239 38       		.byte	0x38
 738 023a 00       		.byte	0
 739 023b 00       		.byte	0
 740 023c 0D       		.uleb128 0xd
 741 023d 0D020000 		.4byte	.LASF33
 742 0241 01       		.byte	0x1
 743 0242 D7       		.byte	0xd7
 744 0243 00000000 		.4byte	.LFB2
 745 0247 1C000000 		.4byte	.LFE2-.LFB2
 746 024b 01       		.uleb128 0x1
 747 024c 9C       		.byte	0x9c
 748 024d 64020000 		.4byte	0x264
 749 0251 11       		.uleb128 0x11
 750 0252 0C000000 		.4byte	.LVL7
 751 0256 ED010000 		.4byte	0x1ed
 752 025a 11       		.uleb128 0x11
 753 025b 16000000 		.4byte	.LVL8
 754 025f BF000000 		.4byte	0xbf
 755 0263 00       		.byte	0
 756 0264 0B       		.uleb128 0xb
 757 0265 ED010000 		.4byte	.LASF34
 758 0269 01       		.byte	0x1
 759 026a FC01     		.2byte	0x1fc
 760 026c 76000000 		.4byte	0x76
 761 0270 00000000 		.4byte	.LFB13
 762 0274 14000000 		.4byte	.LFE13-.LFB13
 763 0278 01       		.uleb128 0x1
 764 0279 9C       		.byte	0x9c
 765 027a 12       		.uleb128 0x12
 766 027b 52000000 		.4byte	.LASF39
 767 027f 01       		.byte	0x1
 768 0280 1A       		.byte	0x1a
 769 0281 6B000000 		.4byte	0x6b
ARM GAS  C:\Users\Alex\AppData\Local\Temp\cc9MLGeA.s 			page 24


 770 0285 05       		.uleb128 0x5
 771 0286 03       		.byte	0x3
 772 0287 00000000 		.4byte	Timer_2_initVar
 773 028b 00       		.byte	0
 774              		.section	.debug_abbrev,"",%progbits
 775              	.Ldebug_abbrev0:
 776 0000 01       		.uleb128 0x1
 777 0001 11       		.uleb128 0x11
 778 0002 01       		.byte	0x1
 779 0003 25       		.uleb128 0x25
 780 0004 0E       		.uleb128 0xe
 781 0005 13       		.uleb128 0x13
 782 0006 0B       		.uleb128 0xb
 783 0007 03       		.uleb128 0x3
 784 0008 0E       		.uleb128 0xe
 785 0009 1B       		.uleb128 0x1b
 786 000a 0E       		.uleb128 0xe
 787 000b 55       		.uleb128 0x55
 788 000c 17       		.uleb128 0x17
 789 000d 11       		.uleb128 0x11
 790 000e 01       		.uleb128 0x1
 791 000f 10       		.uleb128 0x10
 792 0010 17       		.uleb128 0x17
 793 0011 00       		.byte	0
 794 0012 00       		.byte	0
 795 0013 02       		.uleb128 0x2
 796 0014 24       		.uleb128 0x24
 797 0015 00       		.byte	0
 798 0016 0B       		.uleb128 0xb
 799 0017 0B       		.uleb128 0xb
 800 0018 3E       		.uleb128 0x3e
 801 0019 0B       		.uleb128 0xb
 802 001a 03       		.uleb128 0x3
 803 001b 0E       		.uleb128 0xe
 804 001c 00       		.byte	0
 805 001d 00       		.byte	0
 806 001e 03       		.uleb128 0x3
 807 001f 24       		.uleb128 0x24
 808 0020 00       		.byte	0
 809 0021 0B       		.uleb128 0xb
 810 0022 0B       		.uleb128 0xb
 811 0023 3E       		.uleb128 0x3e
 812 0024 0B       		.uleb128 0xb
 813 0025 03       		.uleb128 0x3
 814 0026 08       		.uleb128 0x8
 815 0027 00       		.byte	0
 816 0028 00       		.byte	0
 817 0029 04       		.uleb128 0x4
 818 002a 16       		.uleb128 0x16
 819 002b 00       		.byte	0
 820 002c 03       		.uleb128 0x3
 821 002d 0E       		.uleb128 0xe
 822 002e 3A       		.uleb128 0x3a
 823 002f 0B       		.uleb128 0xb
 824 0030 3B       		.uleb128 0x3b
 825 0031 0B       		.uleb128 0xb
 826 0032 49       		.uleb128 0x49
ARM GAS  C:\Users\Alex\AppData\Local\Temp\cc9MLGeA.s 			page 25


 827 0033 13       		.uleb128 0x13
 828 0034 00       		.byte	0
 829 0035 00       		.byte	0
 830 0036 05       		.uleb128 0x5
 831 0037 16       		.uleb128 0x16
 832 0038 00       		.byte	0
 833 0039 03       		.uleb128 0x3
 834 003a 0E       		.uleb128 0xe
 835 003b 3A       		.uleb128 0x3a
 836 003c 0B       		.uleb128 0xb
 837 003d 3B       		.uleb128 0x3b
 838 003e 05       		.uleb128 0x5
 839 003f 49       		.uleb128 0x49
 840 0040 13       		.uleb128 0x13
 841 0041 00       		.byte	0
 842 0042 00       		.byte	0
 843 0043 06       		.uleb128 0x6
 844 0044 35       		.uleb128 0x35
 845 0045 00       		.byte	0
 846 0046 49       		.uleb128 0x49
 847 0047 13       		.uleb128 0x13
 848 0048 00       		.byte	0
 849 0049 00       		.byte	0
 850 004a 07       		.uleb128 0x7
 851 004b 2E       		.uleb128 0x2e
 852 004c 00       		.byte	0
 853 004d 3F       		.uleb128 0x3f
 854 004e 19       		.uleb128 0x19
 855 004f 03       		.uleb128 0x3
 856 0050 0E       		.uleb128 0xe
 857 0051 3A       		.uleb128 0x3a
 858 0052 0B       		.uleb128 0xb
 859 0053 3B       		.uleb128 0x3b
 860 0054 0B       		.uleb128 0xb
 861 0055 27       		.uleb128 0x27
 862 0056 19       		.uleb128 0x19
 863 0057 11       		.uleb128 0x11
 864 0058 01       		.uleb128 0x1
 865 0059 12       		.uleb128 0x12
 866 005a 06       		.uleb128 0x6
 867 005b 40       		.uleb128 0x40
 868 005c 18       		.uleb128 0x18
 869 005d 9742     		.uleb128 0x2117
 870 005f 19       		.uleb128 0x19
 871 0060 00       		.byte	0
 872 0061 00       		.byte	0
 873 0062 08       		.uleb128 0x8
 874 0063 2E       		.uleb128 0x2e
 875 0064 01       		.byte	0x1
 876 0065 3F       		.uleb128 0x3f
 877 0066 19       		.uleb128 0x19
 878 0067 03       		.uleb128 0x3
 879 0068 0E       		.uleb128 0xe
 880 0069 3A       		.uleb128 0x3a
 881 006a 0B       		.uleb128 0xb
 882 006b 3B       		.uleb128 0x3b
 883 006c 05       		.uleb128 0x5
ARM GAS  C:\Users\Alex\AppData\Local\Temp\cc9MLGeA.s 			page 26


 884 006d 27       		.uleb128 0x27
 885 006e 19       		.uleb128 0x19
 886 006f 11       		.uleb128 0x11
 887 0070 01       		.uleb128 0x1
 888 0071 12       		.uleb128 0x12
 889 0072 06       		.uleb128 0x6
 890 0073 40       		.uleb128 0x40
 891 0074 18       		.uleb128 0x18
 892 0075 9742     		.uleb128 0x2117
 893 0077 19       		.uleb128 0x19
 894 0078 01       		.uleb128 0x1
 895 0079 13       		.uleb128 0x13
 896 007a 00       		.byte	0
 897 007b 00       		.byte	0
 898 007c 09       		.uleb128 0x9
 899 007d 05       		.uleb128 0x5
 900 007e 00       		.byte	0
 901 007f 03       		.uleb128 0x3
 902 0080 0E       		.uleb128 0xe
 903 0081 3A       		.uleb128 0x3a
 904 0082 0B       		.uleb128 0xb
 905 0083 3B       		.uleb128 0x3b
 906 0084 05       		.uleb128 0x5
 907 0085 49       		.uleb128 0x49
 908 0086 13       		.uleb128 0x13
 909 0087 02       		.uleb128 0x2
 910 0088 18       		.uleb128 0x18
 911 0089 00       		.byte	0
 912 008a 00       		.byte	0
 913 008b 0A       		.uleb128 0xa
 914 008c 2E       		.uleb128 0x2e
 915 008d 00       		.byte	0
 916 008e 3F       		.uleb128 0x3f
 917 008f 19       		.uleb128 0x19
 918 0090 03       		.uleb128 0x3
 919 0091 0E       		.uleb128 0xe
 920 0092 3A       		.uleb128 0x3a
 921 0093 0B       		.uleb128 0xb
 922 0094 3B       		.uleb128 0x3b
 923 0095 05       		.uleb128 0x5
 924 0096 27       		.uleb128 0x27
 925 0097 19       		.uleb128 0x19
 926 0098 11       		.uleb128 0x11
 927 0099 01       		.uleb128 0x1
 928 009a 12       		.uleb128 0x12
 929 009b 06       		.uleb128 0x6
 930 009c 40       		.uleb128 0x40
 931 009d 18       		.uleb128 0x18
 932 009e 9742     		.uleb128 0x2117
 933 00a0 19       		.uleb128 0x19
 934 00a1 00       		.byte	0
 935 00a2 00       		.byte	0
 936 00a3 0B       		.uleb128 0xb
 937 00a4 2E       		.uleb128 0x2e
 938 00a5 00       		.byte	0
 939 00a6 3F       		.uleb128 0x3f
 940 00a7 19       		.uleb128 0x19
ARM GAS  C:\Users\Alex\AppData\Local\Temp\cc9MLGeA.s 			page 27


 941 00a8 03       		.uleb128 0x3
 942 00a9 0E       		.uleb128 0xe
 943 00aa 3A       		.uleb128 0x3a
 944 00ab 0B       		.uleb128 0xb
 945 00ac 3B       		.uleb128 0x3b
 946 00ad 05       		.uleb128 0x5
 947 00ae 27       		.uleb128 0x27
 948 00af 19       		.uleb128 0x19
 949 00b0 49       		.uleb128 0x49
 950 00b1 13       		.uleb128 0x13
 951 00b2 11       		.uleb128 0x11
 952 00b3 01       		.uleb128 0x1
 953 00b4 12       		.uleb128 0x12
 954 00b5 06       		.uleb128 0x6
 955 00b6 40       		.uleb128 0x40
 956 00b7 18       		.uleb128 0x18
 957 00b8 9742     		.uleb128 0x2117
 958 00ba 19       		.uleb128 0x19
 959 00bb 00       		.byte	0
 960 00bc 00       		.byte	0
 961 00bd 0C       		.uleb128 0xc
 962 00be 34       		.uleb128 0x34
 963 00bf 00       		.byte	0
 964 00c0 03       		.uleb128 0x3
 965 00c1 0E       		.uleb128 0xe
 966 00c2 3A       		.uleb128 0x3a
 967 00c3 0B       		.uleb128 0xb
 968 00c4 3B       		.uleb128 0x3b
 969 00c5 05       		.uleb128 0x5
 970 00c6 49       		.uleb128 0x49
 971 00c7 13       		.uleb128 0x13
 972 00c8 02       		.uleb128 0x2
 973 00c9 18       		.uleb128 0x18
 974 00ca 00       		.byte	0
 975 00cb 00       		.byte	0
 976 00cc 0D       		.uleb128 0xd
 977 00cd 2E       		.uleb128 0x2e
 978 00ce 01       		.byte	0x1
 979 00cf 3F       		.uleb128 0x3f
 980 00d0 19       		.uleb128 0x19
 981 00d1 03       		.uleb128 0x3
 982 00d2 0E       		.uleb128 0xe
 983 00d3 3A       		.uleb128 0x3a
 984 00d4 0B       		.uleb128 0xb
 985 00d5 3B       		.uleb128 0x3b
 986 00d6 0B       		.uleb128 0xb
 987 00d7 27       		.uleb128 0x27
 988 00d8 19       		.uleb128 0x19
 989 00d9 11       		.uleb128 0x11
 990 00da 01       		.uleb128 0x1
 991 00db 12       		.uleb128 0x12
 992 00dc 06       		.uleb128 0x6
 993 00dd 40       		.uleb128 0x40
 994 00de 18       		.uleb128 0x18
 995 00df 9742     		.uleb128 0x2117
 996 00e1 19       		.uleb128 0x19
 997 00e2 01       		.uleb128 0x1
ARM GAS  C:\Users\Alex\AppData\Local\Temp\cc9MLGeA.s 			page 28


 998 00e3 13       		.uleb128 0x13
 999 00e4 00       		.byte	0
 1000 00e5 00       		.byte	0
 1001 00e6 0E       		.uleb128 0xe
 1002 00e7 898201   		.uleb128 0x4109
 1003 00ea 01       		.byte	0x1
 1004 00eb 11       		.uleb128 0x11
 1005 00ec 01       		.uleb128 0x1
 1006 00ed 31       		.uleb128 0x31
 1007 00ee 13       		.uleb128 0x13
 1008 00ef 01       		.uleb128 0x1
 1009 00f0 13       		.uleb128 0x13
 1010 00f1 00       		.byte	0
 1011 00f2 00       		.byte	0
 1012 00f3 0F       		.uleb128 0xf
 1013 00f4 8A8201   		.uleb128 0x410a
 1014 00f7 00       		.byte	0
 1015 00f8 02       		.uleb128 0x2
 1016 00f9 18       		.uleb128 0x18
 1017 00fa 9142     		.uleb128 0x2111
 1018 00fc 18       		.uleb128 0x18
 1019 00fd 00       		.byte	0
 1020 00fe 00       		.byte	0
 1021 00ff 10       		.uleb128 0x10
 1022 0100 898201   		.uleb128 0x4109
 1023 0103 01       		.byte	0x1
 1024 0104 11       		.uleb128 0x11
 1025 0105 01       		.uleb128 0x1
 1026 0106 31       		.uleb128 0x31
 1027 0107 13       		.uleb128 0x13
 1028 0108 00       		.byte	0
 1029 0109 00       		.byte	0
 1030 010a 11       		.uleb128 0x11
 1031 010b 898201   		.uleb128 0x4109
 1032 010e 00       		.byte	0
 1033 010f 11       		.uleb128 0x11
 1034 0110 01       		.uleb128 0x1
 1035 0111 31       		.uleb128 0x31
 1036 0112 13       		.uleb128 0x13
 1037 0113 00       		.byte	0
 1038 0114 00       		.byte	0
 1039 0115 12       		.uleb128 0x12
 1040 0116 34       		.uleb128 0x34
 1041 0117 00       		.byte	0
 1042 0118 03       		.uleb128 0x3
 1043 0119 0E       		.uleb128 0xe
 1044 011a 3A       		.uleb128 0x3a
 1045 011b 0B       		.uleb128 0xb
 1046 011c 3B       		.uleb128 0x3b
 1047 011d 0B       		.uleb128 0xb
 1048 011e 49       		.uleb128 0x49
 1049 011f 13       		.uleb128 0x13
 1050 0120 3F       		.uleb128 0x3f
 1051 0121 19       		.uleb128 0x19
 1052 0122 02       		.uleb128 0x2
 1053 0123 18       		.uleb128 0x18
 1054 0124 00       		.byte	0
ARM GAS  C:\Users\Alex\AppData\Local\Temp\cc9MLGeA.s 			page 29


 1055 0125 00       		.byte	0
 1056 0126 00       		.byte	0
 1057              		.section	.debug_aranges,"",%progbits
 1058 0000 84000000 		.4byte	0x84
 1059 0004 0200     		.2byte	0x2
 1060 0006 00000000 		.4byte	.Ldebug_info0
 1061 000a 04       		.byte	0x4
 1062 000b 00       		.byte	0
 1063 000c 0000     		.2byte	0
 1064 000e 0000     		.2byte	0
 1065 0010 00000000 		.4byte	.LFB1
 1066 0014 28000000 		.4byte	.LFE1-.LFB1
 1067 0018 00000000 		.4byte	.LFB3
 1068 001c 28000000 		.4byte	.LFE3-.LFB3
 1069 0020 00000000 		.4byte	.LFB4
 1070 0024 0C000000 		.4byte	.LFE4-.LFB4
 1071 0028 00000000 		.4byte	.LFB5
 1072 002c 0C000000 		.4byte	.LFE5-.LFB5
 1073 0030 00000000 		.4byte	.LFB6
 1074 0034 0C000000 		.4byte	.LFE6-.LFB6
 1075 0038 00000000 		.4byte	.LFB7
 1076 003c 0C000000 		.4byte	.LFE7-.LFB7
 1077 0040 00000000 		.4byte	.LFB8
 1078 0044 0C000000 		.4byte	.LFE8-.LFB8
 1079 0048 00000000 		.4byte	.LFB9
 1080 004c 0C000000 		.4byte	.LFE9-.LFB9
 1081 0050 00000000 		.4byte	.LFB10
 1082 0054 0C000000 		.4byte	.LFE10-.LFB10
 1083 0058 00000000 		.4byte	.LFB11
 1084 005c 0C000000 		.4byte	.LFE11-.LFB11
 1085 0060 00000000 		.4byte	.LFB12
 1086 0064 0C000000 		.4byte	.LFE12-.LFB12
 1087 0068 00000000 		.4byte	.LFB0
 1088 006c 70000000 		.4byte	.LFE0-.LFB0
 1089 0070 00000000 		.4byte	.LFB2
 1090 0074 1C000000 		.4byte	.LFE2-.LFB2
 1091 0078 00000000 		.4byte	.LFB13
 1092 007c 14000000 		.4byte	.LFE13-.LFB13
 1093 0080 00000000 		.4byte	0
 1094 0084 00000000 		.4byte	0
 1095              		.section	.debug_ranges,"",%progbits
 1096              	.Ldebug_ranges0:
 1097 0000 00000000 		.4byte	.LFB1
 1098 0004 28000000 		.4byte	.LFE1
 1099 0008 00000000 		.4byte	.LFB3
 1100 000c 28000000 		.4byte	.LFE3
 1101 0010 00000000 		.4byte	.LFB4
 1102 0014 0C000000 		.4byte	.LFE4
 1103 0018 00000000 		.4byte	.LFB5
 1104 001c 0C000000 		.4byte	.LFE5
 1105 0020 00000000 		.4byte	.LFB6
 1106 0024 0C000000 		.4byte	.LFE6
 1107 0028 00000000 		.4byte	.LFB7
 1108 002c 0C000000 		.4byte	.LFE7
 1109 0030 00000000 		.4byte	.LFB8
 1110 0034 0C000000 		.4byte	.LFE8
 1111 0038 00000000 		.4byte	.LFB9
ARM GAS  C:\Users\Alex\AppData\Local\Temp\cc9MLGeA.s 			page 30


 1112 003c 0C000000 		.4byte	.LFE9
 1113 0040 00000000 		.4byte	.LFB10
 1114 0044 0C000000 		.4byte	.LFE10
 1115 0048 00000000 		.4byte	.LFB11
 1116 004c 0C000000 		.4byte	.LFE11
 1117 0050 00000000 		.4byte	.LFB12
 1118 0054 0C000000 		.4byte	.LFE12
 1119 0058 00000000 		.4byte	.LFB0
 1120 005c 70000000 		.4byte	.LFE0
 1121 0060 00000000 		.4byte	.LFB2
 1122 0064 1C000000 		.4byte	.LFE2
 1123 0068 00000000 		.4byte	.LFB13
 1124 006c 14000000 		.4byte	.LFE13
 1125 0070 00000000 		.4byte	0
 1126 0074 00000000 		.4byte	0
 1127              		.section	.debug_line,"",%progbits
 1128              	.Ldebug_line0:
 1129 0000 54010000 		.section	.debug_str,"MS",%progbits,1
 1129      02004600 
 1129      00000201 
 1129      FB0E0D00 
 1129      01010101 
 1130              	.LASF15:
 1131 0000 72656731 		.ascii	"reg16\000"
 1131      3600
 1132              	.LASF19:
 1133 0006 54696D65 		.ascii	"Timer_2_SoftwareCapture\000"
 1133      725F325F 
 1133      536F6674 
 1133      77617265 
 1133      43617074 
 1134              	.LASF37:
 1135 001e 433A5C46 		.ascii	"C:\\FlexSEA_alx87grd\\execute\\execute_1_0.cydsn\000"
 1135      6C657853 
 1135      45415F61 
 1135      6C783837 
 1135      6772645C 
 1136              	.LASF11:
 1137 004c 666C6F61 		.ascii	"float\000"
 1137      7400
 1138              	.LASF39:
 1139 0052 54696D65 		.ascii	"Timer_2_initVar\000"
 1139      725F325F 
 1139      696E6974 
 1139      56617200 
 1140              	.LASF30:
 1141 0062 54696D65 		.ascii	"Timer_2_WriteCounter\000"
 1141      725F325F 
 1141      57726974 
 1141      65436F75 
 1141      6E746572 
 1142              	.LASF28:
 1143 0077 70657269 		.ascii	"period\000"
 1143      6F6400
 1144              	.LASF27:
 1145 007e 54696D65 		.ascii	"Timer_2_WritePeriod\000"
 1145      725F325F 
ARM GAS  C:\Users\Alex\AppData\Local\Temp\cc9MLGeA.s 			page 31


 1145      57726974 
 1145      65506572 
 1145      696F6400 
 1146              	.LASF3:
 1147 0092 73686F72 		.ascii	"short unsigned int\000"
 1147      7420756E 
 1147      7369676E 
 1147      65642069 
 1147      6E7400
 1148              	.LASF23:
 1149 00a5 54696D65 		.ascii	"Timer_2_WriteControlRegister\000"
 1149      725F325F 
 1149      57726974 
 1149      65436F6E 
 1149      74726F6C 
 1150              	.LASF17:
 1151 00c2 54696D65 		.ascii	"Timer_2_Enable\000"
 1151      725F325F 
 1151      456E6162 
 1151      6C6500
 1152              	.LASF31:
 1153 00d1 636F756E 		.ascii	"counter\000"
 1153      74657200 
 1154              	.LASF18:
 1155 00d9 54696D65 		.ascii	"Timer_2_Stop\000"
 1155      725F325F 
 1155      53746F70 
 1155      00
 1156              	.LASF1:
 1157 00e6 756E7369 		.ascii	"unsigned char\000"
 1157      676E6564 
 1157      20636861 
 1157      7200
 1158              	.LASF14:
 1159 00f4 72656738 		.ascii	"reg8\000"
 1159      00
 1160              	.LASF29:
 1161 00f9 54696D65 		.ascii	"Timer_2_ReadCapture\000"
 1161      725F325F 
 1161      52656164 
 1161      43617074 
 1161      75726500 
 1162              	.LASF5:
 1163 010d 6C6F6E67 		.ascii	"long unsigned int\000"
 1163      20756E73 
 1163      69676E65 
 1163      6420696E 
 1163      7400
 1164              	.LASF9:
 1165 011f 75696E74 		.ascii	"uint8\000"
 1165      3800
 1166              	.LASF25:
 1167 0125 636F6E74 		.ascii	"control\000"
 1167      726F6C00 
 1168              	.LASF12:
 1169 012d 646F7562 		.ascii	"double\000"
 1169      6C6500
ARM GAS  C:\Users\Alex\AppData\Local\Temp\cc9MLGeA.s 			page 32


 1170              	.LASF10:
 1171 0134 75696E74 		.ascii	"uint16\000"
 1171      313600
 1172              	.LASF35:
 1173 013b 474E5520 		.ascii	"GNU C 4.9.3 20150303 (release) [ARM/embedded-4_9-br"
 1173      4320342E 
 1173      392E3320 
 1173      32303135 
 1173      30333033 
 1174 016e 616E6368 		.ascii	"anch revision 221220] -mcpu=cortex-m3 -mthumb -g -O"
 1174      20726576 
 1174      6973696F 
 1174      6E203232 
 1174      31323230 
 1175 01a1 67202D66 		.ascii	"g -ffunction-sections -ffat-lto-objects\000"
 1175      66756E63 
 1175      74696F6E 
 1175      2D736563 
 1175      74696F6E 
 1176              	.LASF8:
 1177 01c9 756E7369 		.ascii	"unsigned int\000"
 1177      676E6564 
 1177      20696E74 
 1177      00
 1178              	.LASF7:
 1179 01d6 6C6F6E67 		.ascii	"long long unsigned int\000"
 1179      206C6F6E 
 1179      6720756E 
 1179      7369676E 
 1179      65642069 
 1180              	.LASF34:
 1181 01ed 54696D65 		.ascii	"Timer_2_ReadCounter\000"
 1181      725F325F 
 1181      52656164 
 1181      436F756E 
 1181      74657200 
 1182              	.LASF38:
 1183 0201 70657269 		.ascii	"period_temp\000"
 1183      6F645F74 
 1183      656D7000 
 1184              	.LASF33:
 1185 020d 54696D65 		.ascii	"Timer_2_Start\000"
 1185      725F325F 
 1185      53746172 
 1185      7400
 1186              	.LASF16:
 1187 021b 73697A65 		.ascii	"sizetype\000"
 1187      74797065 
 1187      00
 1188              	.LASF6:
 1189 0224 6C6F6E67 		.ascii	"long long int\000"
 1189      206C6F6E 
 1189      6720696E 
 1189      7400
 1190              	.LASF24:
 1191 0232 696E7465 		.ascii	"interruptMode\000"
 1191      72727570 
ARM GAS  C:\Users\Alex\AppData\Local\Temp\cc9MLGeA.s 			page 33


 1191      744D6F64 
 1191      6500
 1192              	.LASF20:
 1193 0240 54696D65 		.ascii	"Timer_2_ReadStatusRegister\000"
 1193      725F325F 
 1193      52656164 
 1193      53746174 
 1193      75735265 
 1194              	.LASF26:
 1195 025b 54696D65 		.ascii	"Timer_2_ReadPeriod\000"
 1195      725F325F 
 1195      52656164 
 1195      50657269 
 1195      6F6400
 1196              	.LASF2:
 1197 026e 73686F72 		.ascii	"short int\000"
 1197      7420696E 
 1197      7400
 1198              	.LASF36:
 1199 0278 2E5C4765 		.ascii	".\\Generated_Source\\PSoC5\\Timer_2.c\000"
 1199      6E657261 
 1199      7465645F 
 1199      536F7572 
 1199      63655C50 
 1200              	.LASF21:
 1201 029b 54696D65 		.ascii	"Timer_2_ReadControlRegister\000"
 1201      725F325F 
 1201      52656164 
 1201      436F6E74 
 1201      726F6C52 
 1202              	.LASF4:
 1203 02b7 6C6F6E67 		.ascii	"long int\000"
 1203      20696E74 
 1203      00
 1204              	.LASF13:
 1205 02c0 63686172 		.ascii	"char\000"
 1205      00
 1206              	.LASF0:
 1207 02c5 7369676E 		.ascii	"signed char\000"
 1207      65642063 
 1207      68617200 
 1208              	.LASF22:
 1209 02d1 54696D65 		.ascii	"Timer_2_SetInterruptMode\000"
 1209      725F325F 
 1209      53657449 
 1209      6E746572 
 1209      72757074 
 1210              	.LASF32:
 1211 02ea 54696D65 		.ascii	"Timer_2_Init\000"
 1211      725F325F 
 1211      496E6974 
 1211      00
 1212              		.ident	"GCC: (GNU Tools for ARM Embedded Processors) 4.9.3 20150303 (release) [ARM/embedded-4_9-br
