ARM GAS  C:\Users\Alex\AppData\Local\Temp\ccv2Xn5r.s 			page 1


   1              		.syntax unified
   2              		.cpu cortex-m3
   3              		.fpu softvfp
   4              		.eabi_attribute 20, 1
   5              		.eabi_attribute 21, 1
   6              		.eabi_attribute 23, 3
   7              		.eabi_attribute 24, 1
   8              		.eabi_attribute 25, 1
   9              		.eabi_attribute 26, 1
  10              		.eabi_attribute 30, 1
  11              		.eabi_attribute 34, 1
  12              		.eabi_attribute 18, 4
  13              		.thumb
  14              		.file	"USBUART_1_ep3_dma.c"
  15              		.text
  16              	.Ltext0:
  17              		.cfi_sections	.debug_frame
  18              		.section	.text.USBUART_1_ep3_DmaInitialize,"ax",%progbits
  19              		.align	2
  20              		.global	USBUART_1_ep3_DmaInitialize
  21              		.thumb
  22              		.thumb_func
  23              		.type	USBUART_1_ep3_DmaInitialize, %function
  24              	USBUART_1_ep3_DmaInitialize:
  25              	.LFB0:
  26              		.file 1 ".\\Generated_Source\\PSoC5\\USBUART_1_ep3_dma.c"
   1:.\Generated_Source\PSoC5/USBUART_1_ep3_dma.c **** /***************************************************************************
   2:.\Generated_Source\PSoC5/USBUART_1_ep3_dma.c **** * File Name: USBUART_1_ep3_dma.c  
   3:.\Generated_Source\PSoC5/USBUART_1_ep3_dma.c **** * Version 1.70
   4:.\Generated_Source\PSoC5/USBUART_1_ep3_dma.c **** *
   5:.\Generated_Source\PSoC5/USBUART_1_ep3_dma.c **** *  Description:
   6:.\Generated_Source\PSoC5/USBUART_1_ep3_dma.c **** *   Provides an API for the DMAC component. The API includes functions
   7:.\Generated_Source\PSoC5/USBUART_1_ep3_dma.c **** *   for the DMA controller, DMA channels and Transfer Descriptors.
   8:.\Generated_Source\PSoC5/USBUART_1_ep3_dma.c **** *
   9:.\Generated_Source\PSoC5/USBUART_1_ep3_dma.c **** *
  10:.\Generated_Source\PSoC5/USBUART_1_ep3_dma.c **** *   Note:
  11:.\Generated_Source\PSoC5/USBUART_1_ep3_dma.c **** *     This module requires the developer to finish or fill in the auto
  12:.\Generated_Source\PSoC5/USBUART_1_ep3_dma.c **** *     generated funcions and setup the dma channel and TD's.
  13:.\Generated_Source\PSoC5/USBUART_1_ep3_dma.c **** *
  14:.\Generated_Source\PSoC5/USBUART_1_ep3_dma.c **** ********************************************************************************
  15:.\Generated_Source\PSoC5/USBUART_1_ep3_dma.c **** * Copyright 2008-2010, Cypress Semiconductor Corporation.  All rights reserved.
  16:.\Generated_Source\PSoC5/USBUART_1_ep3_dma.c **** * You may use this file only in accordance with the license, terms, conditions, 
  17:.\Generated_Source\PSoC5/USBUART_1_ep3_dma.c **** * disclaimers, and limitations in the end user license agreement accompanying 
  18:.\Generated_Source\PSoC5/USBUART_1_ep3_dma.c **** * the software package with which this file was provided.
  19:.\Generated_Source\PSoC5/USBUART_1_ep3_dma.c **** ********************************************************************************/
  20:.\Generated_Source\PSoC5/USBUART_1_ep3_dma.c **** #include <CYLIB.H>
  21:.\Generated_Source\PSoC5/USBUART_1_ep3_dma.c **** #include <CYDMAC.H>
  22:.\Generated_Source\PSoC5/USBUART_1_ep3_dma.c **** #include <USBUART_1_ep3_dma.H>
  23:.\Generated_Source\PSoC5/USBUART_1_ep3_dma.c **** 
  24:.\Generated_Source\PSoC5/USBUART_1_ep3_dma.c **** 
  25:.\Generated_Source\PSoC5/USBUART_1_ep3_dma.c **** 
  26:.\Generated_Source\PSoC5/USBUART_1_ep3_dma.c **** /****************************************************************************
  27:.\Generated_Source\PSoC5/USBUART_1_ep3_dma.c **** * 
  28:.\Generated_Source\PSoC5/USBUART_1_ep3_dma.c **** * The following defines are available in Cyfitter.h
  29:.\Generated_Source\PSoC5/USBUART_1_ep3_dma.c **** * 
  30:.\Generated_Source\PSoC5/USBUART_1_ep3_dma.c **** * 
  31:.\Generated_Source\PSoC5/USBUART_1_ep3_dma.c **** * 
ARM GAS  C:\Users\Alex\AppData\Local\Temp\ccv2Xn5r.s 			page 2


  32:.\Generated_Source\PSoC5/USBUART_1_ep3_dma.c **** * USBUART_1_ep3__DRQ_CTL_REG
  33:.\Generated_Source\PSoC5/USBUART_1_ep3_dma.c **** * 
  34:.\Generated_Source\PSoC5/USBUART_1_ep3_dma.c **** * 
  35:.\Generated_Source\PSoC5/USBUART_1_ep3_dma.c **** * USBUART_1_ep3__DRQ_NUMBER
  36:.\Generated_Source\PSoC5/USBUART_1_ep3_dma.c **** * 
  37:.\Generated_Source\PSoC5/USBUART_1_ep3_dma.c **** * Number of TD's used by this channel.
  38:.\Generated_Source\PSoC5/USBUART_1_ep3_dma.c **** * USBUART_1_ep3__NUMBEROF_TDS
  39:.\Generated_Source\PSoC5/USBUART_1_ep3_dma.c **** * 
  40:.\Generated_Source\PSoC5/USBUART_1_ep3_dma.c **** * Priority of this channel.
  41:.\Generated_Source\PSoC5/USBUART_1_ep3_dma.c **** * USBUART_1_ep3__PRIORITY
  42:.\Generated_Source\PSoC5/USBUART_1_ep3_dma.c **** * 
  43:.\Generated_Source\PSoC5/USBUART_1_ep3_dma.c **** * True if USBUART_1_ep3_TERMIN_SEL is used.
  44:.\Generated_Source\PSoC5/USBUART_1_ep3_dma.c **** * USBUART_1_ep3__TERMIN_EN
  45:.\Generated_Source\PSoC5/USBUART_1_ep3_dma.c **** * 
  46:.\Generated_Source\PSoC5/USBUART_1_ep3_dma.c **** * TERMIN interrupt line to signal terminate.
  47:.\Generated_Source\PSoC5/USBUART_1_ep3_dma.c **** * USBUART_1_ep3__TERMIN_SEL
  48:.\Generated_Source\PSoC5/USBUART_1_ep3_dma.c **** * 
  49:.\Generated_Source\PSoC5/USBUART_1_ep3_dma.c **** * 
  50:.\Generated_Source\PSoC5/USBUART_1_ep3_dma.c **** * True if USBUART_1_ep3_TERMOUT0_SEL is used.
  51:.\Generated_Source\PSoC5/USBUART_1_ep3_dma.c **** * USBUART_1_ep3__TERMOUT0_EN
  52:.\Generated_Source\PSoC5/USBUART_1_ep3_dma.c **** * 
  53:.\Generated_Source\PSoC5/USBUART_1_ep3_dma.c **** * 
  54:.\Generated_Source\PSoC5/USBUART_1_ep3_dma.c **** * TERMOUT0 interrupt line to signal completion.
  55:.\Generated_Source\PSoC5/USBUART_1_ep3_dma.c **** * USBUART_1_ep3__TERMOUT0_SEL
  56:.\Generated_Source\PSoC5/USBUART_1_ep3_dma.c **** * 
  57:.\Generated_Source\PSoC5/USBUART_1_ep3_dma.c **** * 
  58:.\Generated_Source\PSoC5/USBUART_1_ep3_dma.c **** * True if USBUART_1_ep3_TERMOUT1_SEL is used.
  59:.\Generated_Source\PSoC5/USBUART_1_ep3_dma.c **** * USBUART_1_ep3__TERMOUT1_EN
  60:.\Generated_Source\PSoC5/USBUART_1_ep3_dma.c **** * 
  61:.\Generated_Source\PSoC5/USBUART_1_ep3_dma.c **** * 
  62:.\Generated_Source\PSoC5/USBUART_1_ep3_dma.c **** * TERMOUT1 interrupt line to signal completion.
  63:.\Generated_Source\PSoC5/USBUART_1_ep3_dma.c **** * USBUART_1_ep3__TERMOUT1_SEL
  64:.\Generated_Source\PSoC5/USBUART_1_ep3_dma.c **** * 
  65:.\Generated_Source\PSoC5/USBUART_1_ep3_dma.c **** ****************************************************************************/
  66:.\Generated_Source\PSoC5/USBUART_1_ep3_dma.c **** 
  67:.\Generated_Source\PSoC5/USBUART_1_ep3_dma.c **** 
  68:.\Generated_Source\PSoC5/USBUART_1_ep3_dma.c **** /* Zero based index of USBUART_1_ep3 dma channel */
  69:.\Generated_Source\PSoC5/USBUART_1_ep3_dma.c **** uint8 USBUART_1_ep3_DmaHandle = DMA_INVALID_CHANNEL;
  70:.\Generated_Source\PSoC5/USBUART_1_ep3_dma.c **** 
  71:.\Generated_Source\PSoC5/USBUART_1_ep3_dma.c **** /*********************************************************************
  72:.\Generated_Source\PSoC5/USBUART_1_ep3_dma.c **** * Function Name: uint8 USBUART_1_ep3_DmaInitalize
  73:.\Generated_Source\PSoC5/USBUART_1_ep3_dma.c **** **********************************************************************
  74:.\Generated_Source\PSoC5/USBUART_1_ep3_dma.c **** * Summary:
  75:.\Generated_Source\PSoC5/USBUART_1_ep3_dma.c **** *   Allocates and initialises a channel of the DMAC to be used by the
  76:.\Generated_Source\PSoC5/USBUART_1_ep3_dma.c **** *   caller.
  77:.\Generated_Source\PSoC5/USBUART_1_ep3_dma.c **** *
  78:.\Generated_Source\PSoC5/USBUART_1_ep3_dma.c **** * Parameters:
  79:.\Generated_Source\PSoC5/USBUART_1_ep3_dma.c **** *   BurstCount.
  80:.\Generated_Source\PSoC5/USBUART_1_ep3_dma.c **** *       
  81:.\Generated_Source\PSoC5/USBUART_1_ep3_dma.c **** *       
  82:.\Generated_Source\PSoC5/USBUART_1_ep3_dma.c **** *   ReqestPerBurst.
  83:.\Generated_Source\PSoC5/USBUART_1_ep3_dma.c **** *       
  84:.\Generated_Source\PSoC5/USBUART_1_ep3_dma.c **** *       
  85:.\Generated_Source\PSoC5/USBUART_1_ep3_dma.c **** *   UpperSrcAddress.
  86:.\Generated_Source\PSoC5/USBUART_1_ep3_dma.c **** *       
  87:.\Generated_Source\PSoC5/USBUART_1_ep3_dma.c **** *       
  88:.\Generated_Source\PSoC5/USBUART_1_ep3_dma.c **** *   UpperDestAddress.
ARM GAS  C:\Users\Alex\AppData\Local\Temp\ccv2Xn5r.s 			page 3


  89:.\Generated_Source\PSoC5/USBUART_1_ep3_dma.c **** *       
  90:.\Generated_Source\PSoC5/USBUART_1_ep3_dma.c **** *
  91:.\Generated_Source\PSoC5/USBUART_1_ep3_dma.c **** * Return:
  92:.\Generated_Source\PSoC5/USBUART_1_ep3_dma.c **** *   The channel that can be used by the caller for DMA activity.
  93:.\Generated_Source\PSoC5/USBUART_1_ep3_dma.c **** *   DMA_INVALID_CHANNEL (0xFF) if there are no channels left. 
  94:.\Generated_Source\PSoC5/USBUART_1_ep3_dma.c **** *
  95:.\Generated_Source\PSoC5/USBUART_1_ep3_dma.c **** *
  96:.\Generated_Source\PSoC5/USBUART_1_ep3_dma.c **** *******************************************************************/
  97:.\Generated_Source\PSoC5/USBUART_1_ep3_dma.c **** uint8 USBUART_1_ep3_DmaInitialize(uint8 BurstCount, uint8 ReqestPerBurst, uint16 UpperSrcAddress, u
  98:.\Generated_Source\PSoC5/USBUART_1_ep3_dma.c **** {
  27              		.loc 1 98 0
  28              		.cfi_startproc
  29              		@ args = 0, pretend = 0, frame = 0
  30              		@ frame_needed = 0, uses_anonymous_args = 0
  31              	.LVL0:
  32 0000 F0B5     		push	{r4, r5, r6, r7, lr}
  33              		.cfi_def_cfa_offset 20
  34              		.cfi_offset 4, -20
  35              		.cfi_offset 5, -16
  36              		.cfi_offset 6, -12
  37              		.cfi_offset 7, -8
  38              		.cfi_offset 14, -4
  39 0002 83B0     		sub	sp, sp, #12
  40              		.cfi_def_cfa_offset 32
  41 0004 8446     		mov	ip, r0
  42 0006 8E46     		mov	lr, r1
  43 0008 1746     		mov	r7, r2
  44 000a 1E46     		mov	r6, r3
  99:.\Generated_Source\PSoC5/USBUART_1_ep3_dma.c **** 
 100:.\Generated_Source\PSoC5/USBUART_1_ep3_dma.c ****     /* Allocate a DMA channel. */
 101:.\Generated_Source\PSoC5/USBUART_1_ep3_dma.c ****     USBUART_1_ep3_DmaHandle = (uint8)USBUART_1_ep3__DRQ_NUMBER;
  45              		.loc 1 101 0
  46 000c 0B4C     		ldr	r4, .L3
  47 000e 0225     		movs	r5, #2
  48 0010 2570     		strb	r5, [r4]
 102:.\Generated_Source\PSoC5/USBUART_1_ep3_dma.c **** 
 103:.\Generated_Source\PSoC5/USBUART_1_ep3_dma.c ****     /* Configure the channel. */
 104:.\Generated_Source\PSoC5/USBUART_1_ep3_dma.c ****     (void)CyDmaChSetConfiguration(USBUART_1_ep3_DmaHandle,
  49              		.loc 1 104 0
  50 0012 0023     		movs	r3, #0
  51              	.LVL1:
  52 0014 0093     		str	r3, [sp]
  53 0016 0193     		str	r3, [sp, #4]
  54 0018 2846     		mov	r0, r5
  55              	.LVL2:
  56 001a 6146     		mov	r1, ip
  57              	.LVL3:
  58 001c 7246     		mov	r2, lr
  59              	.LVL4:
  60 001e FFF7FEFF 		bl	CyDmaChSetConfiguration
  61              	.LVL5:
 105:.\Generated_Source\PSoC5/USBUART_1_ep3_dma.c ****                                   BurstCount,
 106:.\Generated_Source\PSoC5/USBUART_1_ep3_dma.c ****                                   ReqestPerBurst,
 107:.\Generated_Source\PSoC5/USBUART_1_ep3_dma.c ****                                   (uint8)USBUART_1_ep3__TERMOUT0_SEL,
 108:.\Generated_Source\PSoC5/USBUART_1_ep3_dma.c ****                                   (uint8)USBUART_1_ep3__TERMOUT1_SEL,
 109:.\Generated_Source\PSoC5/USBUART_1_ep3_dma.c ****                                   (uint8)USBUART_1_ep3__TERMIN_SEL);
 110:.\Generated_Source\PSoC5/USBUART_1_ep3_dma.c **** 
ARM GAS  C:\Users\Alex\AppData\Local\Temp\ccv2Xn5r.s 			page 4


 111:.\Generated_Source\PSoC5/USBUART_1_ep3_dma.c ****     /* Set the extended address for the transfers */
 112:.\Generated_Source\PSoC5/USBUART_1_ep3_dma.c ****     (void)CyDmaChSetExtendedAddress(USBUART_1_ep3_DmaHandle, UpperSrcAddress, UpperDestAddress);
  62              		.loc 1 112 0
  63 0022 2078     		ldrb	r0, [r4]	@ zero_extendqisi2
  64 0024 3946     		mov	r1, r7
  65 0026 3246     		mov	r2, r6
  66 0028 FFF7FEFF 		bl	CyDmaChSetExtendedAddress
  67              	.LVL6:
 113:.\Generated_Source\PSoC5/USBUART_1_ep3_dma.c **** 
 114:.\Generated_Source\PSoC5/USBUART_1_ep3_dma.c ****     /* Set the priority for this channel */
 115:.\Generated_Source\PSoC5/USBUART_1_ep3_dma.c ****     (void)CyDmaChPriority(USBUART_1_ep3_DmaHandle, (uint8)USBUART_1_ep3__PRIORITY);
  68              		.loc 1 115 0
  69 002c 2078     		ldrb	r0, [r4]	@ zero_extendqisi2
  70 002e 2946     		mov	r1, r5
  71 0030 FFF7FEFF 		bl	CyDmaChPriority
  72              	.LVL7:
 116:.\Generated_Source\PSoC5/USBUART_1_ep3_dma.c ****     
 117:.\Generated_Source\PSoC5/USBUART_1_ep3_dma.c ****     return USBUART_1_ep3_DmaHandle;
 118:.\Generated_Source\PSoC5/USBUART_1_ep3_dma.c **** }
  73              		.loc 1 118 0
  74 0034 2078     		ldrb	r0, [r4]	@ zero_extendqisi2
  75 0036 03B0     		add	sp, sp, #12
  76              		.cfi_def_cfa_offset 20
  77              		@ sp needed
  78 0038 F0BD     		pop	{r4, r5, r6, r7, pc}
  79              	.L4:
  80 003a 00BF     		.align	2
  81              	.L3:
  82 003c 00000000 		.word	.LANCHOR0
  83              		.cfi_endproc
  84              	.LFE0:
  85              		.size	USBUART_1_ep3_DmaInitialize, .-USBUART_1_ep3_DmaInitialize
  86              		.section	.text.USBUART_1_ep3_DmaRelease,"ax",%progbits
  87              		.align	2
  88              		.global	USBUART_1_ep3_DmaRelease
  89              		.thumb
  90              		.thumb_func
  91              		.type	USBUART_1_ep3_DmaRelease, %function
  92              	USBUART_1_ep3_DmaRelease:
  93              	.LFB1:
 119:.\Generated_Source\PSoC5/USBUART_1_ep3_dma.c **** 
 120:.\Generated_Source\PSoC5/USBUART_1_ep3_dma.c **** /*********************************************************************
 121:.\Generated_Source\PSoC5/USBUART_1_ep3_dma.c **** * Function Name: void USBUART_1_ep3_DmaRelease
 122:.\Generated_Source\PSoC5/USBUART_1_ep3_dma.c **** **********************************************************************
 123:.\Generated_Source\PSoC5/USBUART_1_ep3_dma.c **** * Summary:
 124:.\Generated_Source\PSoC5/USBUART_1_ep3_dma.c **** *   Frees the channel associated with USBUART_1_ep3.
 125:.\Generated_Source\PSoC5/USBUART_1_ep3_dma.c **** *
 126:.\Generated_Source\PSoC5/USBUART_1_ep3_dma.c **** *
 127:.\Generated_Source\PSoC5/USBUART_1_ep3_dma.c **** * Parameters:
 128:.\Generated_Source\PSoC5/USBUART_1_ep3_dma.c **** *   void.
 129:.\Generated_Source\PSoC5/USBUART_1_ep3_dma.c **** *
 130:.\Generated_Source\PSoC5/USBUART_1_ep3_dma.c **** *
 131:.\Generated_Source\PSoC5/USBUART_1_ep3_dma.c **** *
 132:.\Generated_Source\PSoC5/USBUART_1_ep3_dma.c **** * Return:
 133:.\Generated_Source\PSoC5/USBUART_1_ep3_dma.c **** *   void.
 134:.\Generated_Source\PSoC5/USBUART_1_ep3_dma.c **** *
 135:.\Generated_Source\PSoC5/USBUART_1_ep3_dma.c **** *******************************************************************/
ARM GAS  C:\Users\Alex\AppData\Local\Temp\ccv2Xn5r.s 			page 5


 136:.\Generated_Source\PSoC5/USBUART_1_ep3_dma.c **** void USBUART_1_ep3_DmaRelease(void) 
 137:.\Generated_Source\PSoC5/USBUART_1_ep3_dma.c **** {
  94              		.loc 1 137 0
  95              		.cfi_startproc
  96              		@ args = 0, pretend = 0, frame = 0
  97              		@ frame_needed = 0, uses_anonymous_args = 0
  98 0000 08B5     		push	{r3, lr}
  99              		.cfi_def_cfa_offset 8
 100              		.cfi_offset 3, -8
 101              		.cfi_offset 14, -4
 138:.\Generated_Source\PSoC5/USBUART_1_ep3_dma.c ****     /* Disable the channel */
 139:.\Generated_Source\PSoC5/USBUART_1_ep3_dma.c ****     (void)CyDmaChDisable(USBUART_1_ep3_DmaHandle);
 102              		.loc 1 139 0
 103 0002 024B     		ldr	r3, .L7
 104 0004 1878     		ldrb	r0, [r3]	@ zero_extendqisi2
 105 0006 FFF7FEFF 		bl	CyDmaChDisable
 106              	.LVL8:
 107 000a 08BD     		pop	{r3, pc}
 108              	.L8:
 109              		.align	2
 110              	.L7:
 111 000c 00000000 		.word	.LANCHOR0
 112              		.cfi_endproc
 113              	.LFE1:
 114              		.size	USBUART_1_ep3_DmaRelease, .-USBUART_1_ep3_DmaRelease
 115              		.global	USBUART_1_ep3_DmaHandle
 116              		.data
 117              		.set	.LANCHOR0,. + 0
 118              		.type	USBUART_1_ep3_DmaHandle, %object
 119              		.size	USBUART_1_ep3_DmaHandle, 1
 120              	USBUART_1_ep3_DmaHandle:
 121 0000 FF       		.byte	-1
 122              		.text
 123              	.Letext0:
 124              		.file 2 "Generated_Source\\PSoC5/cytypes.h"
 125              		.file 3 "Generated_Source\\PSoC5/CYDMAC.H"
 126              		.section	.debug_info,"",%progbits
 127              	.Ldebug_info0:
 128 0000 F3010000 		.4byte	0x1f3
 129 0004 0400     		.2byte	0x4
 130 0006 00000000 		.4byte	.Ldebug_abbrev0
 131 000a 04       		.byte	0x4
 132 000b 01       		.uleb128 0x1
 133 000c F2000000 		.4byte	.LASF23
 134 0010 01       		.byte	0x1
 135 0011 BD010000 		.4byte	.LASF24
 136 0015 35000000 		.4byte	.LASF25
 137 0019 00000000 		.4byte	.Ldebug_ranges0+0
 138 001d 00000000 		.4byte	0
 139 0021 00000000 		.4byte	.Ldebug_line0
 140 0025 02       		.uleb128 0x2
 141 0026 04       		.byte	0x4
 142 0027 05       		.byte	0x5
 143 0028 696E7400 		.ascii	"int\000"
 144 002c 03       		.uleb128 0x3
 145 002d 04       		.byte	0x4
 146 002e 07       		.byte	0x7
ARM GAS  C:\Users\Alex\AppData\Local\Temp\ccv2Xn5r.s 			page 6


 147 002f 80010000 		.4byte	.LASF0
 148 0033 03       		.uleb128 0x3
 149 0034 01       		.byte	0x1
 150 0035 06       		.byte	0x6
 151 0036 44020000 		.4byte	.LASF1
 152 003a 03       		.uleb128 0x3
 153 003b 01       		.byte	0x1
 154 003c 08       		.byte	0x8
 155 003d 9B000000 		.4byte	.LASF2
 156 0041 03       		.uleb128 0x3
 157 0042 02       		.byte	0x2
 158 0043 05       		.byte	0x5
 159 0044 31020000 		.4byte	.LASF3
 160 0048 03       		.uleb128 0x3
 161 0049 02       		.byte	0x2
 162 004a 07       		.byte	0x7
 163 004b 82000000 		.4byte	.LASF4
 164 004f 03       		.uleb128 0x3
 165 0050 04       		.byte	0x4
 166 0051 05       		.byte	0x5
 167 0052 3B020000 		.4byte	.LASF5
 168 0056 03       		.uleb128 0x3
 169 0057 04       		.byte	0x4
 170 0058 07       		.byte	0x7
 171 0059 B4000000 		.4byte	.LASF6
 172 005d 03       		.uleb128 0x3
 173 005e 08       		.byte	0x8
 174 005f 05       		.byte	0x5
 175 0060 04020000 		.4byte	.LASF7
 176 0064 03       		.uleb128 0x3
 177 0065 08       		.byte	0x8
 178 0066 07       		.byte	0x7
 179 0067 8D010000 		.4byte	.LASF8
 180 006b 03       		.uleb128 0x3
 181 006c 04       		.byte	0x4
 182 006d 07       		.byte	0x7
 183 006e FB010000 		.4byte	.LASF9
 184 0072 03       		.uleb128 0x3
 185 0073 01       		.byte	0x1
 186 0074 08       		.byte	0x8
 187 0075 2C020000 		.4byte	.LASF10
 188 0079 04       		.uleb128 0x4
 189 007a C6000000 		.4byte	.LASF11
 190 007e 02       		.byte	0x2
 191 007f C2       		.byte	0xc2
 192 0080 3A000000 		.4byte	0x3a
 193 0084 04       		.uleb128 0x4
 194 0085 EB000000 		.4byte	.LASF12
 195 0089 02       		.byte	0x2
 196 008a C3       		.byte	0xc3
 197 008b 48000000 		.4byte	0x48
 198 008f 03       		.uleb128 0x3
 199 0090 04       		.byte	0x4
 200 0091 04       		.byte	0x4
 201 0092 95000000 		.4byte	.LASF13
 202 0096 03       		.uleb128 0x3
 203 0097 08       		.byte	0x8
ARM GAS  C:\Users\Alex\AppData\Local\Temp\ccv2Xn5r.s 			page 7


 204 0098 04       		.byte	0x4
 205 0099 E4000000 		.4byte	.LASF14
 206 009d 05       		.uleb128 0x5
 207 009e 00000000 		.4byte	.LASF15
 208 00a2 02       		.byte	0x2
 209 00a3 6401     		.2byte	0x164
 210 00a5 56000000 		.4byte	0x56
 211 00a9 06       		.uleb128 0x6
 212 00aa 09000000 		.4byte	.LASF26
 213 00ae 01       		.byte	0x1
 214 00af 61       		.byte	0x61
 215 00b0 79000000 		.4byte	0x79
 216 00b4 00000000 		.4byte	.LFB0
 217 00b8 40000000 		.4byte	.LFE0-.LFB0
 218 00bc 01       		.uleb128 0x1
 219 00bd 9C       		.byte	0x9c
 220 00be 4E010000 		.4byte	0x14e
 221 00c2 07       		.uleb128 0x7
 222 00c3 A9000000 		.4byte	.LASF16
 223 00c7 01       		.byte	0x1
 224 00c8 61       		.byte	0x61
 225 00c9 79000000 		.4byte	0x79
 226 00cd 00000000 		.4byte	.LLST0
 227 00d1 07       		.uleb128 0x7
 228 00d2 73000000 		.4byte	.LASF17
 229 00d6 01       		.byte	0x1
 230 00d7 61       		.byte	0x61
 231 00d8 79000000 		.4byte	0x79
 232 00dc 21000000 		.4byte	.LLST1
 233 00e0 07       		.uleb128 0x7
 234 00e1 25000000 		.4byte	.LASF18
 235 00e5 01       		.byte	0x1
 236 00e6 61       		.byte	0x61
 237 00e7 84000000 		.4byte	0x84
 238 00eb 42000000 		.4byte	.LLST2
 239 00ef 07       		.uleb128 0x7
 240 00f0 EA010000 		.4byte	.LASF19
 241 00f4 01       		.byte	0x1
 242 00f5 61       		.byte	0x61
 243 00f6 84000000 		.4byte	0x84
 244 00fa 63000000 		.4byte	.LLST3
 245 00fe 08       		.uleb128 0x8
 246 00ff 22000000 		.4byte	.LVL5
 247 0103 7E010000 		.4byte	0x17e
 248 0107 23010000 		.4byte	0x123
 249 010b 09       		.uleb128 0x9
 250 010c 01       		.uleb128 0x1
 251 010d 53       		.byte	0x53
 252 010e 01       		.uleb128 0x1
 253 010f 30       		.byte	0x30
 254 0110 09       		.uleb128 0x9
 255 0111 01       		.uleb128 0x1
 256 0112 50       		.byte	0x50
 257 0113 02       		.uleb128 0x2
 258 0114 75       		.byte	0x75
 259 0115 00       		.sleb128 0
 260 0116 09       		.uleb128 0x9
ARM GAS  C:\Users\Alex\AppData\Local\Temp\ccv2Xn5r.s 			page 8


 261 0117 02       		.uleb128 0x2
 262 0118 7D       		.byte	0x7d
 263 0119 04       		.sleb128 4
 264 011a 01       		.uleb128 0x1
 265 011b 30       		.byte	0x30
 266 011c 09       		.uleb128 0x9
 267 011d 02       		.uleb128 0x2
 268 011e 7D       		.byte	0x7d
 269 011f 00       		.sleb128 0
 270 0120 01       		.uleb128 0x1
 271 0121 30       		.byte	0x30
 272 0122 00       		.byte	0
 273 0123 08       		.uleb128 0x8
 274 0124 2C000000 		.4byte	.LVL6
 275 0128 AC010000 		.4byte	0x1ac
 276 012c 3D010000 		.4byte	0x13d
 277 0130 09       		.uleb128 0x9
 278 0131 01       		.uleb128 0x1
 279 0132 52       		.byte	0x52
 280 0133 02       		.uleb128 0x2
 281 0134 76       		.byte	0x76
 282 0135 00       		.sleb128 0
 283 0136 09       		.uleb128 0x9
 284 0137 01       		.uleb128 0x1
 285 0138 51       		.byte	0x51
 286 0139 02       		.uleb128 0x2
 287 013a 77       		.byte	0x77
 288 013b 00       		.sleb128 0
 289 013c 00       		.byte	0
 290 013d 0A       		.uleb128 0xa
 291 013e 34000000 		.4byte	.LVL7
 292 0142 CB010000 		.4byte	0x1cb
 293 0146 09       		.uleb128 0x9
 294 0147 01       		.uleb128 0x1
 295 0148 51       		.byte	0x51
 296 0149 02       		.uleb128 0x2
 297 014a 75       		.byte	0x75
 298 014b 00       		.sleb128 0
 299 014c 00       		.byte	0
 300 014d 00       		.byte	0
 301 014e 0B       		.uleb128 0xb
 302 014f A4010000 		.4byte	.LASF27
 303 0153 01       		.byte	0x1
 304 0154 88       		.byte	0x88
 305 0155 00000000 		.4byte	.LFB1
 306 0159 10000000 		.4byte	.LFE1-.LFB1
 307 015d 01       		.uleb128 0x1
 308 015e 9C       		.byte	0x9c
 309 015f 6D010000 		.4byte	0x16d
 310 0163 0C       		.uleb128 0xc
 311 0164 0A000000 		.4byte	.LVL8
 312 0168 E5010000 		.4byte	0x1e5
 313 016c 00       		.byte	0
 314 016d 0D       		.uleb128 0xd
 315 016e CC000000 		.4byte	.LASF28
 316 0172 01       		.byte	0x1
 317 0173 45       		.byte	0x45
ARM GAS  C:\Users\Alex\AppData\Local\Temp\ccv2Xn5r.s 			page 9


 318 0174 79000000 		.4byte	0x79
 319 0178 05       		.uleb128 0x5
 320 0179 03       		.byte	0x3
 321 017a 00000000 		.4byte	USBUART_1_ep3_DmaHandle
 322 017e 0E       		.uleb128 0xe
 323 017f 5F020000 		.4byte	.LASF20
 324 0183 03       		.byte	0x3
 325 0184 34       		.byte	0x34
 326 0185 9D000000 		.4byte	0x9d
 327 0189 AC010000 		.4byte	0x1ac
 328 018d 0F       		.uleb128 0xf
 329 018e 79000000 		.4byte	0x79
 330 0192 0F       		.uleb128 0xf
 331 0193 79000000 		.4byte	0x79
 332 0197 0F       		.uleb128 0xf
 333 0198 79000000 		.4byte	0x79
 334 019c 0F       		.uleb128 0xf
 335 019d 79000000 		.4byte	0x79
 336 01a1 0F       		.uleb128 0xf
 337 01a2 79000000 		.4byte	0x79
 338 01a6 0F       		.uleb128 0xf
 339 01a7 79000000 		.4byte	0x79
 340 01ab 00       		.byte	0
 341 01ac 0E       		.uleb128 0xe
 342 01ad 12020000 		.4byte	.LASF21
 343 01b1 03       		.byte	0x3
 344 01b2 2E       		.byte	0x2e
 345 01b3 9D000000 		.4byte	0x9d
 346 01b7 CB010000 		.4byte	0x1cb
 347 01bb 0F       		.uleb128 0xf
 348 01bc 79000000 		.4byte	0x79
 349 01c0 0F       		.uleb128 0xf
 350 01c1 84000000 		.4byte	0x84
 351 01c5 0F       		.uleb128 0xf
 352 01c6 84000000 		.4byte	0x84
 353 01ca 00       		.byte	0
 354 01cb 0E       		.uleb128 0xe
 355 01cc 63000000 		.4byte	.LASF22
 356 01d0 03       		.byte	0x3
 357 01d1 2D       		.byte	0x2d
 358 01d2 9D000000 		.4byte	0x9d
 359 01d6 E5010000 		.4byte	0x1e5
 360 01da 0F       		.uleb128 0xf
 361 01db 79000000 		.4byte	0x79
 362 01df 0F       		.uleb128 0xf
 363 01e0 79000000 		.4byte	0x79
 364 01e4 00       		.byte	0
 365 01e5 10       		.uleb128 0x10
 366 01e6 50020000 		.4byte	.LASF29
 367 01ea 03       		.byte	0x3
 368 01eb 2B       		.byte	0x2b
 369 01ec 9D000000 		.4byte	0x9d
 370 01f0 0F       		.uleb128 0xf
 371 01f1 79000000 		.4byte	0x79
 372 01f5 00       		.byte	0
 373 01f6 00       		.byte	0
 374              		.section	.debug_abbrev,"",%progbits
ARM GAS  C:\Users\Alex\AppData\Local\Temp\ccv2Xn5r.s 			page 10


 375              	.Ldebug_abbrev0:
 376 0000 01       		.uleb128 0x1
 377 0001 11       		.uleb128 0x11
 378 0002 01       		.byte	0x1
 379 0003 25       		.uleb128 0x25
 380 0004 0E       		.uleb128 0xe
 381 0005 13       		.uleb128 0x13
 382 0006 0B       		.uleb128 0xb
 383 0007 03       		.uleb128 0x3
 384 0008 0E       		.uleb128 0xe
 385 0009 1B       		.uleb128 0x1b
 386 000a 0E       		.uleb128 0xe
 387 000b 55       		.uleb128 0x55
 388 000c 17       		.uleb128 0x17
 389 000d 11       		.uleb128 0x11
 390 000e 01       		.uleb128 0x1
 391 000f 10       		.uleb128 0x10
 392 0010 17       		.uleb128 0x17
 393 0011 00       		.byte	0
 394 0012 00       		.byte	0
 395 0013 02       		.uleb128 0x2
 396 0014 24       		.uleb128 0x24
 397 0015 00       		.byte	0
 398 0016 0B       		.uleb128 0xb
 399 0017 0B       		.uleb128 0xb
 400 0018 3E       		.uleb128 0x3e
 401 0019 0B       		.uleb128 0xb
 402 001a 03       		.uleb128 0x3
 403 001b 08       		.uleb128 0x8
 404 001c 00       		.byte	0
 405 001d 00       		.byte	0
 406 001e 03       		.uleb128 0x3
 407 001f 24       		.uleb128 0x24
 408 0020 00       		.byte	0
 409 0021 0B       		.uleb128 0xb
 410 0022 0B       		.uleb128 0xb
 411 0023 3E       		.uleb128 0x3e
 412 0024 0B       		.uleb128 0xb
 413 0025 03       		.uleb128 0x3
 414 0026 0E       		.uleb128 0xe
 415 0027 00       		.byte	0
 416 0028 00       		.byte	0
 417 0029 04       		.uleb128 0x4
 418 002a 16       		.uleb128 0x16
 419 002b 00       		.byte	0
 420 002c 03       		.uleb128 0x3
 421 002d 0E       		.uleb128 0xe
 422 002e 3A       		.uleb128 0x3a
 423 002f 0B       		.uleb128 0xb
 424 0030 3B       		.uleb128 0x3b
 425 0031 0B       		.uleb128 0xb
 426 0032 49       		.uleb128 0x49
 427 0033 13       		.uleb128 0x13
 428 0034 00       		.byte	0
 429 0035 00       		.byte	0
 430 0036 05       		.uleb128 0x5
 431 0037 16       		.uleb128 0x16
ARM GAS  C:\Users\Alex\AppData\Local\Temp\ccv2Xn5r.s 			page 11


 432 0038 00       		.byte	0
 433 0039 03       		.uleb128 0x3
 434 003a 0E       		.uleb128 0xe
 435 003b 3A       		.uleb128 0x3a
 436 003c 0B       		.uleb128 0xb
 437 003d 3B       		.uleb128 0x3b
 438 003e 05       		.uleb128 0x5
 439 003f 49       		.uleb128 0x49
 440 0040 13       		.uleb128 0x13
 441 0041 00       		.byte	0
 442 0042 00       		.byte	0
 443 0043 06       		.uleb128 0x6
 444 0044 2E       		.uleb128 0x2e
 445 0045 01       		.byte	0x1
 446 0046 3F       		.uleb128 0x3f
 447 0047 19       		.uleb128 0x19
 448 0048 03       		.uleb128 0x3
 449 0049 0E       		.uleb128 0xe
 450 004a 3A       		.uleb128 0x3a
 451 004b 0B       		.uleb128 0xb
 452 004c 3B       		.uleb128 0x3b
 453 004d 0B       		.uleb128 0xb
 454 004e 27       		.uleb128 0x27
 455 004f 19       		.uleb128 0x19
 456 0050 49       		.uleb128 0x49
 457 0051 13       		.uleb128 0x13
 458 0052 11       		.uleb128 0x11
 459 0053 01       		.uleb128 0x1
 460 0054 12       		.uleb128 0x12
 461 0055 06       		.uleb128 0x6
 462 0056 40       		.uleb128 0x40
 463 0057 18       		.uleb128 0x18
 464 0058 9742     		.uleb128 0x2117
 465 005a 19       		.uleb128 0x19
 466 005b 01       		.uleb128 0x1
 467 005c 13       		.uleb128 0x13
 468 005d 00       		.byte	0
 469 005e 00       		.byte	0
 470 005f 07       		.uleb128 0x7
 471 0060 05       		.uleb128 0x5
 472 0061 00       		.byte	0
 473 0062 03       		.uleb128 0x3
 474 0063 0E       		.uleb128 0xe
 475 0064 3A       		.uleb128 0x3a
 476 0065 0B       		.uleb128 0xb
 477 0066 3B       		.uleb128 0x3b
 478 0067 0B       		.uleb128 0xb
 479 0068 49       		.uleb128 0x49
 480 0069 13       		.uleb128 0x13
 481 006a 02       		.uleb128 0x2
 482 006b 17       		.uleb128 0x17
 483 006c 00       		.byte	0
 484 006d 00       		.byte	0
 485 006e 08       		.uleb128 0x8
 486 006f 898201   		.uleb128 0x4109
 487 0072 01       		.byte	0x1
 488 0073 11       		.uleb128 0x11
ARM GAS  C:\Users\Alex\AppData\Local\Temp\ccv2Xn5r.s 			page 12


 489 0074 01       		.uleb128 0x1
 490 0075 31       		.uleb128 0x31
 491 0076 13       		.uleb128 0x13
 492 0077 01       		.uleb128 0x1
 493 0078 13       		.uleb128 0x13
 494 0079 00       		.byte	0
 495 007a 00       		.byte	0
 496 007b 09       		.uleb128 0x9
 497 007c 8A8201   		.uleb128 0x410a
 498 007f 00       		.byte	0
 499 0080 02       		.uleb128 0x2
 500 0081 18       		.uleb128 0x18
 501 0082 9142     		.uleb128 0x2111
 502 0084 18       		.uleb128 0x18
 503 0085 00       		.byte	0
 504 0086 00       		.byte	0
 505 0087 0A       		.uleb128 0xa
 506 0088 898201   		.uleb128 0x4109
 507 008b 01       		.byte	0x1
 508 008c 11       		.uleb128 0x11
 509 008d 01       		.uleb128 0x1
 510 008e 31       		.uleb128 0x31
 511 008f 13       		.uleb128 0x13
 512 0090 00       		.byte	0
 513 0091 00       		.byte	0
 514 0092 0B       		.uleb128 0xb
 515 0093 2E       		.uleb128 0x2e
 516 0094 01       		.byte	0x1
 517 0095 3F       		.uleb128 0x3f
 518 0096 19       		.uleb128 0x19
 519 0097 03       		.uleb128 0x3
 520 0098 0E       		.uleb128 0xe
 521 0099 3A       		.uleb128 0x3a
 522 009a 0B       		.uleb128 0xb
 523 009b 3B       		.uleb128 0x3b
 524 009c 0B       		.uleb128 0xb
 525 009d 27       		.uleb128 0x27
 526 009e 19       		.uleb128 0x19
 527 009f 11       		.uleb128 0x11
 528 00a0 01       		.uleb128 0x1
 529 00a1 12       		.uleb128 0x12
 530 00a2 06       		.uleb128 0x6
 531 00a3 40       		.uleb128 0x40
 532 00a4 18       		.uleb128 0x18
 533 00a5 9742     		.uleb128 0x2117
 534 00a7 19       		.uleb128 0x19
 535 00a8 01       		.uleb128 0x1
 536 00a9 13       		.uleb128 0x13
 537 00aa 00       		.byte	0
 538 00ab 00       		.byte	0
 539 00ac 0C       		.uleb128 0xc
 540 00ad 898201   		.uleb128 0x4109
 541 00b0 00       		.byte	0
 542 00b1 11       		.uleb128 0x11
 543 00b2 01       		.uleb128 0x1
 544 00b3 31       		.uleb128 0x31
 545 00b4 13       		.uleb128 0x13
ARM GAS  C:\Users\Alex\AppData\Local\Temp\ccv2Xn5r.s 			page 13


 546 00b5 00       		.byte	0
 547 00b6 00       		.byte	0
 548 00b7 0D       		.uleb128 0xd
 549 00b8 34       		.uleb128 0x34
 550 00b9 00       		.byte	0
 551 00ba 03       		.uleb128 0x3
 552 00bb 0E       		.uleb128 0xe
 553 00bc 3A       		.uleb128 0x3a
 554 00bd 0B       		.uleb128 0xb
 555 00be 3B       		.uleb128 0x3b
 556 00bf 0B       		.uleb128 0xb
 557 00c0 49       		.uleb128 0x49
 558 00c1 13       		.uleb128 0x13
 559 00c2 3F       		.uleb128 0x3f
 560 00c3 19       		.uleb128 0x19
 561 00c4 02       		.uleb128 0x2
 562 00c5 18       		.uleb128 0x18
 563 00c6 00       		.byte	0
 564 00c7 00       		.byte	0
 565 00c8 0E       		.uleb128 0xe
 566 00c9 2E       		.uleb128 0x2e
 567 00ca 01       		.byte	0x1
 568 00cb 3F       		.uleb128 0x3f
 569 00cc 19       		.uleb128 0x19
 570 00cd 03       		.uleb128 0x3
 571 00ce 0E       		.uleb128 0xe
 572 00cf 3A       		.uleb128 0x3a
 573 00d0 0B       		.uleb128 0xb
 574 00d1 3B       		.uleb128 0x3b
 575 00d2 0B       		.uleb128 0xb
 576 00d3 27       		.uleb128 0x27
 577 00d4 19       		.uleb128 0x19
 578 00d5 49       		.uleb128 0x49
 579 00d6 13       		.uleb128 0x13
 580 00d7 3C       		.uleb128 0x3c
 581 00d8 19       		.uleb128 0x19
 582 00d9 01       		.uleb128 0x1
 583 00da 13       		.uleb128 0x13
 584 00db 00       		.byte	0
 585 00dc 00       		.byte	0
 586 00dd 0F       		.uleb128 0xf
 587 00de 05       		.uleb128 0x5
 588 00df 00       		.byte	0
 589 00e0 49       		.uleb128 0x49
 590 00e1 13       		.uleb128 0x13
 591 00e2 00       		.byte	0
 592 00e3 00       		.byte	0
 593 00e4 10       		.uleb128 0x10
 594 00e5 2E       		.uleb128 0x2e
 595 00e6 01       		.byte	0x1
 596 00e7 3F       		.uleb128 0x3f
 597 00e8 19       		.uleb128 0x19
 598 00e9 03       		.uleb128 0x3
 599 00ea 0E       		.uleb128 0xe
 600 00eb 3A       		.uleb128 0x3a
 601 00ec 0B       		.uleb128 0xb
 602 00ed 3B       		.uleb128 0x3b
ARM GAS  C:\Users\Alex\AppData\Local\Temp\ccv2Xn5r.s 			page 14


 603 00ee 0B       		.uleb128 0xb
 604 00ef 27       		.uleb128 0x27
 605 00f0 19       		.uleb128 0x19
 606 00f1 49       		.uleb128 0x49
 607 00f2 13       		.uleb128 0x13
 608 00f3 3C       		.uleb128 0x3c
 609 00f4 19       		.uleb128 0x19
 610 00f5 00       		.byte	0
 611 00f6 00       		.byte	0
 612 00f7 00       		.byte	0
 613              		.section	.debug_loc,"",%progbits
 614              	.Ldebug_loc0:
 615              	.LLST0:
 616 0000 00000000 		.4byte	.LVL0
 617 0004 1A000000 		.4byte	.LVL2
 618 0008 0100     		.2byte	0x1
 619 000a 50       		.byte	0x50
 620 000b 1A000000 		.4byte	.LVL2
 621 000f 40000000 		.4byte	.LFE0
 622 0013 0400     		.2byte	0x4
 623 0015 F3       		.byte	0xf3
 624 0016 01       		.uleb128 0x1
 625 0017 50       		.byte	0x50
 626 0018 9F       		.byte	0x9f
 627 0019 00000000 		.4byte	0
 628 001d 00000000 		.4byte	0
 629              	.LLST1:
 630 0021 00000000 		.4byte	.LVL0
 631 0025 1C000000 		.4byte	.LVL3
 632 0029 0100     		.2byte	0x1
 633 002b 51       		.byte	0x51
 634 002c 1C000000 		.4byte	.LVL3
 635 0030 40000000 		.4byte	.LFE0
 636 0034 0400     		.2byte	0x4
 637 0036 F3       		.byte	0xf3
 638 0037 01       		.uleb128 0x1
 639 0038 51       		.byte	0x51
 640 0039 9F       		.byte	0x9f
 641 003a 00000000 		.4byte	0
 642 003e 00000000 		.4byte	0
 643              	.LLST2:
 644 0042 00000000 		.4byte	.LVL0
 645 0046 1E000000 		.4byte	.LVL4
 646 004a 0100     		.2byte	0x1
 647 004c 52       		.byte	0x52
 648 004d 1E000000 		.4byte	.LVL4
 649 0051 40000000 		.4byte	.LFE0
 650 0055 0400     		.2byte	0x4
 651 0057 F3       		.byte	0xf3
 652 0058 01       		.uleb128 0x1
 653 0059 52       		.byte	0x52
 654 005a 9F       		.byte	0x9f
 655 005b 00000000 		.4byte	0
 656 005f 00000000 		.4byte	0
 657              	.LLST3:
 658 0063 00000000 		.4byte	.LVL0
 659 0067 14000000 		.4byte	.LVL1
ARM GAS  C:\Users\Alex\AppData\Local\Temp\ccv2Xn5r.s 			page 15


 660 006b 0100     		.2byte	0x1
 661 006d 53       		.byte	0x53
 662 006e 14000000 		.4byte	.LVL1
 663 0072 40000000 		.4byte	.LFE0
 664 0076 0400     		.2byte	0x4
 665 0078 F3       		.byte	0xf3
 666 0079 01       		.uleb128 0x1
 667 007a 53       		.byte	0x53
 668 007b 9F       		.byte	0x9f
 669 007c 00000000 		.4byte	0
 670 0080 00000000 		.4byte	0
 671              		.section	.debug_aranges,"",%progbits
 672 0000 24000000 		.4byte	0x24
 673 0004 0200     		.2byte	0x2
 674 0006 00000000 		.4byte	.Ldebug_info0
 675 000a 04       		.byte	0x4
 676 000b 00       		.byte	0
 677 000c 0000     		.2byte	0
 678 000e 0000     		.2byte	0
 679 0010 00000000 		.4byte	.LFB0
 680 0014 40000000 		.4byte	.LFE0-.LFB0
 681 0018 00000000 		.4byte	.LFB1
 682 001c 10000000 		.4byte	.LFE1-.LFB1
 683 0020 00000000 		.4byte	0
 684 0024 00000000 		.4byte	0
 685              		.section	.debug_ranges,"",%progbits
 686              	.Ldebug_ranges0:
 687 0000 00000000 		.4byte	.LFB0
 688 0004 40000000 		.4byte	.LFE0
 689 0008 00000000 		.4byte	.LFB1
 690 000c 10000000 		.4byte	.LFE1
 691 0010 00000000 		.4byte	0
 692 0014 00000000 		.4byte	0
 693              		.section	.debug_line,"",%progbits
 694              	.Ldebug_line0:
 695 0000 9F000000 		.section	.debug_str,"MS",%progbits,1
 695      02007300 
 695      00000201 
 695      FB0E0D00 
 695      01010101 
 696              	.LASF15:
 697 0000 63797374 		.ascii	"cystatus\000"
 697      61747573 
 697      00
 698              	.LASF26:
 699 0009 55534255 		.ascii	"USBUART_1_ep3_DmaInitialize\000"
 699      4152545F 
 699      315F6570 
 699      335F446D 
 699      61496E69 
 700              	.LASF18:
 701 0025 55707065 		.ascii	"UpperSrcAddress\000"
 701      72537263 
 701      41646472 
 701      65737300 
 702              	.LASF25:
 703 0035 433A5C46 		.ascii	"C:\\FlexSEA_alx87grd\\execute\\execute_1_0.cydsn\000"
ARM GAS  C:\Users\Alex\AppData\Local\Temp\ccv2Xn5r.s 			page 16


 703      6C657853 
 703      45415F61 
 703      6C783837 
 703      6772645C 
 704              	.LASF22:
 705 0063 4379446D 		.ascii	"CyDmaChPriority\000"
 705      61436850 
 705      72696F72 
 705      69747900 
 706              	.LASF17:
 707 0073 52657165 		.ascii	"ReqestPerBurst\000"
 707      73745065 
 707      72427572 
 707      737400
 708              	.LASF4:
 709 0082 73686F72 		.ascii	"short unsigned int\000"
 709      7420756E 
 709      7369676E 
 709      65642069 
 709      6E7400
 710              	.LASF13:
 711 0095 666C6F61 		.ascii	"float\000"
 711      7400
 712              	.LASF2:
 713 009b 756E7369 		.ascii	"unsigned char\000"
 713      676E6564 
 713      20636861 
 713      7200
 714              	.LASF16:
 715 00a9 42757273 		.ascii	"BurstCount\000"
 715      74436F75 
 715      6E7400
 716              	.LASF6:
 717 00b4 6C6F6E67 		.ascii	"long unsigned int\000"
 717      20756E73 
 717      69676E65 
 717      6420696E 
 717      7400
 718              	.LASF11:
 719 00c6 75696E74 		.ascii	"uint8\000"
 719      3800
 720              	.LASF28:
 721 00cc 55534255 		.ascii	"USBUART_1_ep3_DmaHandle\000"
 721      4152545F 
 721      315F6570 
 721      335F446D 
 721      6148616E 
 722              	.LASF14:
 723 00e4 646F7562 		.ascii	"double\000"
 723      6C6500
 724              	.LASF12:
 725 00eb 75696E74 		.ascii	"uint16\000"
 725      313600
 726              	.LASF23:
 727 00f2 474E5520 		.ascii	"GNU C 4.9.3 20150303 (release) [ARM/embedded-4_9-br"
 727      4320342E 
 727      392E3320 
ARM GAS  C:\Users\Alex\AppData\Local\Temp\ccv2Xn5r.s 			page 17


 727      32303135 
 727      30333033 
 728 0125 616E6368 		.ascii	"anch revision 221220] -mcpu=cortex-m3 -mthumb -g -O"
 728      20726576 
 728      6973696F 
 728      6E203232 
 728      31323230 
 729 0158 67202D66 		.ascii	"g -ffunction-sections -ffat-lto-objects\000"
 729      66756E63 
 729      74696F6E 
 729      2D736563 
 729      74696F6E 
 730              	.LASF0:
 731 0180 756E7369 		.ascii	"unsigned int\000"
 731      676E6564 
 731      20696E74 
 731      00
 732              	.LASF8:
 733 018d 6C6F6E67 		.ascii	"long long unsigned int\000"
 733      206C6F6E 
 733      6720756E 
 733      7369676E 
 733      65642069 
 734              	.LASF27:
 735 01a4 55534255 		.ascii	"USBUART_1_ep3_DmaRelease\000"
 735      4152545F 
 735      315F6570 
 735      335F446D 
 735      6152656C 
 736              	.LASF24:
 737 01bd 2E5C4765 		.ascii	".\\Generated_Source\\PSoC5\\USBUART_1_ep3_dma.c\000"
 737      6E657261 
 737      7465645F 
 737      536F7572 
 737      63655C50 
 738              	.LASF19:
 739 01ea 55707065 		.ascii	"UpperDestAddress\000"
 739      72446573 
 739      74416464 
 739      72657373 
 739      00
 740              	.LASF9:
 741 01fb 73697A65 		.ascii	"sizetype\000"
 741      74797065 
 741      00
 742              	.LASF7:
 743 0204 6C6F6E67 		.ascii	"long long int\000"
 743      206C6F6E 
 743      6720696E 
 743      7400
 744              	.LASF21:
 745 0212 4379446D 		.ascii	"CyDmaChSetExtendedAddress\000"
 745      61436853 
 745      65744578 
 745      74656E64 
 745      65644164 
 746              	.LASF10:
ARM GAS  C:\Users\Alex\AppData\Local\Temp\ccv2Xn5r.s 			page 18


 747 022c 63686172 		.ascii	"char\000"
 747      00
 748              	.LASF3:
 749 0231 73686F72 		.ascii	"short int\000"
 749      7420696E 
 749      7400
 750              	.LASF5:
 751 023b 6C6F6E67 		.ascii	"long int\000"
 751      20696E74 
 751      00
 752              	.LASF1:
 753 0244 7369676E 		.ascii	"signed char\000"
 753      65642063 
 753      68617200 
 754              	.LASF29:
 755 0250 4379446D 		.ascii	"CyDmaChDisable\000"
 755      61436844 
 755      69736162 
 755      6C6500
 756              	.LASF20:
 757 025f 4379446D 		.ascii	"CyDmaChSetConfiguration\000"
 757      61436853 
 757      6574436F 
 757      6E666967 
 757      75726174 
 758              		.ident	"GCC: (GNU Tools for ARM Embedded Processors) 4.9.3 20150303 (release) [ARM/embedded-4_9-br
