ARM GAS  C:\Users\Alex\AppData\Local\Temp\cc1NVoBm.s 			page 1


   1              		.syntax unified
   2              		.cpu cortex-m3
   3              		.fpu softvfp
   4              		.eabi_attribute 20, 1
   5              		.eabi_attribute 21, 1
   6              		.eabi_attribute 23, 3
   7              		.eabi_attribute 24, 1
   8              		.eabi_attribute 25, 1
   9              		.eabi_attribute 26, 1
  10              		.eabi_attribute 30, 1
  11              		.eabi_attribute 34, 1
  12              		.eabi_attribute 18, 4
  13              		.thumb
  14              		.file	"user_exo.c"
  15              		.text
  16              	.Ltext0:
  17              		.cfi_sections	.debug_frame
  18              		.global _printf_float
  19              		.thumb
  20              		.section	.text.exo_refresh_values,"ax",%progbits
  21              		.align	2
  22              		.thumb
  23              		.thumb_func
  24              		.type	exo_refresh_values, %function
  25              	exo_refresh_values:
  26              	.LFB65:
  27              		.file 1 "..\\src\\user_exo.c"
   1:..\src/user_exo.c **** //****************************************************************************
   2:..\src/user_exo.c **** // MIT Media Lab - Biomechatronics
   3:..\src/user_exo.c **** // Jean-Francois (Jeff) Duval & Luke Mooney
   4:..\src/user_exo.c **** // jfduval@mit.edu & lmooney@mit.edu
   5:..\src/user_exo.c **** // 05/2015
   6:..\src/user_exo.c **** //****************************************************************************
   7:..\src/user_exo.c **** // exo: ExoBoot functions
   8:..\src/user_exo.c **** //****************************************************************************
   9:..\src/user_exo.c **** 
  10:..\src/user_exo.c **** //****************************************************************************
  11:..\src/user_exo.c **** // Include(s)
  12:..\src/user_exo.c **** //****************************************************************************
  13:..\src/user_exo.c **** 
  14:..\src/user_exo.c **** #include "main.h"
  15:..\src/user_exo.c **** #include "user_exo.h"
  16:..\src/user_exo.c **** 
  17:..\src/user_exo.c **** //****************************************************************************
  18:..\src/user_exo.c **** // Variable(s)
  19:..\src/user_exo.c **** //****************************************************************************
  20:..\src/user_exo.c **** 
  21:..\src/user_exo.c **** //Filters:
  22:..\src/user_exo.c **** int32 aFilt[FILT_PARAM_SIZE], bFilt[FILT_PARAM_SIZE];
  23:..\src/user_exo.c **** 
  24:..\src/user_exo.c **** //Luke, whenever possible move these variables in functions (not as global)
  25:..\src/user_exo.c **** //By default, I'm using int32. You might want something different.
  26:..\src/user_exo.c **** int32 curpos = 0, curspd = 0, curacc = 0, power = 0, gyrosum = 0, gyrozero = 0;
  27:..\src/user_exo.c **** int32 gyrozerosum = 0, maxPFpower = 0, maxCPFang = 0, GmaxPFang = 0;
  28:..\src/user_exo.c **** int32 maxesttor = 0, gSWGang = 0, gCPFang = 0, nopull = 0, shankang = 0;
  29:..\src/user_exo.c **** int32 esttor = 0;
  30:..\src/user_exo.c **** //Add your "setCommand" variables here
ARM GAS  C:\Users\Alex\AppData\Local\Temp\cc1NVoBm.s 			page 2


  31:..\src/user_exo.c **** 
  32:..\src/user_exo.c **** //****************************************************************************
  33:..\src/user_exo.c **** // Private Function Prototype(s):
  34:..\src/user_exo.c **** //****************************************************************************	
  35:..\src/user_exo.c **** 
  36:..\src/user_exo.c **** static void exo_refresh_values(void);
  37:..\src/user_exo.c **** 
  38:..\src/user_exo.c **** //****************************************************************************
  39:..\src/user_exo.c **** // Public Function(s)
  40:..\src/user_exo.c **** //****************************************************************************
  41:..\src/user_exo.c **** 
  42:..\src/user_exo.c **** //Call this function once in main.c, just before the while()
  43:..\src/user_exo.c **** void init_exo(void)
  44:..\src/user_exo.c **** {
  45:..\src/user_exo.c **** 	//Init filters:
  46:..\src/user_exo.c **** 	aFilt[0] = FILT_A0; aFilt[1] = FILT_A1; aFilt[2] = FILT_A2; 
  47:..\src/user_exo.c **** 	bFilt[0] = FILT_B0; bFilt[1] = FILT_B1; bFilt[2] = FILT_B2; 
  48:..\src/user_exo.c **** 	
  49:..\src/user_exo.c **** 	//Default values for all the variables:
  50:..\src/user_exo.c **** 	curpos = 0;				//current encoder position of motor
  51:..\src/user_exo.c **** 	curspd = 0;				//Current speed of the motor
  52:..\src/user_exo.c **** 	curacc = 0;				//Current acceleration of the motor
  53:..\src/user_exo.c **** 	power = 0;				//Power of the motor
  54:..\src/user_exo.c **** 	gyrosum = 0;			//Sum of gyros used to filter signal
  55:..\src/user_exo.c **** //int32 gyrozero = getvalue(_AI,6);	//First gyro value
  56:..\src/user_exo.c **** 	//What's get value? ToDo fix that
  57:..\src/user_exo.c **** 	gyrozerosum = 0;		//Sum of gyroscope during zeroing
  58:..\src/user_exo.c **** 	maxPFpower = -1;		//Maximum motor power during PF
  59:..\src/user_exo.c **** 	maxCPFang = 0;			//Maximum PF angle during controlled PF of one step
  60:..\src/user_exo.c **** 	GmaxPFang = 0;			//The maximum PF angle during controlled PF of all time
  61:..\src/user_exo.c **** 	maxesttor = 0;			//The maximum estimated torque during PF
  62:..\src/user_exo.c **** 	gSWGang = 10*clkang;	//The global angle the exo returns to during swing
  63:..\src/user_exo.c **** 	gCPFang = 4*clkang;		//The amount of PF during controlled PF
  64:..\src/user_exo.c **** 	nopull = 1;				//A variable to determine if the user pulled on the string during swing
  65:..\src/user_exo.c **** 	shankang = 0;			//The angle of shank as integrated by the gyro and zeroed at heel strike
  66:..\src/user_exo.c **** 	
  67:..\src/user_exo.c **** 	//FlexSEA-Execute setup:
  68:..\src/user_exo.c **** 	ctrl.active_ctrl = CTRL_OPEN;	//Open controller
  69:..\src/user_exo.c **** 	Coast_Brake_Write(1);			//Brake (rather than Coast)
  70:..\src/user_exo.c **** 	motor_open_speed_1(0);			//0% PWM
  71:..\src/user_exo.c **** }
  72:..\src/user_exo.c **** 
  73:..\src/user_exo.c **** //ExoBoot Finite State Machine.
  74:..\src/user_exo.c **** //Call this function in one of the main while time slots.
  75:..\src/user_exo.c **** void exo_fsm(void)
  76:..\src/user_exo.c **** {
  77:..\src/user_exo.c **** 	static uint8 state = 0;
  78:..\src/user_exo.c **** 	
  79:..\src/user_exo.c **** 	//Before going to a state we refresh values:
  80:..\src/user_exo.c **** 	exo_refresh_values();
  81:..\src/user_exo.c **** 	
  82:..\src/user_exo.c **** 	switch(state)
  83:..\src/user_exo.c **** 	{
  84:..\src/user_exo.c **** 		case 0:
  85:..\src/user_exo.c **** 			//Put some code here...
  86:..\src/user_exo.c **** 			state++;
  87:..\src/user_exo.c **** 			break;
ARM GAS  C:\Users\Alex\AppData\Local\Temp\cc1NVoBm.s 			page 3


  88:..\src/user_exo.c **** 		case 1:
  89:..\src/user_exo.c **** 			state++;	//State doesn't have to increment, you can jump (state = 3) too.
  90:..\src/user_exo.c **** 			break;
  91:..\src/user_exo.c **** 		case 2:
  92:..\src/user_exo.c **** 			state = 0;	//Looping back to the start
  93:..\src/user_exo.c **** 			break;
  94:..\src/user_exo.c **** 		default:
  95:..\src/user_exo.c **** 			//Handle exceptions here
  96:..\src/user_exo.c **** 			break;
  97:..\src/user_exo.c **** 	}
  98:..\src/user_exo.c **** }
  99:..\src/user_exo.c **** 
 100:..\src/user_exo.c **** //****************************************************************************
 101:..\src/user_exo.c **** // Private Function(s)
 102:..\src/user_exo.c **** //****************************************************************************
 103:..\src/user_exo.c **** 
 104:..\src/user_exo.c **** //Note: 'static' makes them private; they can only called from functions in this
 105:..\src/user_exo.c **** //file. It's safer than making everything global.
 106:..\src/user_exo.c **** 
 107:..\src/user_exo.c **** //Here's an example function:
 108:..\src/user_exo.c **** static void exo_refresh_values(void)
 109:..\src/user_exo.c **** {
  28              		.loc 1 109 0
  29              		.cfi_startproc
  30              		@ args = 0, pretend = 0, frame = 0
  31              		@ frame_needed = 0, uses_anonymous_args = 0
  32              		@ link register save eliminated.
 110:..\src/user_exo.c **** /*		curacc = (getvalue(_abspeed,1)-curspd)*105/(time-time0) 'motor accl in rad/s^2
 111:..\src/user_exo.c **** 	//Can I guess that it translates as "curacc = (_abspeed-curspd)*105/(time-time0); ?
 112:..\src/user_exo.c **** 		curpos = getvalue(_abcntr,1) 'get the encoder position (clicks)
 113:..\src/user_exo.c **** 		curspd = getvalue(_abspeed,1) 'get the encoder velocity (RPM)
 114:..\src/user_exo.c **** 		estcur = (getvalue(_P)*Bv-curspd*10000/346)*259/100'10000x estimated motor current *259/100 = 1/.
 115:..\src/user_exo.c **** 		esttor = (estcur/362-33*curacc/10000)*effic/100 '1000x eestimated motor torque
 116:..\src/user_exo.c **** 		*/ 
 117:..\src/user_exo.c **** 		power = esttor*curspd/9550;		//Watts
  33              		.loc 1 117 0
  34 0000 064A     		ldr	r2, .L2
  35 0002 1168     		ldr	r1, [r2]
  36 0004 5368     		ldr	r3, [r2, #4]
  37 0006 03FB01F3 		mul	r3, r3, r1
  38 000a 0549     		ldr	r1, .L2+4
  39 000c 81FB0301 		smull	r0, r1, r1, r3
  40 0010 DB17     		asrs	r3, r3, #31
  41 0012 C3EBE123 		rsb	r3, r3, r1, asr #11
  42 0016 9360     		str	r3, [r2, #8]
  43 0018 7047     		bx	lr
  44              	.L3:
  45 001a 00BF     		.align	2
  46              	.L2:
  47 001c 00000000 		.word	.LANCHOR0
  48 0020 5D36E636 		.word	921056861
  49              		.cfi_endproc
  50              	.LFE65:
  51              		.size	exo_refresh_values, .-exo_refresh_values
  52              		.section	.text.init_exo,"ax",%progbits
  53              		.align	2
  54              		.global	init_exo
ARM GAS  C:\Users\Alex\AppData\Local\Temp\cc1NVoBm.s 			page 4


  55              		.thumb
  56              		.thumb_func
  57              		.type	init_exo, %function
  58              	init_exo:
  59              	.LFB63:
  44:..\src/user_exo.c **** 	//Init filters:
  60              		.loc 1 44 0
  61              		.cfi_startproc
  62              		@ args = 0, pretend = 0, frame = 0
  63              		@ frame_needed = 0, uses_anonymous_args = 0
  64 0000 10B5     		push	{r4, lr}
  65              		.cfi_def_cfa_offset 8
  66              		.cfi_offset 4, -8
  67              		.cfi_offset 14, -4
  46:..\src/user_exo.c **** 	bFilt[0] = FILT_B0; bFilt[1] = FILT_B1; bFilt[2] = FILT_B2; 
  68              		.loc 1 46 0
  69 0002 184B     		ldr	r3, .L6
  70 0004 42F21072 		movw	r2, #10000
  71 0008 1A60     		str	r2, [r3]
  72 000a 174A     		ldr	r2, .L6+4
  73 000c 5A60     		str	r2, [r3, #4]
  74 000e 41F68F72 		movw	r2, #8079
  75 0012 9A60     		str	r2, [r3, #8]
  47:..\src/user_exo.c **** 	
  76              		.loc 1 47 0
  77 0014 154B     		ldr	r3, .L6+8
  78 0016 41F20942 		movw	r2, #5129
  79 001a 1A60     		str	r2, [r3]
  80 001c 42F61301 		movw	r1, #10259
  81 0020 5960     		str	r1, [r3, #4]
  82 0022 9A60     		str	r2, [r3, #8]
  50:..\src/user_exo.c **** 	curspd = 0;				//Current speed of the motor
  83              		.loc 1 50 0
  84 0024 124B     		ldr	r3, .L6+12
  85 0026 0024     		movs	r4, #0
  86 0028 DC60     		str	r4, [r3, #12]
  51:..\src/user_exo.c **** 	curacc = 0;				//Current acceleration of the motor
  87              		.loc 1 51 0
  88 002a 5C60     		str	r4, [r3, #4]
  52:..\src/user_exo.c **** 	power = 0;				//Power of the motor
  89              		.loc 1 52 0
  90 002c 1C61     		str	r4, [r3, #16]
  53:..\src/user_exo.c **** 	gyrosum = 0;			//Sum of gyros used to filter signal
  91              		.loc 1 53 0
  92 002e 9C60     		str	r4, [r3, #8]
  54:..\src/user_exo.c **** //int32 gyrozero = getvalue(_AI,6);	//First gyro value
  93              		.loc 1 54 0
  94 0030 5C61     		str	r4, [r3, #20]
  57:..\src/user_exo.c **** 	maxPFpower = -1;		//Maximum motor power during PF
  95              		.loc 1 57 0
  96 0032 9C61     		str	r4, [r3, #24]
  58:..\src/user_exo.c **** 	maxCPFang = 0;			//Maximum PF angle during controlled PF of one step
  97              		.loc 1 58 0
  98 0034 4FF0FF32 		mov	r2, #-1
  99 0038 DA61     		str	r2, [r3, #28]
  59:..\src/user_exo.c **** 	GmaxPFang = 0;			//The maximum PF angle during controlled PF of all time
 100              		.loc 1 59 0
ARM GAS  C:\Users\Alex\AppData\Local\Temp\cc1NVoBm.s 			page 5


 101 003a 1C62     		str	r4, [r3, #32]
  60:..\src/user_exo.c **** 	maxesttor = 0;			//The maximum estimated torque during PF
 102              		.loc 1 60 0
 103 003c 5C62     		str	r4, [r3, #36]
  61:..\src/user_exo.c **** 	gSWGang = 10*clkang;	//The global angle the exo returns to during swing
 104              		.loc 1 61 0
 105 003e 9C62     		str	r4, [r3, #40]
  62:..\src/user_exo.c **** 	gCPFang = 4*clkang;		//The amount of PF during controlled PF
 106              		.loc 1 62 0
 107 0040 40F2F642 		movw	r2, #1270
 108 0044 DA62     		str	r2, [r3, #44]
  63:..\src/user_exo.c **** 	nopull = 1;				//A variable to determine if the user pulled on the string during swing
 109              		.loc 1 63 0
 110 0046 4FF4FE72 		mov	r2, #508
 111 004a 1A63     		str	r2, [r3, #48]
  64:..\src/user_exo.c **** 	shankang = 0;			//The angle of shank as integrated by the gyro and zeroed at heel strike
 112              		.loc 1 64 0
 113 004c 0120     		movs	r0, #1
 114 004e 5863     		str	r0, [r3, #52]
  65:..\src/user_exo.c **** 	
 115              		.loc 1 65 0
 116 0050 9C63     		str	r4, [r3, #56]
  68:..\src/user_exo.c **** 	Coast_Brake_Write(1);			//Brake (rather than Coast)
 117              		.loc 1 68 0
 118 0052 084B     		ldr	r3, .L6+16
 119 0054 1870     		strb	r0, [r3]
  69:..\src/user_exo.c **** 	motor_open_speed_1(0);			//0% PWM
 120              		.loc 1 69 0
 121 0056 FFF7FEFF 		bl	Coast_Brake_Write
 122              	.LVL0:
  70:..\src/user_exo.c **** }
 123              		.loc 1 70 0
 124 005a 2046     		mov	r0, r4
 125 005c FFF7FEFF 		bl	motor_open_speed_1
 126              	.LVL1:
 127 0060 10BD     		pop	{r4, pc}
 128              	.L7:
 129 0062 00BF     		.align	2
 130              	.L6:
 131 0064 00000000 		.word	aFilt
 132 0068 2EBAFFFF 		.word	-17874
 133 006c 00000000 		.word	bFilt
 134 0070 00000000 		.word	.LANCHOR0
 135 0074 00000000 		.word	ctrl
 136              		.cfi_endproc
 137              	.LFE63:
 138              		.size	init_exo, .-init_exo
 139              		.section	.text.exo_fsm,"ax",%progbits
 140              		.align	2
 141              		.global	exo_fsm
 142              		.thumb
 143              		.thumb_func
 144              		.type	exo_fsm, %function
 145              	exo_fsm:
 146              	.LFB64:
  76:..\src/user_exo.c **** 	static uint8 state = 0;
 147              		.loc 1 76 0
ARM GAS  C:\Users\Alex\AppData\Local\Temp\cc1NVoBm.s 			page 6


 148              		.cfi_startproc
 149              		@ args = 0, pretend = 0, frame = 0
 150              		@ frame_needed = 0, uses_anonymous_args = 0
 151 0000 08B5     		push	{r3, lr}
 152              		.cfi_def_cfa_offset 8
 153              		.cfi_offset 3, -8
 154              		.cfi_offset 14, -4
  80:..\src/user_exo.c **** 	
 155              		.loc 1 80 0
 156 0002 FFF7FEFF 		bl	exo_refresh_values
 157              	.LVL2:
  82:..\src/user_exo.c **** 	{
 158              		.loc 1 82 0
 159 0006 0C4B     		ldr	r3, .L14
 160 0008 93F83C30 		ldrb	r3, [r3, #60]	@ zero_extendqisi2
 161 000c 012B     		cmp	r3, #1
 162 000e 08D0     		beq	.L10
 163 0010 13B1     		cbz	r3, .L11
 164 0012 022B     		cmp	r3, #2
 165 0014 0AD0     		beq	.L12
 166 0016 08BD     		pop	{r3, pc}
 167              	.L11:
  86:..\src/user_exo.c **** 			break;
 168              		.loc 1 86 0
 169 0018 0133     		adds	r3, r3, #1
 170 001a 074A     		ldr	r2, .L14
 171 001c 82F83C30 		strb	r3, [r2, #60]
  87:..\src/user_exo.c **** 		case 1:
 172              		.loc 1 87 0
 173 0020 08BD     		pop	{r3, pc}
 174              	.L10:
  89:..\src/user_exo.c **** 			break;
 175              		.loc 1 89 0
 176 0022 0133     		adds	r3, r3, #1
 177 0024 044A     		ldr	r2, .L14
 178 0026 82F83C30 		strb	r3, [r2, #60]
  90:..\src/user_exo.c **** 		case 2:
 179              		.loc 1 90 0
 180 002a 08BD     		pop	{r3, pc}
 181              	.L12:
  92:..\src/user_exo.c **** 			break;
 182              		.loc 1 92 0
 183 002c 0022     		movs	r2, #0
 184 002e 024B     		ldr	r3, .L14
 185 0030 83F83C20 		strb	r2, [r3, #60]
 186 0034 08BD     		pop	{r3, pc}
 187              	.L15:
 188 0036 00BF     		.align	2
 189              	.L14:
 190 0038 00000000 		.word	.LANCHOR0
 191              		.cfi_endproc
 192              	.LFE64:
 193              		.size	exo_fsm, .-exo_fsm
 194              		.global	esttor
 195              		.global	shankang
 196              		.global	nopull
 197              		.global	gCPFang
ARM GAS  C:\Users\Alex\AppData\Local\Temp\cc1NVoBm.s 			page 7


 198              		.global	gSWGang
 199              		.global	maxesttor
 200              		.global	GmaxPFang
 201              		.global	maxCPFang
 202              		.global	maxPFpower
 203              		.global	gyrozerosum
 204              		.global	gyrozero
 205              		.global	gyrosum
 206              		.global	power
 207              		.global	curacc
 208              		.global	curspd
 209              		.global	curpos
 210              		.comm	bFilt,12,4
 211              		.comm	aFilt,12,4
 212              		.bss
 213              		.align	2
 214              		.set	.LANCHOR0,. + 0
 215              		.type	esttor, %object
 216              		.size	esttor, 4
 217              	esttor:
 218 0000 00000000 		.space	4
 219              		.type	curspd, %object
 220              		.size	curspd, 4
 221              	curspd:
 222 0004 00000000 		.space	4
 223              		.type	power, %object
 224              		.size	power, 4
 225              	power:
 226 0008 00000000 		.space	4
 227              		.type	curpos, %object
 228              		.size	curpos, 4
 229              	curpos:
 230 000c 00000000 		.space	4
 231              		.type	curacc, %object
 232              		.size	curacc, 4
 233              	curacc:
 234 0010 00000000 		.space	4
 235              		.type	gyrosum, %object
 236              		.size	gyrosum, 4
 237              	gyrosum:
 238 0014 00000000 		.space	4
 239              		.type	gyrozerosum, %object
 240              		.size	gyrozerosum, 4
 241              	gyrozerosum:
 242 0018 00000000 		.space	4
 243              		.type	maxPFpower, %object
 244              		.size	maxPFpower, 4
 245              	maxPFpower:
 246 001c 00000000 		.space	4
 247              		.type	maxCPFang, %object
 248              		.size	maxCPFang, 4
 249              	maxCPFang:
 250 0020 00000000 		.space	4
 251              		.type	GmaxPFang, %object
 252              		.size	GmaxPFang, 4
 253              	GmaxPFang:
 254 0024 00000000 		.space	4
ARM GAS  C:\Users\Alex\AppData\Local\Temp\cc1NVoBm.s 			page 8


 255              		.type	maxesttor, %object
 256              		.size	maxesttor, 4
 257              	maxesttor:
 258 0028 00000000 		.space	4
 259              		.type	gSWGang, %object
 260              		.size	gSWGang, 4
 261              	gSWGang:
 262 002c 00000000 		.space	4
 263              		.type	gCPFang, %object
 264              		.size	gCPFang, 4
 265              	gCPFang:
 266 0030 00000000 		.space	4
 267              		.type	nopull, %object
 268              		.size	nopull, 4
 269              	nopull:
 270 0034 00000000 		.space	4
 271              		.type	shankang, %object
 272              		.size	shankang, 4
 273              	shankang:
 274 0038 00000000 		.space	4
 275              		.type	state.10494, %object
 276              		.size	state.10494, 1
 277              	state.10494:
 278 003c 00       		.space	1
 279 003d 000000   		.space	3
 280              		.type	gyrozero, %object
 281              		.size	gyrozero, 4
 282              	gyrozero:
 283 0040 00000000 		.space	4
 284              		.text
 285              	.Letext0:
 286              		.file 2 "c:\\program files (x86)\\cypress\\psoc creator\\3.3\\psoc creator\\import\\gnu\\arm\\4.9.
 287              		.file 3 "c:\\program files (x86)\\cypress\\psoc creator\\3.3\\psoc creator\\import\\gnu\\arm\\4.9.
 288              		.file 4 "Generated_Source\\PSoC5/cytypes.h"
 289              		.file 5 "..\\inc/../../flexsea-system/inc/flexsea_cmd_control.h"
 290              		.file 6 "Generated_Source\\PSoC5/core_cm3.h"
 291              		.file 7 "..\\inc/control.h"
 292              		.file 8 "Generated_Source\\PSoC5/Coast_Brake.h"
 293              		.file 9 "..\\inc/motor.h"
 294              		.section	.debug_info,"",%progbits
 295              	.Ldebug_info0:
 296 0000 7F040000 		.4byte	0x47f
 297 0004 0400     		.2byte	0x4
 298 0006 00000000 		.4byte	.Ldebug_abbrev0
 299 000a 04       		.byte	0x4
 300 000b 01       		.uleb128 0x1
 301 000c FD010000 		.4byte	.LASF65
 302 0010 01       		.byte	0x1
 303 0011 EF000000 		.4byte	.LASF66
 304 0015 89000000 		.4byte	.LASF67
 305 0019 00000000 		.4byte	.Ldebug_ranges0+0
 306 001d 00000000 		.4byte	0
 307 0021 00000000 		.4byte	.Ldebug_line0
 308 0025 02       		.uleb128 0x2
 309 0026 01       		.byte	0x1
 310 0027 06       		.byte	0x6
 311 0028 88010000 		.4byte	.LASF0
ARM GAS  C:\Users\Alex\AppData\Local\Temp\cc1NVoBm.s 			page 9


 312 002c 03       		.uleb128 0x3
 313 002d 40010000 		.4byte	.LASF3
 314 0031 02       		.byte	0x2
 315 0032 1D       		.byte	0x1d
 316 0033 37000000 		.4byte	0x37
 317 0037 02       		.uleb128 0x2
 318 0038 01       		.byte	0x1
 319 0039 08       		.byte	0x8
 320 003a 7A010000 		.4byte	.LASF1
 321 003e 02       		.uleb128 0x2
 322 003f 02       		.byte	0x2
 323 0040 05       		.byte	0x5
 324 0041 2C000000 		.4byte	.LASF2
 325 0045 03       		.uleb128 0x3
 326 0046 6C000000 		.4byte	.LASF4
 327 004a 02       		.byte	0x2
 328 004b 2B       		.byte	0x2b
 329 004c 50000000 		.4byte	0x50
 330 0050 02       		.uleb128 0x2
 331 0051 02       		.byte	0x2
 332 0052 07       		.byte	0x7
 333 0053 D1010000 		.4byte	.LASF5
 334 0057 03       		.uleb128 0x3
 335 0058 F4020000 		.4byte	.LASF6
 336 005c 02       		.byte	0x2
 337 005d 3F       		.byte	0x3f
 338 005e 62000000 		.4byte	0x62
 339 0062 02       		.uleb128 0x2
 340 0063 04       		.byte	0x4
 341 0064 05       		.byte	0x5
 342 0065 37010000 		.4byte	.LASF7
 343 0069 02       		.uleb128 0x2
 344 006a 04       		.byte	0x4
 345 006b 07       		.byte	0x7
 346 006c C9020000 		.4byte	.LASF8
 347 0070 02       		.uleb128 0x2
 348 0071 08       		.byte	0x8
 349 0072 05       		.byte	0x5
 350 0073 11010000 		.4byte	.LASF9
 351 0077 02       		.uleb128 0x2
 352 0078 08       		.byte	0x8
 353 0079 07       		.byte	0x7
 354 007a 94010000 		.4byte	.LASF10
 355 007e 04       		.uleb128 0x4
 356 007f 04       		.byte	0x4
 357 0080 05       		.byte	0x5
 358 0081 696E7400 		.ascii	"int\000"
 359 0085 02       		.uleb128 0x2
 360 0086 04       		.byte	0x4
 361 0087 07       		.byte	0x7
 362 0088 AB010000 		.4byte	.LASF11
 363 008c 03       		.uleb128 0x3
 364 008d C9000000 		.4byte	.LASF12
 365 0091 03       		.byte	0x3
 366 0092 15       		.byte	0x15
 367 0093 2C000000 		.4byte	0x2c
 368 0097 03       		.uleb128 0x3
ARM GAS  C:\Users\Alex\AppData\Local\Temp\cc1NVoBm.s 			page 10


 369 0098 B8010000 		.4byte	.LASF13
 370 009c 03       		.byte	0x3
 371 009d 21       		.byte	0x21
 372 009e 45000000 		.4byte	0x45
 373 00a2 03       		.uleb128 0x3
 374 00a3 8B020000 		.4byte	.LASF14
 375 00a7 03       		.byte	0x3
 376 00a8 2C       		.byte	0x2c
 377 00a9 57000000 		.4byte	0x57
 378 00ad 03       		.uleb128 0x3
 379 00ae D7000000 		.4byte	.LASF15
 380 00b2 04       		.byte	0x4
 381 00b3 C2       		.byte	0xc2
 382 00b4 37000000 		.4byte	0x37
 383 00b8 03       		.uleb128 0x3
 384 00b9 D1000000 		.4byte	.LASF16
 385 00bd 04       		.byte	0x4
 386 00be C6       		.byte	0xc6
 387 00bf 3E000000 		.4byte	0x3e
 388 00c3 03       		.uleb128 0x3
 389 00c4 DB020000 		.4byte	.LASF17
 390 00c8 04       		.byte	0x4
 391 00c9 C7       		.byte	0xc7
 392 00ca 62000000 		.4byte	0x62
 393 00ce 02       		.uleb128 0x2
 394 00cf 04       		.byte	0x4
 395 00d0 04       		.byte	0x4
 396 00d1 00000000 		.4byte	.LASF18
 397 00d5 02       		.uleb128 0x2
 398 00d6 08       		.byte	0x8
 399 00d7 04       		.byte	0x4
 400 00d8 35030000 		.4byte	.LASF19
 401 00dc 02       		.uleb128 0x2
 402 00dd 01       		.byte	0x1
 403 00de 08       		.byte	0x8
 404 00df F8010000 		.4byte	.LASF20
 405 00e3 02       		.uleb128 0x2
 406 00e4 04       		.byte	0x4
 407 00e5 07       		.byte	0x7
 408 00e6 36000000 		.4byte	.LASF21
 409 00ea 02       		.uleb128 0x2
 410 00eb 08       		.byte	0x8
 411 00ec 04       		.byte	0x4
 412 00ed 64010000 		.4byte	.LASF22
 413 00f1 05       		.uleb128 0x5
 414 00f2 06000000 		.4byte	.LASF23
 415 00f6 0C       		.byte	0xc
 416 00f7 05       		.byte	0x5
 417 00f8 43       		.byte	0x43
 418 00f9 40010000 		.4byte	0x140
 419 00fd 06       		.uleb128 0x6
 420 00fe 673000   		.ascii	"g0\000"
 421 0101 05       		.byte	0x5
 422 0102 45       		.byte	0x45
 423 0103 97000000 		.4byte	0x97
 424 0107 00       		.byte	0
 425 0108 06       		.uleb128 0x6
ARM GAS  C:\Users\Alex\AppData\Local\Temp\cc1NVoBm.s 			page 11


 426 0109 673100   		.ascii	"g1\000"
 427 010c 05       		.byte	0x5
 428 010d 45       		.byte	0x45
 429 010e 97000000 		.4byte	0x97
 430 0112 02       		.byte	0x2
 431 0113 06       		.uleb128 0x6
 432 0114 673200   		.ascii	"g2\000"
 433 0117 05       		.byte	0x5
 434 0118 45       		.byte	0x45
 435 0119 97000000 		.4byte	0x97
 436 011d 04       		.byte	0x4
 437 011e 06       		.uleb128 0x6
 438 011f 673300   		.ascii	"g3\000"
 439 0122 05       		.byte	0x5
 440 0123 45       		.byte	0x45
 441 0124 97000000 		.4byte	0x97
 442 0128 06       		.byte	0x6
 443 0129 06       		.uleb128 0x6
 444 012a 673400   		.ascii	"g4\000"
 445 012d 05       		.byte	0x5
 446 012e 45       		.byte	0x45
 447 012f 97000000 		.4byte	0x97
 448 0133 08       		.byte	0x8
 449 0134 06       		.uleb128 0x6
 450 0135 673500   		.ascii	"g5\000"
 451 0138 05       		.byte	0x5
 452 0139 45       		.byte	0x45
 453 013a 97000000 		.4byte	0x97
 454 013e 0A       		.byte	0xa
 455 013f 00       		.byte	0
 456 0140 05       		.uleb128 0x5
 457 0141 50010000 		.4byte	.LASF24
 458 0145 24       		.byte	0x24
 459 0146 05       		.byte	0x5
 460 0147 49       		.byte	0x49
 461 0148 A1010000 		.4byte	0x1a1
 462 014c 07       		.uleb128 0x7
 463 014d CC010000 		.4byte	.LASF25
 464 0151 05       		.byte	0x5
 465 0152 4C       		.byte	0x4c
 466 0153 F1000000 		.4byte	0xf1
 467 0157 00       		.byte	0
 468 0158 07       		.uleb128 0x7
 469 0159 21000000 		.4byte	.LASF26
 470 015d 05       		.byte	0x5
 471 015e 4F       		.byte	0x4f
 472 015f A2000000 		.4byte	0xa2
 473 0163 0C       		.byte	0xc
 474 0164 07       		.uleb128 0x7
 475 0165 28030000 		.4byte	.LASF27
 476 0169 05       		.byte	0x5
 477 016a 50       		.byte	0x50
 478 016b A2000000 		.4byte	0xa2
 479 016f 10       		.byte	0x10
 480 0170 07       		.uleb128 0x7
 481 0171 22030000 		.4byte	.LASF28
 482 0175 05       		.byte	0x5
ARM GAS  C:\Users\Alex\AppData\Local\Temp\cc1NVoBm.s 			page 12


 483 0176 53       		.byte	0x53
 484 0177 A2000000 		.4byte	0xa2
 485 017b 14       		.byte	0x14
 486 017c 07       		.uleb128 0x7
 487 017d C1010000 		.4byte	.LASF29
 488 0181 05       		.byte	0x5
 489 0182 54       		.byte	0x54
 490 0183 A2000000 		.4byte	0xa2
 491 0187 18       		.byte	0x18
 492 0188 07       		.uleb128 0x7
 493 0189 70010000 		.4byte	.LASF30
 494 018d 05       		.byte	0x5
 495 018e 55       		.byte	0x55
 496 018f A2000000 		.4byte	0xa2
 497 0193 1C       		.byte	0x1c
 498 0194 07       		.uleb128 0x7
 499 0195 58030000 		.4byte	.LASF31
 500 0199 05       		.byte	0x5
 501 019a 56       		.byte	0x56
 502 019b A2000000 		.4byte	0xa2
 503 019f 20       		.byte	0x20
 504 01a0 00       		.byte	0
 505 01a1 05       		.uleb128 0x5
 506 01a2 ED010000 		.4byte	.LASF32
 507 01a6 34       		.byte	0x34
 508 01a7 05       		.byte	0x5
 509 01a8 5A       		.byte	0x5a
 510 01a9 32020000 		.4byte	0x232
 511 01ad 07       		.uleb128 0x7
 512 01ae CC010000 		.4byte	.LASF25
 513 01b2 05       		.byte	0x5
 514 01b3 5D       		.byte	0x5d
 515 01b4 F1000000 		.4byte	0xf1
 516 01b8 00       		.byte	0
 517 01b9 06       		.uleb128 0x6
 518 01ba 706F7300 		.ascii	"pos\000"
 519 01be 05       		.byte	0x5
 520 01bf 60       		.byte	0x60
 521 01c0 A2000000 		.4byte	0xa2
 522 01c4 0C       		.byte	0xc
 523 01c5 07       		.uleb128 0x7
 524 01c6 49030000 		.4byte	.LASF33
 525 01ca 05       		.byte	0x5
 526 01cb 61       		.byte	0x61
 527 01cc A2000000 		.4byte	0xa2
 528 01d0 10       		.byte	0x10
 529 01d1 07       		.uleb128 0x7
 530 01d2 53030000 		.4byte	.LASF34
 531 01d6 05       		.byte	0x5
 532 01d7 62       		.byte	0x62
 533 01d8 A2000000 		.4byte	0xa2
 534 01dc 14       		.byte	0x14
 535 01dd 07       		.uleb128 0x7
 536 01de 4E030000 		.4byte	.LASF35
 537 01e2 05       		.byte	0x5
 538 01e3 63       		.byte	0x63
 539 01e4 A2000000 		.4byte	0xa2
ARM GAS  C:\Users\Alex\AppData\Local\Temp\cc1NVoBm.s 			page 13


 540 01e8 18       		.byte	0x18
 541 01e9 07       		.uleb128 0x7
 542 01ea 5E000000 		.4byte	.LASF36
 543 01ee 05       		.byte	0x5
 544 01ef 64       		.byte	0x64
 545 01f0 A2000000 		.4byte	0xa2
 546 01f4 1C       		.byte	0x1c
 547 01f5 06       		.uleb128 0x6
 548 01f6 61636300 		.ascii	"acc\000"
 549 01fa 05       		.byte	0x5
 550 01fb 65       		.byte	0x65
 551 01fc A2000000 		.4byte	0xa2
 552 0200 20       		.byte	0x20
 553 0201 07       		.uleb128 0x7
 554 0202 22030000 		.4byte	.LASF28
 555 0206 05       		.byte	0x5
 556 0207 68       		.byte	0x68
 557 0208 A2000000 		.4byte	0xa2
 558 020c 24       		.byte	0x24
 559 020d 07       		.uleb128 0x7
 560 020e C1010000 		.4byte	.LASF29
 561 0212 05       		.byte	0x5
 562 0213 69       		.byte	0x69
 563 0214 A2000000 		.4byte	0xa2
 564 0218 28       		.byte	0x28
 565 0219 07       		.uleb128 0x7
 566 021a 70010000 		.4byte	.LASF30
 567 021e 05       		.byte	0x5
 568 021f 6A       		.byte	0x6a
 569 0220 A2000000 		.4byte	0xa2
 570 0224 2C       		.byte	0x2c
 571 0225 07       		.uleb128 0x7
 572 0226 58030000 		.4byte	.LASF31
 573 022a 05       		.byte	0x5
 574 022b 6B       		.byte	0x6b
 575 022c A2000000 		.4byte	0xa2
 576 0230 30       		.byte	0x30
 577 0231 00       		.byte	0
 578 0232 05       		.uleb128 0x5
 579 0233 ED020000 		.4byte	.LASF37
 580 0237 A4       		.byte	0xa4
 581 0238 05       		.byte	0x5
 582 0239 6F       		.byte	0x6f
 583 023a 87020000 		.4byte	0x287
 584 023e 07       		.uleb128 0x7
 585 023f BD020000 		.4byte	.LASF38
 586 0243 05       		.byte	0x5
 587 0244 71       		.byte	0x71
 588 0245 8C000000 		.4byte	0x8c
 589 0249 00       		.byte	0
 590 024a 06       		.uleb128 0x6
 591 024b 70776D00 		.ascii	"pwm\000"
 592 024f 05       		.byte	0x5
 593 0250 72       		.byte	0x72
 594 0251 8C000000 		.4byte	0x8c
 595 0255 01       		.byte	0x1
 596 0256 07       		.uleb128 0x7
ARM GAS  C:\Users\Alex\AppData\Local\Temp\cc1NVoBm.s 			page 14


 597 0257 A2020000 		.4byte	.LASF39
 598 025b 05       		.byte	0x5
 599 025c 73       		.byte	0x73
 600 025d 40010000 		.4byte	0x140
 601 0261 04       		.byte	0x4
 602 0262 07       		.uleb128 0x7
 603 0263 B7000000 		.4byte	.LASF40
 604 0267 05       		.byte	0x5
 605 0268 74       		.byte	0x74
 606 0269 40010000 		.4byte	0x140
 607 026d 28       		.byte	0x28
 608 026e 07       		.uleb128 0x7
 609 026f 5B010000 		.4byte	.LASF41
 610 0273 05       		.byte	0x5
 611 0274 75       		.byte	0x75
 612 0275 A1010000 		.4byte	0x1a1
 613 0279 4C       		.byte	0x4c
 614 027a 07       		.uleb128 0x7
 615 027b BF000000 		.4byte	.LASF42
 616 027f 05       		.byte	0x5
 617 0280 76       		.byte	0x76
 618 0281 40010000 		.4byte	0x140
 619 0285 80       		.byte	0x80
 620 0286 00       		.byte	0
 621 0287 08       		.uleb128 0x8
 622 0288 3F000000 		.4byte	.LASF68
 623 028c 01       		.byte	0x1
 624 028d 6C       		.byte	0x6c
 625 028e 00000000 		.4byte	.LFB65
 626 0292 24000000 		.4byte	.LFE65-.LFB65
 627 0296 01       		.uleb128 0x1
 628 0297 9C       		.byte	0x9c
 629 0298 09       		.uleb128 0x9
 630 0299 E4010000 		.4byte	.LASF43
 631 029d 01       		.byte	0x1
 632 029e 2B       		.byte	0x2b
 633 029f 00000000 		.4byte	.LFB63
 634 02a3 78000000 		.4byte	.LFE63-.LFB63
 635 02a7 01       		.uleb128 0x1
 636 02a8 9C       		.byte	0x9c
 637 02a9 D1020000 		.4byte	0x2d1
 638 02ad 0A       		.uleb128 0xa
 639 02ae 5A000000 		.4byte	.LVL0
 640 02b2 64040000 		.4byte	0x464
 641 02b6 C0020000 		.4byte	0x2c0
 642 02ba 0B       		.uleb128 0xb
 643 02bb 01       		.uleb128 0x1
 644 02bc 50       		.byte	0x50
 645 02bd 01       		.uleb128 0x1
 646 02be 31       		.byte	0x31
 647 02bf 00       		.byte	0
 648 02c0 0C       		.uleb128 0xc
 649 02c1 60000000 		.4byte	.LVL1
 650 02c5 75040000 		.4byte	0x475
 651 02c9 0B       		.uleb128 0xb
 652 02ca 01       		.uleb128 0x1
 653 02cb 50       		.byte	0x50
ARM GAS  C:\Users\Alex\AppData\Local\Temp\cc1NVoBm.s 			page 15


 654 02cc 02       		.uleb128 0x2
 655 02cd 74       		.byte	0x74
 656 02ce 00       		.sleb128 0
 657 02cf 00       		.byte	0
 658 02d0 00       		.byte	0
 659 02d1 09       		.uleb128 0x9
 660 02d2 1A030000 		.4byte	.LASF44
 661 02d6 01       		.byte	0x1
 662 02d7 4B       		.byte	0x4b
 663 02d8 00000000 		.4byte	.LFB64
 664 02dc 3C000000 		.4byte	.LFE64-.LFB64
 665 02e0 01       		.uleb128 0x1
 666 02e1 9C       		.byte	0x9c
 667 02e2 01030000 		.4byte	0x301
 668 02e6 0D       		.uleb128 0xd
 669 02e7 4A010000 		.4byte	.LASF69
 670 02eb 01       		.byte	0x1
 671 02ec 4D       		.byte	0x4d
 672 02ed AD000000 		.4byte	0xad
 673 02f1 05       		.uleb128 0x5
 674 02f2 03       		.byte	0x3
 675 02f3 3C000000 		.4byte	state.10494
 676 02f7 0E       		.uleb128 0xe
 677 02f8 06000000 		.4byte	.LVL2
 678 02fc 87020000 		.4byte	0x287
 679 0300 00       		.byte	0
 680 0301 0F       		.uleb128 0xf
 681 0302 3C030000 		.4byte	.LASF45
 682 0306 06       		.byte	0x6
 683 0307 2A06     		.2byte	0x62a
 684 0309 0D030000 		.4byte	0x30d
 685 030d 10       		.uleb128 0x10
 686 030e A2000000 		.4byte	0xa2
 687 0312 11       		.uleb128 0x11
 688 0313 E1020000 		.4byte	.LASF46
 689 0317 07       		.byte	0x7
 690 0318 17       		.byte	0x17
 691 0319 1D030000 		.4byte	0x31d
 692 031d 10       		.uleb128 0x10
 693 031e 32020000 		.4byte	0x232
 694 0322 12       		.uleb128 0x12
 695 0323 C3000000 		.4byte	0xc3
 696 0327 32030000 		.4byte	0x332
 697 032b 13       		.uleb128 0x13
 698 032c E3000000 		.4byte	0xe3
 699 0330 02       		.byte	0x2
 700 0331 00       		.byte	0
 701 0332 14       		.uleb128 0x14
 702 0333 31010000 		.4byte	.LASF47
 703 0337 01       		.byte	0x1
 704 0338 16       		.byte	0x16
 705 0339 22030000 		.4byte	0x322
 706 033d 05       		.uleb128 0x5
 707 033e 03       		.byte	0x3
 708 033f 00000000 		.4byte	aFilt
 709 0343 14       		.uleb128 0x14
 710 0344 AA020000 		.4byte	.LASF48
ARM GAS  C:\Users\Alex\AppData\Local\Temp\cc1NVoBm.s 			page 16


 711 0348 01       		.byte	0x1
 712 0349 16       		.byte	0x16
 713 034a 22030000 		.4byte	0x322
 714 034e 05       		.uleb128 0x5
 715 034f 03       		.byte	0x3
 716 0350 00000000 		.4byte	bFilt
 717 0354 14       		.uleb128 0x14
 718 0355 08030000 		.4byte	.LASF49
 719 0359 01       		.byte	0x1
 720 035a 1A       		.byte	0x1a
 721 035b C3000000 		.4byte	0xc3
 722 035f 05       		.uleb128 0x5
 723 0360 03       		.byte	0x3
 724 0361 00000000 		.4byte	curpos
 725 0365 14       		.uleb128 0x14
 726 0366 B0020000 		.4byte	.LASF50
 727 036a 01       		.byte	0x1
 728 036b 1A       		.byte	0x1a
 729 036c C3000000 		.4byte	0xc3
 730 0370 05       		.uleb128 0x5
 731 0371 03       		.byte	0x3
 732 0372 00000000 		.4byte	curspd
 733 0376 14       		.uleb128 0x14
 734 0377 01010000 		.4byte	.LASF51
 735 037b 01       		.byte	0x1
 736 037c 1A       		.byte	0x1a
 737 037d C3000000 		.4byte	0xc3
 738 0381 05       		.uleb128 0x5
 739 0382 03       		.byte	0x3
 740 0383 00000000 		.4byte	curacc
 741 0387 14       		.uleb128 0x14
 742 0388 B7020000 		.4byte	.LASF52
 743 038c 01       		.byte	0x1
 744 038d 1A       		.byte	0x1a
 745 038e C3000000 		.4byte	0xc3
 746 0392 05       		.uleb128 0x5
 747 0393 03       		.byte	0x3
 748 0394 00000000 		.4byte	power
 749 0398 14       		.uleb128 0x14
 750 0399 93020000 		.4byte	.LASF53
 751 039d 01       		.byte	0x1
 752 039e 1A       		.byte	0x1a
 753 039f C3000000 		.4byte	0xc3
 754 03a3 05       		.uleb128 0x5
 755 03a4 03       		.byte	0x3
 756 03a5 00000000 		.4byte	gyrosum
 757 03a9 14       		.uleb128 0x14
 758 03aa 63000000 		.4byte	.LASF54
 759 03ae 01       		.byte	0x1
 760 03af 1A       		.byte	0x1a
 761 03b0 C3000000 		.4byte	0xc3
 762 03b4 05       		.uleb128 0x5
 763 03b5 03       		.byte	0x3
 764 03b6 00000000 		.4byte	gyrozero
 765 03ba 14       		.uleb128 0x14
 766 03bb 52000000 		.4byte	.LASF55
 767 03bf 01       		.byte	0x1
ARM GAS  C:\Users\Alex\AppData\Local\Temp\cc1NVoBm.s 			page 17


 768 03c0 1B       		.byte	0x1b
 769 03c1 C3000000 		.4byte	0xc3
 770 03c5 05       		.uleb128 0x5
 771 03c6 03       		.byte	0x3
 772 03c7 00000000 		.4byte	gyrozerosum
 773 03cb 14       		.uleb128 0x14
 774 03cc 0F030000 		.4byte	.LASF56
 775 03d0 01       		.byte	0x1
 776 03d1 1B       		.byte	0x1b
 777 03d2 C3000000 		.4byte	0xc3
 778 03d6 05       		.uleb128 0x5
 779 03d7 03       		.byte	0x3
 780 03d8 00000000 		.4byte	maxPFpower
 781 03dc 14       		.uleb128 0x14
 782 03dd DD000000 		.4byte	.LASF57
 783 03e1 01       		.byte	0x1
 784 03e2 1B       		.byte	0x1b
 785 03e3 C3000000 		.4byte	0xc3
 786 03e7 05       		.uleb128 0x5
 787 03e8 03       		.byte	0x3
 788 03e9 00000000 		.4byte	maxCPFang
 789 03ed 14       		.uleb128 0x14
 790 03ee 7F000000 		.4byte	.LASF58
 791 03f2 01       		.byte	0x1
 792 03f3 1B       		.byte	0x1b
 793 03f4 C3000000 		.4byte	0xc3
 794 03f8 05       		.uleb128 0x5
 795 03f9 03       		.byte	0x3
 796 03fa 00000000 		.4byte	GmaxPFang
 797 03fe 14       		.uleb128 0x14
 798 03ff FE020000 		.4byte	.LASF59
 799 0403 01       		.byte	0x1
 800 0404 1C       		.byte	0x1c
 801 0405 C3000000 		.4byte	0xc3
 802 0409 05       		.uleb128 0x5
 803 040a 03       		.byte	0x3
 804 040b 00000000 		.4byte	maxesttor
 805 040f 14       		.uleb128 0x14
 806 0410 E7000000 		.4byte	.LASF60
 807 0414 01       		.byte	0x1
 808 0415 1C       		.byte	0x1c
 809 0416 C3000000 		.4byte	0xc3
 810 041a 05       		.uleb128 0x5
 811 041b 03       		.byte	0x3
 812 041c 00000000 		.4byte	gSWGang
 813 0420 14       		.uleb128 0x14
 814 0421 77000000 		.4byte	.LASF61
 815 0425 01       		.byte	0x1
 816 0426 1C       		.byte	0x1c
 817 0427 C3000000 		.4byte	0xc3
 818 042b 05       		.uleb128 0x5
 819 042c 03       		.byte	0x3
 820 042d 00000000 		.4byte	gCPFang
 821 0431 14       		.uleb128 0x14
 822 0432 E6020000 		.4byte	.LASF62
 823 0436 01       		.byte	0x1
 824 0437 1C       		.byte	0x1c
ARM GAS  C:\Users\Alex\AppData\Local\Temp\cc1NVoBm.s 			page 18


 825 0438 C3000000 		.4byte	0xc3
 826 043c 05       		.uleb128 0x5
 827 043d 03       		.byte	0x3
 828 043e 00000000 		.4byte	nopull
 829 0442 14       		.uleb128 0x14
 830 0443 08010000 		.4byte	.LASF63
 831 0447 01       		.byte	0x1
 832 0448 1C       		.byte	0x1c
 833 0449 C3000000 		.4byte	0xc3
 834 044d 05       		.uleb128 0x5
 835 044e 03       		.byte	0x3
 836 044f 00000000 		.4byte	shankang
 837 0453 14       		.uleb128 0x14
 838 0454 9B020000 		.4byte	.LASF64
 839 0458 01       		.byte	0x1
 840 0459 1D       		.byte	0x1d
 841 045a C3000000 		.4byte	0xc3
 842 045e 05       		.uleb128 0x5
 843 045f 03       		.byte	0x3
 844 0460 00000000 		.4byte	esttor
 845 0464 15       		.uleb128 0x15
 846 0465 1F010000 		.4byte	.LASF70
 847 0469 08       		.byte	0x8
 848 046a 27       		.byte	0x27
 849 046b 75040000 		.4byte	0x475
 850 046f 16       		.uleb128 0x16
 851 0470 AD000000 		.4byte	0xad
 852 0474 00       		.byte	0
 853 0475 17       		.uleb128 0x17
 854 0476 0E000000 		.4byte	.LASF71
 855 047a 09       		.byte	0x9
 856 047b 1C       		.byte	0x1c
 857 047c 16       		.uleb128 0x16
 858 047d B8000000 		.4byte	0xb8
 859 0481 00       		.byte	0
 860 0482 00       		.byte	0
 861              		.section	.debug_abbrev,"",%progbits
 862              	.Ldebug_abbrev0:
 863 0000 01       		.uleb128 0x1
 864 0001 11       		.uleb128 0x11
 865 0002 01       		.byte	0x1
 866 0003 25       		.uleb128 0x25
 867 0004 0E       		.uleb128 0xe
 868 0005 13       		.uleb128 0x13
 869 0006 0B       		.uleb128 0xb
 870 0007 03       		.uleb128 0x3
 871 0008 0E       		.uleb128 0xe
 872 0009 1B       		.uleb128 0x1b
 873 000a 0E       		.uleb128 0xe
 874 000b 55       		.uleb128 0x55
 875 000c 17       		.uleb128 0x17
 876 000d 11       		.uleb128 0x11
 877 000e 01       		.uleb128 0x1
 878 000f 10       		.uleb128 0x10
 879 0010 17       		.uleb128 0x17
 880 0011 00       		.byte	0
 881 0012 00       		.byte	0
ARM GAS  C:\Users\Alex\AppData\Local\Temp\cc1NVoBm.s 			page 19


 882 0013 02       		.uleb128 0x2
 883 0014 24       		.uleb128 0x24
 884 0015 00       		.byte	0
 885 0016 0B       		.uleb128 0xb
 886 0017 0B       		.uleb128 0xb
 887 0018 3E       		.uleb128 0x3e
 888 0019 0B       		.uleb128 0xb
 889 001a 03       		.uleb128 0x3
 890 001b 0E       		.uleb128 0xe
 891 001c 00       		.byte	0
 892 001d 00       		.byte	0
 893 001e 03       		.uleb128 0x3
 894 001f 16       		.uleb128 0x16
 895 0020 00       		.byte	0
 896 0021 03       		.uleb128 0x3
 897 0022 0E       		.uleb128 0xe
 898 0023 3A       		.uleb128 0x3a
 899 0024 0B       		.uleb128 0xb
 900 0025 3B       		.uleb128 0x3b
 901 0026 0B       		.uleb128 0xb
 902 0027 49       		.uleb128 0x49
 903 0028 13       		.uleb128 0x13
 904 0029 00       		.byte	0
 905 002a 00       		.byte	0
 906 002b 04       		.uleb128 0x4
 907 002c 24       		.uleb128 0x24
 908 002d 00       		.byte	0
 909 002e 0B       		.uleb128 0xb
 910 002f 0B       		.uleb128 0xb
 911 0030 3E       		.uleb128 0x3e
 912 0031 0B       		.uleb128 0xb
 913 0032 03       		.uleb128 0x3
 914 0033 08       		.uleb128 0x8
 915 0034 00       		.byte	0
 916 0035 00       		.byte	0
 917 0036 05       		.uleb128 0x5
 918 0037 13       		.uleb128 0x13
 919 0038 01       		.byte	0x1
 920 0039 03       		.uleb128 0x3
 921 003a 0E       		.uleb128 0xe
 922 003b 0B       		.uleb128 0xb
 923 003c 0B       		.uleb128 0xb
 924 003d 3A       		.uleb128 0x3a
 925 003e 0B       		.uleb128 0xb
 926 003f 3B       		.uleb128 0x3b
 927 0040 0B       		.uleb128 0xb
 928 0041 01       		.uleb128 0x1
 929 0042 13       		.uleb128 0x13
 930 0043 00       		.byte	0
 931 0044 00       		.byte	0
 932 0045 06       		.uleb128 0x6
 933 0046 0D       		.uleb128 0xd
 934 0047 00       		.byte	0
 935 0048 03       		.uleb128 0x3
 936 0049 08       		.uleb128 0x8
 937 004a 3A       		.uleb128 0x3a
 938 004b 0B       		.uleb128 0xb
ARM GAS  C:\Users\Alex\AppData\Local\Temp\cc1NVoBm.s 			page 20


 939 004c 3B       		.uleb128 0x3b
 940 004d 0B       		.uleb128 0xb
 941 004e 49       		.uleb128 0x49
 942 004f 13       		.uleb128 0x13
 943 0050 38       		.uleb128 0x38
 944 0051 0B       		.uleb128 0xb
 945 0052 00       		.byte	0
 946 0053 00       		.byte	0
 947 0054 07       		.uleb128 0x7
 948 0055 0D       		.uleb128 0xd
 949 0056 00       		.byte	0
 950 0057 03       		.uleb128 0x3
 951 0058 0E       		.uleb128 0xe
 952 0059 3A       		.uleb128 0x3a
 953 005a 0B       		.uleb128 0xb
 954 005b 3B       		.uleb128 0x3b
 955 005c 0B       		.uleb128 0xb
 956 005d 49       		.uleb128 0x49
 957 005e 13       		.uleb128 0x13
 958 005f 38       		.uleb128 0x38
 959 0060 0B       		.uleb128 0xb
 960 0061 00       		.byte	0
 961 0062 00       		.byte	0
 962 0063 08       		.uleb128 0x8
 963 0064 2E       		.uleb128 0x2e
 964 0065 00       		.byte	0
 965 0066 03       		.uleb128 0x3
 966 0067 0E       		.uleb128 0xe
 967 0068 3A       		.uleb128 0x3a
 968 0069 0B       		.uleb128 0xb
 969 006a 3B       		.uleb128 0x3b
 970 006b 0B       		.uleb128 0xb
 971 006c 27       		.uleb128 0x27
 972 006d 19       		.uleb128 0x19
 973 006e 11       		.uleb128 0x11
 974 006f 01       		.uleb128 0x1
 975 0070 12       		.uleb128 0x12
 976 0071 06       		.uleb128 0x6
 977 0072 40       		.uleb128 0x40
 978 0073 18       		.uleb128 0x18
 979 0074 9742     		.uleb128 0x2117
 980 0076 19       		.uleb128 0x19
 981 0077 00       		.byte	0
 982 0078 00       		.byte	0
 983 0079 09       		.uleb128 0x9
 984 007a 2E       		.uleb128 0x2e
 985 007b 01       		.byte	0x1
 986 007c 3F       		.uleb128 0x3f
 987 007d 19       		.uleb128 0x19
 988 007e 03       		.uleb128 0x3
 989 007f 0E       		.uleb128 0xe
 990 0080 3A       		.uleb128 0x3a
 991 0081 0B       		.uleb128 0xb
 992 0082 3B       		.uleb128 0x3b
 993 0083 0B       		.uleb128 0xb
 994 0084 27       		.uleb128 0x27
 995 0085 19       		.uleb128 0x19
ARM GAS  C:\Users\Alex\AppData\Local\Temp\cc1NVoBm.s 			page 21


 996 0086 11       		.uleb128 0x11
 997 0087 01       		.uleb128 0x1
 998 0088 12       		.uleb128 0x12
 999 0089 06       		.uleb128 0x6
 1000 008a 40       		.uleb128 0x40
 1001 008b 18       		.uleb128 0x18
 1002 008c 9742     		.uleb128 0x2117
 1003 008e 19       		.uleb128 0x19
 1004 008f 01       		.uleb128 0x1
 1005 0090 13       		.uleb128 0x13
 1006 0091 00       		.byte	0
 1007 0092 00       		.byte	0
 1008 0093 0A       		.uleb128 0xa
 1009 0094 898201   		.uleb128 0x4109
 1010 0097 01       		.byte	0x1
 1011 0098 11       		.uleb128 0x11
 1012 0099 01       		.uleb128 0x1
 1013 009a 31       		.uleb128 0x31
 1014 009b 13       		.uleb128 0x13
 1015 009c 01       		.uleb128 0x1
 1016 009d 13       		.uleb128 0x13
 1017 009e 00       		.byte	0
 1018 009f 00       		.byte	0
 1019 00a0 0B       		.uleb128 0xb
 1020 00a1 8A8201   		.uleb128 0x410a
 1021 00a4 00       		.byte	0
 1022 00a5 02       		.uleb128 0x2
 1023 00a6 18       		.uleb128 0x18
 1024 00a7 9142     		.uleb128 0x2111
 1025 00a9 18       		.uleb128 0x18
 1026 00aa 00       		.byte	0
 1027 00ab 00       		.byte	0
 1028 00ac 0C       		.uleb128 0xc
 1029 00ad 898201   		.uleb128 0x4109
 1030 00b0 01       		.byte	0x1
 1031 00b1 11       		.uleb128 0x11
 1032 00b2 01       		.uleb128 0x1
 1033 00b3 31       		.uleb128 0x31
 1034 00b4 13       		.uleb128 0x13
 1035 00b5 00       		.byte	0
 1036 00b6 00       		.byte	0
 1037 00b7 0D       		.uleb128 0xd
 1038 00b8 34       		.uleb128 0x34
 1039 00b9 00       		.byte	0
 1040 00ba 03       		.uleb128 0x3
 1041 00bb 0E       		.uleb128 0xe
 1042 00bc 3A       		.uleb128 0x3a
 1043 00bd 0B       		.uleb128 0xb
 1044 00be 3B       		.uleb128 0x3b
 1045 00bf 0B       		.uleb128 0xb
 1046 00c0 49       		.uleb128 0x49
 1047 00c1 13       		.uleb128 0x13
 1048 00c2 02       		.uleb128 0x2
 1049 00c3 18       		.uleb128 0x18
 1050 00c4 00       		.byte	0
 1051 00c5 00       		.byte	0
 1052 00c6 0E       		.uleb128 0xe
ARM GAS  C:\Users\Alex\AppData\Local\Temp\cc1NVoBm.s 			page 22


 1053 00c7 898201   		.uleb128 0x4109
 1054 00ca 00       		.byte	0
 1055 00cb 11       		.uleb128 0x11
 1056 00cc 01       		.uleb128 0x1
 1057 00cd 31       		.uleb128 0x31
 1058 00ce 13       		.uleb128 0x13
 1059 00cf 00       		.byte	0
 1060 00d0 00       		.byte	0
 1061 00d1 0F       		.uleb128 0xf
 1062 00d2 34       		.uleb128 0x34
 1063 00d3 00       		.byte	0
 1064 00d4 03       		.uleb128 0x3
 1065 00d5 0E       		.uleb128 0xe
 1066 00d6 3A       		.uleb128 0x3a
 1067 00d7 0B       		.uleb128 0xb
 1068 00d8 3B       		.uleb128 0x3b
 1069 00d9 05       		.uleb128 0x5
 1070 00da 49       		.uleb128 0x49
 1071 00db 13       		.uleb128 0x13
 1072 00dc 3F       		.uleb128 0x3f
 1073 00dd 19       		.uleb128 0x19
 1074 00de 3C       		.uleb128 0x3c
 1075 00df 19       		.uleb128 0x19
 1076 00e0 00       		.byte	0
 1077 00e1 00       		.byte	0
 1078 00e2 10       		.uleb128 0x10
 1079 00e3 35       		.uleb128 0x35
 1080 00e4 00       		.byte	0
 1081 00e5 49       		.uleb128 0x49
 1082 00e6 13       		.uleb128 0x13
 1083 00e7 00       		.byte	0
 1084 00e8 00       		.byte	0
 1085 00e9 11       		.uleb128 0x11
 1086 00ea 34       		.uleb128 0x34
 1087 00eb 00       		.byte	0
 1088 00ec 03       		.uleb128 0x3
 1089 00ed 0E       		.uleb128 0xe
 1090 00ee 3A       		.uleb128 0x3a
 1091 00ef 0B       		.uleb128 0xb
 1092 00f0 3B       		.uleb128 0x3b
 1093 00f1 0B       		.uleb128 0xb
 1094 00f2 49       		.uleb128 0x49
 1095 00f3 13       		.uleb128 0x13
 1096 00f4 3F       		.uleb128 0x3f
 1097 00f5 19       		.uleb128 0x19
 1098 00f6 3C       		.uleb128 0x3c
 1099 00f7 19       		.uleb128 0x19
 1100 00f8 00       		.byte	0
 1101 00f9 00       		.byte	0
 1102 00fa 12       		.uleb128 0x12
 1103 00fb 01       		.uleb128 0x1
 1104 00fc 01       		.byte	0x1
 1105 00fd 49       		.uleb128 0x49
 1106 00fe 13       		.uleb128 0x13
 1107 00ff 01       		.uleb128 0x1
 1108 0100 13       		.uleb128 0x13
 1109 0101 00       		.byte	0
ARM GAS  C:\Users\Alex\AppData\Local\Temp\cc1NVoBm.s 			page 23


 1110 0102 00       		.byte	0
 1111 0103 13       		.uleb128 0x13
 1112 0104 21       		.uleb128 0x21
 1113 0105 00       		.byte	0
 1114 0106 49       		.uleb128 0x49
 1115 0107 13       		.uleb128 0x13
 1116 0108 2F       		.uleb128 0x2f
 1117 0109 0B       		.uleb128 0xb
 1118 010a 00       		.byte	0
 1119 010b 00       		.byte	0
 1120 010c 14       		.uleb128 0x14
 1121 010d 34       		.uleb128 0x34
 1122 010e 00       		.byte	0
 1123 010f 03       		.uleb128 0x3
 1124 0110 0E       		.uleb128 0xe
 1125 0111 3A       		.uleb128 0x3a
 1126 0112 0B       		.uleb128 0xb
 1127 0113 3B       		.uleb128 0x3b
 1128 0114 0B       		.uleb128 0xb
 1129 0115 49       		.uleb128 0x49
 1130 0116 13       		.uleb128 0x13
 1131 0117 3F       		.uleb128 0x3f
 1132 0118 19       		.uleb128 0x19
 1133 0119 02       		.uleb128 0x2
 1134 011a 18       		.uleb128 0x18
 1135 011b 00       		.byte	0
 1136 011c 00       		.byte	0
 1137 011d 15       		.uleb128 0x15
 1138 011e 2E       		.uleb128 0x2e
 1139 011f 01       		.byte	0x1
 1140 0120 3F       		.uleb128 0x3f
 1141 0121 19       		.uleb128 0x19
 1142 0122 03       		.uleb128 0x3
 1143 0123 0E       		.uleb128 0xe
 1144 0124 3A       		.uleb128 0x3a
 1145 0125 0B       		.uleb128 0xb
 1146 0126 3B       		.uleb128 0x3b
 1147 0127 0B       		.uleb128 0xb
 1148 0128 27       		.uleb128 0x27
 1149 0129 19       		.uleb128 0x19
 1150 012a 3C       		.uleb128 0x3c
 1151 012b 19       		.uleb128 0x19
 1152 012c 01       		.uleb128 0x1
 1153 012d 13       		.uleb128 0x13
 1154 012e 00       		.byte	0
 1155 012f 00       		.byte	0
 1156 0130 16       		.uleb128 0x16
 1157 0131 05       		.uleb128 0x5
 1158 0132 00       		.byte	0
 1159 0133 49       		.uleb128 0x49
 1160 0134 13       		.uleb128 0x13
 1161 0135 00       		.byte	0
 1162 0136 00       		.byte	0
 1163 0137 17       		.uleb128 0x17
 1164 0138 2E       		.uleb128 0x2e
 1165 0139 01       		.byte	0x1
 1166 013a 3F       		.uleb128 0x3f
ARM GAS  C:\Users\Alex\AppData\Local\Temp\cc1NVoBm.s 			page 24


 1167 013b 19       		.uleb128 0x19
 1168 013c 03       		.uleb128 0x3
 1169 013d 0E       		.uleb128 0xe
 1170 013e 3A       		.uleb128 0x3a
 1171 013f 0B       		.uleb128 0xb
 1172 0140 3B       		.uleb128 0x3b
 1173 0141 0B       		.uleb128 0xb
 1174 0142 27       		.uleb128 0x27
 1175 0143 19       		.uleb128 0x19
 1176 0144 3C       		.uleb128 0x3c
 1177 0145 19       		.uleb128 0x19
 1178 0146 00       		.byte	0
 1179 0147 00       		.byte	0
 1180 0148 00       		.byte	0
 1181              		.section	.debug_aranges,"",%progbits
 1182 0000 2C000000 		.4byte	0x2c
 1183 0004 0200     		.2byte	0x2
 1184 0006 00000000 		.4byte	.Ldebug_info0
 1185 000a 04       		.byte	0x4
 1186 000b 00       		.byte	0
 1187 000c 0000     		.2byte	0
 1188 000e 0000     		.2byte	0
 1189 0010 00000000 		.4byte	.LFB65
 1190 0014 24000000 		.4byte	.LFE65-.LFB65
 1191 0018 00000000 		.4byte	.LFB63
 1192 001c 78000000 		.4byte	.LFE63-.LFB63
 1193 0020 00000000 		.4byte	.LFB64
 1194 0024 3C000000 		.4byte	.LFE64-.LFB64
 1195 0028 00000000 		.4byte	0
 1196 002c 00000000 		.4byte	0
 1197              		.section	.debug_ranges,"",%progbits
 1198              	.Ldebug_ranges0:
 1199 0000 00000000 		.4byte	.LFB65
 1200 0004 24000000 		.4byte	.LFE65
 1201 0008 00000000 		.4byte	.LFB63
 1202 000c 78000000 		.4byte	.LFE63
 1203 0010 00000000 		.4byte	.LFB64
 1204 0014 3C000000 		.4byte	.LFE64
 1205 0018 00000000 		.4byte	0
 1206 001c 00000000 		.4byte	0
 1207              		.section	.debug_line,"",%progbits
 1208              	.Ldebug_line0:
 1209 0000 0B020000 		.section	.debug_str,"MS",%progbits,1
 1209      0200BB01 
 1209      00000201 
 1209      FB0E0D00 
 1209      01010101 
 1210              	.LASF18:
 1211 0000 666C6F61 		.ascii	"float\000"
 1211      7400
 1212              	.LASF23:
 1213 0006 6761696E 		.ascii	"gains_s\000"
 1213      735F7300 
 1214              	.LASF71:
 1215 000e 6D6F746F 		.ascii	"motor_open_speed_1\000"
 1215      725F6F70 
 1215      656E5F73 
ARM GAS  C:\Users\Alex\AppData\Local\Temp\cc1NVoBm.s 			page 25


 1215      70656564 
 1215      5F3100
 1216              	.LASF26:
 1217 0021 61637475 		.ascii	"actual_val\000"
 1217      616C5F76 
 1217      616C00
 1218              	.LASF2:
 1219 002c 73686F72 		.ascii	"short int\000"
 1219      7420696E 
 1219      7400
 1220              	.LASF21:
 1221 0036 73697A65 		.ascii	"sizetype\000"
 1221      74797065 
 1221      00
 1222              	.LASF68:
 1223 003f 65786F5F 		.ascii	"exo_refresh_values\000"
 1223      72656672 
 1223      6573685F 
 1223      76616C75 
 1223      657300
 1224              	.LASF55:
 1225 0052 6779726F 		.ascii	"gyrozerosum\000"
 1225      7A65726F 
 1225      73756D00 
 1226              	.LASF36:
 1227 005e 7370646D 		.ascii	"spdm\000"
 1227      00
 1228              	.LASF54:
 1229 0063 6779726F 		.ascii	"gyrozero\000"
 1229      7A65726F 
 1229      00
 1230              	.LASF4:
 1231 006c 5F5F7569 		.ascii	"__uint16_t\000"
 1231      6E743136 
 1231      5F7400
 1232              	.LASF61:
 1233 0077 67435046 		.ascii	"gCPFang\000"
 1233      616E6700 
 1234              	.LASF58:
 1235 007f 476D6178 		.ascii	"GmaxPFang\000"
 1235      5046616E 
 1235      6700
 1236              	.LASF67:
 1237 0089 433A5C46 		.ascii	"C:\\FlexSEA_alx87grd\\execute\\execute_1_0.cydsn\000"
 1237      6C657853 
 1237      45415F61 
 1237      6C783837 
 1237      6772645C 
 1238              	.LASF40:
 1239 00b7 63757272 		.ascii	"current\000"
 1239      656E7400 
 1240              	.LASF42:
 1241 00bf 696D7065 		.ascii	"impedance\000"
 1241      64616E63 
 1241      6500
 1242              	.LASF12:
 1243 00c9 75696E74 		.ascii	"uint8_t\000"
ARM GAS  C:\Users\Alex\AppData\Local\Temp\cc1NVoBm.s 			page 26


 1243      385F7400 
 1244              	.LASF16:
 1245 00d1 696E7431 		.ascii	"int16\000"
 1245      3600
 1246              	.LASF15:
 1247 00d7 75696E74 		.ascii	"uint8\000"
 1247      3800
 1248              	.LASF57:
 1249 00dd 6D617843 		.ascii	"maxCPFang\000"
 1249      5046616E 
 1249      6700
 1250              	.LASF60:
 1251 00e7 67535747 		.ascii	"gSWGang\000"
 1251      616E6700 
 1252              	.LASF66:
 1253 00ef 2E2E5C73 		.ascii	"..\\src\\user_exo.c\000"
 1253      72635C75 
 1253      7365725F 
 1253      65786F2E 
 1253      6300
 1254              	.LASF51:
 1255 0101 63757261 		.ascii	"curacc\000"
 1255      636300
 1256              	.LASF63:
 1257 0108 7368616E 		.ascii	"shankang\000"
 1257      6B616E67 
 1257      00
 1258              	.LASF9:
 1259 0111 6C6F6E67 		.ascii	"long long int\000"
 1259      206C6F6E 
 1259      6720696E 
 1259      7400
 1260              	.LASF70:
 1261 011f 436F6173 		.ascii	"Coast_Brake_Write\000"
 1261      745F4272 
 1261      616B655F 
 1261      57726974 
 1261      6500
 1262              	.LASF47:
 1263 0131 6146696C 		.ascii	"aFilt\000"
 1263      7400
 1264              	.LASF7:
 1265 0137 6C6F6E67 		.ascii	"long int\000"
 1265      20696E74 
 1265      00
 1266              	.LASF3:
 1267 0140 5F5F7569 		.ascii	"__uint8_t\000"
 1267      6E74385F 
 1267      7400
 1268              	.LASF69:
 1269 014a 73746174 		.ascii	"state\000"
 1269      6500
 1270              	.LASF24:
 1271 0150 67656E5F 		.ascii	"gen_ctrl_s\000"
 1271      6374726C 
 1271      5F7300
 1272              	.LASF41:
ARM GAS  C:\Users\Alex\AppData\Local\Temp\cc1NVoBm.s 			page 27


 1273 015b 706F7369 		.ascii	"position\000"
 1273      74696F6E 
 1273      00
 1274              	.LASF22:
 1275 0164 6C6F6E67 		.ascii	"long double\000"
 1275      20646F75 
 1275      626C6500 
 1276              	.LASF30:
 1277 0170 6572726F 		.ascii	"error_sum\000"
 1277      725F7375 
 1277      6D00
 1278              	.LASF1:
 1279 017a 756E7369 		.ascii	"unsigned char\000"
 1279      676E6564 
 1279      20636861 
 1279      7200
 1280              	.LASF0:
 1281 0188 7369676E 		.ascii	"signed char\000"
 1281      65642063 
 1281      68617200 
 1282              	.LASF10:
 1283 0194 6C6F6E67 		.ascii	"long long unsigned int\000"
 1283      206C6F6E 
 1283      6720756E 
 1283      7369676E 
 1283      65642069 
 1284              	.LASF11:
 1285 01ab 756E7369 		.ascii	"unsigned int\000"
 1285      676E6564 
 1285      20696E74 
 1285      00
 1286              	.LASF13:
 1287 01b8 75696E74 		.ascii	"uint16_t\000"
 1287      31365F74 
 1287      00
 1288              	.LASF29:
 1289 01c1 6572726F 		.ascii	"error_prev\000"
 1289      725F7072 
 1289      657600
 1290              	.LASF25:
 1291 01cc 6761696E 		.ascii	"gain\000"
 1291      00
 1292              	.LASF5:
 1293 01d1 73686F72 		.ascii	"short unsigned int\000"
 1293      7420756E 
 1293      7369676E 
 1293      65642069 
 1293      6E7400
 1294              	.LASF43:
 1295 01e4 696E6974 		.ascii	"init_exo\000"
 1295      5F65786F 
 1295      00
 1296              	.LASF32:
 1297 01ed 706F735F 		.ascii	"pos_ctrl_s\000"
 1297      6374726C 
 1297      5F7300
 1298              	.LASF20:
ARM GAS  C:\Users\Alex\AppData\Local\Temp\cc1NVoBm.s 			page 28


 1299 01f8 63686172 		.ascii	"char\000"
 1299      00
 1300              	.LASF65:
 1301 01fd 474E5520 		.ascii	"GNU C 4.9.3 20150303 (release) [ARM/embedded-4_9-br"
 1301      4320342E 
 1301      392E3320 
 1301      32303135 
 1301      30333033 
 1302 0230 616E6368 		.ascii	"anch revision 221220] -mcpu=cortex-m3 -mthumb -g -O"
 1302      20726576 
 1302      6973696F 
 1302      6E203232 
 1302      31323230 
 1303 0263 67202D66 		.ascii	"g -ffunction-sections -ffat-lto-objects\000"
 1303      66756E63 
 1303      74696F6E 
 1303      2D736563 
 1303      74696F6E 
 1304              	.LASF14:
 1305 028b 696E7433 		.ascii	"int32_t\000"
 1305      325F7400 
 1306              	.LASF53:
 1307 0293 6779726F 		.ascii	"gyrosum\000"
 1307      73756D00 
 1308              	.LASF64:
 1309 029b 65737474 		.ascii	"esttor\000"
 1309      6F7200
 1310              	.LASF39:
 1311 02a2 67656E65 		.ascii	"generic\000"
 1311      72696300 
 1312              	.LASF48:
 1313 02aa 6246696C 		.ascii	"bFilt\000"
 1313      7400
 1314              	.LASF50:
 1315 02b0 63757273 		.ascii	"curspd\000"
 1315      706400
 1316              	.LASF52:
 1317 02b7 706F7765 		.ascii	"power\000"
 1317      7200
 1318              	.LASF38:
 1319 02bd 61637469 		.ascii	"active_ctrl\000"
 1319      76655F63 
 1319      74726C00 
 1320              	.LASF8:
 1321 02c9 6C6F6E67 		.ascii	"long unsigned int\000"
 1321      20756E73 
 1321      69676E65 
 1321      6420696E 
 1321      7400
 1322              	.LASF17:
 1323 02db 696E7433 		.ascii	"int32\000"
 1323      3200
 1324              	.LASF46:
 1325 02e1 6374726C 		.ascii	"ctrl\000"
 1325      00
 1326              	.LASF62:
 1327 02e6 6E6F7075 		.ascii	"nopull\000"
ARM GAS  C:\Users\Alex\AppData\Local\Temp\cc1NVoBm.s 			page 29


 1327      6C6C00
 1328              	.LASF37:
 1329 02ed 6374726C 		.ascii	"ctrl_s\000"
 1329      5F7300
 1330              	.LASF6:
 1331 02f4 5F5F696E 		.ascii	"__int32_t\000"
 1331      7433325F 
 1331      7400
 1332              	.LASF59:
 1333 02fe 6D617865 		.ascii	"maxesttor\000"
 1333      7374746F 
 1333      7200
 1334              	.LASF49:
 1335 0308 63757270 		.ascii	"curpos\000"
 1335      6F7300
 1336              	.LASF56:
 1337 030f 6D617850 		.ascii	"maxPFpower\000"
 1337      46706F77 
 1337      657200
 1338              	.LASF44:
 1339 031a 65786F5F 		.ascii	"exo_fsm\000"
 1339      66736D00 
 1340              	.LASF28:
 1341 0322 6572726F 		.ascii	"error\000"
 1341      7200
 1342              	.LASF27:
 1343 0328 73657470 		.ascii	"setpoint_val\000"
 1343      6F696E74 
 1343      5F76616C 
 1343      00
 1344              	.LASF19:
 1345 0335 646F7562 		.ascii	"double\000"
 1345      6C6500
 1346              	.LASF45:
 1347 033c 49544D5F 		.ascii	"ITM_RxBuffer\000"
 1347      52784275 
 1347      66666572 
 1347      00
 1348              	.LASF33:
 1349 0349 73657470 		.ascii	"setp\000"
 1349      00
 1350              	.LASF35:
 1351 034e 706F7366 		.ascii	"posf\000"
 1351      00
 1352              	.LASF34:
 1353 0353 706F7369 		.ascii	"posi\000"
 1353      00
 1354              	.LASF31:
 1355 0358 6572726F 		.ascii	"error_dif\000"
 1355      725F6469 
 1355      6600
 1356              		.ident	"GCC: (GNU Tools for ARM Embedded Processors) 4.9.3 20150303 (release) [ARM/embedded-4_9-br
