ARM GAS  C:\Users\Alex\AppData\Local\Temp\ccU17NXz.s 			page 1


   1              		.syntax unified
   2              		.cpu cortex-m3
   3              		.fpu softvfp
   4              		.eabi_attribute 20, 1
   5              		.eabi_attribute 21, 1
   6              		.eabi_attribute 23, 3
   7              		.eabi_attribute 24, 1
   8              		.eabi_attribute 25, 1
   9              		.eabi_attribute 26, 1
  10              		.eabi_attribute 30, 1
  11              		.eabi_attribute 34, 1
  12              		.eabi_attribute 18, 4
  13              		.thumb
  14              		.file	"user.c"
  15              		.text
  16              	.Ltext0:
  17              		.cfi_sections	.debug_frame
  18              		.global _printf_float
  19              		.thumb
  20              		.section	.text.init_user,"ax",%progbits
  21              		.align	2
  22              		.global	init_user
  23              		.thumb
  24              		.thumb_func
  25              		.type	init_user, %function
  26              	init_user:
  27              	.LFB63:
  28              		.file 1 "..\\src\\user.c"
   1:..\src/user.c **** //****************************************************************************
   2:..\src/user.c **** // MIT Media Lab - Biomechatronics
   3:..\src/user.c **** // Jean-Francois (Jeff) Duval
   4:..\src/user.c **** // jfduval@media.mit.edu
   5:..\src/user.c **** // 06/2016
   6:..\src/user.c **** //****************************************************************************
   7:..\src/user.c **** // user: User Projects & Functions
   8:..\src/user.c **** //****************************************************************************
   9:..\src/user.c **** 
  10:..\src/user.c **** //****************************************************************************
  11:..\src/user.c **** // Include(s)
  12:..\src/user.c **** //****************************************************************************
  13:..\src/user.c **** 
  14:..\src/user.c **** #include "main.h"
  15:..\src/user.c **** #include "user.h"
  16:..\src/user.c **** 
  17:..\src/user.c **** //****************************************************************************
  18:..\src/user.c **** // Variable(s)
  19:..\src/user.c **** //****************************************************************************
  20:..\src/user.c **** 
  21:..\src/user.c **** //****************************************************************************
  22:..\src/user.c **** // Private Function Prototype(s):
  23:..\src/user.c **** //****************************************************************************	
  24:..\src/user.c **** 
  25:..\src/user.c **** static void init_barebone(void);
  26:..\src/user.c **** 
  27:..\src/user.c **** //****************************************************************************
  28:..\src/user.c **** // Public Function(s)
  29:..\src/user.c **** //****************************************************************************
ARM GAS  C:\Users\Alex\AppData\Local\Temp\ccU17NXz.s 			page 2


  30:..\src/user.c **** 
  31:..\src/user.c **** //Initialization function - call once in main.c, before while()
  32:..\src/user.c **** void init_user(void)
  33:..\src/user.c **** {	
  29              		.loc 1 33 0
  30              		.cfi_startproc
  31              		@ args = 0, pretend = 0, frame = 0
  32              		@ frame_needed = 0, uses_anonymous_args = 0
  33 0000 08B5     		push	{r3, lr}
  34              		.cfi_def_cfa_offset 8
  35              		.cfi_offset 3, -8
  36              		.cfi_offset 14, -4
  34:..\src/user.c **** 	//Barebone:
  35:..\src/user.c **** 	#if(ACTIVE_PROJECT == PROJECT_BAREBONE)
  36:..\src/user.c **** 	init_barebone();
  37:..\src/user.c **** 	#endif	//PROJECT_EXOCUTE
  38:..\src/user.c **** 	
  39:..\src/user.c **** 	//ExoBoots:
  40:..\src/user.c **** 	#if(ACTIVE_PROJECT == PROJECT_EXOCUTE)
  41:..\src/user.c **** 	init_exo();
  42:..\src/user.c **** 	#endif	//PROJECT_EXOCUTE
  43:..\src/user.c **** 	
  44:..\src/user.c **** 	//MIT CSEA Knee:
  45:..\src/user.c **** 	#if(ACTIVE_PROJECT == PROJECT_CSEA_KNEE)
  46:..\src/user.c **** 	init_csea_knee();
  47:..\src/user.c **** 	#endif	//PROJECT_CSEA_KNEE
  48:..\src/user.c **** 	
  49:..\src/user.c **** 	//RIC/NU Knee:
  50:..\src/user.c **** 	#if(ACTIVE_PROJECT == PROJECT_RICNU_KNEE)
  51:..\src/user.c **** 	init_ricnu_knee();
  52:..\src/user.c **** 	#endif	//PROJECT_RICNU_KNEE
  53:..\src/user.c **** 	
  54:..\src/user.c **** 	//MIT Ankle 2-DoF:
  55:..\src/user.c **** 	#if(ACTIVE_PROJECT == PROJECT_ANKLE_2DOF)
  56:..\src/user.c **** 	init_ankle_2dof();
  57:..\src/user.c **** 	#endif	//PROJECT_ANKLE_2DOF
  58:..\src/user.c **** 	
  59:..\src/user.c **** 	//MIT d'Arbeloff Dual-Speed Dual-Motor:
  60:..\src/user.c **** 	#if(ACTIVE_PROJECT == PROJECT_DSDM)
  61:..\src/user.c **** 	init_dsdm();
  37              		.loc 1 61 0
  38 0002 FFF7FEFF 		bl	init_dsdm
  39              	.LVL0:
  40 0006 08BD     		pop	{r3, pc}
  41              		.cfi_endproc
  42              	.LFE63:
  43              		.size	init_user, .-init_user
  44              		.section	.text.user_fsm,"ax",%progbits
  45              		.align	2
  46              		.global	user_fsm
  47              		.thumb
  48              		.thumb_func
  49              		.type	user_fsm, %function
  50              	user_fsm:
  51              	.LFB64:
  62:..\src/user.c **** 	#endif	//PROJECT_DSDM  
  63:..\src/user.c **** }
ARM GAS  C:\Users\Alex\AppData\Local\Temp\ccU17NXz.s 			page 3


  64:..\src/user.c **** 
  65:..\src/user.c **** //Call this function in one of the main while time slots.
  66:..\src/user.c **** void user_fsm(void)
  67:..\src/user.c **** {
  52              		.loc 1 67 0
  53              		.cfi_startproc
  54              		@ args = 0, pretend = 0, frame = 0
  55              		@ frame_needed = 0, uses_anonymous_args = 0
  56 0000 08B5     		push	{r3, lr}
  57              		.cfi_def_cfa_offset 8
  58              		.cfi_offset 3, -8
  59              		.cfi_offset 14, -4
  68:..\src/user.c **** 	//ExoBoot code
  69:..\src/user.c **** 	#if(ACTIVE_PROJECT == PROJECT_EXOCUTE)				                                                        
  70:..\src/user.c **** 	exo_fsm();							
  71:..\src/user.c **** 	#endif	//PROJECT_EXOCUTE
  72:..\src/user.c **** 	
  73:..\src/user.c **** 	//CSEA Knee code
  74:..\src/user.c **** 	#if(ACTIVE_PROJECT == PROJECT_CSEA_KNEE)				                                                      
  75:..\src/user.c **** 	csea_knee_fsm();						
  76:..\src/user.c **** 	#endif	//PROJECT_CSEA_KNEE
  77:..\src/user.c **** 	
  78:..\src/user.c **** 	//RIC/NU Knee code
  79:..\src/user.c **** 	#if(ACTIVE_PROJECT == PROJECT_RICNU_KNEE)				                                                     
  80:..\src/user.c **** 	ricnu_knee_fsm();						
  81:..\src/user.c **** 	#endif	//PROJECT_RICNU_KNEE
  82:..\src/user.c **** 	
  83:..\src/user.c **** 	//MIT d'Arbeloff Dual-Speed Dual-Motor:
  84:..\src/user.c **** 	#if(ACTIVE_PROJECT == PROJECT_DSDM)				                                                           
  85:..\src/user.c **** 	dsdm_fsm();						
  60              		.loc 1 85 0
  61 0002 FFF7FEFF 		bl	dsdm_fsm
  62              	.LVL1:
  63 0006 08BD     		pop	{r3, pc}
  64              		.cfi_endproc
  65              	.LFE64:
  66              		.size	user_fsm, .-user_fsm
  67              		.text
  68              	.Letext0:
  69              		.file 2 "c:\\program files (x86)\\cypress\\psoc creator\\3.3\\psoc creator\\import\\gnu\\arm\\4.9.
  70              		.file 3 "c:\\program files (x86)\\cypress\\psoc creator\\3.3\\psoc creator\\import\\gnu\\arm\\4.9.
  71              		.file 4 "..\\inc/user_dsdm.h"
  72              		.file 5 "Generated_Source\\PSoC5/core_cm3.h"
  73              		.section	.debug_info,"",%progbits
  74              	.Ldebug_info0:
  75 0000 FE000000 		.4byte	0xfe
  76 0004 0400     		.2byte	0x4
  77 0006 00000000 		.4byte	.Ldebug_abbrev0
  78 000a 04       		.byte	0x4
  79 000b 01       		.uleb128 0x1
  80 000c 6A000000 		.4byte	.LASF20
  81 0010 01       		.byte	0x1
  82 0011 19010000 		.4byte	.LASF21
  83 0015 6F010000 		.4byte	.LASF22
  84 0019 00000000 		.4byte	.Ldebug_ranges0+0
  85 001d 00000000 		.4byte	0
  86 0021 00000000 		.4byte	.Ldebug_line0
ARM GAS  C:\Users\Alex\AppData\Local\Temp\ccU17NXz.s 			page 4


  87 0025 02       		.uleb128 0x2
  88 0026 01       		.byte	0x1
  89 0027 06       		.byte	0x6
  90 0028 4D010000 		.4byte	.LASF0
  91 002c 02       		.uleb128 0x2
  92 002d 01       		.byte	0x1
  93 002e 08       		.byte	0x8
  94 002f F8000000 		.4byte	.LASF1
  95 0033 02       		.uleb128 0x2
  96 0034 02       		.byte	0x2
  97 0035 05       		.byte	0x5
  98 0036 A3010000 		.4byte	.LASF2
  99 003a 02       		.uleb128 0x2
 100 003b 02       		.byte	0x2
 101 003c 07       		.byte	0x7
 102 003d 0E000000 		.4byte	.LASF3
 103 0041 03       		.uleb128 0x3
 104 0042 65010000 		.4byte	.LASF9
 105 0046 02       		.byte	0x2
 106 0047 3F       		.byte	0x3f
 107 0048 4C000000 		.4byte	0x4c
 108 004c 02       		.uleb128 0x2
 109 004d 04       		.byte	0x4
 110 004e 05       		.byte	0x5
 111 004f 2E010000 		.4byte	.LASF4
 112 0053 02       		.uleb128 0x2
 113 0054 04       		.byte	0x4
 114 0055 07       		.byte	0x7
 115 0056 41000000 		.4byte	.LASF5
 116 005a 02       		.uleb128 0x2
 117 005b 08       		.byte	0x8
 118 005c 05       		.byte	0x5
 119 005d 00000000 		.4byte	.LASF6
 120 0061 02       		.uleb128 0x2
 121 0062 08       		.byte	0x8
 122 0063 07       		.byte	0x7
 123 0064 53000000 		.4byte	.LASF7
 124 0068 04       		.uleb128 0x4
 125 0069 04       		.byte	0x4
 126 006a 05       		.byte	0x5
 127 006b 696E7400 		.ascii	"int\000"
 128 006f 02       		.uleb128 0x2
 129 0070 04       		.byte	0x4
 130 0071 07       		.byte	0x7
 131 0072 21000000 		.4byte	.LASF8
 132 0076 03       		.uleb128 0x3
 133 0077 AD010000 		.4byte	.LASF10
 134 007b 03       		.byte	0x3
 135 007c 2C       		.byte	0x2c
 136 007d 41000000 		.4byte	0x41
 137 0081 02       		.uleb128 0x2
 138 0082 04       		.byte	0x4
 139 0083 04       		.byte	0x4
 140 0084 9D010000 		.4byte	.LASF11
 141 0088 02       		.uleb128 0x2
 142 0089 08       		.byte	0x8
 143 008a 04       		.byte	0x4
ARM GAS  C:\Users\Alex\AppData\Local\Temp\ccU17NXz.s 			page 5


 144 008b 27010000 		.4byte	.LASF12
 145 008f 02       		.uleb128 0x2
 146 0090 01       		.byte	0x1
 147 0091 08       		.byte	0x8
 148 0092 B5010000 		.4byte	.LASF13
 149 0096 02       		.uleb128 0x2
 150 0097 04       		.byte	0x4
 151 0098 07       		.byte	0x7
 152 0099 37010000 		.4byte	.LASF14
 153 009d 02       		.uleb128 0x2
 154 009e 08       		.byte	0x8
 155 009f 04       		.byte	0x4
 156 00a0 59010000 		.4byte	.LASF15
 157 00a4 05       		.uleb128 0x5
 158 00a5 0F010000 		.4byte	.LASF16
 159 00a9 01       		.byte	0x1
 160 00aa 20       		.byte	0x20
 161 00ab 00000000 		.4byte	.LFB63
 162 00af 08000000 		.4byte	.LFE63-.LFB63
 163 00b3 01       		.uleb128 0x1
 164 00b4 9C       		.byte	0x9c
 165 00b5 C3000000 		.4byte	0xc3
 166 00b9 06       		.uleb128 0x6
 167 00ba 06000000 		.4byte	.LVL0
 168 00be F3000000 		.4byte	0xf3
 169 00c2 00       		.byte	0
 170 00c3 05       		.uleb128 0x5
 171 00c4 38000000 		.4byte	.LASF17
 172 00c8 01       		.byte	0x1
 173 00c9 42       		.byte	0x42
 174 00ca 00000000 		.4byte	.LFB64
 175 00ce 08000000 		.4byte	.LFE64-.LFB64
 176 00d2 01       		.uleb128 0x1
 177 00d3 9C       		.byte	0x9c
 178 00d4 E2000000 		.4byte	0xe2
 179 00d8 06       		.uleb128 0x6
 180 00d9 06000000 		.4byte	.LVL1
 181 00dd FA000000 		.4byte	0xfa
 182 00e1 00       		.byte	0
 183 00e2 07       		.uleb128 0x7
 184 00e3 40010000 		.4byte	.LASF23
 185 00e7 05       		.byte	0x5
 186 00e8 2A06     		.2byte	0x62a
 187 00ea EE000000 		.4byte	0xee
 188 00ee 08       		.uleb128 0x8
 189 00ef 76000000 		.4byte	0x76
 190 00f3 09       		.uleb128 0x9
 191 00f4 2E000000 		.4byte	.LASF18
 192 00f8 04       		.byte	0x4
 193 00f9 1B       		.byte	0x1b
 194 00fa 09       		.uleb128 0x9
 195 00fb 06010000 		.4byte	.LASF19
 196 00ff 04       		.byte	0x4
 197 0100 1C       		.byte	0x1c
 198 0101 00       		.byte	0
 199              		.section	.debug_abbrev,"",%progbits
 200              	.Ldebug_abbrev0:
ARM GAS  C:\Users\Alex\AppData\Local\Temp\ccU17NXz.s 			page 6


 201 0000 01       		.uleb128 0x1
 202 0001 11       		.uleb128 0x11
 203 0002 01       		.byte	0x1
 204 0003 25       		.uleb128 0x25
 205 0004 0E       		.uleb128 0xe
 206 0005 13       		.uleb128 0x13
 207 0006 0B       		.uleb128 0xb
 208 0007 03       		.uleb128 0x3
 209 0008 0E       		.uleb128 0xe
 210 0009 1B       		.uleb128 0x1b
 211 000a 0E       		.uleb128 0xe
 212 000b 55       		.uleb128 0x55
 213 000c 17       		.uleb128 0x17
 214 000d 11       		.uleb128 0x11
 215 000e 01       		.uleb128 0x1
 216 000f 10       		.uleb128 0x10
 217 0010 17       		.uleb128 0x17
 218 0011 00       		.byte	0
 219 0012 00       		.byte	0
 220 0013 02       		.uleb128 0x2
 221 0014 24       		.uleb128 0x24
 222 0015 00       		.byte	0
 223 0016 0B       		.uleb128 0xb
 224 0017 0B       		.uleb128 0xb
 225 0018 3E       		.uleb128 0x3e
 226 0019 0B       		.uleb128 0xb
 227 001a 03       		.uleb128 0x3
 228 001b 0E       		.uleb128 0xe
 229 001c 00       		.byte	0
 230 001d 00       		.byte	0
 231 001e 03       		.uleb128 0x3
 232 001f 16       		.uleb128 0x16
 233 0020 00       		.byte	0
 234 0021 03       		.uleb128 0x3
 235 0022 0E       		.uleb128 0xe
 236 0023 3A       		.uleb128 0x3a
 237 0024 0B       		.uleb128 0xb
 238 0025 3B       		.uleb128 0x3b
 239 0026 0B       		.uleb128 0xb
 240 0027 49       		.uleb128 0x49
 241 0028 13       		.uleb128 0x13
 242 0029 00       		.byte	0
 243 002a 00       		.byte	0
 244 002b 04       		.uleb128 0x4
 245 002c 24       		.uleb128 0x24
 246 002d 00       		.byte	0
 247 002e 0B       		.uleb128 0xb
 248 002f 0B       		.uleb128 0xb
 249 0030 3E       		.uleb128 0x3e
 250 0031 0B       		.uleb128 0xb
 251 0032 03       		.uleb128 0x3
 252 0033 08       		.uleb128 0x8
 253 0034 00       		.byte	0
 254 0035 00       		.byte	0
 255 0036 05       		.uleb128 0x5
 256 0037 2E       		.uleb128 0x2e
 257 0038 01       		.byte	0x1
ARM GAS  C:\Users\Alex\AppData\Local\Temp\ccU17NXz.s 			page 7


 258 0039 3F       		.uleb128 0x3f
 259 003a 19       		.uleb128 0x19
 260 003b 03       		.uleb128 0x3
 261 003c 0E       		.uleb128 0xe
 262 003d 3A       		.uleb128 0x3a
 263 003e 0B       		.uleb128 0xb
 264 003f 3B       		.uleb128 0x3b
 265 0040 0B       		.uleb128 0xb
 266 0041 27       		.uleb128 0x27
 267 0042 19       		.uleb128 0x19
 268 0043 11       		.uleb128 0x11
 269 0044 01       		.uleb128 0x1
 270 0045 12       		.uleb128 0x12
 271 0046 06       		.uleb128 0x6
 272 0047 40       		.uleb128 0x40
 273 0048 18       		.uleb128 0x18
 274 0049 9742     		.uleb128 0x2117
 275 004b 19       		.uleb128 0x19
 276 004c 01       		.uleb128 0x1
 277 004d 13       		.uleb128 0x13
 278 004e 00       		.byte	0
 279 004f 00       		.byte	0
 280 0050 06       		.uleb128 0x6
 281 0051 898201   		.uleb128 0x4109
 282 0054 00       		.byte	0
 283 0055 11       		.uleb128 0x11
 284 0056 01       		.uleb128 0x1
 285 0057 31       		.uleb128 0x31
 286 0058 13       		.uleb128 0x13
 287 0059 00       		.byte	0
 288 005a 00       		.byte	0
 289 005b 07       		.uleb128 0x7
 290 005c 34       		.uleb128 0x34
 291 005d 00       		.byte	0
 292 005e 03       		.uleb128 0x3
 293 005f 0E       		.uleb128 0xe
 294 0060 3A       		.uleb128 0x3a
 295 0061 0B       		.uleb128 0xb
 296 0062 3B       		.uleb128 0x3b
 297 0063 05       		.uleb128 0x5
 298 0064 49       		.uleb128 0x49
 299 0065 13       		.uleb128 0x13
 300 0066 3F       		.uleb128 0x3f
 301 0067 19       		.uleb128 0x19
 302 0068 3C       		.uleb128 0x3c
 303 0069 19       		.uleb128 0x19
 304 006a 00       		.byte	0
 305 006b 00       		.byte	0
 306 006c 08       		.uleb128 0x8
 307 006d 35       		.uleb128 0x35
 308 006e 00       		.byte	0
 309 006f 49       		.uleb128 0x49
 310 0070 13       		.uleb128 0x13
 311 0071 00       		.byte	0
 312 0072 00       		.byte	0
 313 0073 09       		.uleb128 0x9
 314 0074 2E       		.uleb128 0x2e
ARM GAS  C:\Users\Alex\AppData\Local\Temp\ccU17NXz.s 			page 8


 315 0075 00       		.byte	0
 316 0076 3F       		.uleb128 0x3f
 317 0077 19       		.uleb128 0x19
 318 0078 03       		.uleb128 0x3
 319 0079 0E       		.uleb128 0xe
 320 007a 3A       		.uleb128 0x3a
 321 007b 0B       		.uleb128 0xb
 322 007c 3B       		.uleb128 0x3b
 323 007d 0B       		.uleb128 0xb
 324 007e 27       		.uleb128 0x27
 325 007f 19       		.uleb128 0x19
 326 0080 3C       		.uleb128 0x3c
 327 0081 19       		.uleb128 0x19
 328 0082 00       		.byte	0
 329 0083 00       		.byte	0
 330 0084 00       		.byte	0
 331              		.section	.debug_aranges,"",%progbits
 332 0000 24000000 		.4byte	0x24
 333 0004 0200     		.2byte	0x2
 334 0006 00000000 		.4byte	.Ldebug_info0
 335 000a 04       		.byte	0x4
 336 000b 00       		.byte	0
 337 000c 0000     		.2byte	0
 338 000e 0000     		.2byte	0
 339 0010 00000000 		.4byte	.LFB63
 340 0014 08000000 		.4byte	.LFE63-.LFB63
 341 0018 00000000 		.4byte	.LFB64
 342 001c 08000000 		.4byte	.LFE64-.LFB64
 343 0020 00000000 		.4byte	0
 344 0024 00000000 		.4byte	0
 345              		.section	.debug_ranges,"",%progbits
 346              	.Ldebug_ranges0:
 347 0000 00000000 		.4byte	.LFB63
 348 0004 08000000 		.4byte	.LFE63
 349 0008 00000000 		.4byte	.LFB64
 350 000c 08000000 		.4byte	.LFE64
 351 0010 00000000 		.4byte	0
 352 0014 00000000 		.4byte	0
 353              		.section	.debug_line,"",%progbits
 354              	.Ldebug_line0:
 355 0000 82010000 		.section	.debug_str,"MS",%progbits,1
 355      02005701 
 355      00000201 
 355      FB0E0D00 
 355      01010101 
 356              	.LASF6:
 357 0000 6C6F6E67 		.ascii	"long long int\000"
 357      206C6F6E 
 357      6720696E 
 357      7400
 358              	.LASF3:
 359 000e 73686F72 		.ascii	"short unsigned int\000"
 359      7420756E 
 359      7369676E 
 359      65642069 
 359      6E7400
 360              	.LASF8:
ARM GAS  C:\Users\Alex\AppData\Local\Temp\ccU17NXz.s 			page 9


 361 0021 756E7369 		.ascii	"unsigned int\000"
 361      676E6564 
 361      20696E74 
 361      00
 362              	.LASF18:
 363 002e 696E6974 		.ascii	"init_dsdm\000"
 363      5F647364 
 363      6D00
 364              	.LASF17:
 365 0038 75736572 		.ascii	"user_fsm\000"
 365      5F66736D 
 365      00
 366              	.LASF5:
 367 0041 6C6F6E67 		.ascii	"long unsigned int\000"
 367      20756E73 
 367      69676E65 
 367      6420696E 
 367      7400
 368              	.LASF7:
 369 0053 6C6F6E67 		.ascii	"long long unsigned int\000"
 369      206C6F6E 
 369      6720756E 
 369      7369676E 
 369      65642069 
 370              	.LASF20:
 371 006a 474E5520 		.ascii	"GNU C 4.9.3 20150303 (release) [ARM/embedded-4_9-br"
 371      4320342E 
 371      392E3320 
 371      32303135 
 371      30333033 
 372 009d 616E6368 		.ascii	"anch revision 221220] -mcpu=cortex-m3 -mthumb -g -O"
 372      20726576 
 372      6973696F 
 372      6E203232 
 372      31323230 
 373 00d0 67202D66 		.ascii	"g -ffunction-sections -ffat-lto-objects\000"
 373      66756E63 
 373      74696F6E 
 373      2D736563 
 373      74696F6E 
 374              	.LASF1:
 375 00f8 756E7369 		.ascii	"unsigned char\000"
 375      676E6564 
 375      20636861 
 375      7200
 376              	.LASF19:
 377 0106 6473646D 		.ascii	"dsdm_fsm\000"
 377      5F66736D 
 377      00
 378              	.LASF16:
 379 010f 696E6974 		.ascii	"init_user\000"
 379      5F757365 
 379      7200
 380              	.LASF21:
 381 0119 2E2E5C73 		.ascii	"..\\src\\user.c\000"
 381      72635C75 
 381      7365722E 
ARM GAS  C:\Users\Alex\AppData\Local\Temp\ccU17NXz.s 			page 10


 381      6300
 382              	.LASF12:
 383 0127 646F7562 		.ascii	"double\000"
 383      6C6500
 384              	.LASF4:
 385 012e 6C6F6E67 		.ascii	"long int\000"
 385      20696E74 
 385      00
 386              	.LASF14:
 387 0137 73697A65 		.ascii	"sizetype\000"
 387      74797065 
 387      00
 388              	.LASF23:
 389 0140 49544D5F 		.ascii	"ITM_RxBuffer\000"
 389      52784275 
 389      66666572 
 389      00
 390              	.LASF0:
 391 014d 7369676E 		.ascii	"signed char\000"
 391      65642063 
 391      68617200 
 392              	.LASF15:
 393 0159 6C6F6E67 		.ascii	"long double\000"
 393      20646F75 
 393      626C6500 
 394              	.LASF9:
 395 0165 5F5F696E 		.ascii	"__int32_t\000"
 395      7433325F 
 395      7400
 396              	.LASF22:
 397 016f 433A5C46 		.ascii	"C:\\FlexSEA_alx87grd\\execute\\execute_1_0.cydsn\000"
 397      6C657853 
 397      45415F61 
 397      6C783837 
 397      6772645C 
 398              	.LASF11:
 399 019d 666C6F61 		.ascii	"float\000"
 399      7400
 400              	.LASF2:
 401 01a3 73686F72 		.ascii	"short int\000"
 401      7420696E 
 401      7400
 402              	.LASF10:
 403 01ad 696E7433 		.ascii	"int32_t\000"
 403      325F7400 
 404              	.LASF13:
 405 01b5 63686172 		.ascii	"char\000"
 405      00
 406              		.ident	"GCC: (GNU Tools for ARM Embedded Processors) 4.9.3 20150303 (release) [ARM/embedded-4_9-br
